411 630 757 483 452 654 156 883 916 415 594 799 179 493 414 83 166 808 64 67 204 329 902 743 142 317 297 538 966 728 863 136 617 320 230 767 438 753 160 118 784 981 535 208 
920 206 943 800 289 387 606 752 868 971 592 264 910 910 133 780 671 504 797 916 261 798 320 93 743 510 781 157 145 291 693 302 832 688 63 219 121 1000 188 987 651 259 852 398 
860 838 180 654 528 164 902 931 682 573 70 446 205 848 168 145 56 320 773 536 455 418 541 247 858 820 868 449 379 743 992 122 683 348 435 66 335 115 910 470 10 954 892 481 
90 538 350 371 79 509 304 599 629 661 101 559 43 581 858 502 438 24 20 731 352 216 196 535 913 513 184 577 848 72 339 367 578 260 568 808 99 426 61 163 146 819 193 618 
926 230 352 489 231 338 95 425 825 423 295 118 364 544 72 59 745 250 227 899 957 717 470 916 712 650 404 60 821 834 903 176 181 225 975 402 470 298 889 853 111 936 448 256 
424 242 690 54 282 167 665 578 347 879 855 610 995 635 281 259 590 861 685 38 366 948 209 760 909 132 364 548 829 487 115 160 523 322 1000 76 605 313 652 586 195 67 167 381 
503 448 32 211 812 936 363 234 876 184 638 643 21 935 801 943 297 526 348 154 275 585 467 181 900 276 663 74 162 209 324 355 332 161 237 479 958 40 834 521 230 118 713 417 
818 181 900 539 906 20 822 291 612 797 962 264 779 145 551 92 96 853 602 187 609 339 757 772 417 81 697 369 270 266 336 310 336 562 222 558 86 151 650 632 982 353 90 465 
268 668 991 387 561 502 797 611 363 376 127 450 439 967 167 546 735 765 15 64 48 981 444 434 76 546 667 31 335 128 545 675 280 749 5 538 287 928 4 847 249 647 205 44 
668 912 932 897 954 169 988 587 614 488 70 80 573 180 831 622 34 99 40 739 312 774 224 919 986 981 401 334 912 91 565 365 409 833 636 238 381 174 439 562 457 495 625 332 
134 790 738 170 960 480 987 136 53 845 221 296 981 261 847 463 847 658 736 927 462 686 912 728 92 310 792 287 487 960 528 704 985 253 211 459 25 141 264 451 600 928 711 713 
478 332 852 673 81 55 771 848 147 867 886 912 994 9 923 757 906 366 930 796 688 491 536 795 339 12 514 431 591 534 315 707 19 759 537 543 231 246 42 336 918 934 674 817 
656 520 215 328 279 330 188 98 706 971 147 336 248 659 172 80 797 838 57 630 635 715 227 153 889 983 711 595 555 416 723 533 556 748 570 881 201 302 514 442 143 892 444 860 
66 230 200 112 871 300 495 619 410 862 44 568 91 915 904 710 826 495 691 574 130 448 66 714 394 654 497 999 299 216 965 468 53 277 977 206 991 827 129 468 415 739 268 13 
806 105 180 723 410 154 667 861 711 810 996 793 285 20 538 504 606 518 846 119 670 454 621 792 664 418 962 469 771 924 627 401 580 469 61 237 972 651 653 499 869 843 554 720 
410 518 216 470 514 969 849 782 965 850 90 398 367 400 587 932 845 886 543 666 319 638 422 274 168 584 99 113 294 478 732 397 625 860 958 987 824 800 744 531 329 147 166 845 
734 993 269 337 813 815 686 745 58 331 874 148 323 766 399 95 937 577 171 593 26 724 562 549 415 140 650 137 535 484 653 628 33 514 620 546 209 940 541 297 384 841 958 763 
825 850 136 386 994 299 981 371 572 304 95 804 761 574 619 851 459 986 619 512 992 459 822 410 73 172 394 771 668 307 785 676 310 273 397 401 757 328 67 541 437 318 795 466 
591 412 93 550 214 98 355 986 49 199 954 706 427 823 48 571 458 313 848 256 577 977 519 155 268 179 717 522 582 204 953 360 258 972 295 63 346 68 413 300 916 628 549 758 
331 927 336 21 193 118 387 894 475 672 885 737 963 313 44 525 998 395 871 972 462 479 641 535 511 683 320 600 429 951 379 461 129 826 23 702 582 791 605 794 995 449 564 303 
601 429 778 661 413 675 674 176 891 579 563 967 435 141 184 905 180 932 196 588 15 848 371 535 482 593 131 865 78 7 174 936 777 351 849 953 1 526 906 164 609 715 495 344 
183 618 689 307 937 94 769 57 473 714 215 29 300 755 947 200 709 99 421 198 527 353 188 232 703 881 977 451 902 644 28 3 142 411 521 16 940 785 974 737 393 660 780 89 
529 139 898 623 797 610 423 152 539 850 749 284 359 181 828 562 451 482 889 491 928 479 32 583 310 369 303 769 715 175 730 406 251 610 63 427 353 994 810 107 329 284 785 116 
741 954 170 961 368 83 653 801 810 60 114 626 392 245 895 85 709 631 826 419 53 207 829 791 299 102 551 732 351 446 89 997 324 314 957 1000 265 261 691 637 807 837 533 900 
340 911 168 474 821 849 728 517 56 808 914 839 726 437 143 530 366 790 75 535 805 135 210 501 697 953 19 218 31 34 102 882 379 499 474 134 896 89 76 248 19 186 661 252 
197 396 816 675 329 795 404 999 444 267 579 490 517 473 872 264 121 785 747 273 262 220 705 675 384 747 365 426 16 695 132 198 274 870 49 154 60 66 898 469 259 876 470 373 
359 432 606 871 676 61 664 716 771 731 928 66 827 711 297 789 953 680 795 243 557 220 880 2 666 565 735 280 692 990 960 302 921 931 974 486 497 944 658 299 520 134 935 564 
782 207 913 618 314 19 562 755 833 49 774 670 186 109 734 833 390 179 226 299 966 874 649 450 236 402 583 783 569 499 625 916 803 201 73 926 763 239 552 481 192 328 188 476 
217 848 270 612 581 863 628 663 351 854 472 328 30 246 966 262 528 212 84 551 855 38 668 920 3 631 571 288 574 782 609 803 275 493 621 977 486 24 336 726 48 943 50 459 
919 976 588 836 489 762 341 671 318 196 231 904 787 41 829 919 92 438 202 237 98 486 759 468 33 447 96 63 937 130 559 949 544 495 924 598 217 726 108 810 507 827 705 325 
870 219 422 393 103 385 505 487 14 851 916 396 902 811 88 702 25 615 33 155 606 568 955 371 333 490 330 501 844 676 78 427 106 736 929 579 506 722 680 491 346 705 12 331 
617 32 20 599 441 326 707 511 272 92 800 584 769 294 661 819 118 623 78 453 762 763 977 528 61 25 840 720 39 140 667 456 958 227 331 465 738 71 554 994 201 432 688 22 
809 422 697 643 898 527 701 905 753 884 673 749 192 555 775 776 955 796 98 794 650 563 526 257 699 229 105 945 925 518 83 818 662 218 51 164 82 923 188 398 601 275 108 7 
