329 499 950 716 85 683 682 223 50 101 888 677 581 913 232 679 530 184 948 840 949 555 133 570 18 332 326 167 419 498 525 85 228 711 
342 583 109 684 949 724 700 529 201 132 665 297 757 543 14 321 69 852 907 702 330 674 920 844 719 140 778 366 497 272 466 402 852 182 
28 819 790 220 254 157 480 767 628 575 1000 977 100 733 973 600 275 566 215 659 796 56 252 502 209 789 607 258 437 490 814 496 335 941 
523 963 75 668 371 344 402 285 348 140 264 204 201 844 905 437 557 770 202 706 453 465 472 249 33 746 111 72 445 416 866 135 936 522 
138 110 427 925 295 24 380 796 342 195 64 351 75 391 381 729 361 414 842 361 693 661 527 441 362 816 360 707 735 274 55 331 278 623 
228 828 839 932 682 942 581 345 794 73 233 386 652 397 138 518 784 740 218 321 483 354 183 440 637 355 773 629 507 569 516 267 774 582 
634 359 117 940 941 371 962 248 712 851 228 14 598 726 748 885 435 388 520 639 447 428 877 861 302 65 324 889 216 294 801 546 674 79 
573 524 439 805 162 392 920 479 134 293 271 617 487 642 720 355 717 926 94 350 105 540 56 496 311 137 400 970 737 476 241 220 558 303 
364 812 760 969 255 811 678 751 76 631 292 872 771 468 80 482 644 240 42 343 133 121 359 706 21 957 778 210 670 748 5 745 695 873 
530 317 654 854 219 865 261 974 165 871 233 54 316 783 232 804 346 690 616 314 590 945 464 488 633 580 851 450 580 420 539 518 247 37 
984 838 161 480 318 555 585 546 926 987 377 217 903 639 569 14 256 657 399 443 918 266 564 130 491 787 9 950 58 628 364 866 540 461 
370 208 395 12 276 455 530 614 370 478 507 839 46 212 973 630 577 329 646 550 183 90 511 222 670 67 115 20 986 827 846 738 481 829 
503 841 769 21 308 277 607 204 491 125 189 768 257 467 577 16 376 182 374 691 813 711 412 790 406 755 392 763 133 555 656 185 942 257 
195 333 235 655 897 892 825 935 683 777 258 220 556 513 871 229 307 316 393 474 963 315 335 894 168 889 407 200 749 227 215 654 240 682 
158 389 211 741 439 820 330 843 947 960 161 57 858 52 708 362 262 655 32 916 348 998 448 412 508 259 112 687 624 289 116 923 14 65 
193 248 198 635 911 11 105 34 434 668 633 204 628 162 112 825 159 454 4 315 383 623 483 658 141 70 140 459 15 269 426 502 998 14 
486 403 603 667 319 310 600 985 155 311 500 184 958 329 686 517 134 503 34 911 616 694 769 513 685 810 868 50 897 90 597 31 946 482 
724 691 849 647 804 859 640 237 541 838 775 447 262 391 33 728 444 700 28 420 927 61 261 523 592 118 992 201 186 111 127 947 327 920 
39 684 118 61 226 228 988 226 925 577 691 146 823 313 707 193 539 538 699 863 848 500 153 893 528 909 728 690 440 551 981 972 213 493 
40 860 871 155 33 250 732 948 207 698 403 399 622 438 324 142 313 113 454 866 984 539 915 804 228 755 131 898 672 359 7 138 783 767 
735 558 954 443 830 261 844 119 713 248 14 702 589 810 141 780 212 314 18 179 606 771 652 374 453 249 464 722 159 488 629 89 688 662 
546 147 675 246 787 521 408 930 414 900 177 205 2 479 185 661 977 524 783 724 711 242 826 214 422 587 157 836 754 568 137 439 216 868 
591 499 608 252 483 575 113 166 589 671 882 188 565 831 548 343 915 389 416 405 256 736 382 913 759 616 278 527 264 872 125 126 592 467 
371 337 199 215 340 568 700 653 139 952 179 102 200 237 154 247 877 350 266 926 189 36 469 594 539 395 790 898 83 93 618 329 84 112 
333 565 266 644 860 242 290 383 438 427 966 287 697 695 87 265 99 915 976 1000 518 32 893 206 765 307 564 683 419 920 176 726 584 261 
22 98 427 641 509 654 684 5 815 113 678 191 816 567 373 587 517 788 227 235 707 98 251 490 650 555 312 700 49 166 332 48 158 394 
552 794 830 589 298 447 237 946 626 54 113 180 549 840 789 348 939 447 621 264 136 912 737 681 368 440 773 546 226 474 17 768 175 523 
425 850 587 111 972 286 49 455 683 654 396 723 657 505 306 970 496 668 947 411 851 589 658 822 893 36 697 330 187 185 100 472 137 603 
333 116 806 217 25 343 97 748 305 112 148 872 718 845 718 65 73 473 583 956 580 155 338 423 417 371 830 157 401 884 892 59 110 598 
984 179 222 668 655 410 264 86 270 809 231 442 504 575 81 28 295 591 234 143 842 711 826 822 246 796 704 109 919 571 353 192 875 104 
77 517 643 30 936 131 108 191 994 943 542 802 271 761 302 916 959 706 861 554 922 574 795 943 144 849 236 40 431 409 766 937 158 355 
84 101 101 150 125 790 271 813 764 222 799 687 550 439 947 627 730 848 544 516 229 583 299 607 971 777 613 715 154 654 370 971 13 889 
712 217 963 158 696 55 790 245 152 807 924 814 63 314 287 940 43 579 10 672 638 466 826 891 708 762 177 342 866 78 288 755 139 15 
45 510 895 7 230 296 247 149 889 190 630 75 368 347 772 250 991 481 463 779 575 973 35 503 176 586 25 831 54 275 702 881 40 823 
404 584 884 555 767 631 312 221 112 44 161 88 184 4 475 430 844 96 894 577 371 240 158 536 872 2 613 887 23 46 650 657 93 604 
280 737 839 45 404 658 148 439 23 150 512 755 241 450 9 255 927 267 384 33 977 312 392 482 803 484 345 788 270 679 931 888 143 384 
451 810 614 301 917 486 923 619 327 646 816 882 821 627 285 970 896 518 696 530 184 578 340 823 469 734 906 690 530 334 966 298 922 34 
529 26 433 455 773 636 676 521 278 723 875 16 908 396 26 498 354 831 291 812 177 486 947 511 349 752 661 6 96 70 214 157 2 973 
443 448 67 983 497 892 310 720 197 899 68 869 675 630 113 937 521 802 449 159 96 56 61 515 811 232 647 103 740 816 924 497 553 987 
753 170 760 445 415 146 354 644 198 104 559 533 571 432 783 135 266 11 788 462 469 386 911 1000 283 148 336 763 173 708 979 422 282 733 
787 959 929 486 377 431 744 589 427 636 19 483 42 63 665 338 391 644 766 543 665 415 587 312 222 426 670 982 461 876 49 537 646 90 
994 287 977 518 881 113 793 762 587 14 197 903 487 191 353 693 850 148 432 218 562 204 519 698 268 758 784 750 725 901 765 562 55 833 
429 37 323 87 89 927 922 459 149 945 517 478 794 883 374 689 806 402 304 268 118 187 955 74 697 444 847 973 975 756 789 576 38 259 
469 687 672 998 726 548 283 24 350 963 403 9 254 560 272 641 20 192 243 608 879 239 305 919 186 857 907 421 666 355 91 255 668 54 
941 640 231 839 715 875 146 894 847 191 423 839 901 622 350 694 409 348 238 678 415 155 624 512 807 147 832 593 722 785 823 423 844 104 
224 125 154 731 480 682 369 353 869 53 744 566 915 911 202 37 484 641 923 904 897 998 68 750 167 255 560 583 776 803 667 994 448 843 
977 728 877 788 388 783 189 9 997 854 479 212 501 903 604 52 821 186 231 576 401 713 315 260 181 499 491 11 893 448 97 619 563 564 
56 301 721 306 155 125 682 641 488 468 344 898 957 682 434 228 877 984 844 205 227 980 706 511 158 936 29 764 993 186 660 682 854 223 
156 726 332 817 420 886 811 442 374 831 293 719 763 389 684 10 580 139 170 4 86 164 646 583 67 637 309 248 657 896 487 632 825 839 
525 713 912 784 464 966 426 51 784 815 947 977 952 668 809 518 372 848 682 776 671 458 800 732 374 964 546 614 298 606 207 35 780 78 
168 122 967 675 518 528 644 142 996 122 439 151 694 78 342 740 286 558 784 387 707 905 868 610 663 860 742 150 694 957 877 274 160 561 
760 816 176 458 220 588 686 848 685 659 3 92 953 315 803 750 687 873 897 32 310 752 895 189 361 317 101 480 315 775 554 228 536 464 
666 857 718 749 277 234 92 71 767 759 817 439 745 189 700 74 23 962 286 355 568 547 211 880 144 707 356 163 662 63 307 722 903 348 
820 466 648 371 858 248 612 872 858 444 811 943 977 455 445 186 751 441 258 547 575 75 875 558 178 169 306 230 425 828 899 275 911 367 
505 534 754 395 577 505 589 12 142 570 805 648 658 943 548 272 220 841 19 395 409 258 374 463 54 747 588 916 694 927 22 743 910 512 
182 829 452 304 330 729 396 716 278 611 41 835 616 987 783 814 590 688 766 469 630 177 103 629 717 32 556 836 921 142 385 160 8 520 
756 821 159 133 878 123 258 854 869 257 15 295 116 335 312 6 845 158 859 709 989 44 199 651 173 399 709 335 196 640 943 581 214 177 
404 300 428 153 425 430 69 176 868 918 91 68 122 535 875 86 692 370 457 835 675 310 300 151 983 36 421 168 1000 730 400 570 77 136 
708 518 829 962 666 744 979 609 232 633 794 370 478 357 66 113 95 416 583 34 515 830 991 623 325 996 17 398 511 177 682 715 601 826 
725 730 3 694 770 473 219 102 624 798 684 303 930 569 320 88 187 982 945 745 291 90 732 409 419 722 623 997 662 542 723 7 397 376 
