987 82 22 211 772 694 440 622 435 485 571 915 402 352 226 624 972 778 30 614 510 450 665 883 422 734 447 639 850 150 
631 192 433 334 989 488 798 539 173 212 60 335 782 885 218 927 444 872 585 76 277 151 892 608 409 42 225 492 127 745 
609 803 496 187 252 790 867 884 706 64 65 323 426 971 775 811 352 350 461 581 309 695 306 861 308 215 322 257 600 900 
799 534 2 89 547 272 605 55 960 117 591 901 796 842 274 948 941 516 764 871 557 188 191 506 319 607 905 153 34 371 
357 411 296 493 208 295 580 753 402 259 335 337 879 435 876 136 716 176 409 379 109 792 552 402 307 604 773 497 190 964 
456 633 166 298 420 538 550 876 838 465 591 761 342 642 274 538 409 381 29 161 59 842 316 806 647 109 730 538 12 87 
321 201 536 852 546 257 762 935 626 979 279 726 816 936 833 500 637 597 159 994 449 452 551 214 697 529 573 780 743 994 
975 11 468 310 345 478 486 530 989 766 112 350 510 10 140 516 115 440 340 622 834 627 518 863 404 57 349 343 335 21 
121 407 142 142 263 626 106 504 144 825 672 346 907 524 780 1000 531 40 55 106 231 486 797 810 725 94 904 971 888 370 
797 871 134 466 154 634 897 307 976 446 27 344 144 147 627 683 783 187 240 734 712 868 632 261 924 956 921 34 864 502 
96 126 898 760 210 852 351 516 323 185 730 958 916 722 517 869 959 260 105 581 478 79 998 127 69 170 285 759 471 294 
795 477 159 391 235 916 168 497 486 446 529 326 144 238 151 285 849 373 96 878 797 198 886 704 253 12 402 749 271 323 
732 439 934 513 231 13 542 1000 323 713 70 989 909 366 653 166 809 174 990 65 290 581 229 455 357 73 208 326 820 598 
313 180 200 287 466 534 572 536 605 174 15 982 184 984 39 709 401 714 586 280 138 944 549 225 751 688 630 354 463 90 
378 236 780 388 103 91 97 357 632 293 526 747 668 839 535 164 465 730 408 454 809 85 315 814 567 387 195 130 307 473 
632 646 909 789 679 780 29 774 130 556 402 550 821 492 521 654 157 706 828 544 583 519 909 913 341 915 607 191 960 143 
773 705 614 556 809 397 910 464 917 287 833 501 777 581 521 421 849 718 296 339 688 564 758 817 908 564 123 739 759 100 
465 242 1 409 439 456 926 435 579 817 718 381 118 34 959 930 898 112 940 630 81 143 479 477 779 200 225 329 208 831 
610 760 730 511 144 981 873 580 532 546 242 92 940 277 894 403 137 983 281 111 533 804 130 776 856 99 220 632 552 218 
256 23 130 256 708 533 861 83 697 264 948 978 566 391 7 379 94 659 47 670 685 360 872 456 4 124 135 827 465 134 
397 115 859 32 537 907 714 4 560 507 424 946 336 623 873 187 782 785 379 395 977 558 803 50 685 234 350 983 201 552 
388 859 437 115 127 207 465 964 34 83 70 857 796 643 137 537 703 72 281 82 578 29 470 265 440 365 297 925 678 401 
885 194 574 935 492 91 240 873 475 542 133 260 701 34 460 567 20 398 42 371 863 229 212 99 14 120 323 949 124 992 
20 845 941 654 476 634 745 799 674 171 631 733 941 667 8 33 585 535 742 490 371 598 975 273 880 452 44 799 734 808 
209 939 689 55 592 765 733 38 416 590 605 256 730 255 564 460 129 231 702 788 476 555 811 758 662 503 617 690 272 680 
489 420 683 466 594 124 889 276 45 859 929 531 561 263 513 558 508 865 820 239 276 317 729 698 930 500 196 436 652 211 
