662 511 371 754 277 153 459 117 134 176 337 795 523 977 337 418 620 
137 112 585 863 916 960 688 929 745 984 795 378 240 723 681 76 776 
953 897 131 720 652 798 50 285 893 584 621 227 797 470 666 781 331 
239 107 745 897 130 617 589 43 399 318 116 725 910 262 144 708 662 
589 106 977 596 677 138 633 800 400 93 661 859 980 26 972 862 401 
613 574 835 155 820 640 323 302 499 229 896 736 636 317 793 957 89 
714 365 790 85 779 527 880 183 72 598 219 767 184 42 858 543 882 
685 371 458 299 389 133 357 89 663 617 563 514 654 999 105 490 402 
584 161 267 374 11 628 720 243 950 206 882 43 639 543 978 12 390 
137 989 681 642 571 826 233 109 268 585 345 193 367 468 599 682 754 
96 641 159 985 650 883 50 917 153 250 156 710 967 179 992 610 657 
79 739 437 406 778 624 174 599 290 205 63 790 173 982 824 785 669 
253 559 9 188 185 120 786 588 411 660 822 65 730 529 453 635 355 
335 797 969 193 72 319 990 974 47 843 920 480 77 833 599 175 761 
186 782 398 355 462 828 306 541 780 385 745 464 80 187 588 945 877 
528 912 424 806 938 989 817 926 860 874 884 247 369 368 437 384 555 
43 123 503 957 120 294 79 410 573 825 454 564 209 307 85 479 199 
989 281 375 77 978 232 447 167 979 71 624 988 31 461 797 761 895 
728 364 786 243 729 637 460 206 792 982 440 326 153 69 859 944 723 
601 264 973 92 56 523 547 46 307 931 31 587 497 390 879 924 519 
900 59 330 576 999 711 802 281 679 532 15 920 711 588 366 221 367 
873 944 260 225 888 740 214 569 493 427 720 139 13 185 139 978 807 
772 90 205 923 166 557 313 923 360 666 134 64 832 697 782 93 556 
247 832 876 560 998 286 458 313 649 596 320 576 302 721 223 340 495 
663 402 166 59 352 793 288 823 516 845 388 795 923 441 979 602 229 
63 216 231 752 652 69 236 662 943 76 635 238 542 705 482 498 1 
543 816 924 996 655 20 131 125 242 871 100 630 215 846 549 22 837 
320 378 129 534 294 444 330 875 147 38 465 392 187 278 966 390 605 
643 332 457 640 342 815 910 196 756 523 239 461 679 687 663 162 492 
119 616 648 291 773 280 811 839 111 668 600 577 917 160 472 733 544 
920 22 266 777 561 815 561 569 672 920 742 235 71 733 666 820 803 
7 172 494 121 370 234 581 67 142 320 326 15 733 784 465 206 954 
412 379 316 106 610 847 430 609 703 243 607 349 222 74 373 739 874 
59 20 849 544 699 961 455 715 318 555 370 891 619 687 841 388 729 
17 579 72 201 414 621 799 622 438 136 952 167 164 35 284 413 485 
388 770 252 216 557 372 674 298 848 863 620 87 933 280 228 582 440 
219 913 780 724 371 325 541 934 62 765 53 684 147 601 803 25 589 
258 346 430 277 884 441 246 713 184 894 738 629 10 985 623 100 647 
65 32 878 194 633 314 872 93 459 626 835 529 924 755 650 10 806 
295 518 128 607 649 795 41 670 416 910 908 756 306 283 208 650 581 
608 883 874 34 413 738 744 16 703 552 144 824 501 363 569 605 585 
512 193 16 793 179 249 828 722 581 491 269 111 382 332 727 423 293 
294 998 317 392 719 409 937 533 227 511 973 436 670 918 443 983 517 
563 635 133 700 218 866 758 413 546 670 224 27 825 308 427 321 317 
566 157 969 506 406 222 838 472 526 129 360 372 254 517 935 740 282 
223 159 184 609 566 843 26 987 198 715 180 979 442 621 193 117 263 
454 308 911 316 939 695 244 910 119 899 595 964 271 503 140 68 65 
355 52 986 904 504 99 907 654 661 730 242 404 626 704 693 113 648 
75 638 249 602 778 32 470 992 540 846 967 901 803 139 78 477 668 
471 445 543 694 770 251 994 496 588 459 882 159 919 824 569 699 759 
466 359 409 261 114 74 672 425 310 591 755 27 443 542 5 590 893 
49 65 944 783 527 514 226 113 611 875 4 993 729 726 70 207 803 
423 855 878 232 626 584 355 918 553 930 75 88 595 173 690 870 390 
20 624 693 493 565 332 962 70 902 744 653 546 806 434 681 165 823 
69 933 132 389 913 885 742 319 716 663 598 825 201 990 21 391 677 
856 938 946 68 360 273 796 751 870 554 832 460 775 182 150 558 836 
61 254 635 189 970 257 987 660 396 551 833 435 158 141 745 973 145 
744 645 28 741 461 108 104 996 567 126 140 33 284 394 39 413 497 
239 552 983 916 972 219 121 173 445 268 192 877 694 878 137 545 591 
402 187 66 14 9 135 783 862 211 987 592 968 490 416 633 135 449 
821 374 543 130 380 745 560 959 203 530 257 733 430 886 250 72 348 
512 826 808 432 493 234 290 881 876 116 829 517 98 268 193 127 451 
915 103 140 373 604 311 937 919 358 332 990 981 130 597 802 460 570 
436 251 965 248 713 655 677 857 161 160 146 284 368 644 891 989 805 
16 749 581 939 264 523 803 980 648 313 54 49 980 688 861 139 377 
257 821 874 233 931 666 640 247 711 655 724 738 877 154 565 452 141 
355 871 841 18 665 394 530 356 88 808 680 24 177 747 179 168 325 
574 699 292 250 336 555 95 408 875 310 567 489 280 201 677 517 864 
17 352 500 780 431 914 663 674 713 730 529 812 589 847 248 5 414 
796 396 441 634 761 476 733 696 26 826 67 539 534 207 447 366 184 
147 979 891 562 850 443 781 833 754 133 770 165 2 796 743 19 350 
220 698 184 470 710 501 190 831 565 103 198 424 984 251 981 248 124 
492 587 66 687 748 213 999 361 107 26 820 301 543 6 9 163 227 
232 540 208 858 539 268 852 769 765 819 107 558 222 787 807 850 60 
616 832 285 708 480 345 655 43 151 395 642 130 218 585 19 622 304 
916 320 4 939 701 956 899 953 320 92 286 574 59 279 135 254 7 
95 155 913 722 222 268 954 203 575 569 230 222 924 907 49 465 761 
