758 94 740 876 863 53 818 516 707 535 788 1000 753 4 978 479 725 589 67 285 307 616 762 512 
907 603 428 623 347 295 221 665 345 344 946 406 950 751 513 256 171 793 753 425 612 65 988 252 
808 237 73 101 415 573 418 495 472 149 342 247 6 600 552 859 446 58 967 837 907 345 417 440 
375 129 61 847 324 864 708 552 465 942 446 687 885 803 22 184 105 746 240 889 455 278 966 944 
572 704 434 428 120 457 634 548 110 171 883 522 456 121 736 849 906 955 388 285 749 482 940 99 
966 39 428 434 880 596 692 467 352 427 678 397 905 448 928 392 453 702 44 674 381 512 997 624 
551 730 176 495 162 879 212 132 845 730 953 743 862 563 140 765 84 916 92 371 846 300 139 830 
553 222 228 365 731 496 943 532 809 146 480 810 955 825 957 24 632 550 929 548 988 376 532 736 
348 896 353 496 100 728 678 186 324 52 652 668 668 729 946 144 655 273 404 849 834 270 487 718 
697 908 554 391 316 622 414 811 535 907 469 543 1000 493 589 315 193 749 372 201 321 532 747 709 
657 189 873 513 643 877 665 256 55 389 191 92 901 532 250 977 614 68 805 923 199 873 404 490 
213 928 288 186 755 958 392 695 913 395 460 19 981 288 379 935 434 236 355 810 778 3 722 988 
180 207 135 133 377 219 719 407 618 589 152 135 568 658 365 448 53 239 796 519 73 186 501 28 
244 326 247 740 134 93 662 128 450 858 642 981 425 323 177 853 575 4 916 754 116 105 24 728 
344 102 234 308 901 935 153 893 943 12 884 880 172 12 462 490 80 272 812 814 767 985 258 877 
699 285 43 793 974 139 742 960 122 891 681 880 841 296 730 181 866 898 599 394 897 480 281 102 
250 530 654 967 983 238 25 802 953 971 658 41 548 681 124 28 389 764 394 410 676 636 47 376 
977 956 995 18 173 188 153 751 384 804 1000 423 920 967 6 225 194 888 168 742 308 674 914 565 
497 511 373 284 697 39 549 761 816 36 612 150 771 283 7 939 737 811 466 814 278 980 911 484 
309 152 834 625 175 751 105 214 57 211 757 361 61 74 361 550 917 84 975 729 667 882 797 538 
291 122 149 632 999 987 694 902 547 392 256 324 334 353 487 670 407 87 726 773 858 987 311 239 
659 235 730 739 817 232 768 713 893 517 795 951 517 852 266 169 991 300 43 227 988 516 265 265 
856 593 493 396 87 476 754 653 179 311 472 257 310 545 885 450 308 749 43 798 776 583 33 769 
925 405 154 144 145 428 882 303 232 899 494 440 224 726 727 450 862 324 397 889 836 950 492 305 
133 893 880 68 124 514 803 221 1 517 770 658 526 602 885 129 969 33 389 483 975 799 966 865 
896 545 337 329 35 629 608 276 851 272 370 60 286 115 187 465 967 174 950 875 774 861 867 434 
149 354 118 273 625 124 251 743 599 662 786 192 430 564 434 51 537 881 712 567 290 846 174 743 
153 433 220 478 682 106 4 275 458 189 835 96 675 889 789 151 915 737 394 246 259 788 176 430 
471 38 929 33 913 694 640 212 231 727 196 225 821 836 506 989 846 52 820 982 290 470 766 92 
716 656 720 523 293 610 801 157 658 852 716 417 105 389 535 708 188 224 786 6 498 940 726 774 
290 905 283 575 281 827 122 120 514 229 356 40 836 374 949 200 374 738 340 612 503 558 672 200 
52 38 122 100 475 496 359 794 989 91 650 133 495 598 451 805 108 419 545 437 684 645 748 454 
902 604 65 509 865 595 118 201 262 100 466 370 608 364 839 801 217 883 191 296 875 278 362 424 
223 568 725 369 868 156 696 962 437 737 786 693 179 420 834 186 351 310 40 137 169 723 747 792 
731 576 171 319 330 690 76 724 803 552 392 764 613 158 195 911 531 614 171 359 758 702 464 246 
808 879 981 844 263 25 782 924 707 126 158 451 997 575 764 793 185 766 35 227 807 645 183 550 
986 254 448 847 598 294 603 437 282 406 664 713 625 718 149 816 830 588 577 791 530 168 222 284 
217 62 361 598 463 943 978 272 230 470 730 764 756 258 774 473 987 708 147 938 920 856 387 616 
701 446 276 682 502 122 657 927 992 90 816 482 38 154 810 399 482 753 554 235 732 430 323 245 
362 954 992 193 655 789 951 766 816 82 200 561 997 6 487 204 425 419 709 126 243 78 225 344 
204 514 663 673 140 655 51 371 62 699 199 461 994 293 118 55 846 404 753 78 955 978 903 357 
223 282 695 698 663 180 56 917 245 612 243 977 642 257 27 484 763 728 40 399 66 69 413 764 
486 549 913 998 648 679 957 171 799 685 755 729 482 272 339 12 738 650 197 800 223 95 969 952 
223 102 617 707 431 1000 114 872 946 70 108 426 369 845 317 997 584 666 736 86 92 646 338 892 
577 26 636 740 339 51 190 829 553 342 192 6 125 306 106 490 98 954 339 359 346 322 457 559 
797 221 989 445 104 440 462 784 407 814 495 632 990 102 157 219 614 661 946 36 923 867 76 181 
919 463 73 964 272 802 54 510 383 440 264 220 782 187 513 190 637 376 263 580 840 517 720 143 
121 554 113 335 534 798 140 434 556 173 125 145 144 809 823 591 940 260 662 188 944 103 624 626 
467 18 106 486 3 782 287 87 356 503 678 825 892 117 301 153 143 877 966 252 722 86 577 352 
238 744 794 715 243 343 919 254 891 490 100 970 914 121 603 120 193 18 285 623 300 292 465 796 
877 727 851 370 384 717 195 230 580 130 427 392 510 869 638 41 312 791 523 367 807 152 553 917 
92 834 78 824 697 881 826 621 668 604 968 792 229 692 679 318 942 98 614 947 39 655 978 697 
333 245 593 533 20 487 936 934 159 353 970 834 269 75 883 135 834 42 33 515 119 437 713 590 
823 571 470 149 632 210 775 354 828 533 930 851 417 325 825 217 242 647 669 240 722 532 185 150 
853 628 144 862 617 198 164 26 566 893 390 470 821 311 315 507 787 778 400 172 330 691 726 499 
