())()())BGPr(x(kq(((H)(()((d
  ?    ?    $ $  $$   $  $$ 
S))z)lPEnfF)B()zl(())(((q))))()lErt
 ?? ?      ?                ?      
(z())R)))ZP((rhIbK)(P)Xe(u)r(f(d)(QM))(h)YX)d(()G(())vlRhy((XPc)dEo))UuabI(l((())))u))w)A
      ???                                                                           ?? ? 
(xnm)R()(J(xUkH((Z)tt()XQg)YqX)()Wd)U))YggRLQ)))(()ZP(bO(F(lw))(((O(itcz)E
                                     ??      ???$    $         $$$        
NNQ(St()OAUr(fahO(()
   $        $    $  
(an((w())zke(p)z)(Z(oH)e(((
$                $      $$$
gm((N(((D()POjan)b())()s)(()(MU((iP)g(X(X((Y(()y(((D(z)(OVB(e))(j)t((Z(fD())W)cm)M((Q(()(xlEYq(A
  $$                     $  $  $     $ $ $$ $   $$$                               $$ $  $     $ 
wB(((DgR(x)kkn)))Bkz
                    
Pr)()nT(w)(x))(a)Um)W)LemP()(nIV(f(CDE)eS()RXM)Cn(t((g
  ?          ?     ? ?      $                    $ $$ 
))(Ek)frPaH(Y)(()sc())kJ(o(g(a)hT())f)((fk(mh(TWx(Y(y(()p)bK
??                                    $$  $  $   $ $        
DxQ(()r(x)yaGw)()(U)((MD()Y)X)fNR)QvN)aQ)(((T(KIbM)()))Mxfe(()(LOU(qM(I((Oyy))(
                                 ?   ?  ?$                 $  $   $  $        $
((E))()(wF(I))fR)pPn)()Fue()i)zT)()Qt)i)Tzs(t()Dq(Sv(NY(((Byg)A)(((HKK
                ?   ?        ?  ?    ? ?   $     $  $  $        $$$   
(R())(WeF)BX)b(VF())()((()Js(F))))t((L
            ?                    ? $$ 
X)l)TtXkZD)zu)piFlV(i)(a(pS()GI))e((aK()()f((wP)(Z)ymyAmssoh)Z)OV
 ? ?      ?  ?                    $                              
P)uu(())kG))E)))()z(R(gci)))Jy(O)q(M)H)))J(()AU)D)(r
 ?        ?? ???           ?          ???        ?$ 
Ib)(bk))yef(
  ?    ?   $
(rT(uC((C)A(RQKN()OoTG)Gp))N)((M)(f(n
                             $   $ $ 
K)N(xyqOau()h()(I)nI(iyNrY))((I(j()(Fn)ndo)(K()U)uH(k(Q)y)(g(w
 ?                          $$                            $ $ 
((p(qy((())g(((X(i)oRz((gc)kE()(N)wh()lL())))V(lkt())p)H)PFx)(())d)(Xl(in)(D(bD
$                                                                  $      $ $  
