g)FFOUdzC())(Op()((p)(a))b)U(Q))(C)Ms()zX())DL))ZV)Y(qrEd)Th(r((Wqv)Cu)S
 ?         ?                   ?           ?  ??  ?         $           
)z)KAD()KI)g(Deo))
? ?       ?      ?
Lg)))uA((eU)R(VE)G((Q(NO)))T))FZrW()((
  ???                        ?      $$
MY(X((t((UIy()K(A()()(((((()M)Y()(v)j(Xp(B)()))pUEd)w)(p))(C)v)(p((sM()(UrxUBE)ypH(F))
  $ $$ $$                                                      $ $                    
fgUh(VV(rh(()))xY)d)()WJ(CWf(Y())R)
                   ?               
J(Y((Hs)(Hy))L((((pJ)y))(Wx)z))v(()oMqdyg(r))Usm()H(MjFN)g)()
                                                          ?  
Z)(x)UOvi(Kx(((w(as()
 ?       $  $$$ $    
)Gr(cmC()YT))IuSR((m(S))CZ(vI((I)Rpv()M(gRdil((UTIO((u()I((()((m)(
?           ?    $        $  $         $     $$    $$    $$  $   $
Ph(m())z)mRiO
        ?    
Q)J(eY)(u()xjq(()R)Xo(PE(())((f((cY()d))y(e(((U(((n((((gH)
 ?     $             $      $$           $ $$$ $$$ $$$    
()Tok)((h())fRm))(Yr(QCl((g(k))(Bl()())w(()jyu((l)tY)dH)i))))(q()(v(l(()yM())(z))K()
     ?          ?                                           ?$   $                  
)(IvKzuIRJ(fZbfEw((()u(hgj))K)L()()DlfbEyA())I(KY)GNTgz)(((()FDXhJ)o)CJOvfQ
?                                                       $                  
(A((yA((ho)m))CkC)(iS(ExC)((EfUeD(U)M(sB))((sb()))
$                 $       $                       
Q)m))b()(rA)rE)(OD((L()(a)(v((Y)((k)())tYO))qX)(z(SM)(x)))sai(UI(KZ(y((v))uc()))(
 ? ??         ?$                                             $                  $
