)k(jQ())Yl))()(Uw)Lpb)U((LGkL
?         ??         ? $$    
k(NZ(j)KASO))()(L(r()fKet)W)Bo()(V((()(p((q))((N(e)())))()((QQ()B((Js()a(()IJ(N(()V(
            ?                   $ $$                      $$     $$     $    $ $   $
)(oFZk(IE(p))((qE(()epC((kkzo()R(k()o)))SY(sAM((hh))(HQ(Ao)(()gm))EL(O(
?$           $$  $                        $                         $ $
(O)wN)))l)sNU))(k))))((o()jX)D((gP)()(a
     ??? ?   ??   ???$        $      $ 
((s)(B(b))())a))(()Q(c)(KR(B)()(l)))Y()L)(()PQCz(xoGvY)d))(o)MaS(((B((W()lDrWM
              ??                        ?                ?      $$$ $$        
s))E()F()X(h(kW)WW((AxEs)IjeF(xMkietM)c)(nh(IT))(M(H)G)a((c))(b)
 ??       $                                                     
Y())jD(j(MJ)))F(((xxg(()Z)
   ?         ? $$$        
(a)v)()())()YHZp)J)Alu))ha)Byp(m()Kt()F)mLB((Yo(O)j))F))()uzV()()))wfoQgZA)WY)Q)oV)R)Y)(vgvK(
    ?    ?      ? ?   ??  ?                           ??         ??       ?  ? ?  ? ? ?$    $
(v)v(ym)r((n(())((Jb()Y)((EpR(nX(h)(pJc(jKp()u()nQJ(
         $$     $       $$   $     $   $           $
(yDrB())B)RBPg(w
         ?    $ 
)MWi))((T)q(g)s))(cPIXZWU()))jo(gxJz((L))u()(Q()
?   ??          ?           ?  $            $   
