xqSLx())G(((zOm)pXF(F)Pz)c(E(m()(e)raP()(g)O()oXU)(uxP((V)N()()z)g))
       ? $                                                          
(()m((()nwUB()a((e(t)i))IzJk
$   $$                      
(NI((R)KMx)E(r
$           $ 
bzy(hcY)PC(CBL)((T)av(Il((T)e())Ck
               $     $            
)CZ)w)E(E))(nYD(c)()x(
?  ? ?    ?$         $
R(()()UyxZdr(S)T()((P(()Yw)
 $                $$       
)lYL)(c(Ax)e(af)rh)s(R(Cvc()(()(qr((()
?   ?               $ $     $  $  $$  
(FOm))(c))hNO)O(E)vZ(Yfn((V)EQ(BYL((()nV(rO(Hj(G(())xe)(E)L((D(j)YWj(F(kd)
     ?   ?   ?      $   $     $   $$    $  $               $$       $     
Y(LSU)VF)C(MM)))N(i(C)(pvS)(dp(aC)()Lj)f)L()())nbgE(((I)c(r)i((mw(H()erk)wg)))J))(DN((
        ?     ??                              ?                                 ?$  $$
U((Sk(Bx)((Z((nrnG))(TF)())k)ry)o()yW(idf(((NL)())))URdvbqqkM((e)y)p
 $                                                                  
((K((((Y()v(i)z)P)H()((u)f(qMR)))(bZd)K(nvuSYdPrP()I)(((o(XJ)h)Mi)(Dg(()gi)Fq)Mmb(MQL(()(Mfu
$$ $                                                 $                           $   $  $   
A(tD(fkUVFe)(()(()s)))i))Nz)sU((NrD(O)())umT()CB)O(BR(mTX))(v)))m))RJu))()p(
                       ??  ?                                  ?? ??   ??   $
(Gi(((Y)UL)(z)sTOe)Id((R)XR()())D((
$                                $$
QI()Pn)N)k(wuB()(((((UF)))DX
      ? ? $     $$          
sa(XDTCVun()((Gjt)V(uoeU((Z)(q))(RVb)C)(kK(n)B))(CK)g))mg((((E)
                                                      ?  $$$   
)Wu(q)tb()(B)i((gQU()zv
?             $$       
