99995281
99987681
99981386
99954073
99879268
99878835
99874715
99863564
99834715
99831476
99827017
99813368
99785040
99778255
99777218
99765718
99757411
99749192
99715922
99711955
99710837
99710597
99701925
99693520
99688290
99682789
99679621
99675212
99652722
99650167
99645343
99637434
99636130
99621131
99603316
99590180
99582231
99570728
99569955
99557920
99556992
99555221
99542608
99536955
99523158
99519636
99507480
99480190
99471747
99464384
99442983
99436589
99405060
99394441
99393209
99386579
99385442
99379658
99374056
99366357
99357239
99352724
99325642
99309491
99304556
99299338
99281849
99254851
99244761
99232041
99195645
99185943
99184559
99170565
99152789
99127173
99110624
99106462
99100395
99054657
99030535
99027941
99025721
99000879
98988309
98977909
98957848
98952641
98951815
98944505
98928677
98907157
98878942
98878258
98858431
98847032
98844586
98794934
98763666
98735330
98725103
98721578
98697416
98685578
98683481
98677717
98675248
98666617
98661228
98645759
98642157
98634637
98633553
98631721
98604641
98596338
98591560
98580762
98577280
98563012
98545994
98539302
98532416
98519117
98480241
98465090
98451374
98427904
98410163
98409648
98405835
98397789
98391750
98391301
98385535
98382254
98369422
98365370
98358217
98349102
98332608
98326933
98316539
98314481
98270173
98267866
98265016
98250211
98246479
98246171
98240621
98240365
98231583
98193176
98189258
98186563
98180401
98177738
98177720
98176781
98161817
98120175
98115685
98114981
98109758
98071008
98060317
98053606
98046800
98029766
98016728
98013313
97990669
97979900
97968625
97966794
97948430
97941892
97941133
97933093
97918476
97912518
97909944
97900885
97884102
97879493
97872309
97866962
97852991
97831079
97828755
97827459
97814304
97804271
97801141
97796988
97793062
97790219
97777578
97773985
97733676
97711085
97699208
97689294
97665453
97665331
97661959
97658076
97651633
97644513
97628503
97626535
97597346
97574898
97551889
97548519
97539437
97535192
97533705
97520777
97518655
97516187
97511410
97493329
97483365
97478362
97466832
97465445
97409277
97406463
97400781
97396920
97377154
97370075
97363063
97359603
97342582
97303411
97292299
97282489
97272917
97263646
97259755
97243636
97241882
97234150
97196163
97141398
97133936
97115776
97091689
97079288
97059093
97052801
97041297
97030796
97019904
97002208
96977213
96940397
96933131
96931377
96921451
96919969
96919693
96900470
96878728
96873549
96863374
96860367
96859261
96852619
96851181
96828318
96826547
96814981
96812036
96807986
96801495
96799850
96785266
96784485
96740264
96728129
96721200
96692988
96661296
96659006
96658483
96653169
96652994
96645218
96628377
96624402
96619588
96593467
96587099
96577604
96573173
96562238
96546197
96543997
96535222
96510799
96505060
96498089
96490239
96487777
96450156
96444958
96441783
96425250
96421451
96419685
96408553
96405114
96389451
96382686
96373250
96354218
96351521
96348376
96333554
96289447
96288524
96277792
96274592
96261022
96219365
96212118
96208919
96207179
96198976
96180961
96179043
96178913
96149345
96147788
96140459
96114881
96112789
96110529
96109755
96105562
96105308
96104639
96102025
96085194
96084906
96084792
96051151
96044334
96039532
96035353
96024634
96012962
96010869
96003922
95994923
95967978
95962761
95955862
95944349
95939146
95931987
95930479
95912468
95891576
95881058
95879882
95873956
95872293
95860751
95816128
95794119
95787539
95785782
95785058
95783693
95780276
95777162
95774446
95773234
95769625
95765739
95735974
95731171
95717541
95717413
95714297
95709371
95708987
95708602
95707490
95706604
95692324
95666656
95638082
95625463
95613518
95605542
95595521
95556331
95553024
95552820
95548799
95537983
95530664
95503868
95489536
95475313
95461781
95439406
95419702
95409525
95407900
95401740
95395014
95386483
95381195
95370604
95363773
95356631
95353473
95333950
95325150
95315643
95302725
95290755
95289039
95271452
95269526
95266245
95260652
95255589
95250018
95249365
95230504
95215280
95211400
95206743
95206413
95167509
95164993
95159224
95132271
95089102
95087821
95074129
95071032
95068036
95067016
95057972
95048383
95032761
95030883
95026833
95012386
95004548
94971365
94961813
94956109
94926490
94909459
94909377
94895242
94880696
94833993
94833677
94829447
94827262
94819498
94815786
94802067
94795426
94778497
94774759
94761886
94759745
94756796
94756247
94748373
94747170
94717230
94705793
94686367
94685536
94668994
94663025
94652645
94651608
94637186
94636206
94632371
94618007
94603969
94589925
94587986
94587282
94581653
94562386
94558847
94552744
94548904
94533441
94528619
94514160
94507679
94497021
94496290
94478729
94477648
94466504
94446141
94444838
94442487
94440304
94401838
94380092
94376044
94363714
94358866
94348417
94339711
94334738
94315219
94311518
94303662
94272774
94263678
94249042
94246430
94246028
94240453
94232058
94231615
94219330
94213225
94207125
94202355
94201103
94191420
94189957
94153718
94147238
94141556
94115194
94112951
94102162
94088871
94079821
94073159
94069281
94067355
94055778
94048608
94033133
94025070
94022483
94015601
94014817
94006196
93998263
93988714
93972964
93962506
93960782
93956247
93951114
93933857
93914617
93901672
93892092
93888740
93886239
93883815
93882356
93879412
93876738
93870415
93855982
93852225
93849377
93847285
93834593
93828527
93823837
93811547
93805485
93798598
93776988
93776355
93759488
93748953
93747318
93745450
93729330
93700936
93700838
93682922
93669998
93667685
93667592
93646666
93625314
93622785
93617764
93607867
93595093
93582170
93581113
93547382
93526991
93522892
93509235
93502085
93488992
93473976
93465937
93459579
93443280
93421278
93419484
93417148
93400436
93381524
93373834
93358624
93351782
93342418
93341986
93327147
93284685
93284316
93267513
93250610
93242005
93227725
93219085
93200211
93196836
93192296
93192221
93190231
93179198
93178875
93172521
93145038
93130904
93125874
93110707
93108309
93106339
93085263
93082168
93078698
93072530
93021930
93012999
93009749
93001183
92992066
92970463
92957433
92952930
92952024
92949199
92943905
92925830
92919451
92899007
92895340
92886054
92882065
92876881
92874611
92868130
92847576
92839078
92834682
92833281
92831194
92813924
92807582
92789593
92777284
92774656
92766724
92749591
92748257
92739607
92731229
92714027
92707753
92694106
92689021
92687632
92684207
92678342
92673057
92647523
92645180
92616478
92605757
92603681
92597490
92583512
92578794
92566942
92552364
92545557
92537448
92513704
92512819
92508321
92496600
92488425
92473713
92471721
92471075
92465208
92446102
92445217
92444024
92427753
92424882
92415995
92409072
92398384
92384960
92382790
92374352
92373355
92359022
92359013
92333767
92332109
92332106
92324447
92306631
92304238
92298748
92277591
92271354
92264318
92255213
92237781
92232799
92232705
92228476
92209020
92190153
92123212
92121961
92108137
92098802
92098088
92097014
92088301
92080166
92077534
92072416
92065166
92061166
92058871
92055460
92052814
92046696
92014861
92010919
91982034
91955894
91953976
91953791
91950262
91947269
91944250
91925709
91916536
91885674
91885584
91880057
91874896
91868078
91866814
91864682
91861825
91860468
91854659
91852908
91821434
91816909
91815503
91808515
91806883
91801624
91782704
91777709
91770222
91767149
91765923
91746784
91729377
91724175
91720694
91700932
91700416
91695545
91690787
91674073
91665929
91646044
91642955
91590094
91580009
91551697
91543235
91523094
91520304
91502244
91497306
91496428
91493739
91490246
91480796
91479615
91454390
91453478
91450643
91426591
91424613
91409122
91407843
91402242
91399660
91380976
91356312
91347194
91320476
91319872
91319228
91293580
91264298
91231865
91230506
91229540
91221420
91207691
91188744
91179365
91141032
91138548
91137800
91127340
91079681
91075106
91074352
91054918
91054314
91034488
91010375
90994995
90989705
90987615
90987380
90967851
90966957
90959461
90948277
90940862
90939415
90932143
90925977
90901240
90883929
90880190
90868170
90846968
90825648
90808605
90797476
90787077
90768748
90763686
90761060
90750912
90750670
90746295
90737046
90726799
90713950
90701225
90691327
90690600
90678686
90660507
90654009
90649323
90641077
90594836
90593364
90590850
90584688
90581899
90563812
90562536
90561193
90530895
90522057
90519829
90510070
90507725
90506321
90489210
90481219
90472069
90471065
90470531
90470225
90452620
90428638
90413179
90406039
90404960
90398381
90397069
90390010
90385920
90360466
90355077
90355024
90353485
90352014
90351264
90351231
90351126
90344693
90337053
90327935
90317727
90316794
90304508
90269361
90261564
90255976
90253758
90249300
90238295
90228751
90224967
90221019
90201806
90179007
90168074
90141409
90137422
90136708
90124832
90108562
90101074
90098617
90092672
90091297
90089471
90046049
90045871
90042666
90030578
89994296
89973236
89964736
89953568
89951647
89937455
89936127
89919916
89908941
89903699
89899572
89875220
89869062
89862048
89825833
89797095
89790913
89787405
89780517
89780049
89776943
89755940
89748867
89731449
89727013
89723777
89713660
89692084
89691580
89671294
89657156
89652182
89646861
89641607
89633239
89630061
89623125
89608517
89608321
89606173
89596744
89593301
89539305
89539305
89536703
89523262
89504710
89496976
89493744
89492953
89488424
89487184
89485094
89482407
89479710
89465508
89459108
89434180
89413979
89389565
89382824
89378811
89378665
89361073
89349273
89343364
89334451
89314106
89308728
89301094
89296179
89294130
89293461
89288558
89262108
89255653
89238296
89227208
89224987
89216138
89207459
89205503
89190194
89187736
89183280
89174882
89160954
89160192
89139142
89139111
89129855
89080249
89074727
89048355
89030072
89029560
89012571
88988551
88986024
88961907
88959826
88948083
88942235
88938740
88935080
88928586
88918260
88911076
88900979
88888373
88887281
88884994
88884721
88856424
88852055
88844105
88835667
88830542
88822421
88817980
88791727
88776478
88757118
88755365
88754881
88754526
88731308
88729498
88712579
88708035
88702413
88694157
88689858
88659559
88649446
88647798
88618680
88616108
88611412
88609770
88607161
88606847
88590217
88583775
88577892
88570778
88570457
88561647
88558732
88553983
88552661
88550715
88530963
88530499
88513581
88511046
88499533
88483864
88478940
88467073
88459241
88446240
88444512
88408715
88403295
88387694
88372581
88362781
88347949
88317622
88313436
88313197
88286823
88279198
88271859
88268675
88217846
88213956
88207067
88192720
88163909
88147221
88135942
88134604
88131578
88129750
88123076
88118314
88088823
88086112
88056937
88038216
88030821
88028397
88015956
88000089
87992992
87991200
87991042
87984199
87953091
87946558
87930819
87925236
87910660
87907333
87896998
87885826
87880731
87880007
87871622
87866712
87864117
87844764
87835493
87831657
87797606
87796338
87787120
87777200
87764617
87758855
87758111
87737160
87707002
87687246
87660579
87647401
87641898
87622926
87608462
87583117
87580493
87579503
87573560
87559347
87543752
87540080
87530240
87524414
87524407
87517999
87490241
87479613
87467187
87466502
87455792
87454584
87436795
87428653
87423966
87420206
87419025
87394284
87391530
87385802
87376895
87368179
87354939
87352482
87348062
87345229
87340849
87336355
87332504
87325524
87304409
87287182
87275329
87269691
87246745
87231150
87225696
87207023
87205705
87188911
87187714
87178095
87165648
87139059
87135275
87132024
87114804
87093385
87082325
87078435
87077152
87051981
87047194
87040882
87035209
87028864
87008261
87002084
86989217
86988342
86984687
86973135
86964772
86962377
86960934
86948420
86948000
86947841
86927423
86924602
86903228
86896092
86877080
86839688
86823721
86820564
86803482
86794993
86783125
86765570
86759559
86748510
86743683
86743435
86740992
86740338
86729352
86727402
86723549
86718586
86718141
86711300
86706113
86693812
86686946
86679727
86675982
86663563
86636422
86626409
86617414
86603906
86597402
86555185
86548631
86536778
86533139
86527583
86520016
86478973
86474293
86472437
86465070
86460767
86442003
86431500
86429404
86414257
86406845
86400815
86382996
86381993
86379428
86371130
86370532
86356134
86352331
86347748
86321392
86309801
86309632
86308176
86289277
86274959
86269958
86253572
86250575
86244307
86237567
86190124
86189009
86182608
86182370
86176835
86164136
86158555
86133560
86130668
86129843
86126110
86123250
86118913
86118301
86114387
86096019
86087960
86082721
86069161
86051431
86051418
86047488
86033058
86029847
86029378
86028925
85943136
85940114
85932418
85920513
85912932
85908382
85908316
85899833
85888529
85884680
85874002
85869102
85868035
85864369
85859412
85841315
85839971
85839529
85832446
85830883
85829737
85810364
85810026
85805269
85802792
85802136
85801220
85762605
85754346
85752013
85748401
85733221
85727476
85719976
85711979
85703093
85694258
85682798
85674697
85667320
85660333
85646643
85609094
85597762
85591065
85576629
85568017
85555348
85529377
85519965
85510657
85499135
85492395
85478746
85452864
85450640
85423888
85396544
85395493
85387231
85381949
85350132
85329597
85294551
85290070
85274198
85271221
85268197
85241349
85238322
85228304
85212228
85170429
85165348
85134451
85133726
85122626
85121323
85116091
85091935
85090340
85077657
85067767
85067573
85045629
85039267
85038986
85038387
85030370
85014856
84981395
84962183
84956150
84951759
84949273
84934303
84933171
84911190
84908323
84905996
84902804
84883466
84870032
84870012
84867341
84859665
84836010
84830765
84821413
84804934
84791207
84790980
84789366
84776173
84772146
84758646
84749995
84730753
84730552
84712586
84706662
84698220
84688145
84686544
84684416
84673868
84667247
84653019
84643314
84642846
84641108
84633978
84630107
84624488
84601482
84587799
84573922
84548212
84539464
84520515
84506373
84503437
84482847
84481239
84477755
84468545
84432184
84421876
84417610
84401250
84396924
84394857
84377645
84361846
84357521
84337863
84331099
84329178
84325383
84321482
84316605
84305836
84291793
84279861
84244476
84237911
84210849
84205773
84202915
84197116
84187038
84186719
84182637
84181280
84164299
84161817
84159033
84109739
84098558
84086030
84085099
84082067
84061241
84057016
84056291
84017098
84016882
84015775
84015518
84000730
83994396
83985685
83964984
83942970
83942414
83918725
83896118
83865337
83851244
83845785
83837124
83820290
83810769
83784360
83762204
83750794
83749624
83742493
83734073
83721654
83715698
83712207
83711579
83704472
83701451
83694735
83693749
83692607
83684156
83681703
83672428
83671617
83658771
83652766
83644787
83643621
83643595
83628704
83619397
83619010
83617978
83613304
83609684
83606452
83602092
83586098
83577969
83568662
83560073
83551846
83512229
83508935
83506361
83493460
83475803
83474078
83433985
83431872
83426850
83406486
83404609
83400517
83380765
83379274
83365331
83355789
83342647
83341126
83334263
83331242
83325358
83323774
83322626
83305126
83291655
83283401
83281630
83278508
83276075
83253429
83244373
83223802
83221613
83220881
83202546
83198387
83192455
83165715
83160722
83160021
83124351
83116424
83116398
83092474
83089670
83071572
83067130
83057835
83045672
83032011
83028811
83016847
83015439
82993671
82988016
82984061
82983801
82981300
82979152
82951915
82936461
82934270
82914603
82910193
82906573
82904250
82883364
82877468
82858230
82850905
82836645
82834650
82820496
82811541
82802077
82798062
82794692
82785049
82775014
82768773
82768163
82764730
82758288
82755320
82746306
82740078
82737647
82736815
82727027
82716914
82696910
82694850
82688839
82682962
82681094
82681034
82678432
82662627
82652779
82651780
82635215
82620960
82606587
82598560
82590573
82580515
82575489
82574719
82561684
82553984
82545421
82542457
82531419
82483514
82481948
82461237
82457045
82450049
82445070
82428955
82398768
82393638
82390941
82385141
82367165
82359813
82344771
82305609
82288397
82283656
82260935
82249372
82238223
82206494
82159291
82142904
82131201
82099053
82089354
82085454
82076901
82073427
82073100
82070042
82069971
82065567
82060092
82059230
82047160
82031287
82024532
82011029
82009527
82008236
82007852
82002954
82001522
81976840
81972008
81962037
81942391
81927165
81915731
81901088
81897814
81890234
81888870
81887900
81875580
81868549
81864630
81864112
81862589
81860950
81859550
81842996
81831654
81806532
81765615
81755355
81728266
81717917
81715151
81704453
81704377
81699218
81693193
81693031
81681853
81652205
81650142
81638862
81636612
81627235
81616752
81613015
81609738
81604696
81586092
81580293
81579226
81556680
81553423
81548360
81546838
81539987
81528107
81518416
81493879
81493030
81486568
81486327
81475458
81415525
81410208
81405906
81402396
81379004
81354882
81303737
81294181
81293807
81262943
81221876
81219610
81218342
81207149
81195657
81186847
81108147
81095703
81085419
81070220
81064143
81035746
81034779
81016180
81011637
81007901
80993332
80986747
80986425
80973122
80964414
80934718
80923585
80922421
80897211
80894006
80893025
80892537
80888935
80840315
80836670
80834092
80793362
80785104
80760168
80754054
80748195
80736052
80733648
80725633
80721465
80715207
80710685
80705296
80686250
80679065
80672299
80648501
80636368
80634842
80631950
80630942
80629883
80624720
80623814
80622613
80621138
80617031
80608387
80607791
80602844
80600658
80588457
80583621
80562281
80558742
80543040
80527947
80523269
80519530
80515333
80508621
80508567
80486079
80485606
80482338
80475441
80445854
80443298
80436101
80421383
80411104
80410213
80403130
80379768
80364038
80353668
80352016
80345093
80344082
80341019
80336491
80316510
80310100
80291258
80285859
80282281
80267551
80262298
80258563
80258147
80220056
80218378
80215661
80202056
80180814
80173464
80161778
80160169
80158860
80158498
80149604
80147711
80091115
80087257
80065949
80065803
80055118
80051977
80050981
80040555
80027548
80026603
80021044
80016340
80007728
80001313
79994661
79981683
79978026
79943393
79934048
79920124
79907324
79907227
79904909
79878612
79852492
79842305
79819908
79808839
79806758
79789924
79781478
79775302
79770191
79767434
79760874
79750787
79740292
79737083
79703400
79700510
79679611
79671860
79656219
79648730
79643843
79639206
79613065
79593693
79587605
79581932
79577147
79575226
79567899
79566992
79564088
79561679
79553115
79525198
79512441
79508599
79503653
79484178
79483568
79474099
79457577
79444317
79435556
79427429
79423604
79406261
79387636
79380443
79378146
79377179
79375587
79371152
79338220
79332002
79312061
79289395
79250698
79250547
79245400
79232092
79230232
79219084
79217119
79215578
79211670
79184814
79173292
79145420
79128922
79114049
79113251
79110750
79086900
79084456
79076255
79055561
79052369
79039837
79039669
79017726
79009026
78991639
78991336
78985485
78975478
78959266
78958636
78941605
78941562
78935790
78920098
78911174
78908672
78905955
78894429
78892800
78891568
78890814
78886635
78882712
78858697
78837251
78833277
78816675
78811836
78810194
78805723
78802631
78798000
78781646
78758816
78758810
78754241
78752055
78751233
78727841
78718506
78711950
78707636
78677247
78655757
78655369
78637264
78636741
78624849
78623500
78620200
78613903
78595141
78590826
78583426
78572106
78572065
78554726
78554229
78552635
78541157
78523407
78520723
78507550
78497251
78473665
78468828
78456274
78454011
78425703
78410428
78409942
78394951
78387393
78359345
78357110
78352688
78335205
78327831
78324429
78319013
78273114
78271986
78264490
78264140
78263157
78256389
78254410
78232195
78227991
78215184
78185152
78180177
78176378
78141517
78126644
78119402
78113309
78107794
78106741
78096244
78072606
78034805
78033003
77998667
77982382
77959520
77955413
77954182
77953041
77937097
77929899
77920983
77904162
77880708
77877489
77862362
77854965
77848839
77827216
77819037
77818159
77815226
77811788
77805160
77790259
77788446
77788134
77787329
77778601
77777113
77766756
77764692
77758264
77744568
77732896
77730040
77687498
77636587
77633197
77630647
77581536
77573620
77559769
77544415
77543511
77534766
77529663
77514381
77501349
77494419
77492748
77485435
77468172
77467869
77423179
77413253
77404728
77379817
77371202
77357525
77351809
77340614
77337054
77330926
77318352
77310186
77297687
77291945
77285016
77276267
77228509
77228321
77225927
77224953
77224938
77220100
77217018
77216241
77207314
77189836
77187077
77182140
77177006
77155091
77154642
77153681
77140303
77138293
77137539
77123100
77120004
77104825
77103683
77100947
77100073
77090072
77086488
77085102
77080442
77075709
77065962
77063974
77042367
77036476
77031153
77022302
77015124
77000452
77000241
76997587
76994987
76994877
76990858
76988718
76976023
76972760
76955856
76951846
76949843
76949843
76948770
76938972
76937166
76936631
76927450
76927411
76925089
76915202
76912999
76911620
76898555
76896373
76890959
76876893
76865609
76862661
76849758
76846393
76839163
76838200
76821770
76818584
76818324
76806628
76804521
76797748
76794283
76785181
76770891
76769954
76762101
76744361
76738636
76738164
76736519
76734491
76723996
76722312
76718158
76706488
76700858
76692913
76690851
76686546
76680213
76679076
76671815
76654972
76649747
76647822
76644043
76634000
76629415
76604367
76595447
76589846
76578673
76544072
76540732
76529857
76527510
76504002
76493553
76492093
76467817
76463547
76460785
76457419
76449875
76446946
76433962
76417365
76399150
76390647
76388387
76361878
76359915
76358832
76352909
76344490
76335525
76297423
76295960
76285594
76270761
76265633
76265357
76250049
76249545
76239959
76237099
76224084
76223582
76205303
76204799
76204441
76199237
76195795
76188962
76181672
76180368
76177331
76158798
76142192
76125655
76122929
76122665
76122649
76108298
76108282
76094078
76092186
76089390
76084502
76075915
76072570
76067197
76061950
76053798
75997104
75992745
75984452
75982264
75974937
75966212
75939184
75932793
75899854
75899450
75891926
75890872
75870004
75867221
75856774
75815878
75806467
75805031
75802291
75776117
75761068
75729424
75722948
75722947
75713301
75712842
75712595
75712240
75700679
75695897
75671193
75667009
75659388
75650349
75644700
75643725
75642781
75642762
75634776
75627648
75617166
75616906
75610217
75609484
75602857
75600724
75597787
75584444
75583251
75575137
75558008
75556819
75551055
75526137
75504323
75497219
75496409
75494984
75474217
75462118
75451745
75444608
75444558
75426988
75425927
75422775
75402327
75400698
75393080
75392511
75387146
75384266
75381851
75369377
75349543
75321807
75307115
75297721
75279680
75274009
75273316
75257316
75248557
75246003
75241300
75239717
75194335
75186219
75174487
75161868
75158096
75115029
75106466
75099719
75095114
75085783
75085307
75049604
75039413
75022271
75006173
75005386
75001373
74984341
74968194
74967677
74944591
74944061
74900754
74889874
74875441
74874103
74868546
74859690
74854382
74851095
74847824
74844869
74829256
74815266
74805152
74794521
74793764
74777443
74761635
74760200
74740602
74723273
74722147
74711798
74711603
74708730
74695134
74683210
74680646
74651370
74646561
74642712
74627404
74622193
74621596
74614183
74613822
74610216
74600951
74588404
74586027
74582525
74577733
74575760
74573194
74556681
74544475
74528546
74528213
74527806
74504030
74497956
74477617
74437257
74432086
74430038
74423587
74422611
74411038
74393054
74390247
74388283
74384712
74378332
74355435
74341969
74340943
74312429
74311253
74310899
74305493
74295116
74291218
74287188
74276985
74248191
74226167
74209764
74198682
74182648
74169937
74164389
74164262
74115941
74106236
74098652
74088803
74063015
74050806
74046778
74038982
74036095
74023783
74017135
74012979
74006535
74001891
73993878
73986909
73978976
73975010
73938283
73924427
73916150
73912244
73892089
73875407
73862009
73860663
73852035
73840296
73825991
73801315
73794379
73782323
73776564
73774656
73763041
73755321
73753206
73750655
73748344
73739922
73721753
73684774
73670448
73663493
73640861
73639158
73632184
73622624
73619144
73609394
73607310
73600514
73592476
73579140
73576594
73559602
73557993
73551299
73550458
73522951
73520488
73496735
73495326
73492186
73491401
73490507
73487649
73486607
73465446
73461485
73454382
73447308
73438081
73427958
73427586
73425198
73418818
73404468
73396780
73390058
73384870
73380228
73369359
73363030
73362275
73360514
73359506
73337288
73327557
73322139
73313454
73298094
73280753
73275212
73270432
73264887
73259921
73253941
73237385
73231090
73209752
73199756
73196497
73172525
73129301
73126041
73124521
73119887
73113022
73108985
73100371
73081252
73074050
73064264
73059565
73054269
73052465
73045033
73041534
73020576
73019900
73017804
73007786
72998544
72997333
72979354
72968106
72964831
72958933
72947699
72945491
72921871
72916563
72906329
72905989
72896150
72891285
72884026
72881868
72880754
72875418
72856614
72853479
72839603
72836894
72830107
72784763
72784165
72748824
72742224
72731996
72724449
72717266
72715188
72681882
72658203
72628969
72604136
72586273
72586093
72584515
72576639
72505089
72486606
72470785
72442438
72433959
72433378
72428925
72425984
72395540
72392743
72389718
72370446
72362530
72361796
72358717
72350992
72350736
72320147
72316348
72306013
72301404
72296167
72292573
72289308
72288168
72274398
72256929
72254789
72252374
72248962
72228330
72159432
72146169
72142658
72137626
72128991
72126411
72122157
72091588
72083913
72081587
72057152
72042920
72039642
72016231
72011690
71991192
71981633
71974319
71962215
71945672
71943854
71941777
71926476
71912498
71909514
71870462
71866772
71862083
71858118
71849168
71840151
71830918
71830816
71829529
71824053
71813729
71792240
71779291
71772703
71762251
71748964
71745869
71708234
71707001
71699467
71673968
71664884
71663533
71662895
71623705
71623275
71614796
71611986
71592888
71591709
71585515
71565339
71561073
71557790
71551970
71526346
71521882
71514810
71505925
71503162
71484731
71459486
71457656
71446634
71416022
71406702
71406587
71402078
71395374
71376504
71372648
71372608
71363811
71359602
71352476
71333697
71314476
71308249
71280663
71274895
71246343
71233995
71233812
71227957
71214572
71213653
71194109
71175647
71139218
71133461
71128016
71121486
71099564
71099173
71097861
71071728
71067756
71063147
71044097
71022710
71010707
71006678
70992854
70992382
70990692
70983433
70981209
70970970
70958413
70919650
70912721
70901187
70900908
70896614
70877318
70874930
70874222
70871243
70864192
70848968
70834732
70827566
70815490
70801892
70785546
70785528
70777791
70775649
70771382
70766391
70747417
70737313
70732780
70729562
70708474
70697216
70687041
70679309
70676187
70673976
70652113
70641713
70631668
70619015
70578072
70571673
70554045
70545587
70542205
70527743
70523029
70521674
70504567
70498448
70497663
70495597
70493926
70490675
70487353
70475472
70468925
70467780
70466286
70464102
70462642
70448840
70442753
70423952
70414831
70404061
70387846
70381339
70367374
70366449
70362773
70354742
70339476
70334986
70325819
70311111
70311051
70298260
70297661
70295906
70282937
70281778
70259145
70254957
70252912
70248397
70244615
70244279
70210255
70205132
70191781
70188682
70184158
70170177
70165025
70117704
70086573
70079939
70078235
70068239
70067798
70066366
70062438
70054851
70042507
70042116
70041969
70026702
70010100
70002586
70001923
69992734
69990432
69990021
69976785
69969544
69947710
69935917
69931790
69923254
69917566
69902748
69901533
69898534
69889935
69849906
69846171
69833599
69821395
69812255
69804106
69802686
69801543
69780119
69778306
69768135
69762829
69758180
69740206
69728626
69707255
69672954
69665407
69652186
69645141
69641814
69641624
69614840
69601458
69588807
69588781
69582581
69582201
69574708
69539301
69536246
69528241
69495259
69453453
69448637
69435126
69432130
69423598
69399537
69396212
69382776
69341059
69329848
69328780
69320592
69317070
69316737
69298484
69296381
69246847
69244517
69237632
69200402
69194548
69185105
69177913
69165777
69161254
69144211
69116137
69114716
69097817
69077886
69070711
69065351
69050374
69039577
69033168
69027299
68987901
68979175
68971784
68955885
68953412
68941492
68937231
68934684
68933314
68862300
68844143
68839472
68825289
68818156
68800504
68791140
68759961
68755794
68754839
68754146
68751768
68733495
68725263
68724924
68723729
68714785
68690533
68688641
68686138
68685992
68685452
68681163
68674095
68664208
68649753
68646968
68646583
68644072
68630371
68599579
68593029
68590851
68588180
68587330
68562099
68544133
68543732
68539080
68537386
68535150
68528330
68526549
68523574
68518278
68512977
68491090
68473006
68468311
68461450
68457839
68442816
68432495
68431057
68425500
68402622
68400873
68399688
68393505
68368376
68362502
68362285
68361630
68358349
68347311
68336741
68332961
68324104
68317241
68311523
68304706
68293066
68282414
68265497
68262248
68256183
68235847
68233776
68202529
68200122
68173134
68169872
68167090
68159941
68154160
68148986
68139824
68139440
68137853
68131375
68127570
68060648
68042351
68042272
68007248
68001940
67998968
67988380
67982451
67977478
67970865
67966933
67952956
67950735
67912170
67883154
67881795
67865287
67864220
67850227
67845810
67826469
67788828
67743753
67719570
67719470
67696789
67691175
67690517
67672315
67667386
67663515
67601580
67600510
67586026
67585171
67567450
67566453
67564606
67543379
67530623
67527432
67526513
67522640
67522249
67509567
67506906
67498018
67496395
67484016
67471198
67466095
67438207
67428205
67406925
67368238
67359658
67341312
67321188
67287188
67276503
67273165
67271439
67268041
67265406
67263349
67236471
67230768
67221638
67207298
67206805
67193066
67181098
67173819
67170776
67154596
67150121
67139974
67131480
67102890
67100717
67096275
67082482
67074352
67068220
67061617
67055738
67048432
67041007
67033916
67026383
67024579
67003016
66974490
66954635
66952305
66950175
66942724
66933512
66925685
66920248
66908293
66905919
66905617
66897303
66892519
66886991
66866454
66863492
66844259
66843743
66840771
66830589
66822650
66819186
66809325
66804638
66795207
66775122
66769638
66757349
66756448
66754620
66739154
66717286
66716932
66713882
66712039
66702312
66697244
66695540
66670979
66669950
66662196
66654347
66633819
66629962
66622443
66614086
66609862
66592440
66590512
66583817
66579504
66566117
66565694
66560851
66550261
66533163
66484251
66470176
66452412
66416631
66394957
66384468
66380663
66369922
66369892
66365584
66355817
66348961
66339833
66302644
66280611
66277499
66274604
66273899
66272735
66269730
66267641
66254493
66248401
66206837
66192077
66190893
66190723
66179857
66178777
66166397
66161259
66159017
66158397
66150038
66148421
66146077
66140448
66131790
66119292
66108178
66094312
66089426
66071340
66064303
66057615
66042695
66036517
66022726
66012602
65983859
65981395
65966665
65962456
65962167
65945050
65922163
65918931
65909187
65896465
65890456
65887237
65883952
65872872
65838683
65836140
65801996
65775513
65763415
65760073
65758928
65747178
65741132
65728995
65717280
65694754
65694670
65691630
65690299
65683926
65682601
65665434
65650648
65645385
65638057
65615471
65582481
65557873
65552616
65551993
65530644
65527327
65523914
65516547
65512634
65486884
65464751
65454024
65442586
65409169
65394128
65393538
65380844
65356505
65349120
65347438
65343374
65326481
65299834
65298289
65296156
65250960
65241698
65239102
65223454
65215197
65206954
65188552
65180596
65171488
65170727
65166161
65161387
65156096
65147649
65146770
65137083
65130602
65130195
65111191
65109022
65106112
65100257
65099058
65096982
65094866
65094712
65071733
65052607
65049973
65009512
64973210
64964829
64959371
64930850
64928788
64920555
64899870
64896405
64884446
64870555
64861389
64854439
64852340
64835553
64832738
64827633
64823886
64767645
64751357
64739251
64734724
64720144
64701360
64693931
64679435
64668384
64666591
64664095
64655806
64626691
64609415
64605063
64572513
64566097
64555251
64538873
64533937
64529907
64525917
64523340
64503438
64503258
64495081
64494764
64485144
64476271
64466654
64461500
64460759
64460159
64456125
64451443
64447992
64437394
64437093
64428594
64416275
64406719
64398372
64397230
64386001
64374958
64368666
64360741
64321194
64305956
64284728
64271051
64264914
64248635
64241018
64235287
64221259
64215184
64205366
64196775
64192169
64185459
64184360
64172757
64151322
64148457
64148386
64145273
64141516
64123977
64122487
64122190
64118373
64100720
64094565
64090824
64089046
64085171
64076969
64074541
64071748
64068750
64061922
64058359
64043662
64036748
64020724
64011918
63995569
63993734
63947968
63944054
63932434
63920894
63909840
63885861
63883723
63879265
63878316
63855876
63855234
63852001
63825165
63821655
63819029
63813549
63801986
63794382
63793054
63776916
63763095
63762952
63755741
63747225
63737892
63730037
63723016
63712555
63704751
63701867
63686038
63665955
63660151
63638431
63635680
63630823
63628382
63627630
63609868
63605853
63589906
63582186
63576681
63571272
63557384
63553803
63545457
63527848
63493029
63468294
63448460
63429877
63422248
63419255
63411596
63402668
63367648
63366267
63365576
63356211
63354422
63346511
63333528
63325670
63291918
63289362
63281138
63266589
63233439
63229898
63224353
63219062
63208628
63163120
63134040
63132551
63130796
63110462
63110021
63086191
63068418
63064331
63049894
63043677
63041020
63022967
62996950
62985773
62972949
62963797
62960426
62934148
62933793
62931319
62927177
62916635
62907779
62893944
62883499
62873398
62835947
62825351
62822473
62821688
62809916
62802646
62792941
62790423
62788394
62779056
62774453
62762633
62751228
62744696
62742905
62742367
62712106
62709898
62706909
62698971
62684607
62664789
62657723
62657274
62636693
62622933
62609932
62597010
62574033
62571840
62569277
62561744
62561555
62526105
62524313
62502006
62494253
62484323
62477087
62468527
62458617
62456304
62446946
62445870
62441792
62430345
62418698
62414381
62406011
62402087
62399427
62385630
62381079
62367564
62362448
62356923
62354612
62349989
62348541
62346517
62320458
62301404
62301250
62283226
62281723
62275471
62264198
62243973
62234515
62225366
62216886
62192338
62171797
62169689
62153995
62142958
62133890
62130738
62120780
62111116
62107085
62072481
62067808
62048580
62037925
62032992
62031556
62023398
62016029
61991229
61984147
61977709
61971164
61953089
61950702
61931248
61930565
61921640
61913942
61893389
61888717
61865159
61862909
61852707
61834383
61831873
61823588
61816050
61813858
61810260
61808780
61804392
61791669
61787310
61730216
61714995
61710311
61710266
61703242
61699689
61698455
61681223
61677108
61669015
61668604
61649085
61646767
61554624
61552094
61537230
61495443
61482610
61478489
61452190
61443904
61442453
61440143
61407784
61389081
61387079
61385006
61384628
61382201
61377761
61375590
61361103
61350667
61337867
61333980
61320796
61316879
61311702
61290684
61285196
61271011
61266016
61241909
61237128
61236001
61229612
61220797
61208690
61206677
61204664
61141286
61126954
61122589
61121503
61117607
61109579
61092464
61084213
61071683
61068344
61066205
61055167
61051624
61043793
61042686
61041795
61034520
61030290
61022832
61005099
60988930
60976746
60957592
60934734
60932840
60930460
60930038
60924956
60924383
60919529
60916205
60893726
60858517
60855184
60852741
60837791
60834960
60826871
60825992
60797579
60757663
60756351
60753187
60747640
60721789
60697806
60697748
60696075
60695337
60686215
60656576
60646863
60636018
60623201
60603229
60593638
60563482
60554137
60554105
60553828
60542707
60538617
60536158
60535836
60534448
60512731
60499849
60486417
60477163
60473076
60471586
60464286
60459152
60458864
60451785
60445910
60432056
60416464
60389632
60376242
60367656
60331778
60316969
60316000
60307372
60301563
60275870
60261569
60235199
60216108
60193077
60183529
60176341
60168185
60165027
60135602
60135464
60126121
60110809
60084651
60074399
60042229
60036620
60027235
60011824
60008812
59997943
59981433
59980182
59975380
59968508
59965330
59964381
59962272
59961341
59932516
59928325
59927949
59919594
59916798
59912894
59912744
59895807
59894101
59892439
59890855
59880368
59875279
59866276
59860897
59853452
59847452
59839342
59838141
59836188
59836178
59828164
59807408
59802963
59802481
59795889
59795615
59793002
59784572
59784396
59750463
59734513
59732287
59729081
59727942
59726961
59719908
59699271
59696795
59690660
59688909
59684924
59665554
59665163
59663218
59657119
59649599
59648019
59634474
59620590
59611154
59607912
59603116
59598084
59574486
59573865
59571045
59524325
59515979
59511103
59495652
59494886
59493226
59492030
59479455
59445901
59440848
59433511
59433108
59431600
59420578
59418830
59415533
59408439
59397185
59361411
59360405
59350252
59338290
59337847
59324127
59300452
59290094
59270528
59261493
59260867
59258912
59258219
59249091
59200170
59174752
59169945
59166106
59127677
59126174
59122196
59109944
59103238
59098157
59096069
59089077
59086523
59084182
59083328
59078972
59070455
59051426
59043530
59029716
59022807
59013482
58994143
58992833
58991747
58986013
58983738
58969214
58933194
58917207
58896030
58895171
58886364
58864602
58861520
58860386
58848448
58832162
58828751
58810913
58807066
58797338
58796474
58793050
58780997
58776394
58753037
58748455
58746070
58739801
58706169
58667816
58665491
58664318
58663548
58642915
58642440
58615282
58612440
58607274
58607202
58588558
58588439
58586774
58577106
58575533
58574067
58570292
58561519
58546240
58536445
58493328
58491141
58485480
58463674
58461516
58447261
58418198
58400305
58374950
58374808
58365005
58361441
58354807
58291097
58272232
58250496
58247789
58204945
58200924
58200155
58162150
58159350
58157800
58141020
58128145
58113213
58109646
58107973
58107683
58101683
58097686
58082887
58080910
58068478
58056288
58037931
58025550
58023223
58019973
58010476
57977700
57968127
57965487
57963221
57918596
57903534
57903337
57899808
57892922
57890903
57876792
57876408
57871336
57864084
57851433
57842850
57831943
57824055
57820082
57816378
57797442
57785727
57784443
57746576
57723152
57719642
57711891
57706768
57696984
57687448
57681950
57679438
57674809
57670652
57661371
57658637
57646342
57643881
57607664
57593183
57573933
57562607
57553834
57534018
57519833
57473385
57470903
57458184
57450831
57442438
57437276
57430260
57422055
57406510
57379234
57371802
57365614
57341985
57327864
57322650
57314194
57304277
57279158
57276692
57260824
57260035
57258793
57245593
57231461
57229824
57229406
57227530
57226723
57219055
57198132
57174807
57173367
57156934
57143802
57124266
57122131
57109965
57106852
57100749
57094571
57092126
57076283
57071144
57063658
57059054
57047395
57044809
57021841
57012459
57007036
57006652
57003468
56991178
56989928
56985773
56983355
56975684
56973203
56966391
56963910
56963118
56961499
56947792
56940187
56923377
56909802
56898093
56880867
56868593
56866135
56862790
56861606
56845754
56839177
56832144
56824947
56819256
56815771
56815298
56814566
56805335
56801579
56786325
56768509
56756206
56746168
56742785
56737233
56736648
56736565
56719002
56683373
56680542
56678486
56669828
56648376
56644463
56641557
56640977
56629462
56616015
56614097
56611525
56609185
56609055
56601949
56599852
56581671
56573364
56566784
56557798
56554848
56545813
56538568
56529648
56524290
56518946
56489485
56483119
56446139
56420368
56402652
56388868
56379164
56366225
56345586
56338912
56321939
56303018
56295468
56288899
56280759
56266620
56252554
56248029
56240847
56236191
56234496
56229643
56223258
56214784
56209438
56185294
56178565
56172813
56170399
56167916
56165738
56147395
56141710
56141564
56124141
56117854
56111182
56110518
56105490
56092888
56090857
56089253
56073101
56053159
56047980
56036967
56027866
56013689
56007061
56002107
55989291
55988817
55966622
55965082
55961675
55946833
55939441
55939434
55936652
55932179
55924854
55919966
55917812
55916924
55913304
55902104
55898247
55887361
55881107
55877869
55876922
55873682
55863390
55844408
55827318
55824102
55812190
55789400
55786298
55751959
55746631
55720653
55718768
55712964
55708621
55707207
55706249
55704285
55690134
55680921
55676794
55655996
55639185
55597089
55571829
55563261
55542140
55517234
55514074
55509340
55506073
55501402
55480756
55479877
55467740
55453820
55444553
55431110
55415613
55401053
55399472
55367955
55366693
55362940
55358644
55337077
55328328
55315643
55314040
55289524
55263123
55249601
55248337
55246949
55243944
55242740
55237504
55231565
55195249
55192675
55182170
55181838
55174874
55134485
55130892
55127640
55119699
55119155
55115357
55091903
55090230
55029405
55016385
55008341
54999708
54993539
54984171
54983203
54954976
54954843
54917199
54898128
54873863
54855259
54849253
54847036
54840753
54835124
54824850
54818166
54802662
54798327
54791050
54786766
54773550
54744619
54734215
54728249
54699552
54697762
54690570
54689343
54665812
54664814
54656543
54644960
54637391
54631144
54590427
54588104
54577886
54560039
54555018
54551117
54547732
54541129
54540904
54536850
54531137
54530174
54506269
54499496
54495698
54492835
54489482
54475269
54451798
54439128
54434604
54430126
54426142
54416131
54412361
54410176
54408388
54382442
54381038
54380797
54356827
54346663
54338391
54337733
54316869
54310071
54306075
54299542
54276254
54276200
54262162
54244216
54243876
54227649
54224570
54220004
54217390
54217148
54197710
54188855
54157730
54150959
54148433
54132321
54126130
54118896
54092416
54088809
54069792
54051969
54041877
54035947
54027067
54018275
54009363
53989749
53983866
53970683
53969736
53966621
53960793
53958675
53907488
53893508
53892219
53872248
53854238
53830095
53830040
53802840
53802540
53800543
53799892
53798801
53787689
53771217
53757571
53739811
53732913
53720471
53711193
53676116
53673028
53672668
53670098
53668873
53639980
53623417
53619196
53614234
53601002
53595107
53582409
53570506
53551098
53534328
53530631
53528320
53518288
53517116
53515812
53506132
53493245
53487360
53479934
53467915
53457542
53443034
53437921
53430942
53428522
53426861
53414932
53397599
53380838
53372718
53371406
53352556
53347535
53344711
53344610
53333691
53313111
53307366
53298734
53288672
53287734
53276082
53274006
53272743
53267577
53239680
53230691
53187709
53181712
53142726
53140496
53127481
53114083
53107402
53096718
53093580
53075435
53004364
52998857
52966284
52957970
52956102
52955454
52951552
52940362
52919863
52894664
52890310
52883033
52881233
52868775
52867967
52837472
52813590
52808481
52806281
52801308
52800743
52794540
52785226
52773208
52765742
52763844
52762097
52753980
52723706
52723090
52708096
52707443
52706226
52706219
52694570
52684763
52666726
52659005
52633876
52628334
52618157
52617540
52614708
52610613
52606351
52596885
52581693
52580734
52576750
52573795
52569542
52565642
52562032
52545200
52543895
52538823
52536425
52533460
52515772
52499354
52490981
52487023
52486463
52473425
52449647
52436587
52386181
52377100
52348955
52339668
52319140
52312960
52295248
52242884
52231889
52226093
52206890
52206783
52198792
52190408
52175990
52170354
52163165
52151035
52149681
52145978
52142164
52141791
52130065
52103859
52095865
52091364
52086479
52081602
52079112
52078752
52053342
52051647
52019964
52014055
52013969
52010646
52007806
52006448
52004059
52004036
52000923
51999909
51999779
51998760
51983880
51980894
51976151
51960161
51960030
51929079
51918814
51901520
51898496
51892738
51892442
51884320
51878683
51876995
51861706
51858131
51801474
51781264
51738062
51734517
51707335
51700103
51695177
51694262
51685270
51679997
51679247
51665206
51635925
51631293
51619430
51617575
51617257
51610690
51609591
51588879
51585825
51583417
51575537
51573358
51556267
51528901
51528304
51527168
51522389
51494366
51490155
51489516
51473850
51468018
51458986
51450829
51441242
51435625
51401578
51394232
51384631
51378525
51362746
51342310
51341693
51339863
51309925
51309646
51291752
51283601
51264451
51256642
51254898
51219783
51199218
51189753
51177805
51174674
51161608
51159709
51154440
51148997
51140842
51123303
51117638
51116065
51115997
51102874
51098535
51085837
51074836
51072312
51065694
51060141
51050840
51044336
51025513
51016505
51007052
50988473
50981203
50979298
50979175
50976027
50975153
50961941
50943846
50941341
50938146
50937214
50933255
50930092
50920405
50902482
50887368
50886085
50852460
50840662
50822501
50803406
50796058
50791056
50787970
50776025
50754712
50746333
50744609
50734479
50724511
50690838
50685738
50660887
50660055
50648557
50647171
50634794
50625546
50624419
50611003
50605881
50604774
50603288
50594430
50588755
50577213
50556119
50552473
50533067
50523840
50518726
50511093
50510446
50509613
50493945
50484099
50471395
50461226
50461206
50458719
50420353
50396836
50388044
50353541
50338227
50324382
50315404
50308845
50307054
50291636
50280642
50280461
50269163
50255916
50252817
50251825
50251396
50239668
50238929
50236218
50228788
50209115
50205411
50202799
50195750
50160482
50154182
50145502
50129362
50112304
50104981
50095917
50094811
50093108
50091191
50085670
50085064
50081373
50077387
50071985
50065695
50049500
50048054
50043273
50043241
50034586
50025577
50003893
49989978
49983065
49961258
49960153
49935617
49923791
49923203
49883452
49874227
49867587
49859046
49847169
49845954
49821153
49820693
49810300
49773676
49737560
49720240
49718236
49713587
49705115
49686496
49686487
49658545
49641691
49626167
49620007
49618540
49607201
49606283
49605339
49589855
49573178
49559257
49556247
49546017
49529779
49526756
49523654
49522170
49489534
49480765
49463806
49463217
49462815
49452718
49438805
49432658
49425253
49418675
49412232
49411928
49407952
49389865
49378177
49376964
49372446
49368701
49360978
49360053
49357670
49352596
49343743
49306650
49304174
49297485
49295608
49272413
49260541
49251901
49251478
49246476
49246403
49241225
49236522
49223406
49221770
49217990
49203843
49200025
49168822
49144902
49118306
49087581
49078105
49052946
49048289
49038184
49032181
49024717
49019443
49008487
48994974
48974979
48974273
48972947
48972809
48964779
48948549
48941432
48902640
48895046
48861839
48848219
48821113
48821002
48819291
48806087
48797705
48792395
48790730
48786223
48784840
48782749
48780558
48772400
48765166
48746494
48726684
48721298
48708548
48707112
48692013
48686481
48680837
48671321
48653408
48625810
48620983
48614283
48603338
48595143
48539472
48524696
48512075
48511020
48501274
48444897
48435765
48425980
48416097
48412092
48390873
48387210
48384789
48382778
48381548
48364275
48363671
48346650
48346031
48334777
48324019
48302396
48283008
48273580
48268331
48250790
48226677
48224375
48213693
48202796
48198867
48182509
48172176
48170805
48166512
48160977
48148417
48134995
48131191
48118187
48070260
48069518
48068931
48048733
48038421
48036792
48024478
48003991
47997069
47981721
47977298
47959741
47923314
47921527
47919469
47913321
47911898
47911532
47879914
47869367
47865186
47827546
47821406
47820077
47817860
47816669
47811335
47800960
47794270
47792501
47781539
47770531
47764661
47715988
47715987
47710079
47709046
47706527
47697803
47681836
47680076
47679162
47678270
47660260
47647954
47618450
47614660
47611245
47604309
47596837
47591697
47565005
47564808
47555529
47551398
47551176
47534864
47534703
47526978
47515708
47497562
47491411
47486291
47481916
47480069
47478211
47465144
47455729
47455720
47448721
47432107
47425321
47411111
47394919
47391834
47391658
47387764
47382636
47371882
47366120
47330444
47328731
47322925
47300296
47296261
47292490
47287346
47263860
47241066
47230182
47229100
47220148
47219302
47201040
47195924
47194714
47193315
47175297
47151562
47146250
47140769
47138046
47128498
47126891
47123983
47113054
47110980
47108025
47105207
47091559
47066324
47033368
47029815
47025687
47025331
47018732
47008712
47006094
46997185
46989220
46965629
46958835
46952839
46940340
46917590
46905989
46903320
46902665
46888339
46880237
46876949
46874595
46873845
46871870
46868502
46867129
46834064
46811886
46803701
46797779
46792265
46778511
46776631
46744074
46718189
46711024
46709867
46708561
46692556
46692502
46691615
46687007
46663106
46649159
46635916
46611711
46604606
46600262
46596052
46586690
46577228
46572561
46572062
46547143
46544893
46535876
46528390
46511836
46492620
46491278
46483676
46474455
46472425
46467807
46451509
46438391
46438176
46431540
46426970
46410534
46410045
46406366
46406238
46381736
46377648
46372606
46347421
46337725
46337699
46317598
46313130
46298972
46288049
46285006
46278285
46259168
46253705
46248684
46236951
46233900
46226151
46222153
46221218
46208074
46199328
46183575
46152838
46116743
46104386
46100874
46087174
46062799
46040764
46039626
46030837
46022486
46019449
46012553
46009485
46008030
46005788
46002418
46001553
45993571
45986828
45983403
45962792
45962693
45960039
45953399
45898703
45893688
45865331
45855276
45825796
45820140
45795741
45786900
45779008
45776805
45744044
45743462
45739286
45722152
45714947
45712440
45708064
45698437
45672522
45618725
45580761
45574982
45569196
45550761
45542754
45516935
45486205
45473551
45451547
45451258
