99989815
99977699
99898724
99864461
99839839
99827051
99789188
99780730
99770585
99769352
99715473
99695557
99685385
99548889
99484744
99482594
99470256
99434384
99423497
99420390
99383923
99346316
99295360
99261550
99260572
99255685
99238780
99234918
99234597
99189271
99183316
99130467
99111589
99083381
99078319
99072620
98967539
98943166
98936717
98926586
98924736
98900880
98890107
98889648
98863038
98843223
98822022
98740917
98726997
98722561
98706815
98587646
98529089
98523555
98506887
98496624
98479208
98467679
98467158
98452789
98452461
98441071
98389006
98329285
98299834
98194497
98168814
98149728
98143068
98118508
98044375
98043019
98023088
98020876
97926094
97902169
97888264
97796967
97789475
97776031
97760476
97655525
97642473
97616525
97615551
97561652
97534249
97533718
97442033
97413368
97396090
97387271
97362778
97338807
97316113
97267170
97252828
97219573
97202468
97188624
97188570
97184739
97181493
97156279
97151560
97024374
97012202
96994845
96928994
96855434
96818674
96792704
96753033
96735843
96710399
96676177
96616248
96575799
96526026
96505939
96498222
96490552
96464453
96460327
96449135
96413859
96397500
96383924
96372329
96369972
96337123
96329965
96306439
96227902
96209352
96184927
96167532
96154384
96139926
96090086
96038233
96008666
95876990
95854750
95842380
95722671
95708387
95699547
95656423
95638567
95615235
95615162
95614332
95609754
95605915
95545168
95514403
95484573
95438292
95410703
95408737
95380400
95376481
95363998
95331703
95294310
95292567
95275473
95197847
95183426
95141562
95134486
95104436
95091281
95026534
94922784
94915087
94847668
94813919
94787485
94779487
94759324
94733368
94727964
94700813
94698311
94675727
94669882
94645384
94595721
94582851
94566497
94403571
94402027
94348580
94272756
94200997
94184642
94177221
94122495
94113283
94035518
94017243
93951893
93950568
93903117
93881508
93867780
93832048
93802451
93801706
93774714
93774707
93758411
93572055
93547490
93528648
93470875
93433150
93390248
93374310
93367074
93334182
93329711
93328658
93264043
93240621
93213240
93194007
93193158
93096687
93087683
93070006
93066392
92993505
92985475
92836182
92824993
92771267
92694152
92658440
92605318
92522247
92492826
92491787
92473831
92463202
92449630
92395965
92384028
92376848
92372108
92368765
92347752
92342413
92334212
92279221
92234510
92221039
92193448
92168516
92100384
92069408
92058120
92007240
91979996
91974543
91921443
91843087
91803200
91758358
91721652
91678657
91626640
91599058
91573686
91572609
91560549
91513399
91466624
91449274
91433119
91433101
91385888
91374299
91371957
91353709
91329320
91314820
91310218
91257480
91181758
91162034
91128005
91084321
90991719
90990479
90949605
90888597
90862170
90828359
90809649
90788396
90778480
90763924
90755484
90740316
90640814
90634584
90633829
90624152
90604061
90592508
90571964
90466919
90447993
90403806
90367511
90366090
90336432
90320078
90303718
90214231
90210756
90187564
90174333
90067949
90016498
90008916
89992363
89910923
89897337
89860939
89793659
89790713
89773728
89756924
89744977
89623914
89602245
89594353
89522917
89521743
89497032
89484959
89455662
89447764
89447677
89436602
89371733
89355312
89354559
89322194
89319868
89262727
89237787
89216498
89205872
89205524
89108260
89088826
89084587
89060583
89057275
88962623
88912776
88866948
88864999
88858588
88793398
88739606
88710116
88656059
88653407
88570276
88561197
88549548
88549358
88538415
88533521
88528820
88520495
88518631
88505473
88497078
88496814
88484725
88445585
88433616
88430093
88396273
88380124
88328483
88247168
88229050
88211991
88181068
88163744
88162120
88128326
88107341
88079565
88036065
87981934
87943966
87916298
87887561
87868072
87848051
87837773
87823622
87792299
87783599
87779113
87770454
87749650
87712191
87710159
87695014
87655112
87621031
87572258
87559317
87514780
87507515
87415215
87374292
87372107
87361800
87336768
87324776
87299707
87280101
87270365
87228989
87193638
87177337
87157402
87097108
87092121
87078737
87077170
87072930
87037231
87029628
87002612
86953163
86950117
86931654
86912801
86901350
86848386
86606862
86597922
86544706
86544099
86537749
86509132
86492257
86485921
86410197
86359690
86294700
86289088
86243185
86239943
86223986
86218576
86195976
86154808
86150498
86146023
86104612
86097766
86084404
86064075
86058458
86041359
86024157
85956845
85931484
85916405
85859720
85837049
85795176
85784017
85777788
85742299
85702043
85675373
85675181
85673073
85663772
85619722
85566919
85527594
85496414
85491410
85490226
85485930
85471328
85433356
85428287
85378504
85374569
85362412
85335704
85330763
85240240
85201287
85198249
85158136
85151285
85145075
85125961
85121899
85076392
85055124
85045039
85007402
84997248
84981979
84972447
84938810
84916638
84854838
84814186
84775471
84768683
84671015
84579272
84559208
84535631
84495808
84455845
84435478
84431366
84416812
84384318
84368546
84335335
84316395
84254616
84236995
84205632
84166002
84154620
84150251
84116609
84057565
84034888
84034564
84022262
84003703
83981503
83957590
83869813
83829792
83796834
83768178
83766699
83755853
83680631
83674441
83663911
83640727
83635897
83615233
83595236
83539493
83534014
83511636
83503005
83491440
83476116
83459751
83456259
83436033
83429901
83424840
83418634
83405260
83380089
83371889
83353567
83341249
83339474
83334422
83311112
83289438
83247492
83136581
83102071
83089144
83057853
83031292
83028303
82986165
82942608
82914358
82904829
82826869
82804552
82800154
82796511
82704698
82668518
82666094
82620232
82527186
82499718
82465087
82449519
82427865
82416621
82413769
82380470
82356638
82331320
82329460
82257384
82225296
82211114
82181612
82149819
82143993
82096049
82072328
82037502
82014804
81894966
81875692
81866867
81849168
81776552
81754446
81742951
81728206
81673873
81650061
81622769
81559923
81548467
81543305
81477419
81403809
81362840
81341541
81268603
81267741
81262293
81209119
81179767
81142579
81094840
81069498
81063246
81052109
81046119
80988863
80981114
80975297
80952849
80929766
80917879
80852109
80716746
80680000
80668031
80578470
80462789
80412530
80379841
80341047
80284909
80255758
80228390
80203006
80080059
80055500
80050344
80039104
80037764
80034000
80027419
80019342
80000589
79989073
79950550
79895466
79882486
79863770
79843242
79748606
79738523
79704248
79687664
79676684
79637922
79627680
79605356
79568100
79559380
79536332
79451316
79444109
79385021
79367544
79349146
79347732
79244484
79202171
79168263
79165862
79136139
79120430
79045536
79014935
79000157
78975239
78942605
78743603
78715135
78704793
78628325
78614698
78536268
78478825
78398796
78387382
78368414
78321567
78287457
78240655
78217773
78211826
78159411
78137992
78097697
78091019
78052088
78042100
78005304
77971622
77947807
77926959
77873105
77870572
77765438
77728646
77725484
77675643
77661745
77659294
77586411
77577821
77566294
77480977
77449572
77438030
77410801
77395881
77384478
77305641
77267855
77210193
77081360
77029327
77026269
77002242
76997372
76981699
76962600
76958407
76947732
76935935
76890263
76842900
76837542
76822811
76804475
76790362
76673014
76626213
76621840
76601384
76539219
76501898
76493487
76457756
76429139
76400644
76391243
76330463
76305485
76242763
76228959
76206777
76194970
76189836
76128840
76112814
76111076
76085817
76076361
76016584
75993780
75975104
75964297
75867871
75840839
75838683
75825683
75797167
75772817
75760934
75696343
75686310
75644758
75609460
75512696
75503341
75485585
75445184
75376546
75376097
75372846
75333096
75253589
75228924
75159109
75133646
75078858
75071576
75000689
74986560
74948237
74940284
74927798
74899746
74892085
74860234
74792571
74679008
74622089
74548885
74547853
74520134
74516274
74442557
74398949
74385143
74356032
74354292
74341231
74288225
74267498
74265160
74219103
74205971
74192346
74143949
74140477
74094647
74081063
74074942
74073426
74017777
73960612
73954988
73939663
73912371
73895561
73853366
73803497
73786116
73762982
73741913
73684646
73662695
73662063
73656910
73615850
73606474
73604987
73601200
73558571
73550438
73546922
73542405
73520138
73460896
73449979
73374791
73359826
73327145
73268520
73210364
73152916
73099398
73088805
72947667
72915285
72882539
72881920
72874287
72856632
72801250
72789692
72771319
72742242
72735377
72729652
72563339
72504019
72491105
72460171
72452470
72447510
72443968
72441905
72394950
72350802
72332900
72322191
72311535
72310938
72269331
72249979
72204831
72202896
72201236
72141036
72097352
72091375
72081630
72056127
72026001
72016619
72005721
71985112
71979206
71961855
71927811
71904571
71900134
71881455
71863500
71855497
71804447
71803127
71762021
71750471
71745518
71719319
71679358
71673095
71659048
71652464
71593728
71544946
71534785
71514452
71497570
71485523
71485098
71409245
71405953
71343543
71279345
71227232
71208099
71115726
71082200
71072078
71061413
71058050
71046361
71030860
71026271
71012539
70997922
70962396
70805370
70789022
70759344
70702949
70701667
70637250
70630738
70587605
70585905
70546762
70489289
70444401
70406404
70405682
70394338
70355448
70343034
70335671
70332269
70258611
70240965
70198468
70138109
70074760
70052392
70048359
70007598
69953086
69938639
69902618
69883488
69859105
69804386
69803589
69751115
69709576
69693526
69688395
69676166
69627324
69622633
69575994
69568211
69518211
69516149
69483537
69457380
69445651
69441597
69426970
69390463
69379760
69336651
69296132
69282096
69276986
69255180
69244672
69214123
69155234
69155102
69130970
69125013
69064465
69063232
69062026
68991508
68977953
68954852
68945722
68915662
68901322
68896142
68894134
68862517
68835164
68808302
68778514
68680881
68625950
68592240
68558286
68544825
68544540
68493042
68291539
68242471
68215258
68186533
68152377
68097832
68093718
68085986
67914369
67834168
67832082
67822582
67758791
67720969
67674193
67664998
67645902
67584948
67583340
67552788
67541828
67507956
67429511
67424298
67381841
67345093
67303515
67294326
67283962
67267121
67260161
67255549
67199715
67146176
67139835
67130576
67112556
67105320
67091537
67082722
67074547
67073834
67063437
67058717
67046160
66994760
66935733
66827410
66819029
66796982
66766187
66693097
66684730
66663366
66658185
66610026
66598682
66586486
66493200
66488362
66465088
66458283
66456249
66409838
66363532
66328341
66320648
66309906
66200791
66196027
66187895
66113267
66109972
66041881
66033805
65987997
65971057
65888357
65826979
65799067
65654437
65604123
65595701
65523037
65508413
65487032
65475723
65459842
65456740
65413048
65300876
65271641
65263947
65195924
65193480
65188708
65186530
65135643
65134942
65119080
65094376
65057993
65052236
65041129
64968763
64940717
64873787
64851314
64835623
64835399
64818672
64817110
64794349
64787242
64676337
64644362
64641926
64635818
64634880
64634331
64615886
64608324
64507089
64500131
64485303
64477959
64456204
64419767
64418441
64401785
64398762
64398235
64290298
64268844
64256799
64240071
64224576
64187267
64162316
64152686
64118615
64059976
64004975
63970118
63942868
63885598
63867659
63824477
63815347
63797527
63771460
63744971
63740748
63713612
63705575
63675516
63653180
63600902
63569649
63560251
63552803
63542136
63452296
63424030
63423528
63411068
63391198
63389021
63379986
63314238
63304778
63290284
63272630
63265514
63238988
63158840
63123738
63069223
63035290
62973929
62947716
62942704
62929837
62920697
62919975
62908458
62878221
62835142
62819824
62816313
62781284
62781000
62726543
62717126
62660421
62642032
62615853
62594664
62593957
62573458
62564817
62561527
62550975
62511482
62503359
62476404
62422500
62387366
62334334
62333722
62332387
62274887
62270699
62270166
62225411
62171926
62161000
62082176
62077885
62061985
62048292
62012097
62007715
62004835
61991401
61982181
61981363
61933008
61854612
61807708
61765859
61742031
61733233
61601104
61575057
61566904
61529991
61464147
61462600
61455294
61444609
61396285
61391568
61390867
61314515
61305040
61214068
61195533
61178440
61164019
61142226
61098519
61080621
61027714
61005473
60926676
60881246
60873210
60863444
60855150
60830278
60793401
60685998
60646435
60610970
60606071
60595616
60575785
60506113
60445466
60405072
60403292
60402737
60390567
60387420
60375836
60324954
60295782
60283966
60264470
60249671
60184677
60176767
60171850
60138829
60083057
60073681
59991869
59965763
59948625
59917399
59871729
59857782
59807572
59793345
59754736
59738916
59737322
59718927
59696267
59642282
59639708
59634081
59621730
59587715
59537143
59493851
59455429
59426195
59422114
59379464
59367107
59326231
59269925
59260889
59247617
59217490
59178534
59111115
59107069
59105453
59102405
59097521
58954473
58898399
58829644
58740151
58735603
58735079
58733440
58693732
58676716
58653662
58604079
58578171
58527179
58411591
58340244
58339728
58327242
58325394
58301635
58290158
58275648
58267763
58264552
58172483
58165800
58137098
58126973
58107080
58106722
58091271
58088611
58044309
58044219
57999790
57980032
57979693
57882219
57876585
57862644
57848871
57847910
57808299
57765929
57668922
57664338
57659047
57618728
57612128
57599765
57585282
57537000
57507926
57452163
57450998
57445198
57437271
57436100
57426954
57357603
57346520
57346479
57323298
57254232
57117274
57112085
57101070
57100196
57087383
57082494
57036988
57030227
57015319
56980834
56966436
56956476
56919718
56840514
56702780
56663749
56662830
56645473
56622241
56597154
56540979
56501855
56463100
56393860
56326614
56322770
56319487
56315492
56302568
56214046
56202371
56153214
56136755
56107080
56047301
56014879
55980185
55978527
55975742
55920903
55920096
55908214
55827657
55747366
55715664
55708037
55695714
55683538
55680690
55642187
55617821
55617710
55613990
55613809
55574237
55547940
55469990
55443538
55418576
55356112
55299935
55289271
55254325
55231737
55133621
55125244
55092350
55026288
55016428
55003904
54926652
54918227
54902302
54877338
54867859
54858002
54822750
54792345
54777579
54760755
54758820
54736224
54702647
54646757
54644401
54622629
54511345
54405490
54393498
54391722
54387844
54373622
54363452
54311770
54281239
54215284
54176606
54148329
54092776
54089070
54063027
54053872
54053270
54033654
54024325
53996400
53909655
53875964
53871608
53826225
53735619
53650469
53638371
53601458
53543777
53530006
53491049
53486048
53481982
53444172
53441592
53429510
53384049
53370472
53363386
53352602
53336865
53235205
53231672
53199653
53183266
53163352
53148510
53142362
53106471
53094697
53080984
52999785
52909753
52856093
52807915
52770563
52762237
52741626
52725090
52719207
52714458
52694048
52680597
52651179
52649668
52637671
52618088
52597306
52584592
52575249
52534798
52470713
52467617
52454824
52428260
52418160
52406908
52399675
52370848
52370762
52369351
52351930
52329683
52314539
52290130
52255842
52230316
52230066
52070209
52026152
52025902
51968010
51933678
51881033
51878781
51836759
51806746
51799113
51793080
51770375
51731745
51712498
51656061
51651852
51608812
51587146
51576958
51472828
51418581
51414214
51392129
51374723
51347849
51315487
51307966
51290945
51262260
51249052
51168395
51121871
51106141
51088193
51071642
51067410
51067214
51060123
51052784
51046975
51043036
51001896
50962738
50947424
50928065
50903126
50871288
50845191
50833771
50813574
50801428
50800389
50696906
50668939
50638386
50606972
50603534
50583758
50563636
50544269
50543672
50465327
50430423
50409529
50387946
50383739
50377370
50337947
50298242
50267464
50254522
50252339
50244660
50205938
50168328
50162010
50053679
50036858
49982365
49936497
49906089
49880849
49865841
49802627
49799611
49745044
49742095
49675153
49639919
49629833
49614260
49538641
49513554
49503752
49496562
49486415
49464076
49422926
49392122
49350142
49235823
49151885
49105275
49068119
49067899
49047476
49028572
48984435
48954589
48951640
48916258
48872923
48835848
48805537
48798122
48740172
48710396
48599549
48586661
48572294
48548664
48542772
48511663
48503974
48499842
48428137
48426148
48423216
48387299
48384607
48365005
48346737
48338809
48298840
48224733
48187130
48123933
48096102
48088909
48065553
48013962
47965196
47937467
47900715
47883298
47815906
47769671
47733122
47623219
47551941
47524343
47520242
47455398
47341557
47339090
47255760
47173783
47147109
47146473
47113246
47100441
47027360
46936437
46919342
46913489
46907739
46849615
46826948
46777708
46768115
46724830
46723685
46593719
46584074
46568848
46558734
46462405
46442560
46441832
46412607
46411330
46405711
46397185
46396522
46383122
46312352
46280622
46242874
46231254
46205516
46204892
46204054
46176385
46128977
46099825
46012996
45981077
45959824
45805693
45782175
45760234
45705261
45649689
45648751
45631771
45561676
45543166
45540711
45523260
45478622
45475210
45474547
45452603
45452266
45449331
45399098
45317765
45258401
45255164
45231904
45185120
45174837
45161293
45144163
45113555
45071416
45047741
45030830
45019019
45017828
44980537
44893823
44884051
44826955
44783306
44654082
44647311
44624687
44623890
44547551
44476372
44424633
44412586
44405524
44402299
44340106
44335919
44330490
44306360
44295360
44228497
44213337
44177182
44172836
44168468
44148907
44076705
44071547
44047892
44044678
44039688
43998038
43985423
43950093
43944378
43930672
43930363
43917142
43904152
43881705
43872355
43830302
43813757
43784797
43765073
43764338
43757317
43684442
43634510
43624363
43618309
43606979
43591177
43589410
43586330
43583470
43579817
43513942
43482398
43439477
43429792
43420808
43355233
43288939
43275373
43226951
43161211
43142601
43101866
43081163
43051328
43015827
43011002
42986509
42977181
42933225
42866967
42834064
42830761
42809823
42808380
42777956
42759964
42748902
42728599
42715256
42713967
42712025
42671866
42653527
42641314
42618628
42588539
42563825
42526078
42497983
42480635
42443998
42412589
42381868
42375022
42354117
42298666
42286784
42260359
42229769
42219461
42210933
42192821
42174186
42162972
42161560
42137443
42127856
42112595
42035069
41991950
41965471
41847082
41773185
41767981
41736227
41725367
41725007
41705295
41690978
41672490
41659293
41653236
41609774
41529482
41505115
41456901
41429034
41424701
41342643
41333100
41277158
41245591
41235682
41212300
41202985
41160230
41146799
41133224
41132137
41130019
41102907
41098615
41058445
41052707
41021499
40967818
40952440
40947053
40896896
40896432
40886250
40879833
40755860
40753333
40753268
40736266
40734063
40724187
40682657
40643014
40617265
40614791
40603302
40590110
40565157
40543067
40517295
40472740
40461480
40437244
40394852
40358308
40337202
40326098
40319700
40253199
40197282
40194737
40082176
40070318
40016182
40014346
39955975
39949823
39925022
39828460
39776404
39763312
39755223
39725047
39713558
39688868
39605023
39559408
39558019
39550554
39490432
39388957
39361125
39270478
39253386
39233846
39223542
39204086
39090195
39078805
39001119
38981872
38903602
38897429
38891585
38881281
38877539
38869612
38808260
38786360
38740259
38737393
38713489
38697185
38568826
38526809
38461358
38442714
38438609
38376935
38374980
38368929
38234917
38215508
38211665
38206661
38199733
38164680
38107362
38071959
38032333
37980331
37974215
37963830
37942434
37935572
37930063
37871422
37829516
37809039
37766642
37711354
37690583
37686368
37683966
37673235
37627152
37587244
37575777
37558455
37543974
37518639
37513757
37483542
37477155
37462649
37451184
37430612
37359403
37328698
37313800
37284610
37250291
37243605
37210983
37202916
37197401
37150627
37130698
37099759
37065365
37043991
37032774
36977004
36948048
36915636
36871017
36834720
36800431
36757724
36648753
36627844
36621941
36526375
36525760
36463850
36417161
36403570
36384367
36369428
36274962
36273399
36268539
36235450
36212573
36194156
36120912
36080444
36061875
36029909
36027244
36020636
35998584
35992244
35966232
35898917
35897237
35823990
35752152
35751462
35710105
35668564
35628043
35606614
35558902
35544031
35534667
35496913
35471816
35451495
35384715
35358713
35338927
35285307
35285265
35272234
35212185
35210484
35190898
35154280
35118967
35060462
34957761
34876526
34876106
34854776
34822903
34787406
34707690
34596384
34582587
34498220
34439090
34437761
34431460
34370805
34369234
34364193
34285589
34270420
34239467
34239455
34231346
34230712
34217283
34212179
34207978
34054938
34054597
34033545
33978201
33870517
33826719
33816316
33698294
33697181
33690605
33679692
33647664
33598571
33590030
33572813
33547134
33546535
33518648
33518610
33512730
33472883
33465997
33463179
33438585
33418736
33251747
33250074
33233951
33182075
33179896
33168081
33155294
33141174
33137992
33128165
33113828
33021231
33019209
33002597
32994255
32992420
32851270
