99979546
99977344
99971162
99969339
99966155
99962605
99961995
99958858
99955346
99953516
99942672
99933702
99910257
99892382
99866951
99862941
99853841
99851746
99838595
99823938
99820608
99788700
99772667
99767622
99767413
99764538
99763778
99757958
99756575
99754383
99747957
99740711
99724992
99719280
99670993
99669434
99667067
99664260
99655609
99648043
99640163
99596575
99592240
99576689
99576400
99574973
99560545
99558126
99547699
99532079
99531947
99524704
99524067
99521513
99518946
99504181
99482990
99477277
99472134
99468812
99455122
99432820
99432273
99406641
99403650
99403391
99386422
99374210
99331521
99331299
99329290
99323068
99316234
99312477
99276292
99272077
99263515
99244179
99243401
99242679
99231509
99230356
99218233
99211430
99209421
99174242
99147988
99136557
99131524
99121042
99087354
99083071
99082089
99077321
99076723
99058756
99052480
99041045
99023785
99017969
99012571
99009671
99005385
99002660
98989879
98979694
98977509
98970799
98964407
98959177
98944143
98905875
98897489
98887553
98828907
98778005
98761954
98752696
98737632
98726309
98709818
98707846
98700827
98698415
98688965
98683646
98674589
98670944
98668608
98658526
98642293
98606134
98598805
98588244
98588205
98577547
98569781
98557194
98551536
98536255
98468205
98465563
98463817
98446092
98430853
98428656
98415208
98398075
98387812
98387265
98385246
98382533
98377704
98365802
98363980
98356930
98333004
98326601
98300372
98299164
98293359
98286662
98285766
98277846
98274804
98269669
98261783
98228705
98210452
98209100
98206443
98205583
98200094
98185096
98184378
98153250
98124643
98120626
98103078
98101455
98090046
98080549
98077604
98072585
98072195
98060069
98039293
98026561
97991904
97990770
97972951
97962944
97946543
97940275
97921772
97900974
97895780
97889771
97883903
97883274
97872317
97870098
97863426
97856999
97853709
97835599
97792365
97789988
97721540
97705289
97692308
97690188
97690178
97688621
97679445
97668370
97644113
97639948
97639396
97627234
97621009
97617286
97610413
97606347
97600610
97582904
97577566
97576155
97568509
97555382
97536399
97524872
97522567
97517990
97515284
97508373
97501579
97455134
97446768
97444830
97433328
97430236
97395167
97356134
97352525
97351334
97346907
97337409
97336987
97328496
97305065
97283555
97278748
97272310
97264965
97257963
97257910
97256725
97243103
97240311
97235661
97231626
97219192
97200094
97198438
97177714
97175347
97168692
97147621
97147457
97129121
97126695
97110887
97105124
97080740
97066171
97064807
97059753
97056911
97046892
97046507
97043349
97034292
97033505
97022909
97012799
97002658
96948956
96945658
96941146
96925166
96916445
96895235
96889909
96882688
96878800
96867994
96867764
96863034
96859590
96847729
96835856
96835462
96826052
96813117
96784952
96779054
96770094
96767593
96732479
96731603
96730871
96722706
96718330
96716331
96710087
96709965
96706892
96695428
96661371
96656516
96649701
96637045
96635396
96627953
96624263
96596147
96595118
96581058
96574578
96566702
96562642
96558833
96541583
96521266
96516391
96504500
96499741
96473435
96469469
96465449
96428511
96418804
96406350
96400183
96398004
96395604
96389320
96379560
96365204
96363778
96314462
96303940
96259077
96245123
96232180
96230882
96204748
96195603
96187943
96166378
96153102
96152732
96141199
96112713
96088263
96051725
96047002
96038706
96013563
95998797
95977168
95958095
95951389
95938022
95933194
95924578
95921415
95916548
95910337
95906832
95904747
95903185
95901719
95890867
95881006
95860433
95857128
95855605
95827812
95822396
95821811
95814664
95807247
95795598
95788978
95788302
95786214
95779913
95761036
95751215
95741613
95728937
95717395
95716006
95715091
95691591
95688554
95687481
95686645
95683463
95668109
95646040
95641804
95636195
95635717
95581416
95531671
95526658
95521943
95503378
95500630
95470344
95469326
95464668
95464474
95443163
95404831
95403637
95402179
95398390
95375698
95369795
95364026
95360355
95348662
95335563
95329277
95304848
95296471
95274144
95273332
95261516
95245296
95237998
95227552
95218548
95218488
95217091
95196005
95191812
95160675
95140399
95133042
95127673
95115059
95077816
95073089
95071142
95068420
95056605
95051421
95035758
95016945
95004376
95004338
95000097
94988691
94975225
94966215
94952864
94950107
94944106
94934947
94931679
94898180
94897195
94894947
94880897
94867362
94859736
94849159
94839491
94835711
94833471
94824154
94823931
94793285
94772977
94771950
94740940
94730552
94727996
94708384
94707239
94707004
94701181
94700005
94691082
94688461
94666073
94656027
94645099
94643490
94633881
94617615
94608958
94582238
94581560
94581362
94560990
94533002
94522106
94518002
94515274
94492980
94483068
94473913
94462957
94461336
94445008
94435528
94425499
94420458
94415326
94411791
94410656
94386501
94372283
94367484
94351599
94348626
94326256
94309148
94307980
94288805
94274978
94274384
94259703
94249320
94247603
94245798
94242909
94238604
94227174
94190933
94182915
94179929
94176638
94175274
94152992
94152958
94144656
94120103
94116226
94078003
94074957
94074225
94062401
94056741
94052909
94045976
94036121
94014817
94009550
94008621
94007849
93986039
93984079
93965447
93938156
93900314
93898665
93898569
93883813
93881374
93878604
93866903
93839865
93836624
93830424
93827560
93810928
93799679
93777867
93775535
93775233
93774226
93747877
93732393
93721719
93698178
93694609
93683723
93675982
93671163
93657442
93656058
93652808
93650476
93640129
93636680
93626760
93622406
93614206
93590732
93559165
93554965
93508457
93502990
93498823
93494143
93493880
93491203
93480399
93479791
93471018
93460011
93437039
93431114
93419705
93418857
93394379
93393005
93346527
93337130
93331007
93326115
93300594
93282383
93262702
93259248
93246404
93243493
93235395
93221321
93205583
93182125
93181869
93175458
93173983
93172721
93157589
93146830
93128633
93091508
93066786
93066110
93057106
93052271
93047683
93046761
93030292
93027276
93023256
93022533
93011583
93007988
92982407
92976114
92973467
92960290
92958474
92954898
92948028
92932638
92921699
92920433
92919829
92907159
92905973
92891133
92885965
92871353
92871205
92856767
92853966
92849552
92795624
92791164
92791154
92786101
92770597
92742909
92733588
92725444
92720179
92719124
92716762
92708188
92700733
92692358
92673881
92664453
92651910
92631210
92615458
92594347
92593014
92591701
92588736
92575583
92573136
92553851
92553764
92548592
92523741
92507598
92506593
92505585
92496359
92493963
92473093
92465704
92414998
92405412
92398640
92389856
92389660
92384913
92364551
92359873
92357346
92353137
92351645
92351500
92344958
92332425
92316627
92298073
92239641
92239604
92216949
92208627
92174259
92162857
92161760
92147478
92138048
92126519
92088939
92079567
92075694
92072806
92036392
92013431
91995997
91982809
91939647
91927443
91923068
91919301
91915467
91906466
91906351
91863960
91838520
91836719
91823738
91811149
91809451
91803781
91801462
91800380
91798896
91795768
91790633
91781208
91776784
91750989
91746638
91745649
91743286
91742390
91728352
91723920
91670548
91659498
91649795
91638512
91638391
91638054
91634404
91633489
91615879
91612071
91610632
91610482
91600820
91571954
91567307
91526095
91521085
91519994
91505599
91501956
91498285
91496234
91486437
91476511
91472869
91469182
91464189
91457561
91453359
91450283
91446386
91438387
91436074
91429923
91427498
91423920
91419046
91418740
91405753
91358835
91335846
91324611
91319573
91313034
91312547
91306058
91298931
91274825
91259137
91255076
91247077
91231240
91229019
91221980
91206237
91188135
91185761
91175480
91161989
91161784
91159824
91152097
91150560
91131617
91128234
91115430
91091916
91082885
91082554
91071177
91050067
91046574
91040637
91035518
91028372
91025647
91021581
91001173
90996603
90991831
90980587
90963177
90962669
90957195
90946634
90921133
90915360
90914436
90913318
90911067
90907866
90890214
90879492
90874524
90862023
90860118
90830429
90819611
90813090
90805262
90785451
90769143
90759712
90742633
90731178
90699867
90683408
90680800
90670382
90659408
90658806
90643265
90642523
90628117
90617194
90613935
90598613
90598247
90589109
90572952
90571188
90557618
90541607
90530107
90525971
90522864
90521663
90502698
90499926
90491986
90485512
90483003
90477817
90452888
90437732
90428320
90424031
90419870
90419319
90412654
90401854
90393754
90386897
90369164
90336643
90329104
90319141
90308925
90301968
90301234
90290885
90282463
90282207
90277837
90269406
90263952
90247492
90243367
90241484
90226091
90215918
90208217
90207644
90195778
90193128
90177093
90155782
90155709
90139656
90138946
90112468
90111754
90109724
90096315
90086216
90079456
90067655
90056141
90008855
89999961
89995543
89994670
89975762
89974926
89967599
89965068
89962953
89958948
89957634
89957435
89953851
89928899
89927843
89912992
89908600
89901692
89897102
89869381
89859678
89845646
89840807
89834811
89832090
89828003
89818692
89790269
89786236
89779248
89739132
89717785
89701610
89688642
89679691
89646150
89621858
89615671
89603605
89600278
89596076
89566029
89565417
89545308
89543470
89535685
89532995
89531196
89528303
89526897
89524310
89523338
89519159
89518614
89516803
89503268
89500200
89499349
89499216
89483148
89473779
89450003
89428104
89423205
89418638
89412750
89406487
89405000
89387174
89371691
89338148
89329361
89309485
89293182
89287656
89271791
89264929
89258493
89248967
89246695
89241533
89236247
89235151
89234737
89211184
89198888
89176597
89158459
89140239
89116121
89114783
89113440
89109940
89094284
89093775
89091788
89085403
89080019
89072712
89067499
89058380
89045924
89038073
89036171
89032184
89032118
89014974
89008397
89002135
88993712
88993428
88984785
88977493
88975604
88972603
88952413
88898547
88894091
88884259
88882712
88877202
88864510
88860633
88840616
88832652
88829000
88822425
88816790
88812424
88809061
88807921
88806340
88796853
88781966
88774917
88770589
88752111
88751502
88751170
88743210
88734485
88726833
88724147
88705518
88701451
88690385
88689035
88671549
88668245
88665580
88658903
88648951
88648327
88647993
88638336
88601330
88596757
88576981
88530089
88523991
88522675
88507521
88505850
88479293
88478724
88451195
88449694
88407736
88400033
88397456
88392515
88389920
88376559
88341882
88337979
88317836
88310721
88297920
88286800
88267115
88255635
88254681
88242826
88239914
88238780
88225615
88216079
88197676
88196920
88190276
88188708
88158796
88156545
88152010
88149608
88107851
88100259
88078816
88064849
88060603
88050494
88049812
88038229
88037683
88036731
88035532
88022706
88000669
87992217
87989436
87982230
87979511
87969007
87965258
87962061
87946162
87941964
87914387
87904851
87899624
87849498
87849281
87843963
87812199
87808549
87805419
87783859
87765733
87760992
87752152
87714633
87714542
87701750
87697640
87687967
87672986
87668597
87662944
87651574
87649253
87626068
87623613
87621161
87612521
87605177
87598989
87587886
87586404
87541072
87527763
87523828
87517587
87501554
87489601
87472776
87469258
87459416
87452925
87441448
87433975
87425584
87391277
87389388
87342301
87333483
87304810
87297298
87290417
87279545
87272707
87269766
87262429
87252865
87244357
87226640
87212880
87206673
87196755
87182824
87165666
87163871
87142910
87131573
87120631
87094968
87088793
87087486
87073339
87072025
87065324
87064351
87055259
87053830
87053750
87052544
87029322
87016875
87016773
87010738
87004273
86999667
86979636
86971659
86932100
86930441
86920131
86919578
86917773
86916545
86897920
86894756
86891149
86871177
86861148
86841422
86815481
86807992
86790542
86789636
86785515
86782459
86763499
86762081
86756850
86728230
86701260
86689427
86675346
86674258
86670100
86669453
86662583
86661708
86652307
86647879
86646575
86640808
86636823
86617879
86614234
86613225
86608508
86600929
86584866
86556854
86553032
86552802
86532103
86529922
86517797
86479425
86476493
86474663
86472997
86470671
86461651
86432545
86411149
86395345
86390114
86364806
86360114
86338074
86334806
86333362
86328787
86316774
86295307
86285597
86261808
86211774
86211012
86207312
86200779
86193043
86192805
86184944
86182604
86170218
86164812
86159389
86152504
86151277
86134697
86114121
86108831
86102512
86095075
86088579
86087028
86084495
86083921
86071698
86071187
86062286
86053407
86050551
86047780
86039694
86012044
86010020
85997302
85984490
85981499
85960596
85942962
85930101
85888061
85877607
85870938
85869983
85867213
85860595
85858936
85849687
85849127
85822525
85797414
85797100
85779321
85760898
85753844
85721021
85715380
85707450
85690825
85660977
85652112
85647998
85638383
85630166
85629678
85625815
85617073
85603866
85602723
85601772
85581959
85578534
85575575
85530045
85529861
85517098
85503194
85500009
85494397
85473360
85467081
85458548
85445339
85442445
85440057
85437723
85431264
85415611
85403954
85394133
85387624
85381896
85380572
85372192
85371063
85370359
85366505
85345131
85340809
85310076
85283559
85279676
85266819
85248237
85240352
85236322
85212262
85211846
85183023
85168294
85131231
85121279
85118680
85116448
85114998
85093047
85076465
85067149
85050621
85037781
84997182
84996403
84984241
84943437
84941765
84927645
84926954
84924333
84921257
84912713
84912007
84899405
84898388
84897123
84889545
84887111
84871926
84871104
84857297
84834144
84829348
84822759
84799182
84783760
84752827
84739821
84715903
84711849
84701874
84700031
84699433
84695300
84678488
84658455
84648836
84633847
84633304
84618926
84616238
84615334
84608917
84591264
84574883
84569440
84563512
84546070
84541319
84538402
84532238
84525223
84519275
84514136
84496789
84489152
84479465
84470594
84467231
84459696
84451498
84450278
84447520
84435022
84433809
84426549
84422148
84407533
84405254
84392895
84390557
84390523
84385056
84375897
84355958
84351089
84348308
84333873
84317042
84303916
84300746
84277109
84277020
84274941
84253998
84241367
84232666
84231480
84229970
84226115
84206849
84200276
84199907
84196162
84158172
84142848
84129828
84128474
84126645
84117637
84088543
84064554
84048774
84040331
84035642
84029547
84012710
84003564
83995582
83991099
83989147
83987879
83972662
83966012
83951456
83950355
83942682
83939727
83929120
83924598
83922445
83905043
83896714
83895252
83890267
83856588
83843187
83840609
83832078
83817962
83807328
83802379
83782246
83772716
83731315
83728538
83717322
83715509
83711172
83701184
83690780
83690261
83687595
83676443
83663372
83661111
83651456
83650823
83640887
83636941
83624596
83609680
83591514
83575439
83566327
83548159
83527303
83522602
83521040
83494039
83491507
83487163
83486189
83475252
83463217
83446369
83431496
83419617
83402358
83400757
83398211
83391240
83390896
83386788
83361605
83357413
83354738
83350867
83347917
83322697
83321253
83313125
83298263
83297301
83288687
83285949
83281790
83279225
83266073
83262532
83258773
83253372
83240158
83236111
83227841
83220630
83203988
83200641
83192028
83175490
83173703
83171671
83161077
83114202
83096429
83087312
83074495
83071961
83069210
83059499
83051286
83040291
83033676
83031791
83029492
82998469
82995353
82990032
82977228
82973965
82968302
82964466
82960453
82924489
82916359
82912729
82908076
82905871
82894310
82891206
82886172
82882371
82869067
82860114
82854463
82851996
82847595
82815659
82806457
82804410
82803217
82792762
82774209
82739313
82725083
82717956
82680312
82679688
82673866
82656964
82604467
82594739
82590914
82589017
82588675
82572579
82530884
82525918
82523450
82516391
82491559
82470748
82454962
82454653
82445342
82442406
82440813
82437155
82433079
82427764
82424972
82424803
82418066
82407128
82403039
82396473
82362354
82343423
82330001
82324124
82321767
82310135
82302061
82298670
82297285
82285897
82283685
82281241
82277806
82272469
82272331
82261597
82260613
82257625
82247638
82244444
82237479
82222251
82218279
82185392
82143440
82141528
82106672
82105401
82070109
82053836
82052532
82046267
82034877
82019561
82011064
81988738
81967774
81965286
81959384
81949110
81946215
81945922
81941603
81927146
81925249
81915155
81912729
81906505
81886445
81870949
81868477
81864579
81852062
81848688
81810797
81810797
81801434
81778987
81744580
81742515
81741553
81724045
81706582
81701904
81700754
81697328
81687590
81687076
81679357
81676200
81670202
81612902
81599965
81592780
81572546
81564593
81563613
81557405
81554132
81545939
81544397
81525046
81515840
81473871
81468571
81461984
81447845
81431439
81431089
81429149
81417929
81410468
81409781
81396887
81396357
81391010
81376271
81375238
81364629
81312805
81298147
81282672
81264107
81260219
81230214
81229779
81215440
81199352
81143384
81125348
81099602
81096430
81093521
81091870
81089312
81084488
81082785
81079637
81070127
81066544
81038087
81037322
81018090
80982101
80970967
80965619
80958665
80948506
80939807
80925795
80915364
80913373
80909778
80909736
80894575
80878979
80867629
80866515
80852188
80844618
80837758
80819884
80803856
80802007
80799972
80787745
80773087
80750528
80742503
80723052
80719214
80711863
80707943
80697196
80695382
80685044
80666244
80649820
80646941
80644587
80602050
80575373
80568472
80565357
80559823
80558852
80554763
80537360
80510913
80510391
80448256
80446865
80442267
80415598
80396893
80391183
80376344
80373259
80362473
80352136
80344433
80331670
80286903
80286553
80253523
80245081
80228188
80205233
80192169
80189859
80185586
80177730
80101576
80097351
80092919
80063562
80044168
80029900
80028585
80011781
80007497
80002268
79995708
79992080
79982864
79956738
79947135
79945490
79941445
79936508
79929373
79915616
79914515
79914051
79911237
79894026
79871939
79871137
79865554
79863436
79856814
79833591
79819245
79816046
79813888
79783865
79724190
79723082
79722368
79712478
79707794
79698128
79695630
79686961
79665373
79633152
79632019
79631946
79626276
79624558
79624432
79620741
79619523
79601588
79587896
79586615
79584190
79582268
79572261
79568894
79567195
79547906
79540506
79535143
79533803
79528564
79510638
79508129
79484451
79476552
79471597
79456962
79439762
79418238
79416233
79408997
79397061
79396463
79376589
79376345
79374134
79363250
79343106
79338421
79332653
79304363
79294401
79277840
79244817
79218482
79218362
79215903
79193095
79190593
79173900
79172670
79171337
79147072
79145413
79130230
79128791
79125929
79106753
79068268
79065531
79046431
79033507
79028603
79024695
79020250
79019677
79012254
78996301
78963071
78952631
78952457
78947036
78930646
78919960
78917201
78911596
78911107
78907464
78899138
78892715
78886020
78874754
78860497
78850620
78841821
78830433
78802976
78798449
78790578
78782655
78777321
78771485
78741048
78737049
78731243
78726665
78725201
78714948
78706738
78705165
78703015
78699684
78697697
78695116
78672888
78672300
78662751
78656707
78648039
78631288
78626148
78589649
78552211
78502588
78484648
78484199
78475017
78470240
78450952
78431027
78429750
78413120
78395310
78386074
78384034
78377113
78375924
78358339
78357489
78351710
78344696
78332179
78326308
78310693
78297991
78291993
78254831
78248949
78228284
78227780
78222486
78215354
78215255
78214333
78199172
78193820
78176253
78168116
78153254
78135223
78121450
78118822
78111029
78103935
78095043
78071771
78068373
78037098
78025460
78022897
78014548
77993519
77983532
77980509
77940861
77917647
77917258
77913622
77894268
77887590
77882804
77875396
77871346
77855048
77846652
77845784
77833925
77832484
77832410
77828238
77825912
77801301
77779489
77760311
77758769
77756176
77749240
77747084
77742953
77726484
77721260
77701289
77695393
77685051
77675639
77663697
77648744
77648582
77633997
77625968
77621825
77574735
77572666
77568853
77558484
77558334
77544273
77542332
77537523
77536763
77522441
77518537
77487481
77459874
77449830
77441852
77432139
77407937
77403428
77400730
77382470
77381703
77375422
77342027
77336108
77317742
77315080
77304801
77301195
77296762
77281823
77279043
77276047
77267294
77237267
77232660
77227708
77225927
77202310
77156935
77154917
77148108
77147699
77139181
77126877
77123031
77122729
77117150
77116665
77116412
77108468
77077833
77076747
77068021
77053844
77026961
77019330
76997009
76991775
76984853
76982306
76973950
76949352
76936546
76922354
76906061
76869988
76858496
76829138
76762849
76751095
76707708
76691113
76659099
76628279
76625078
76613024
76608818
76581844
76548248
76524603
76478074
76448636
76429491
76399779
76396689
76367594
76367355
76364451
76358985
76333295
76320915
76316870
76313584
76309845
76297231
76294795
76283168
76275381
76258877
76252687
76249493
76248371
76247347
76241556
76226563
76226006
76222551
76222368
76221273
76196913
76189278
76183831
76175644
76174691
76157723
76146864
76137315
76136602
76135028
76124650
76119056
76112515
76098613
76093539
76088345
76065878
76065795
76053273
76045701
76043525
76032770
76009098
75999690
75997784
75980243
75974445
75957274
75955022
75951616
75942485
75932971
75927343
75906198
75893374
75876155
75874225
75867635
75866342
75849151
75834597
75832487
75772575
75765549
75734126
75731903
75692653
75690456
75675482
75673874
75668640
75667247
75655371
75639913
75639587
75630475
75621460
75594175
75582044
75574312
75560690
75556560
75526823
75502413
75494467
75487824
75484889
75454816
75443634
75441030
75426069
75418970
75418368
75415894
75414061
75378244
75331095
75267841
75243675
75233906
75197334
75177505
75163816
75156430
75095783
75093318
75074209
75057467
75054728
75053845
75046895
75021616
74983772
74980271
74972212
74968022
74963273
74941811
74903548
74899184
74894946
74862316
74848754
74846763
74844130
74830944
74820875
74817169
74815444
74813805
74802895
74790338
74775707
74748704
74736280
74714108
74711067
74707326
74704738
74704672
74702885
74689456
74666512
74650187
74635494
74613217
74607367
74601023
74600435
74586281
74556795
74547079
74545763
74524043
74511605
74507862
74487415
74486596
74486253
74449744
74445360
74442778
74429833
74425457
74424510
74414741
74404164
74390254
74387672
74382368
74336871
74332502
74324506
74324367
74323535
74310350
74269082
74247834
74245525
74241050
74231923
74230877
74219874
74219789
74205171
74197522
74190578
74181141
74180864
74159466
74149855
74138621
74137916
74136089
74132361
74127289
74121841
74118653
74092085
74081985
74070887
74062366
74031498
74012680
73984020
73964104
73961804
73958748
73932160
73907772
73869898
73867674
73864973
73856379
73853507
73838987
73829948
73816796
73816536
73813668
73809171
73798634
73782569
73754106
73749196
73744711
73740439
73734044
73713101
73681304
73675784
73657725
73646295
73643430
73635273
73632336
73630370
73623367
73605950
73602414
73597318
73586088
73581901
73573856
73572033
73566463
73489905
73475458
73452812
73405878
73403359
73401456
73381909
73368348
73359180
73356339
73348643
73346454
73344305
73334811
73328820
73296887
73287513
73285109
73266762
73259772
73247940
73233992
73216533
73213979
73197847
73189054
73187187
73185623
73183611
73160660
73157289
73155874
73153138
73115898
73108413
73084109
73078110
73077470
73057413
73047652
73037680
73028302
73020345
73000344
72999804
72997002
72981786
72965719
72962442
72934598
72927382
72914402
72905215
72902739
72901921
72892955
72892646
72879800
72877731
72876704
72869100
72867232
72857690
72848288
72847747
72841028
72838941
72832982
72825737
72776555
72769515
72757754
72754147
72752023
72744129
72740971
72720032
72715363
72696348
72647028
72637205
72612737
72608207
72586986
72570505
72554632
72548062
72539480
72517794
72510958
72498950
72497341
72494647
72490215
72485111
72472846
72471059
72465564
72455880
72453866
72429050
72423826
72406374
72394709
72394422
72388385
72366165
72361523
72360795
72349196
72340169
72333421
72326331
72321397
72286581
72261914
72233502
72221288
72215763
72210229
72186822
72177620
72177514
72171549
72170461
72166022
72163973
72161897
72141623
72137769
72128492
72113629
72109447
72107306
72088917
72085031
72070604
72061973
72054215
72048289
72043769
72042497
72039069
72027753
72027393
72012887
72009867
72009842
72003901
71997988
71988688
71977907
71919659
71892858
71868030
71858388
71853586
71848483
71847382
71846607
71846053
71833958
71828656
71823525
71794414
71791262
71766485
71765692
71729496
71725206
71723478
71711546
71706476
71697433
71693251
71690401
71666811
71661247
71656451
71655378
71647806
71624756
71622540
71615405
71604412
71599616
71596409
71593273
71583770
71552100
71549892
71535319
71534826
71533627
71526772
71491046
71490534
71489674
71487070
71476812
71471942
71471238
71468419
71429475
71427982
71412849
71400212
71395796
71376216
71372443
71370701
71366241
71360236
71359722
71358578
71310943
71303553
71300905
71290282
71249883
71247629
71245475
71242832
71240248
71230017
71226730
71221919
71211931
71204866
71191959
71175051
71159734
71155094
71154831
71128637
71119557
71097082
71092635
71091957
71087008
71084756
71049887
71045906
71040989
71015279
70983029
70980088
70972000
70955871
70954628
70947778
70945615
70939357
70934609
70927649
70902069
70896137
70893723
70880308
70859691
70858190
70843951
70836198
70829471
70808772
70806980
70797399
70789429
70783041
70771845
70768447
70766406
70761988
70748826
70745856
70740862
70740378
70734244
70731464
70677037
70643726
70620950
70608270
70603997
70570054
70569737
70562149
70560917
70545786
70543413
70505483
70496112
70492671
70485249
70485144
70484772
70466132
70449036
70387551
70373522
70372506
70354622
70351403
70314255
70305026
70298024
70265387
70228914
70224411
70223041
70220405
70172889
70169286
70151152
70146946
70146522
70146325
70129046
70116899
70096061
70080168
70076332
70066380
70056326
70055201
70014919
70013650
70006844
69994886
69937950
69916879
69915952
69911113
69908785
69908011
69899149
69890519
69881571
69881570
69879819
69842235
69836527
69828018
69826079
69823554
69816232
69814619
69802152
69798720
69792918
69785429
69784614
69782500
69780358
69773318
69771351
69764212
69752801
69750944
69738220
69734439
69729879
69713834
69706614
69702499
69669154
69668926
69667784
69641815
69618447
69614787
69613189
69591144
69577611
69560692
69547129
69537228
69536890
69515343
69494279
69490714
69483949
69477197
69476956
69467438
69452507
69445008
69440035
69440027
69430365
69421534
69420470
69396542
69393066
69386006
69376121
69371855
69368723
69355490
69351122
69351074
69343042
69340219
69328126
69325916
69324534
69316161
69315714
69304676
69295767
69293221
69278838
69277043
69273470
69253329
69243021
69231343
69226718
69223823
69214533
69197237
69192647
69189220
69186282
69168911
69166589
69149115
69145738
69132359
69131663
69129041
69117942
69090134
69086673
69076659
69069992
69062519
69052030
69047431
69029554
69025110
69017955
69016158
69012607
69006540
68998636
68972835
68937049
68916569
68911341
68903763
68891578
68881802
68877371
68853750
68850663
68825738
68825248
68810129
68797768
68796030
68792260
68788829
68782398
68782114
68774948
68761552
68757453
68749828
68749315
68742234
68740779
68704759
68699672
68650016
68642472
68640204
68631841
68620459
68600382
68599037
68587733
68579228
68575080
68513758
68503971
68499681
68489039
68477579
68474969
68464800
68449551
68429968
68428061
68406503
68397199
68386098
68383153
68382044
68365836
68356041
68345499
68325031
68317029
68316886
68314962
68302469
68278296
68262610
68260684
68257442
68242489
68236166
68235456
68233055
68229915
68220626
68219433
68214278
68202298
68181141
68171122
68164302
68158712
68152347
68143759
68107677
68094763
68077454
68076411
68053206
68045489
68030565
68021755
68015453
68008549
68002985
67986835
67974642
67972991
67969211
67967230
67966384
67960685
67957442
67949795
67940970
67918718
67907825
67889453
67887355
67872635
67845544
67845214
67844523
67837870
67834102
67826868
67820737
67815660
67814420
67811243
67803095
67799837
67781129
67778036
67773231
67766884
67763716
67743425
67733341
67732659
67731760
67723033
67712534
67692828
67687824
67671560
67668580
67667976
67650074
67636832
67628145
67598940
67580892
67575238
67554526
67517331
67514425
67501900
67492486
67491355
67472602
67457911
67452386
67450301
67446624
67441889
67439208
67425789
67402429
67354414
67343022
67340386
67338853
67334493
67329108
67315247
67310951
67300001
67286178
67269683
67255125
67244428
67236659
67214032
67213840
67211580
67195943
67193438
67178908
67143735
67140386
67126381
67124079
67118745
67099901
67076586
67064158
67060044
67058487
67053226
67051767
67041923
67038135
67037353
67030276
67015867
67002482
66972683
66959415
66954221
66954170
66949090
66936535
66924236
66922423
66920653
66903718
66896524
66885661
66883762
66857931
66857104
66835917
66831604
66825094
66814802
66800645
66792948
66785203
66778421
66777939
66762048
66753059
66749913
66722799
66716985
66712177
66697273
66693463
66673340
66672793
66656869
66648514
66608958
66607309
66605521
66602935
66591321
66567741
66567708
66533850
66533197
66530126
66524763
66505955
66494428
66490575
66446248
66424444
66408401
66406112
66392654
66386721
66380335
66376316
66316755
66305618
66304667
66300835
66299967
66290947
66289941
66289902
66269982
66252462
66252053
66246850
66217533
66210222
66171338
66167468
66156312
66151078
66137775
66132481
66131751
66119566
66113129
66108929
66107336
66090486
66078721
66078712
66075435
66068922
66063780
66057259
66056868
66019603
66012238
66007458
66006662
66001409
65992758
65978550
65978116
65973869
65972760
65963396
65959882
65957479
65943933
65939509
65918642
65911991
65900714
65821506
65817652
65813250
65801104
65797004
65796248
65795457
65777816
65768201
65765537
65755975
65751490
65743343
65726077
65723070
65713694
65700362
65693885
65690293
