99852330
99562071
99310583
98884329
98717376
98390423
98315255
98042579
97861348
97794047
97565937
97395859
97180957
97131014
96922245
96822075
96437670
96299296
96255677
96121253
96037846
96034224
96011116
95838186
95660229
95601655
95373941
95346437
95303661
95236069
95050837
94769095
94599705
94567704
94405613
94266451
94198782
94068328
93769331
93708520
93672164
93381581
93348766
93289703
93241413
93136153
93087162
92354863
91881613
91676041
91643937
91523233
91482927
91412258
91035732
90918785
90723597
90703717
90687645
90418037
90380861
90222384
90059014
89601098
89586136
89495248
89494678
89472794
89425738
89217635
89112266
88778304
88635226
88164350
88076687
87653880
87587118
87561065
87471498
86827465
86798679
86680545
86571024
86483855
86408121
86375475
86336250
86112699
86047206
85706324
85647288
85430251
85355178
85294378
85156311
85153145
85021059
84996166
84976764
84962825
84809434
84799044
84761726
84692029
84525442
84525372
84493072
84148126
84095935
83952193
83725286
83422078
83404408
83347731
83173988
82933447
82749714
82717749
82607734
82583289
82573399
82560624
82264261
81923971
81767660
81165457
80601145
80589851
80447411
80425418
80392338
79780894
79766122
79538382
79514095
79394126
79382861
79311356
79217300
79188200
78856638
78801568
78349252
78315911
78274284
77768307
77718542
77630942
77506268
77493547
77327451
77081403
77045441
76825904
76759646
76654966
76603523
76338322
76333646
76231800
75995724
75933834
75667213
75647892
74556345
74492720
74429562
74298807
74204730
73800329
73447790
73439639
73362296
72603259
72468715
71909961
71900058
71760461
71640095
71611206
71455335
70608874
70155688
70038903
69903021
69734924
69354717
69299830
69236589
69042437
68921299
68786820
68771620
68765176
68411340
68256312
68065862
67779778
67771568
67751378
67519411
67058027
66989532
66867276
66795813
66560232
66177374
66084271
66016915
65646131
65523025
65327651
65308225
65251182
65224836
65223262
65062206
64832712
64739191
64675422
64674613
64379779
64345363
64289354
64149829
63922398
63910108
63900643
63898239
63864219
63814071
63645532
63547101
63514140
63384357
63281570
63250462
63111961
62970470
62839865
62651089
62569649
62300595
62231692
61761094
61646780
61437175
61324405
60953701
60782277
60724226
60028660
60020463
59748886
59687240
59611895
59496277
59425269
58962694
58846677
58844134
58692658
57663150
57603099
57460200
57250266
57121830
57026077
56981688
56578120
56486383
56472750
56411133
55886947
55851265
55496400
55023003
55016680
54884591
54573344
54475898
54475406
54349308
54328479
54301682
54098531
54019237
53271071
53184206
53066097
53052535
52983580
52866187
52673154
52612970
52424332
52231961
52122662
52109297
51968723
51832696
51698781
51687609
51484387
51333742
51077026
50987843
50735036
50375261
49570427
49204355
49116491
49083814
49072384
48955173
48515432
48490663
48334498
47928990
47669603
47254112
47185226
47023861
46404123
46164631
45938200
45894370
45750580
45686798
45593592
45395784
44976365
44771606
44405643
44180965
43853556
43834693
43724581
43568643
43509033
43272063
42920379
42917086
42862978
