99960712
99932658
99930126
99925530
99903406
99891911
99876960
99867133
99863328
99835543
99776725
99771822
99768161
99750420
99745599
99693457
99650939
99650460
99642328
99615961
99585299
99553342
99551689
99551402
99537689
99520912
99514961
99507289
99493569
99492385
99489672
99467395
99458473
99451851
99444670
99424863
99423068
99417013
99395658
99389533
99379327
99313943
99268764
99258142
99247744
99240073
99213121
99174313
99168295
99077363
99072597
99069041
99056599
99011344
99007636
98986477
98972147
98964743
98963593
98962014
98948505
98942258
98929765
98928547
98918522
98912729
98882251
98873119
98853957
98846495
98841728
98838490
98784152
98781153
98780574
98776787
98752264
98749457
98745914
98682980
98682602
98671424
98638733
98628378
98595524
98587742
98567832
98562127
98555746
98544310
98528976
98518768
98509449
98507305
98498098
98463836
98459884
98448692
98434524
98390925
98389530
98362752
98356965
98350820
98319719
98314634
98305458
98273632
98243566
98208613
98208515
98205265
98201376
98174425
98168016
98164406
98164310
98161915
98151133
98147314
98141269
98137854
98130485
98120159
98100431
98087405
98062066
98051993
98030816
98028190
98005081
97933846
97914589
97903730
97878421
97864307
97846699
97811695
97810936
97803652
97792360
97780409
97777431
97772103
97759918
97755024
97736500
97697770
97672379
97653091
97644439
97641574
97629778
97618992
97593632
97569167
97514290
97499965
97490610
97477668
97461923
97388722
97386446
97375984
97372868
97370687
97349408
97335940
97307244
97299342
97198953
97196872
97181578
97160937
97150619
97081781
97081648
97080958
97074981
97052035
97049854
97042167
97008906
96963978
96947677
96943053
96942707
96932920
96920724
96905520
96889589
96887954
96884825
96882823
96872655
96850493
96842605
96820467
96813052
96794441
96775613
96757339
96740834
96735436
96716619
96667912
96646321
96632459
96616835
96607337
96605214
96584245
96575414
96569736
96560273
96522938
96517925
96485622
96483928
96480134
96460388
96456704
96453247
96451101
96439905
96430926
96424752
96396834
96387782
96348274
96331840
96322559
96316116
96297215
96294511
96284484
96270228
96270224
96269592
96267708
96257426
96253982
96235964
96231804
96228907
96225404
96213698
96194269
96173045
96172040
96136921
96117481
96098126
96081088
96067372
96047208
96031819
96012179
96010928
96007571
95990126
95981371
95973063
95959200
95947154
95917164
95899764
95888597
95876704
95861257
95805048
95790983
95783562
95756800
95747257
95722092
95721290
95718161
95707942
95697919
95694333
95672548
95668750
95620214
95605632
95594612
95588917
95570792
95555908
95548629
95540887
95498894
95469328
95452416
95439635
95433341
95414607
95399882
95384572
95382660
95380659
95368584
95328100
95326362
95312072
95310928
95306477
95245498
95221898
95208695
95162217
95124633
95112220
95099478
95074832
95044610
95009883
95007496
95000537
95000025
94995973
94987263
94964796
94950759
94950038
94946790
94937688
94936293
94892926
94888015
94860826
94828957
94819897
94818015
94763122
94748946
94745975
94738748
94736521
94736449
94720782
94716237
94705400
94680060
94669350
94661913
94657211
94657005
94653741
94636647
94605817
94568235
94546121
94496061
94493915
94461945
94454301
94447704
94445987
94438881
94418177
94416748
94412811
94385582
94377930
94361945
94356396
94355496
94336068
94314643
94313868
94306528
94270047
94269650
94255990
94246880
94226829
94211119
94210915
94174533
94167330
94094726
94079692
94074794
94054874
94041301
94000311
93949261
93935753
93878452
93853374
93851947
93847124
93841421
93827447
93777515
93755806
93749648
93733442
93701640
93676485
93663488
93649428
93611313
93609723
93605824
93578471
93575340
93559327
93559002
93551012
93548911
93530870
93524262
93510412
93505758
93505544
93500766
93428504
93393298
93378898
93363615
93356051
93347699
93320928
93286786
93253733
93240801
93238491
93237118
93195617
93183044
93180347
93112194
93109039
93107201
93097508
93084990
93080331
93040739
93040037
93006790
93000855
92991280
92989443
92966363
92965923
92941741
92899666
92883599
92875793
92866232
92847227
92798525
92794805
92790212
92781252
92720165
92718630
92713321
92693910
92682259
92655561
92648538
92598258
92577148
92563215
92562536
92554676
92536498
92484711
92457042
92451432
92447646
92445227
92425316
92423361
92404172
92395342
92386108
92378915
92371548
92370107
92357570
92352529
92321325
92254985
92238426
92233996
92206705
92192831
92186278
92185993
92181147
92161877
92119109
92078004
92020819
91990061
91974892
91960815
91958853
91941617
91910875
91905999
91859905
91828997
91817142
91783260
91751107
91711918
91662472
91656723
91656350
91645796
91631029
91597326
91574369
91540702
91528640
91518236
91468462
91454288
91448586
91439469
91411232
91362309
91360643
91331610
91314723
91278678
91278462
91219151
91185528
91144884
91101457
91075761
91073010
91054384
91049130
91048163
91008061
91006618
90950106
90940231
90933747
90926238
90909517
90909064
90894277
90890636
90879207
90873716
90870025
90816970
90812016
90804524
90797814
90790160
90769673
90751672
90736128
90732937
90731493
90723565
90717055
90698137
90679825
90675315
90618540
90615753
90593213
90570511
90545441
90534866
90509913
90503896
90464852
90424773
90408298
90394578
90391190
90378972
90332028
90288196
90272122
90261433
90250368
90228435
90228286
90222807
90219514
90216562
90210928
90204468
90184491
90174188
90162563
90157579
90151732
90147344
90139587
90134113
90121359
90118450
90098533
90097492
90089515
90065990
90064474
90063468
90051983
90045013
89984147
89982121
89968109
89958893
89949786
89923757
89914534
89913354
89840211
89826742
89824312
89780531
89779320
89765749
89765434
89714942
89670490
89667807
89648069
89647284
89646520
89627390
89620035
89605472
89604323
89591132
89586059
89573807
89556455
89544333
89533134
89532252
89498699
89444973
89437440
89418182
89409803
89393472
89393260
89339156
89332787
89330944
89314274
89298789
89284719
89265371
89262068
89244396
89219044
89174513
89168788
89159530
89133687
89122803
89104675
89097381
89095219
89082810
89068165
89066816
89058923
89051743
89027150
89018488
89018032
88997917
88995539
88955731
88939030
88928370
88905354
88903720
88882600
88869477
88855602
88829971
88786701
88778796
88732589
88717499
88695208
88665560
88650484
88635001
88633052
88601943
88601807
88600449
88596103
88567099
88565173
88557496
88511280
88499361
88498358
88483633
88477927
88466030
88461548
88429535
88416587
88381726
88379313
88369465
88323253
88320060
88304017
88266247
88265739
88259729
88232840
88224913
88203965
88179926
88161790
88160611
88147310
88140546
88139307
88134565
88121582
88115544
88113815
88109806
88107217
88103391
88066705
88060074
88044616
88043874
88008849
88003942
87992160
87967169
87945845
87919997
87909597
87900613
87898060
87829213
87807255
87807168
87760249
87737012
87733503
87713424
87707973
87701178
87680842
87651083
87649206
87647296
87598729
87589407
87582202
87574400
87542876
87530786
87515618
87429148
87414127
87403918
87391810
87374798
87369108
87341872
87317967
87315421
87288587
87285465
87278290
87245880
87242293
87234306
87232264
87198898
87197238
87195191
87165978
87142027
87125049
87122364
87092066
87085132
87072103
87065002
87045802
87028313
86992163
86988609
86971510
86902197
86897420
86849706
86835572
86829173
86825561
86817159
86800441
86798069
86768984
86733014
86719078
86717612
86705309
86704998
86682494
86680858
86670084
86649923
86619350
86560394
86493131
86478927
86473248
86456175
86454612
86447823
86447627
86432535
86422771
86410793
86381491
86348020
86344414
86330355
86320543
86307604
86304683
86292866
86287922
86249499
86216861
86192263
86176643
86175699
86159007
86157703
86156707
86127462
86118816
86097012
86094124
86077703
86070464
86041776
85987770
85983269
85978399
85957842
85931920
85925349
85890067
85853196
85821476
85797931
85775871
85730915
85728365
85721791
85696482
85681759
85676273
85659481
85657565
85655526
85582783
85548186
85512613
85497568
85461631
85441779
85433860
85419169
85419014
85407969
85358113
85348586
85338497
85333300
85327399
85320254
85297924
85294956
85275821
85257841
85256869
85194578
85192676
85187065
85152650
85140241
85130889
85112230
85103897
85086823
85051230
85036272
85019561
85010304
85009896
84982307
84947364
84945232
84936956
84916584
84900925
84899761
84878673
84867739
84865385
84837845
84835799
84833000
84790591
84758543
84751822
84738138
84730785
84727048
84714487
84709902
84697285
84697045
84682937
84676934
84632264
84630914
84622308
84599181
84594361
84594126
84584620
84579275
84547652
84524337
84495850
84487637
84465988
84441996
84404882
84404661
84403766
84396303
84366231
84354756
84345871
84327089
84324524
84321543
84321430
84283697
84235018
84214742
84207080
84200885
84172733
84139791
84121249
84116022
84101067
84076499
84070970
83996110
83964840
83949013
83947578
83937708
83924149
83923503
83904268
83885603
83855405
83850742
83839827
83820397
83811234
83799950
83793348
83777236
83775909
83766016
83742482
83663169
83660082
83648705
83620238
83613300
83605473
83592882
83574004
83530492
83526133
83515822
83508344
83488925
83482301
83473212
83472990
83436211
83434597
83432823
83431460
83378635
83375952
83373645
83369392
83331935
83316490
83305309
83295031
83279252
83256330
83240030
83216927
83180033
83160859
83154263
83144551
83139620
83137123
83132090
83108197
83102543
83090380
83083689
83035090
83013679
82994128
82983076
82971259
82970898
82961267
82947901
82944112
82900564
82893834
82864242
82840377
82839498
82807956
82806220
82778117
82776775
82752284
