99995786
99974761
99961380
99944025
99909942
99900632
99893833
99855452
99841877
99841316
99818977
99817936
99791033
99791003
99779165
99765426
99763686
99755955
99744102
99668542
99659075
99606354
99593086
99578882
99550231
99545435
99544884
99521909
99515162
99513849
99507761
99476461
99452058
99446398
99426853
99417477
99398069
99328818
99325757
99283060
99264510
99258687
99210245
99149136
99146625
99118353
99114796
99075236
99073901
99072974
99072444
99063595
99042045
99017050
98978599
98952547
98918660
98917000
98908677
98899207
98898914
98896370
98885172
98873780
98849770
98846290
98812377
98803365
98790648
98789605
98778778
98777754
98759190
98735520
98707511
98697438
98666486
98647626
98636359
98627962
98620275
98588112
98584520
98566091
98556046
98551828
98550296
98545541
98542717
98538268
98529574
98523333
98522313
98518774
98518682
98518276
98492527
98481911
98467606
98451219
98418418
98411540
98403614
98370176
98354689
98354073
98353768
98323183
98312362
98280696
98267824
98224002
98222491
98213491
98204828
98182162
98179264
98172546
98149970
98149857
98134825
98131785
98124254
98116466
98108476
98016531
98004636
98000335
97963819
97944421
97930140
97929446
97928111
97925094
97878963
97856448
97834975
97787693
97782627
97781543
97776109
97748039
97745660
97715926
97711026
97678048
97658721
97657559
97656497
97647859
97588456
97557636
97520219
97513410
97509700
97506087
97501473
97499116
97482346
97441540
97434152
97432321
97427211
97410540
97393395
97363383
97322438
97297806
97288198
97287943
97285380
97278480
97225310
97210774
97183234
97100803
97079841
97071115
97040010
97006434
96956282
96903212
96899286
96858575
96855401
96841685
96831972
96829162
96824808
96809002
96802182
96777907
96770528
96745980
96729418
96709320
96696400
96693202
96688725
96681848
96677713
96668282
96656346
96651105
96636285
96623023
96601243
96592860
96588024
96557376
96519415
96502255
96495880
96478489
96473890
96451944
96446019
96439744
96413022
96392220
96380996
96334226
96319859
96273531
96239944
96206196
96190706
96186812
96176296
96157465
96151563
96133359
96133181
96130616
96123478
96104240
96100363
96085864
96072450
96068700
96061490
96054985
96029646
96027584
96019965
96015559
95984850
95978060
95939163
95927887
95894835
95876387
95869175
95761258
95732915
95729868
95708933
95699313
95689191
95684639
95682919
95675518
95662386
95581039
95549832
95542662
95531452
95523213
95509143
95463548
95460488
95429196
95425499
95365716
95343647
95287249
95272328
95263066
95251188
95212148
95210417
95210004
95202578
95198675
95196084
95171758
95153202
95130213
95115890
95090589
95083341
95083099
95082773
95081362
95043432
95023856
95016373
95016312
95008680
94972916
94970552
94949103
94945300
94938852
94934203
94892968
94891078
94881905
94871380
94822119
94815981
94789884
94774956
94755698
94748167
94741030
94736706
94723717
94716499
94711107
94670356
94647350
94627797
94591873
94588336
94582101
94557059
94552525
94540652
94531797
94513364
94512375
94493514
94484781
94440347
94401872
94395724
94395027
94393793
94390937
94373350
94357274
94354457
94339750
94324321
94300135
94283828
94271387
94208828
94191364
94182298
94177187
94172233
94154574
94139279
94118622
94116092
94076614
94072844
94022284
93983089
93982794
93982357
93977711
93972082
93954387
93917676
93915746
93899866
93854423
93841540
93831229
93799460
93775941
93775589
93773165
93767019
93718063
93716682
93714742
93708224
93702739
93698756
93691069
93684539
93670154
93631483
93629550
93611098
93564124
93549207
93548746
93498286
93497191
93492350
93487857
93468556
93453902
93404590
93379883
93375690
93374311
93372039
93344496
93344013
93335986
93289755
93288314
93273726
93246462
93240513
93157927
93155279
93152434
93151903
93147732
93122580
93118291
93092093
93091681
93074663
93066054
93060273
93059090
92997468
92987730
92976707
92950557
92939743
92913216
92875430
92823263
92786578
92759262
92722712
92713950
92710749
92651813
92645757
92639458
92637877
92631630
92630259
92608589
92578999
92565347
92521667
92485668
92481730
92477666
92470165
92456893
92446480
92431117
92419577
92410373
92386830
92355625
92346168
92343609
92342637
92328021
92322046
92313921
92303287
92292759
92264771
92262317
92256081
92255660
92248776
92195823
92187139
92134196
92119712
92097083
92096956
92093522
92066144
92060216
92055032
92049135
92043374
92018370
92010421
91986263
91969087
91967222
91924662
91903323
91898200
91854859
91808831
91808250
91784182
91713883
91698435
91666373
91659989
91653574
91643390
91636342
91631179
91613956
91602522
91583546
91567125
91545087
91542604
91497443
91400485
91394550
91344447
91330592
91308497
91298168
91289612
91288530
91260379
91236955
91188953
91151540
91118723
91016042
91011367
91006287
90981477
90975047
90973884
90958929
90956658
90955686
90942201
90916968
90883324
90808080
90804981
90762117
90751463
90741012
90690047
90655376
90641432
90637099
90632293
90614316
90593885
90567664
90444234
90439467
90415123
90408939
90407732
90347668
90320508
90309912
90306639
90305547
90293794
90219487
90198918
90142247
90085344
90074318
90065197
90029172
90024253
89961158
89949563
89944572
89905457
89898180
89886646
89876530
89840916
89805135
89788788
89781102
89775527
89767223
89760326
89751363
89742656
89718486
89710971
89705346
89627534
89584052
89568492
89562832
89558988
89548863
89541231
89532518
89528600
89528323
89524197
89471965
89449763
89442197
89431891
89426136
89425249
89416831
89398011
89374863
89359220
89356518
89348501
89347173
89341247
89332467
89269265
89254580
89239196
89221955
89220252
89137772
89136713
89134535
89131122
89116116
89076501
89034579
88990726
88979698
88958790
88929410
88893460
88876878
88870621
88850216
88846375
88839808
88831896
88813280
88785665
88741465
88711445
88707865
88693537
88688345
88654374
88645919
88608188
88598492
88570956
88563478
88533701
88518458
88517159
88515664
88495442
88490507
88483336
88479641
88469817
88454638
88413611
88346566
88317895
88280941
88274097
88243153
88230403
88229309
88211203
88204889
88168935
88165091
88154209
88121335
88100270
88075806
87997882
87987673
87957360
87945286
87934568
87933138
87932754
87926630
87917775
87906377
87875252
87874075
87869166
87834751
87807396
87785121
87764328
87724270
87719671
87704862
87701310
87683902
87673590
87662486
87635036
87615994
87615641
87588568
87580087
87573307
87558707
87552029
87522255
87512687
87511233
87504077
87500962
87478852
87473454
87465867
87448248
87437352
87430856
87424744
87390796
87388024
87374739
87374379
87365533
87335182
87333922
87276084
87273563
87262572
87213487
87210844
87193430
87166042
87137996
87126642
87125356
87122559
87115202
87110292
87107509
87104083
87099680
87087939
87077653
87075319
87064051
87054523
87041240
87010755
87002954
86992362
86983375
86977832
86970703
86967088
86946984
86943130
86920761
86892658
86880275
86860630
86822476
86820945
86820522
86819512
86816982
86806406
86788147
86784035
86772902
86765540
86749547
86747521
86729069
86725614
86702761
86697173
86684037
86679497
86634378
86580591
86579127
86576619
86561432
86556744
86548044
86537002
86509547
86505813
86488516
86484380
86469668
86467852
86462981
86446363
86444002
86371851
86341357
86318825
86313489
86269284
86234239
86232171
86225371
86206710
86196121
86166963
86165971
86158428
86152744
86145739
86141842
86103126
86099160
86091398
86073318
86060990
86034193
86030437
86026991
86022263
86014919
85997838
85964843
85926051
85902488
85863932
85837433
85827373
85819912
85814098
85786916
85783763
85747862
85736455
85720700
85720585
85718808
85707550
85702942
85674358
85661331
85643604
85638229
85624849
85541457
85535157
85516697
85508925
85492861
85486754
85452207
85431661
85427263
85399064
85375132
85345016
85334535
85326520
85323332
85298376
85259761
85178720
85147405
85147245
85117175
85086320
85085812
85082165
85080103
85041626
84981883
84970814
84970464
84963502
84960134
84954975
84942611
84904940
84891235
84887670
84851724
84846159
84795229
84793896
84761068
84759844
84743776
84728345
84712443
84679308
84650014
84646823
84637317
84630822
84626127
84603804
84583504
84516180
84513943
84512737
84507334
84502279
84467847
84428809
84426378
84421825
84414413
84411725
84353929
84344739
84339858
84331006
84326037
84305808
84305404
84263949
84263575
84261946
84256342
84248314
84247663
84238199
84233585
84223907
84223786
84190381
84174448
84172146
84146678
84145349
84123819
84120827
84023376
84020799
84001338
83979009
83969717
83964806
83953818
83944472
83934967
83903426
83901187
83834827
83819767
83805637
83804851
83791543
83754622
83753597
83751796
83721147
83700334
83674812
83674160
83670407
83669753
83627696
83616468
83584161
83565218
83537541
83499759
83468516
83426802
83422360
83377536
83368762
83362841
83356423
83327092
83274772
83264093
83216433
83209468
83187621
83154423
83137969
83132638
83120315
83111398
83104995
83090551
83075561
83070237
83067470
83061782
83044932
83023965
83000473
82995466
82966608
82965809
82958574
82944357
82925051
82916500
82908554
82901414
82872474
82864689
82861008
82847793
82830656
82813211
82800973
82771563
82768842
82728602
82727935
82718418
82684199
82666925
82658432
82598123
82577083
82547269
82544963
82544901
82534754
82515502
82496255
82386500
82362135
82347870
82347667
82346790
82340076
82333714
82333430
82325152
82271259
82263860
82248264
82211042
82194578
82190324
82182270
82180690
82176459
82169058
82162514
82157221
82145426
82131717
82099722
82080983
82071068
82008083
82000510
81984491
81962063
81938551
81931114
81926238
81917068
81896372
81877999
81854957
81828688
81823834
81813510
81761498
81733046
81721985
81653122
81649753
81644054
81637143
81612201
81610413
81588872
81586458
81579391
81561140
81543821
81537000
81535198
81530659
81500702
81483167
81459558
81436475
81428079
81418359
81417171
81402313
81390279
81361613
81356461
81346890
81325269
81321334
81312362
81301197
81233169
81223215
81212614
81212606
81212362
81209618
81202373
81194712
81189693
81168913
81107351
81098368
81091857
81063078
81036458
80997617
80984195
80975562
80969111
80921236
80917065
80906733
80829738
80828699
80826098
80823091
80813372
80805833
80774705
80754646
80699099
80689978
80688020
80686047
80647583
80608173
80600080
80599244
80593429
80590640
80563133
80549649
80547076
80471790
80469615
80463396
80421350
80418828
80399746
80381713
80351331
80340944
80340776
80339327
80338719
80334476
80297018
80288782
80252485
80245588
80245315
80193065
80165786
80157093
80154743
80153266
80140064
80139684
80129895
80128063
80125442
80082929
80066667
80059596
80042560
80040400
80038589
80037139
80019249
80012259
79995805
79973694
79923177
79912635
79910245
79905075
79870611
79851891
79845081
79843828
79836521
79793128
79792592
79776237
79748521
79737980
79733157
79729918
79720212
79698377
79693337
79692329
79623355
79614881
79596180
79587643
79553522
79514361
79494742
79441903
79381404
79316092
79272237
79243929
79215516
79196695
79185742
79183019
79174896
79166842
79139091
79118313
79113774
79084355
79061358
79030663
79029579
79005267
78962903
78956734
78950600
78949000
78880756
78861631
78851363
78843827
78818575
78793044
78778383
78776501
78771692
78766416
78757642
78755935
78707629
78703841
78701752
78666597
78642957
78628913
78618915
78609928
78595655
78575040
78560830
78553141
78537619
78451082
78427840
78426951
78396244
78392310
78377394
78375072
78348347
78328748
78318127
78303958
78295536
78295071
78288402
78282215
78266076
78249287
78240956
78232846
78217051
78203046
78196771
78181457
78166042
78165664
78155527
78142831
78080209
78070666
78042328
78018209
77999452
77975014
77971125
77955356
77941599
77931491
77921683
77921115
77899454
77882643
77866824
77832761
77821598
77819327
77811013
77810553
77792952
77751734
77748182
77738948
77729763
77723463
77690665
77681940
77658869
77650855
77642622
77629182
77627572
77598268
77571693
77545558
77540954
77519340
77507885
77472782
77466672
77427892
77413211
77404134
77345796
77302120
77259599
77236876
77232148
77212107
77184408
77177704
77152291
77143321
77097446
77091344
77072730
77046439
77046371
77037477
77030195
77023931
77021078
77004307
77002974
76994403
76980813
76975956
76959086
76933133
76925578
76920949
76897942
76893294
76864494
76853595
76829672
76795029
76768044
76756360
76755918
76721639
76709257
76693579
76690772
76672764
76659200
76657239
76656687
76629577
76623875
76589131
76581250
76568870
76563437
76536858
76507871
76492729
76471438
76446765
76443576
76398108
76394548
76389062
76388857
76323117
76317136
76315590
76273508
76260210
76250236
76235915
76220515
76214085
76196285
76171402
76165494
76144323
76136110
76130377
76083337
76071237
76069063
76049870
76036250
76030702
76021949
76006491
76003276
75953553
75925990
75906374
75862493
75851591
75832857
75779587
75760045
75732315
75726733
75715085
75700569
75661247
75655497
75653516
75649000
75599213
75571260
75553852
75496803
75488594
75476755
75475152
75449938
75445440
75408345
75405823
75387199
75365640
75363715
75342109
75336386
75320973
75312829
75306408
75293222
75272084
75267410
75265533
75233348
75218091
75192879
75191393
75127338
75082603
75033556
75024878
75016471
74992767
74960798
74945266
74914292
74891029
74866886
74846629
74802856
74781584
74779337
74763040
74749409
74699964
74696436
74694641
74663748
74648756
74626519
74605263
74602792
74600709
74592231
74588353
74542096
74452386
74427216
74411093
74364429
74364093
74336678
74330904
74319204
74309793
74308774
74306230
74305473
74248727
74224867
74213919
74203773
74187476
74171832
74157855
74134920
74117949
74108566
74103564
74099972
74077633
74075079
74066496
74046964
73967028
73951697
73944929
73936771
73934968
73921106
73876570
73862465
73858197
73851628
73846591
73843815
73833575
73828618
73812607
73812522
73787320
73786909
73747085
73733847
73733748
73711623
73709131
73706790
73691039
73690583
73689955
73689134
73667273
73637723
73627598
73599966
73596145
73567313
73565743
73561088
73498099
73480166
73473137
73447945
73445747
73425136
73399502
73393234
73385282
73351564
73334474
73319016
73318492
73309096
73285356
73266298
73256614
73237094
73217885
73211226
73206823
73202068
73191750
73181606
73171041
73139858
73091906
73078953
73063703
73012014
72987186
72964359
72914869
72902239
72895594
72891912
72890555
72887892
72882892
72878041
72853756
72803507
72801864
72796349
72781645
72740272
72737623
72704064
72696582
72670427
72669285
72665014
72612374
72593267
72564625
72555739
72507570
72504708
72485158
72438395
72425087
72387881
72365937
72328873
72314490
72313023
72250125
72230918
72171273
72147522
72090228
72089019
72081426
72066274
72062485
72047243
72034642
71986941
71962096
71943591
71883731
71871658
71857440
71849229
71828111
71827488
71821929
71807654
71801938
71767466
71721924
71699342
71687660
71687184
71676328
71673373
71642576
71601696
71576464
71545624
71526563
71509462
71490478
71472798
71422480
71421407
71391538
71326153
71291107
71287393
71275240
71273320
71237183
71228511
71206332
71169112
71141290
71138215
71101576
71068822
71057059
71036602
71025956
71023213
71017840
70998192
70994390
70954887
70911849
70887349
70882600
70852704
70813459
70785017
70759670
70745227
70720009
70718582
70706847
70693574
70692196
70682176
70666308
70650245
70630190
70615180
70579431
70577693
70574960
70572486
70556886
70555590
70542590
70541924
70523556
70521896
70511983
70510602
70501515
70471053
70458860
70451376
70440288
70435143
70423130
70422632
70418371
70408519
70382903
70373339
70356098
70337659
70329603
70318851
70308413
70300095
70295434
70268747
70242026
70237919
70209739
70169787
70163552
70160743
70153331
70118337
70100171
70035994
70006065
69996832
69986974
69985079
69975854
69975745
69970912
69954314
69939718
69906001
69904314
69870131
69864125
69853113
69849204
69812840
69752697
69749141
69707112
69703501
69694403
69693971
69635432
69620901
69589068
69565092
69500244
69498766
69478499
69462876
69455932
69402435
69401673
69378945
69338845
69334315
69328179
69325363
69301989
69291057
69287434
69229961
69226279
69222803
69209201
69173761
69135468
69102015
69086181
69062243
69053441
69043753
69010839
68996541
68983380
68961402
68955192
68948826
68942794
68931271
68931002
68917263
68916780
68911806
68861611
68860394
68824413
68818319
68809111
68787351
68780128
68778495
68776551
68773427
68766771
68766748
68766195
68732172
68717008
68689333
68676351
68676230
68664292
68663494
68652154
68623332
68603520
68601635
68584120
68570554
68567648
68567622
68550021
68545899
68539267
68513677
68507263
68504722
68492709
68487557
68462295
68435504
68425288
68420581
68416619
68407847
68325166
68322283
68307301
68306761
68302153
68295320
68262524
68249377
68229181
68220835
68179691
68171080
68165719
68154282
68138897
68136906
68125881
68119156
68072071
68016041
67991877
67971637
67966495
67965706
67954483
67934374
67932089
67929281
67925984
67858549
67857505
67843516
67812799
67805587
67801593
67789933
67761120
67680775
67673154
67668067
67660786
67633668
67557760
67545123
67529343
67526777
67518602
67460928
67456014
67448658
67444403
67431060
67364720
67346656
67300890
67268382
67262331
67240144
67231873
67220489
67220444
67217987
67203777
67169676
67166673
67162902
67145769
67140380
67125646
67094502
67064416
67058944
67042142
67025976
66991529
66983442
66955734
66951347
66945898
66940622
66921813
66906019
66874442
66869653
66856727
66843016
66834657
66834190
66810893
66787870
66786708
66778847
66743241
66700385
66697052
66684873
66680342
66674542
66653761
66650832
66638444
66634769
66626934
66601355
66597378
66581740
66554196
66523193
66514033
66509881
66503740
66497593
66468562
66468267
66449191
66420492
66419606
66406002
66364288
66349934
66318006
66316509
66305988
66298989
66288301
66269650
66246436
66242964
66223247
66201998
66194780
66173519
66148554
66102414
66089144
66086003
66053252
66047189
66046745
66034390
66004128
65985193
65985171
65979429
65977180
65976596
65972241
65959560
65957385
65945756
65922842
65906240
65861638
65859883
65854423
65778767
65772573
65771860
65701154
65698278
65690578
65688219
65664777
65663397
65655409
65618347
65611736
65601830
65597481
65571193
65516949
65515593
65508974
65502975
65501722
65487269
65486686
65479598
65434449
65381694
65378810
65378175
65343703
65331794
65328457
65272045
65267139
65261852
65259822
65257139
65231095
65219760
65207343
65199345
65189883
65164217
65161978
65127803
65112390
65111180
65097986
65044461
65033439
64999888
64964393
64953163
64947801
64927760
64916790
64912806
64901851
64895916
64893983
64874206
64829518
64824323
64754856
64745811
64724305
64713430
64684156
64673008
64653224
64643109
64642245
64618141
64590797
64579522
64532019
64526225
64493509
64490241
64482535
64469237
64456927
64455511
64454575
64443048
64429532
64423433
64375230
64365969
64363008
64360307
64341645
64332854
64328662
64273870
64244278
64238343
64225057
64219731
64207990
64202957
64199157
64164914
64138602
64124557
64107598
64070630
64029545
64010752
63997151
63983891
63973088
63937364
63936319
63935016
63934839
63930873
63926879
63914100
63866777
63832804
63820255
63766656
63750672
63739460
63737286
63728505
63726000
63710724
63696828
63692784
63685850
63683367
63617126
63611473
63585559
63562815
63561223
63542757
63531048
63520993
63516850
63499194
63495401
63481460
63474710
63470982
63425104
63405975
63385038
63365499
63355955
63347707
63299484
63292677
63286000
63262615
63248216
63212021
63204855
63199906
63199568
63197937
63193794
63191427
63180969
63175742
63174700
63129650
63110736
63106166
63094269
63092694
63088423
63082494
63050911
63014639
63013428
62997558
62957728
62951855
62945677
62927799
62911226
62904506
62880363
62867282
62824327
62813921
62806493
62793046
62790861
62780719
62772152
62771059
62760995
62734251
62688698
62688197
62687205
62676949
62666770
62657039
62650988
62650822
62640505
62608799
62590876
62585483
62546895
62513700
62489529
62484017
62469647
62463325
62455856
62450978
62438620
62433143
62424564
62400050
62400017
62381274
62359021
62348985
62347617
62343698
62320862
62319905
62292686
62271231
62270063
62235169
62231214
62229515
62216536
62196832
62189638
62147122
62101274
62085588
62074797
62071917
62059223
62040784
62031960
62013578
62011716
62004014
61985213
61940582
61878066
61862110
61852698
61848163
61824343
61819686
61802242
61792563
61783024
61772803
61719748
61640805
61634733
61631042
61593550
61583358
61568955
61566031
61533622
61522833
61513032
61496549
61483326
61462356
61461454
61448704
61435528
61419477
61399491
61386736
61380719
61368695
61362378
61352195
61346905
61344735
61324082
61312177
61306062
61302868
61300873
61293311
61281077
61269376
61264909
61254750
61214844
61199477
61198033
61196435
61163507
61150721
61149111
61147788
61146794
61143181
61128383
61074538
61030521
61019111
61010835
60991973
60976793
60969604
60944428
60943541
60919238
60916421
60907707
60900464
60899720
60899219
60896876
60889818
60879314
60857141
60844010
60819051
60785927
60775470
60766456
60758205
60757249
60742747
60703549
60694511
60663837
60652126
60633913
60623947
60571248
60552766
60536557
60534421
60508179
60414739
60409797
60363365
60352188
60342217
60339076
60307845
60301611
60295625
60281942
60270196
60241013
60196835
60103670
60091090
60070832
60065407
60051026
60047530
60033084
60030082
60028795
60016090
59964419
59920983
59909099
59892506
59885674
59862116
59834962
59833623
59816456
59816012
59810248
59809589
59800527
59778816
59738114
59714759
59696383
59695359
59693168
59670272
59634776
59625035
59591851
59539955
59538075
59534788
59532730
59524953
59513636
59510348
59495592
59487664
59477837
59475231
59471287
59467589
59463326
59456650
59417996
59381926
59377714
59336766
59329835
59314593
59287007
59276287
59263816
59257037
59247584
59201279
59191977
59185247
59174079
59162829
59162083
59141797
59134265
59134181
59117475
59113099
59028503
59011422
59006300
58984370
58940491
58939357
58931541
58930430
58897591
58870246
58847874
58842187
58840089
58829696
58810706
58791277
58775894
58762803
58757373
58725920
58713497
58713270
58712573
58702626
58698221
58696582
58690418
58678431
58662712
58655042
58618390
58616914
58601967
58596841
58593671
58564356
58485474
58484810
58481382
58423397
58412488
58372783
58358298
58356095
58356011
58308239
58297940
58290875
58279706
58259658
58255385
58242015
58223813
58223630
58197040
58189732
58186942
58185331
58184638
58161101
58031849
58003992
58000176
57992852
57968607
57964407
57927159
57917434
57860256
57859615
57854372
57826406
57826164
57804674
57803555
57793795
57775274
57767801
57754735
57720566
57680531
57680100
57678430
57652836
57620224
57573680
57548790
57511140
57510055
57491069
57483826
57469266
57458891
57435728
57434230
57432548
57430090
57426990
57366814
57359421
57349723
57327317
57318890
57268814
57265461
57244614
57201094
57178873
57177452
57172423
57168658
57145912
57141576
57132829
57128867
57125374
57093286
57079190
57043930
57037657
57034152
57033278
57012915
57000496
56994572
56981972
56970762
56921374
56907766
56891432
56839935
56825475
56814420
56812714
56781710
56769303
56679330
56628651
56596466
56591857
56588689
56586693
56581354
56565862
56551352
56496971
56461738
56455032
56437354
56434126
56416595
56415103
56360156
56348241
56346994
56311147
56307736
56301002
56300241
56295935
56272981
56269488
56256190
56226447
56223743
56223495
56219853
56210577
56192871
56186885
56171812
56148237
56127946
56122314
56122200
56106541
56037809
56031728
55996856
55988922
55983492
55955198
55948462
55944332
55923562
55905998
55903108
55871999
55857714
55833558
55826920
55820985
55804812
55789697
55768474
55757130
55752190
55746119
55744858
55713374
55706645
55678483
55673837
55663663
55627865
55627712
55627549
55591779
55582151
55564993
55559858
55531474
55522591
55519976
55515879
55504822
55499126
55495408
55482653
55459915
55443617
55419065
55415306
55397738
55370026
55356347
55339253
55306837
55305349
55301142
55296336
55278898
55245494
55233701
55219516
55211908
55185971
55165156
55151139
55072482
54966979
54929238
54927559
54904953
54885239
54877303
54867046
54840360
54836638
54806238
54792082
54773939
54761272
54733693
54708261
54686944
54681654
54662232
54652058
54647575
54642634
54589790
54586196
54544136
54509787
54455905
54451473
54450327
54438091
54434398
54408842
54405762
54380110
54374331
54369913
54365716
54364738
54358791
54340993
54339765
54312832
54293678
54275959
54256052
54252698
54244038
54241221
54227561
54221483
54206190
54200859
54186510
54186120
54177660
54163121
54155946
54096511
54082342
54080651
54055719
54039296
54002731
53974466
53943637
53932312
53876348
53823359
53815098
53807290
53796821
53795676
53794738
53785053
53769931
53749484
53727701
53722661
53714783
53710402
53694753
53642230
53638521
53608388
53570522
53550620
53536848
53412952
53365064
53350930
53284003
53260831
53255807
53252300
53251304
53250627
53244812
53229729
53214944
53181414
53174967
53159069
53134221
53100830
53095655
53092524
53092409
53058922
53043271
53042140
53042078
53018940
52999856
52967423
52940131
52938309
52909284
52904327
52890757
52880318
52850678
52810304
52793829
52787221
52743814
52736996
52727110
52713814
52713600
52713195
52680016
52647941
52640595
52635114
52632594
52626057
52609230
52578370
52562086
52534849
52524642
52515518
52513619
52507740
52501386
52498107
52496356
52462224
52447703
52446596
52445976
52429368
52428103
52404040
52386425
52350765
52350448
52338106
52319346
52313967
52293937
52274187
52270907
52268245
52267121
52238773
52228425
52223865
52205735
52200575
52183403
52143055
52139491
52137474
52135025
52129381
52116863
52116307
52079641
52050224
52034853
52034365
52010247
52000387
51999886
51995539
51993241
51942610
51931035
51923167
51893156
51880644
51841810
51831645
51817770
51803291
51802867
51790884
51785657
51757291
51756001
51753492
51718335
51715216
51690270
51653381
51651142
51648237
51639996
51625281
51620301
51611282
51600442
51592527
51583923
51564559
51547361
51527779
51524315
51455366
51454923
51434716
51377660
51373486
51359865
51357115
51343516
51330333
51304923
51279275
51260707
51249171
51245726
51237478
51210441
51209751
51183335
51179637
51177330
51146307
51136805
51105755
51104384
51099221
51083541
51057044
51053430
51040867
51038999
51032621
51021754
51010997
50997089
50978901
50977394
50964834
50961820
50923145
50906911
50894548
50889064
50878868
50866420
50857793
50849805
50823097
50821165
50809609
50781711
50770289
50749880
50748065
50741272
50736661
50723236
50715810
50688004
50682561
50635123
50631630
50626869
50621234
50615683
50613248
50564632
50541762
50472886
50469421
50465422
50464507
50384554
50371590
50365815
50362250
50354923
50339509
50309063
50299943
50257121
50252825
50250420
50242260
50236283
50172798
50164254
50137869
50130047
50129157
50109918
50073537
50064614
50057029
50037503
50024780
50013005
50012754
50011525
49968084
49938206
49912780
49891200
49876399
49855238
49851097
49845627
49840120
49799115
49787271
49745870
49728512
49694247
49651732
49646777
49606842
49592943
49549404
49530438
49529095
49465572
49463408
49455647
49445330
49436627
49331785
49323033
49306814
49279221
49264849
49257019
49256778
49250607
49242115
49213400
49198305
49166183
49137420
49114473
49105908
49099230
49093767
49092901
49079624
49063448
49022446
48982884
48975845
48974336
48959425
48956837
48947262
48945641
48940763
48931453
48922955
48917819
48910052
48883719
48872263
48869239
48863473
48863430
48856677
48801785
48796011
48785247
48776689
48773526
48766283
48762181
48700724
48685163
48683610
48674243
48619283
48604115
48596519
48533414
48526885
48513006
48509669
48485878
48477157
48470974
48463775
48457421
48439785
48436467
48423308
48417838
48360799
48356128
48334257
48332565
48323603
48303392
48286349
48285697
48254566
48237295
48236607
48221921
48208139
48154949
48151237
48143306
48141855
48094513
48062204
48053492
48014118
48006760
48003190
48001291
47987625
47983075
47969816
47955751
47950665
47935038
47927849
47881466
47878964
47870627
47829520
47805081
47770030
47716163
47714105
47712250
47704778
47669759
47665444
47655567
47651982
47622549
47578770
47540967
47526317
47519336
47509006
47494799
47458152
47433283
47317087
47306254
47305849
47305217
47299785
47280053
47275040
47268556
47257240
47252934
47251995
47213885
47180515
47123319
47120472
47117613
47097647
47088007
47085168
47084977
47084632
47057252
46972684
46943311
46936575
46914143
46890526
46890308
46873678
46853827
46842887
46836031
46797340
46795333
46791510
46774321
46769348
46721485
46718780
46692144
46677212
46654302
46649394
46642279
46635821
46579248
46554091
46540851
46536580
46528683
46521664
46515988
46503554
46469280
46468793
46440748
46417948
46406105
46405906
46397553
46393071
46347185
46299478
46271071
46249575
46159170
46156585
46152364
46141296
46122118
46119701
46094261
46090513
46047034
46038631
46027060
46015264
45980878
45967286
45965025
45963558
45949604
45923982
45907086
45904448
45867966
45857828
45852290
45814288
45810253
45753524
45752268
45746231
45714994
45702149
45700906
45669235
45621404
45600008
45593309
45540888
45520879
45508883
45494204
45487709
45450688
45438290
45403398
45395403
45387573
45332480
45293502
45291610
45259341
45255334
45243518
45226107
45210327
45170729
45161707
45150937
45142223
45142041
45128188
45113935
45072454
45066339
45065190
45039950
45030214
44996561
44993945
44993521
44905296
44892450
44890744
44883602
44876001
44860968
44791335
44781708
44766208
44735858
44726581
44720467
44690377
44616628
44616236
44578773
44556033
44536091
44533128
44530798
44524036
44518829
44479974
44468614
44444646
44405256
44390208
44359494
44336379
44335668
44326902
44292601
44270463
44252507
44252230
44217317
44201316
44175330
44174307
44171312
44156891
44139108
44138065
44135761
44134431
44132662
44132608
44091875
44089929
44049514
44006164
43988565
43977326
43965370
43948123
43928137
43912986
43891447
43873310
43869939
43819541
43813280
43811470
43809464
43795717
43789209
43781195
43769270
43761020
43756029
43717158
43706188
43697990
43687238
43658386
43654993
43654476
43648401
43641025
43626874
43623714
43606240
43576217
43564458
43564028
43532791
43516732
43516636
43510771
43507645
43478507
43465843
43462766
43458146
43433694
43414106
43387221
43316373
43316243
43289636
43277459
43259852
43248760
43225523
43215681
43198059
43152002
43149126
43137024
43125042
43104243
43091641
43066602
43038811
43030123
43026151
43011354
43008250
42965748
42964520
42962070
42945517
42943193
42921069
42883955
42869075
42814455
42804691
42797133
42783237
42750933
42730036
42710079
42708742
42706231
42704553
42699563
42678031
42671281
42668309
42662118
42651517
42628512
42622100
42596627
42586344
42551016
42530391
42527148
42513235
42505746
42489130
42460805
42454368
42450626
42438859
42436952
42417831
42369878
42362846
42349228
42329427
42315299
42273107
42268285
42187328
42142455
42132711
42085020
42048905
42007476
41994776
41992232
41971074
41955818
41942401
41911806
41862353
41790449
41788922
41767296
41761563
41739754
41713298
41690718
41678211
41671849
41670493
41666794
41664645
41630773
41622056
41618579
41610045
41607201
41602484
41593876
41589154
41580810
41578971
41577492
41572109
41566165
41554129
41551725
41551563
41548406
41535351
41517926
41516377
41481019
41456719
41440994
41438863
41410184
41408062
41407805
41356996
41252901
41240371
41198831
41180828
41163076
41130499
41126001
41121642
41110378
41074062
41051773
41048403
41045087
41038114
41025381
41015198
41008945
41008432
41001720
40990314
40973595
40953659
40931626
40923213
40910653
40881368
40830838
40829785
40829095
40826916
40805073
40803575
40773633
40748033
40734575
40729215
40713188
40661497
40601238
40470519
40463280
40445727
40444705
40433074
40417693
40403215
