99976117
99825922
99787777
99708894
99694712
99644815
99642177
99591779
99555661
99546718
99518243
99401258
99397169
99337740
99301191
99299288
99135866
99118162
99039106
99032199
98990795
98984517
98980503
98895438
98872935
98802397
98780980
98773240
98767963
98644202
98590735
98589915
98479236
98420258
98347962
98276510
98255754
98251567
98165754
98160171
98131651
98120064
97885347
97839753
97821489
97648031
97624071
97605788
97600691
97572946
97476270
97472740
97467938
97432662
97397528
97320623
97317718
97287418
97212204
97087005
97075132
97048731
97032109
96969967
96932279
96891805
96877773
96658777
96628545
96628330
96625881
96506111
96433575
96418449
96401231
96395686
96314357
96312437
96305185
96189962
96186722
96103815
96097891
96072111
96066337
96042917
95951338
95873116
95730564
95434519
95384526
95370478
95328548
95298762
95269310
95208631
95161665
95143720
95008762
94973287
94943677
94912109
94743747
94660373
94633221
94468117
94443273
94338512
94141760
94141360
94117015
94059466
94041273
94016348
93994012
93955011
93813903
93771518
93762044
93686193
93668812
93622419
93571124
93520945
93492000
93322286
93301846
93205777
93171137
93160098
93118296
93113197
93022001
92941140
92919391
92891361
92805714
92770881
92665779
92621241
92620394
92616513
92600023
92539181
92520428
92472424
92455379
92429827
92324315
92317579
92316801
92218867
91975423
91860858
91810853
91786495
91772807
91728435
91639413
91629001
91538723
91496104
91376271
91321446
91305500
91284574
91244241
91142667
91118907
91051002
91032148
90990608
90988345
90961814
90928054
90900944
90756521
90687434
90641702
90608499
90552371
90551874
90539784
90516566
90492591
90466522
90437718
90363573
90255501
90167765
90123278
90040490
89936525
89914979
89889572
89804481
89797284
89788831
89739560
89725343
89598705
89546366
89482451
89139647
89137448
89123988
89089597
89044935
88945004
88850784
88808147
88724150
88719732
88638143
88479969
88440191
88435937
88430727
88399094
88375209
88303654
88267106
88242844
88219039
88112427
88110863
88109540
88106308
88073918
87937207
87788557
87644809
87529718
87479177
87438900
87411736
87403015
87368885
87357418
87152091
86973718
86815216
86673541
86636317
86577930
86532629
86461880
86449568
86444739
86354815
86318214
86130696
86014093
86005970
85991055
85947415
85932599
85859857
85836926
85789459
85685027
85667727
85642167
85625813
85489152
85359553
85318258
85315862
85280968
85130225
85114735
84914913
84907143
84902968
84875186
84769259
84456417
84455449
84454691
84377520
84287767
84175925
84095740
84091015
83992250
83869579
83833830
83828990
83704801
83693050
83661092
83484410
83472706
83346435
83256274
83171551
83141829
83141510
83060121
82938588
82782901
82733929
82714813
82710777
82653946
82624896
82601104
82382193
82370360
82291856
82233023
82193533
82180448
82169721
82125289
82021558
81949209
81923506
81893575
81694005
81545203
81430171
81375517
81332359
81286929
81277400
81183372
81113941
81084079
80927706
80894283
80891281
80830345
80814066
80704018
80696761
80633159
80510738
80471003
80435139
80427083
80335437
80313840
80173782
80089251
80004037
79982043
79924097
79877065
79864597
79833571
79802938
79786889
79781286
79636212
79520703
79445686
79358365
79308493
79235800
79057882
79026291
78992324
78872321
78797368
78743780
78681414
78566149
78533375
78494828
78384027
78366506
78320960
78223528
78150726
78110320
78082674
78077993
77959630
77876173
77795434
77793603
77790722
77659392
77656171
77593024
77539040
77514039
77490765
77453627
77319268
77287324
77259864
77242676
77211679
77200847
77196463
77076673
77033538
76923911
76920380
76856804
76805499
76788773
76670761
76670006
76659704
76571394
76562887
76507563
76407904
76379885
76376451
76324376
76293513
76289375
76283300
76200590
76139889
76113994
75995162
75882930
75881208
75846856
75783526
75729641
75689153
75472584
75432202
75286496
75244666
75163557
75032196
75028861
74988665
74987359
74509212
74440463
74414749
74405527
74378878
74367833
74360754
74341632
74334696
74314642
74243171
74089052
73774868
