99991248
99989926
99964628
99951172
99930438
99921474
99905851
99905424
99903246
99898977
99881082
99872460
99853125
99851008
99838622
99824469
99819709
99797023
99749017
99738823
99727874
99705189
99692668
99682638
99674871
99665179
99652460
99643919
99640635
99636861
99624062
99611309
99595921
99593225
99589217
99568617
99567756
99561854
99561250
99531452
99519885
99509010
99506889
99498841
99474298
99460547
99455412
99439126
99438986
99426916
99419981
99410737
99383923
99368314
99366528
99348677
99334027
99333556
99299678
99295580
99290324
99270714
99263373
99256987
99238423
99208399
99202004
99193344
99192202
99180991
99146389
99146025
99136200
99107233
99106679
99103982
99083177
99082157
99077513
99075618
99074951
99072008
99058340
99026627
99024845
98976408
98961832
98961814
98958265
98953323
98940031
98916986
98910278
98907448
98883990
98870465
98836806
98833215
98807152
98803014
98801667
98799597
98792808
98789972
98776045
98772822
98771291
98746194
98739538
98736676
98734851
98734162
98731085
98729072
98728721
98713246
98678245
98663961
98656544
98651237
98647853
98641285
98637101
98632862
98626211
98620701
98616704
98604897
98508278
98506720
98500654
98499157
98493017
98472748
98467852
98462576
98461997
98446319
98437024
98436778
98434621
98430573
98426213
98423272
98418357
98405453
98393712
98390591
98365478
98349892
98339308
98334534
98333419
98274566
98258449
98251245
98247702
98206133
98202113
98201752
98196811
98194952
98154785
98146459
98135024
98108501
98107160
98100734
98088575
98058073
98055541
98021129
98001906
98000012
97988202
97974043
97933224
97920366
97918714
97910607
97904744
97904016
97881989
97878873
97875732
97867537
97828612
97827894
97827011
97819995
97819068
97817627
97755945
97744194
97739898
97731174
97711019
97692258
97683747
97668769
97637711
97629255
97605475
97587951
97570829
97568015
97555092
97554362
97553296
97547687
97514151
97513185
97492892
97490928
97481650
97472181
97458121
97452963
97450757
97448748
97446071
97440899
97429354
97426962
97424941
97401633
97394965
97388344
97385206
97354955
97342615
97340803
97333490
97315300
97314489
97309961
97293184
97288865
97288330
97281837
97262499
97259034
97227407
97224105
97196757
97196321
97184253
97182561
97180555
97155935
97118263
97117737
97110893
97110670
97098015
97079248
97063505
97063054
97051288
97050703
97048830
97044109
97043247
97024369
96975091
96974481
96952916
96944744
96930644
96918262
96914241
96908819
96894868
96857896
96848108
96828761
96821992
96817980
96790172
96785761
96782488
96776560
96770979
96757862
96754325
96740488
96726574
96719205
96699714
96676568
96671925
96621279
96620513
96616407
96603663
96603635
96597391
96585494
96584314
96569748
96558376
96557491
96555464
96553131
96542465
96529410
96518741
96507459
96497327
96484555
96446360
96444695
96423026
96422779
96408951
96393585
96392592
96382154
96381963
96380354
96360435
96348591
96342797
96309665
96308994
96306294
96280092
96267279
96259483
96255205
96250036
96228309
96227603
96226046
96214449
96190011
96184969
96163536
96157803
96149038
96141022
96131436
96130143
96127918
96094875
96091019
96081198
96079383
96073946
96065909
96039852
96035572
96010600
96003920
95995143
95979998
95977363
95966301
95953342
95938181
95936190
95928261
95916794
95910675
95908873
95908044
95899374
95896549
95891545
95878966
95855283
95847135
95840084
95804212
95775884
95765769
95765327
95756184
95748420
95732048
95725178
95701696
95684601
95677736
95637750
95609622
95598298
95586654
95579392
95566909
95566470
95557856
95552276
95550438
95546906
95539849
95528177
95526581
95495294
95480887
95448631
95435056
95420748
95407406
95376216
95373025
95326140
95321405
95314985
95306929
95277836
95257899
95255908
95251402
95245636
95242015
95239089
95156841
95147142
95121982
95096117
95082451
95072512
95072134
95069775
95061145
95060285
95045703
95044571
95040245
95038868
95032133
95029369
95024732
95021885
95020048
95017326
95003857
94966465
94945681
94936901
94923652
94904431
94894025
94875226
94852607
94852197
94848097
94840465
94839665
94833251
94830097
94800007
94779933
94774935
94774284
94771664
94753377
94752468
94730226
94715384
94709845
94703473
94699847
94674687
94667336
94601441
94595549
94593692
94587490
94585611
94579530
94550034
94544255
94539180
94537425
94515284
94514897
94495437
94487061
94483437
94483038
94480597
94467774
94467358
94417834
94384100
94354084
94350844
94342039
94315113
94280756
94266227
94264076
94238482
94233867
94203855
94194790
94182273
94175915
94168547
94166941
94154929
94144562
94142426
94133031
94124713
94093527
94087851
94084255
94080719
94055756
94053895
94053324
94049663
94031761
94028119
94017039
94016516
94015888
93992967
93988594
93975829
93972542
93971689
93941846
93921457
93897881
93888305
93883007
93879743
93858992
93847108
93822761
93811258
93811040
93785823
93783257
93756080
93700781
93690330
93667088
93664966
93661691
93658384
93657658
93656846
93653842
93624430
93612642
93608998
93603750
93594668
93592976
93583479
93573563
93525071
93502948
93499074
93484235
93476402
93424500
93394928
93367162
93364781
93362176
93335628
93333249
93332492
93303102
93292485
93290920
93267072
93258593
93211397
93210604
93186072
93185324
93183843
93178441
93146788
93123820
93118400
93110494
93109614
93085449
93083878
93054006
93052029
93051164
93037563
93033875
93026513
93025925
93012381
92989830
92981595
92978784
92974672
92966297
92964477
92959939
92937532
92930795
92921247
92885584
92878940
92868869
92862014
92856963
92847888
92825569
92823155
92815136
92800723
92789218
92786647
92776876
92761074
92729149
92700872
92682813
92660529
92645214
92643019
92610578
92601183
92601028
92600940
92600636
92593301
92582055
92581980
92544421
92531726
92530022
92518935
92505356
92478894
92466052
92462885
92461289
92457923
92455197
92455016
92452217
92418886
92418633
92415671
92377548
92374300
92372151
92368824
92368204
92306519
92299963
92285445
92282887
92280416
92263826
92261034
92244098
92226387
92223707
92215050
92209691
92204503
92202798
92192138
92159955
92157382
92152601
92150719
92147944
92135637
92133220
92129757
92123895
92122883
92097083
92087681
92084833
92066392
92058701
92048694
92041279
92038594
92038427
92003598
91983706
91980964
91961945
91957492
91953211
91941604
91926198
91909126
91897223
91869183
91866056
91862786
91853072
91852867
91845191
91840670
91828669
91827907
91824067
91814294
91808021
91804350
91792074
91789414
91780879
91771205
91765980
91762143
91748977
91716128
91714735
91709113
91701830
91693691
91673713
91672644
91659075
91655107
91643490
91636366
91633592
91625099
91619784
91617248
91613190
91610406
91606262
91554833
91554360
91545253
91538519
91537959
91520706
91499705
91498524
91494791
91494775
91481220
91475750
91403984
91379991
91356910
91348158
91337796
91330292
91327432
91316985
91312022
91307195
91303031
91299714
91277176
91266764
91257304
91247082
91244732
91239953
91230845
91230412
91229681
91225724
91196392
91185249
91180959
91171555
91149581
91146604
91142738
91134198
91131481
91122406
91118729
91110616
91106106
91100819
91059993
91025165
91021318
90988057
90985745
90982627
90950354
90941353
90928806
90923736
90913045
90911539
90900330
90892484
90873654
90869915
90853080
90812153
90771802
90761226
90752274
90731555
90726217
90715321
90699791
90689975
90679140
90666676
90664190
90662536
90656687
90636206
90628599
90612325
90611970
90582692
90580057
90574618
90570832
90550062
90535443
90535330
90530379
90525681
90525100
90521525
90518800
90500774
90491262
90490908
90484529
90474506
90459261
90457188
90456858
90450329
90443706
90421784
90409470
90403408
90400219
90395830
90395198
90386448
90378150
90371938
90369293
90331752
90330416
90321939
90320500
90315921
90299022
90288608
90281425
90262334
90242831
90226935
90220195
90215480
90200998
90196538
90196132
90189029
90188713
90155525
90150592
90126930
90123620
90122623
90118171
90109771
90107863
90098159
90091814
90079058
90078279
90052695
90052537
90047294
90042332
90038717
90009854
90009622
90009237
89999616
89998228
89976375
89959063
89958226
89957118
89936121
89932375
89928102
89909181
89908910
89905177
89902648
89870694
89859448
89856857
89850631
89820165
89819344
89790818
89789934
89770973
89756005
89715220
89704967
89702967
89697781
89686751
89661641
89651504
89638521
89627797
89610274
89601177
89567894
89557585
89555237
89550953
89537159
89521101
89514073
89498835
89473152
89448676
89442767
89441302
89435632
89421942
89418244
89407059
89404053
89402059
89398179
89374884
89366815
89345002
89311078
89293443
89291655
89287110
89278408
89274564
89267038
89246106
89241939
89241008
89237960
89236099
89234621
89224644
89211645
89187802
89174615
89139994
89136440
89134393
89127857
89123827
89121608
89112144
89103194
89090648
89078365
89065106
89057857
89049801
89030234
89026095
89022647
89022591
89022463
88993450
88981744
88979831
88953453
88931821
88924612
88907337
88890551
88886074
88869315
88869172
88857646
88830334
88797631
88795384
88746930
88741370
88715359
88702398
88701602
88700496
88685319
88683301
88677651
88673072
88671464
88632370
88625418
88613676
88610573
88591581
88582910
88566612
88560504
88550094
88527735
88515701
88512485
88509878
88509610
88492890
88482287
88475542
88463988
88457837
88419505
88390634
88387365
88380326
88375767
88368304
88341433
88340247
88334436
88319496
88310937
88305359
88303459
88289659
88285106
88277532
88267878
88250292
88238517
88237403
88211382
88200753
88168026
88160406
88148857
88145689
88115665
88115143
88112829
88109071
88100019
88096032
88082273
88059307
88045483
88040020
88027650
88026887
88026591
88004051
87996466
87973312
87935693
87922001
87921914
87904650
87842691
87818607
87810480
87789631
87785813
87769248
87765503
87759405
87759245
87726953
87714413
87709742
87633179
87629995
87625755
87609503
87609380
87600745
87583821
87583359
87581162
87564809
87556337
87547872
87531165
87525058
87500077
87498080
87492764
87488117
87473615
87467516
87466396
87450415
87443829
87424294
87414089
87382480
87380814
87378262
87353066
87309680
87309085
87305135
87293784
87286283
87282373
87274225
87259494
87257215
87247564
87223007
87185896
87182845
87145276
87133748
87116943
87088253
87083526
87021887
87019194
87017792
87004533
87002029
86984375
86970617
86957698
86948159
86912995
86902353
86901465
86891361
86878756
86878189
86874800
86850103
86848394
86806289
86802666
86789851
86774662
86765514
86737110
86736314
86733630
86721717
86688626
86682448
86658083
86648320
86622765
86621662
86608277
86588734
86578397
86555712
86541141
86463072
86456678
86444806
86438205
86428823
86428262
86420073
86390711
86385242
86377641
86368849
86361998
86355055
86331566
86313753
86304817
86302371
86296729
86293652
86292978
86286675
86285803
86262077
86251827
86244026
86241892
86238636
86233389
86213909
86208602
86193221
86190419
86185357
86179787
86170325
86167357
86133504
86111645
86111150
86096620
86069194
86059042
86028979
86024794
86017161
86012662
86003365
85986779
85975296
85970194
85967561
85946539
85934247
85927961
85923621
85922244
85910651
85900492
85890937
85877790
85875944
85873927
85861603
85853375
85849606
85844394
85829393
85821591
85808393
85783346
85766671
85760822
85758962
85739886
85705478
85698796
85689306
85687907
85679770
85654029
85638261
85620114
85609109
85607270
85604447
85600622
85599208
85597622
85572521
85558438
85544678
85524398
85503019
85490084
85482301
85471984
85469105
85466921
85444400
85439377
85437157
85420037
85415532
85412993
85395254
85372067
85369498
85342270
85340712
85306476
85291837
85271280
85251107
85250716
85239619
85238831
85233223
85210216
85195515
85164242
85148931
85131187
85129336
85097364
85084256
85073095
85050507
85032391
85014557
84991361
84976825
84975537
84971712
84963530
84954141
84932024
84927993
84905326
84899669
84874762
84833334
84823161
84787344
84764714
84753716
84730476
84729069
84714716
84706042
84702084
84700216
84697731
84696737
84694399
84677299
84646688
84627956
84610131
84604648
84598578
84587262
84549477
84513453
84510622
84505539
84504840
84502809
84497319
84496845
84495280
84488042
84485756
84479058
84469936
84466503
84461978
84455030
84454418
84438217
84388707
84379905
84373350
84347186
84343423
84335173
84309619
84287403
84282181
84277946
84263650
84261215
84244998
84233715
84207932
84207620
84205641
84190787
84175020
84168345
84145654
84143277
84119858
84108587
84097151
84058602
84053595
84027013
84008608
84007418
84004022
83983413
83983215
83980432
83976936
83974078
83926857
83909946
83907856
83893830
83893411
83886966
83884290
83839307
83818334
83803570
83801777
83795850
83789229
83742138
83740105
83737203
83736445
83720962
83698324
83689328
83687577
83681905
83663717
83659277
83656995
83642662
83635926
83612934
83605022
83588951
83579051
83553455
83553186
83548829
83547138
83531228
83530663
83526379
83525707
83461589
83449318
83447779
83446054
83434717
83422846
83413849
83413180
83397842
83383073
83378051
83372285
83369706
83367973
83367629
83363620
83357576
83351008
83341948
83341199
83340729
83337536
83317855
83309156
83299613
83283903
83277366
83261893
83252890
83250050
83242917
83238831
83231223
83222963
83218696
83218018
83214223
83210744
83202798
83187262
83167399
83165311
83152099
83134386
83128411
83117894
83116246
83113190
83099979
83064483
83059545
83053724
83042445
83025583
83019535
83019152
83003159
82999486
82999295
82988911
82977774
82959466
82957117
82947519
82941532
82937613
82937145
82910385
82884871
82881678
82868728
82853779
82843727
82836883
82823653
82804939
82765835
82758804
82756704
82734372
82721341
82721335
82720061
82697071
82684725
82680459
82673077
82656779
82641620
82635415
82631929
82624221
82596313
82576721
82574609
82554343
82548561
82542744
82535596
82522984
82516823
82508930
82500551
82497122
82489755
82441537
82432715
82431277
82430808
82398530
82387204
82384145
82379544
82378028
82369508
82369361
82326504
82277882
82275540
82242803
82228098
82180283
82164947
82154750
82140394
82138600
82136538
82134401
82118614
82100419
82095950
82078120
82075998
82054594
82026901
82025566
82016248
82006783
81995660
81977641
81964237
81960255
81911368
81899380
81895239
81882490
81879362
81875341
81867935
81853865
81849966
81846986
81843320
81831803
81818897
81795689
81785426
81785106
81780897
81768265
81762753
81748584
81744870
81742716
81717299
81710980
81705220
81699102
81696623
81682922
81682567
81665693
81659177
81657585
81649979
81638402
81618494
81615420
81585267
81581725
81552937
81551684
81547864
81541229
81526892
81515649
81512367
81509584
81508017
81493386
81481024
81476218
81454078
81448967
81434932
81422608
81421549
81412279
81400620
81370243
81351691
81334850
81332643
81317736
81303725
81265854
81230165
81227786
81216543
81215302
81214759
81211888
81178463
81177267
81147317
81131514
81119936
81086214
81080610
81075379
81072505
81069215
81016166
81012063
81005227
81004734
80997436
80995290
80959076
80950679
80940873
80927315
80926595
80921780
80917544
80883657
80875847
80875523
80861870
80855423
80847962
80841949
80839787
80794400
80792459
80772839
80772465
80749631
80745488
80736609
80732484
80725303
80690485
80670314
80663514
80659507
80654260
80638460
80612624
80610598
80581583
80580811
80570961
80569177
80568978
80563958
80560930
80507343
80506342
80500188
80477858
80459068
80455304
80441954
80426876
80397153
80387910
80381293
80370111
80366869
80360365
80352360
80340606
80336126
80332559
80332542
80319942
80319230
80318847
80297238
80290743
80287145
80285411
80266712
80266534
80261405
80256222
80253455
80250211
80245293
80224176
80221521
80209248
80200833
80182317
80167228
80142858
80109959
80098456
80084865
80074790
80055427
80043652
80019699
80018576
79992347
79968245
79966620
79964422
79934302
79919472
79897392
79889595
79875384
79873164
79868538
79863195
79838727
79827194
79826767
79815131
79813306
79802587
79798290
79789598
79772250
79762962
79762566
79739568
79690199
79662278
79653471
79640783
79635104
79630380
79615501
79609721
79604030
79602815
79578100
79554614
79512566
79494578
79493961
79489362
79487708
79472697
79451808
79447037
79419981
79418388
79414095
79397360
79386557
79384494
79379154
79377194
79364359
79348613
79312132
79301623
79297047
79290625
79288205
79287610
79259017
79246362
79242200
79217989
79213132
79208022
79200272
79156015
79144516
79135628
79126119
79116803
79113319
79108074
79099213
79092294
79054095
79048467
79038522
79002272
78990739
78975524
78955125
78951769
78946781
78945743
78939015
78912344
78893953
78892361
78885081
78864212
78862325
78838760
78837416
78815342
78812629
78810303
78803698
78781921
78758846
78757140
78739958
78735332
78723669
78709871
78704833
78698124
78695502
78693894
78691381
78690016
78659935
78655382
78653991
78653633
78634723
78616099
78558878
78539577
78527971
78497571
78495309
78478094
78474709
78465228
78447377
78444635
78421934
78403443
78398744
78380475
78377603
78312668
78310831
78297719
78280896
78274953
78251573
78240086
78232561
78223249
78218985
78214129
78182024
78160810
78109946
78099437
78080617
78076045
78075999
78067811
78067022
78039004
78035269
78030814
78028391
78021288
78006895
78003432
77969128
77953687
77924092
77914711
77913457
77910798
77893074
77890907
77886580
77877060
77864197
77857387
77850791
77842877
77839674
77821389
77817208
77814240
77813002
77800163
77776805
77757737
77752737
77725933
77719280
77718355
77691475
77680243
77671299
77656753
77639506
77638289
77617635
77616214
77597963
77586262
77581816
77577469
77565708
77565438
77564643
77562536
77541748
77533054
77527438
77523834
77512321
77499800
77498464
77498061
77491886
77481146
77458286
77453120
77452332
77447713
77440838
77440814
77437110
77435642
77391897
77388088
77386451
77385153
77359630
77351051
77338553
77326084
77313724
77309037
77290067
77261657
77252863
77224868
77220195
77215922
77189948
77185888
77170608
77148427
77145053
77140979
77135493
77129446
77125505
77116796
77096199
77090763
77087442
77078967
77077177
77073347
77065320
77058594
77049336
77033186
77032644
77030856
77013324
77008994
77006601
77001426
76989703
76942794
76919838
76903373
76893984
76886005
76880073
76873101
76858908
76844638
76842300
76823328
76812046
76791917
76791593
76779356
76777167
76776979
76775778
76765757
76759053
76752996
76743132
76714386
76713328
76697261
76681183
76675602
76654574
76646820
76633789
76620838
76619957
76603182
76550950
76544373
76537553
76535679
76533305
76526664
76521835
76513287
76511277
76510876
76506139
76505355
76494869
76492897
76479965
76478356
76466498
76459781
76436603
76429615
76427137
76412602
76399436
76396338
76387064
76341812
76338361
76325941
76325127
76305560
76295098
76291879
76287755
76273014
76268964
76261477
76259836
76251787
76243995
76237620
76221890
76217920
76210872
76190759
76189976
76187439
76186538
76166123
76159981
76157460
76156772
76137248
76121834
76091802
76089990
76082292
76080113
76068887
76066871
76058578
76053631
76042644
76040408
76024043
75996042
75988269
75965343
75949909
75934409
75915198
75877876
75870625
75844767
75834246
75832799
75827044
75822793
75818008
75817262
75814448
75812442
75807612
75800592
75796712
75784619
75763362
75761728
75760769
75759912
75748692
75733252
75725211
75718360
75685758
75639943
75635012
75632587
75632568
75613532
75588330
75588261
75587029
75579690
75569344
75549835
75545394
75539371
75528822
75505956
75499102
75453804
75451809
75440217
75433353
75410055
75385141
75381105
75365403
75355477
75344806
75326685
75326264
75311416
75295692
75264364
75260232
75253435
75243527
75242284
75204574
75197660
75184588
75184527
75166102
75156830
75107771
75106563
75101795
75088574
75086568
75085663
75040653
75036590
75036286
75013651
75010565
75001017
74991746
74991212
74949864
74948540
74929931
74918833
74909518
74904149
74886255
74881810
74876904
74852833
74846840
74845663
74817479
74817426
74808359
74773090
74741778
74726628
74725188
74714301
74712377
74702137
74690491
74675646
74644040
74640133
74636758
74634488
74625906
74610308
74603820
74598485
74567304
74560883
74537914
74524034
74521575
74509912
74508448
74507140
74481266
74469118
74450613
74447216
74443731
74443105
74442333
74434471
74434338
74432888
74427613
74427079
74421567
74394442
74392040
74368897
74355789
74341175
74329189
74315702
74312967
74311834
74299758
74283638
74269304
74234858
74226917
74223881
74211964
74200074
74185959
74183994
74182792
74172937
74171416
74171390
74163519
74123167
74114646
74094212
74080591
74062926
74060450
74027310
74025298
74006956
73999382
73986848
73981917
73975752
73919355
73909070
73898320
73892714
73868910
73865559
73860424
73846595
73842784
73813320
73812727
73804894
73802063
73777906
73774057
73770453
73767102
73766567
73764617
73724825
73663614
73660235
73655398
73636732
73631628
73630142
73613571
73601885
73594667
73586943
73577362
73558438
73536240
73506635
73492658
73490110
73466979
73451069
73432060
73426220
73424143
73395007
73389465
73388578
73373024
73364222
73353385
73343002
73322453
73297769
73278597
73271906
73249655
73233683
73231306
73230758
73229016
73228898
73225470
73206795
73201254
73187851
73187424
73185018
73171398
73164524
73143531
73132450
73127513
73121654
73115556
73103680
73098041
73080972
73056373
73042568
73041805
73034830
73031516
73017107
73013898
73001366
72993654
72975563
72961348
72890681
72882330
72880563
72877241
72845922
72840830
72831842
72826175
72822038
72804831
72801619
72787713
72787172
72781938
72764861
72751728
72738242
72726370
72703312
72666101
72637359
72619224
72615063
72603823
72587797
72587537
72584690
72583148
72582654
72576879
72570385
72567425
72556437
72533766
72497748
72490752
72484507
72478613
72474607
72467612
72432781
72428517
72425829
72397742
72385931
72385507
72382373
72361450
72321194
72310663
72304746
72269585
72257954
72252444
72249813
72240507
72217400
72214799
72202017
72196015
72183139
72181014
72135955
72093099
72071363
72049668
72047288
72016876
71994667
71974829
71945959
71935145
71905959
71902323
71897893
71886346
71883909
71879042
71866402
71860610
71820140
71801288
71794773
71775016
71771518
71758925
71754921
71735601
71735108
71714805
71665097
71662251
71657502
71653197
71651274
71624696
71612573
71602277
71600381
71595234
71585891
71511472
71510817
71497152
71488367
71477821
71468457
71451917
71434725
71413768
71408129
71406427
71385720
71336816
71315048
71312225
71308484
71299638
71293882
71285042
71279731
71277665
71272685
71266094
71226150
71224667
71221204
71220693
71218460
71211382
71195676
71182207
71174364
71170514
71141231
71135554
71130877
71125363
71116934
71097917
71077732
71076909
71037725
71029557
71023265
71004130
70952517
70948798
70920269
70917997
70907320
70903362
70896286
70884094
70878619
70850963
70849548
70781791
70772311
70767892
70759954
70740550
70714937
70689621
70686931
70685881
70664554
70638346
70628837
70619501
70611727
70594090
70575214
70562917
70560237
70549202
70545758
70543966
70525508
70506310
70504983
70504129
70499496
70496607
70481410
70470401
70464218
70434650
70425039
70406328
70375327
70359664
70338964
70332090
70327411
70302527
70301028
70286240
70285479
70277775
70275816
70267940
70229976
70215812
70209799
70188051
70165961
70161541
70151966
70139925
70138759
70128317
70127955
70123050
70106102
70093686
70086179
70080959
70080326
70065911
70064528
70054550
70030297
70017749
70010628
70008370
70005934
70003530
69982532
69971545
69958980
69943820
69934736
69930353
69920182
69918037
69915905
69904759
69887322
69884672
69874463
69863734
69852842
69834749
69822933
69813422
69755548
69752478
69751148
69747254
69738270
69671114
69668160
69645742
69645261
69642233
69640241
69634099
69633335
69620379
69609277
69605824
69600268
69595784
69594836
69586679
69578362
69557808
69534299
69515467
69513802
69510513
69503302
69501177
69497254
69491594
69490739
69486182
69483752
69471731
69466215
69454154
69446218
69434910
69403935
69403828
69385755
69384430
69382174
69374643
69373342
69355773
69337485
69296643
69284550
69251666
69231257
69226325
69223461
69196598
69185620
69182689
69172913
69169341
69152237
69143398
69131309
69115030
69076739
69074838
69029809
69018573
69014584
68995468
68974214
68966603
68963916
68919835
68916690
68911769
68909984
68905037
68898279
68896836
68896644
68896071
68887489
68870961
68840705
68835903
68834387
68834074
68830228
68816399
68816025
68811546
68805871
68803440
68781467
68779524
68759809
68759161
68747447
68709381
68709374
68690078
68684280
68648168
68646602
68634150
68613965
68613264
68579368
68566329
68556539
68522877
68513805
68495917
68488439
68484985
68483449
68483227
68477443
68471185
68468987
68452213
68426639
68384770
68340051
68332502
68330235
68323223
68256389
68253400
68249126
68244312
68214617
68179562
68172563
68167271
68125491
68121472
68118267
68117679
68095930
68089757
68084019
68075964
68060408
68054553
68011826
67993847
67986797
67985520
67982559
67975279
67973506
67971046
67954642
67940070
67936966
67936533
67933727
67910722
67899034
67888122
67847798
67843672
67840464
67828088
67821341
67820487
67819738
67814290
67804421
67804034
67800834
67781175
67777209
67760184
67740653
67730231
67727383
67715605
67692881
67692418
67680618
67677568
67677121
67674496
67672178
67664792
67642750
67639528
67638519
67628284
67623670
67622903
67616730
67598508
67575057
67566044
67532206
67504703
67502922
67482294
67466119
67440956
67431505
67423939
67422971
67417586
67407915
67385577
67385325
67384681
67384389
67379256
67371925
67366195
67362849
67361985
67348559
67345415
67323502
67322139
67314998
67295483
67295415
67273041
67272201
67268697
67242809
67241178
67238348
67229870
67221599
67212197
67205954
67195068
67187538
67176642
67123514
67115619
67069567
67064107
67056381
67045757
67040522
67027735
67026151
67025970
66988285
66983554
66921419
66915891
66907255
66899631
66894217
66890609
66887726
66886740
66885866
66870719
66868452
66862378
66839603
66819632
66816915
66814672
66811174
66809434
66803795
66799357
66778552
66763751
66759203
66746096
66731213
66713814
66698957
66676270
66669453
66659400
66624419
66616280
66608105
66607902
66600318
66595717
66592143
66590424
66589901
66517792
66508370
66493538
66466508
66446396
66439201
66426969
66421818
66399743
66341365
66336891
66332544
66320381
66279268
66268594
66259056
66257518
66252418
66245730
66222524
66216094
66211518
66202835
66202053
66197134
66192924
66185836
66180809
66173220
66163134
66152871
66146893
66140178
66134326
66113386
66110625
66106282
66096146
66088215
66076887
66074092
66064350
66059030
66042694
66011555
66008592
65997743
65997482
65993843
65989839
65988089
65981718
65978362
65948655
65947918
65947526
65944934
65937372
65926238
65894484
65890289
65870934
65854679
65807628
65786359
65778923
65778747
65755098
65754033
65726438
65721289
65710849
65708250
65703398
65698570
65679991
65670840
65664080
65661948
65653824
65638993
65611517
65588778
65586911
65586858
65565781
65559430
65557208
65545977
65545496
65539172
65532073
65524597
65520763
65519998
65493189
65481824
65478271
65465129
65425691
65408226
65365129
65343558
65338169
65308248
65286124
65273166
65253993
65244159
65235824
65231965
65230182
65224745
65222277
65208376
65205022
65202100
65199636
65169425
65162076
65158974
65146869
65140403
65139587
65137126
65126805
65101792
65099386
65098555
65090131
65086081
65081189
65064090
65056636
65036191
65010749
64989209
64968670
64968200
64963428
64948667
64947742
64930790
64930726
64918431
64882389
64882008
64869335
64844520
64796214
64795352
64780202
64759923
64757921
64740776
64649671
64640005
64638857
64592031
64581389
64579013
64576468
64566567
64547778
64544654
64527297
64520633
64517110
64516874
64510289
64496367
64490460
64480514
64467495
64465999
64464057
64460841
64441149
64426374
64422546
64422191
64420925
64399601
64397738
64397025
64362454
64360384
64352748
64341079
64326327
64311045
64282867
64279280
64259462
64241106
64224366
64219971
64219804
64188832
64187855
64186071
64178358
64175385
64162539
64156549
64145738
64129088
64128288
64127159
64122912
64121912
64096414
64094502
64094467
64093009
64084472
64082409
64080386
64059547
64056584
64054716
64049808
64027390
64025543
64021733
64020439
64016680
64001952
63983653
63969132
63930506
63911424
63903362
63858395
63847400
63842774
63838135
63817081
63813888
63797976
63784209
63766918
63763292
63759063
63754014
63747122
63703730
63686792
63680820
63670322
63668961
63640206
63638856
63631857
63616615
63611803
63605081
63567974
63551940
63548301
63547080
63529242
63518651
63507591
63458007
63456579
63456079
63451422
63450694
63436747
63422295
63413540
63411784
63401972
63395068
63390581
63364774
63342489
63336715
63318732
63312090
63307444
63305794
63305158
63305061
63300473
63288959
63284951
63278705
63270068
63253435
63252096
63235546
63234686
63221764
63217339
63216041
63214523
63209781
63188010
63180751
63173685
63149106
63133124
63075739
63070120
63057787
63022808
63003834
62991266
62984510
62983920
62980454
62963995
62956403
62951751
62944645
62932797
62926214
62903599
62890578
62885617
62780664
62776887
62715378
62705052
62703172
62698602
62689620
62664153
62644179
62626865
62613786
62613158
62594935
62572771
62568874
62566212
62560768
62558701
62557143
62549239
62545604
62541521
62524966
62524217
62519779
62506460
62498310
62498177
62494415
62486058
62475456
62468471
62466982
62449463
62448276
62446872
62440319
62436465
62429151
62427268
62427034
62424348
62394820
62392319
62388037
62386879
62376664
62374731
62369950
62337971
62328352
62322738
62317611
62292589
62291163
62272006
62246895
62244911
62222857
62204836
62203812
62199978
62196359
62191294
62163320
62161626
62155007
62151891
62151293
62146518
62143307
62128057
62103618
62098751
62088768
62087877
62082836
62042468
62041243
62026904
62015473
61999132
61982876
61949320
61943857
61917929
61909043
61888980
61875396
61868418
61861420
61831470
61830724
61796165
61794195
61773804
61772310
61759626
61754803
61742703
61740037
61739070
61724712
61709427
61709328
61703414
61698247
61679188
61656133
61651014
61648400
61634032
61632729
61631611
61630022
61626530
61622445
61607615
61602145
61599032
61596363
61595041
61592351
61586903
61570410
61566736
61566610
61535365
61531004
61508199
61495808
61488553
61487658
61467406
61464370
61447750
61432570
61425740
61424458
61423744
61394640
61392514
61388100
61363583
61341352
61335971
61324706
61310460
61277447
61252991
61242714
61226227
61219262
61219182
61213400
61189690
61187534
61177120
61160154
61158578
61135862
61128187
61123611
61113408
61106475
61098134
61065951
61062658
61053601
61049239
61038224
61037969
61023457
61007759
61006097
60980163
60976144
60936413
60933938
60932815
60923854
60906223
60896830
60884100
60883978
60869239
60861425
60823600
60817234
60806583
60768396
60761501
60744506
60735708
60689821
60662621
60661826
60651831
60642620
60640620
60639895
60634593
60628301
60628184
60624601
60624460
60618994
60603688
60602542
60601519
60594154
60589168
60582733
60560533
60528546
60521033
60513074
60502317
60500171
60492469
60492099
60446064
60440339
60408051
60404874
60396284
60391178
60383372
60379519
60378951
60373540
60371018
60363218
60323447
60317827
60302825
60294441
60292203
60278800
60270678
60267171
60238451
60234500
60228659
60226804
60218234
60217923
60205092
60203715
60186979
60162357
60104865
60094202
60081780
60062303
60055054
60037246
60022460
59995771
59985117
59983368
59960895
59957534
59888654
59885051
59882304
59872365
59856821
59855259
59855235
59848838
59842260
59837077
59829033
59825007
59821801
59807119
59799983
59782207
59759135
59750347
59749363
59745923
59743960
59741684
59716722
59707683
59693931
59687092
59677631
59665504
59642038
59638253
59627350
59626180
59619651
59612262
59602804
59594352
59579116
59577179
59574267
59558836
59554110
59521856
59484804
59475737
59454280
59448509
59447015
59430817
59423103
59419711
59359575
59359521
59337903
59311704
59311159
59304638
59272024
59258098
59249879
59238310
59219301
59199191
59146221
59125050
59121636
59112374
59102782
59099855
59083329
59079058
59047082
59033283
59014173
59002565
58988782
58968469
58962421
58931954
58917842
58888448
58862291
58860839
58855214
58854791
58850934
58850183
58827890
58824375
58802440
58776712
58775236
58766771
58761895
58741663
58733048
58725680
58705679
58690431
58668539
58652382
58644804
58643742
58640482
58629047
58622200
58605651
58604217
58578695
58548327
58529092
58526612
58523217
58522287
58498989
58497567
58492126
58484303
58465211
58441836
58434181
58420336
58419154
58417961
58412237
58383876
58374006
58363467
58344997
58336333
58329214
58312382
58296516
58284645
58279783
58271229
58230869
58220077
58201033
58200209
58194137
58190785
58188401
58172955
58165069
58158796
58145329
58127092
58124367
58115921
58105284
58069721
58055669
58039790
58038733
58033820
58024855
58015526
58001080
57998271
57992099
57988309
57977915
57977071
57953207
57948337
57943781
57940605
57927327
57916477
57898011
57869925
57865538
57847031
57837484
57833022
57786957
57776309
57759512
57739516
57738274
57737349
57730078
57706320
57705057
57703392
57679240
57662290
57658356
57658165
57655937
57651584
57641698
57629185
57614003
57610049
57575848
57572626
57550217
57534257
57521842
57511807
57510601
57508281
57492337
57477288
57475352
57437804
57430704
57387577
57386717
57384787
57377381
57375169
57369646
57362703
57343746
57334775
57313868
57299426
57297871
57250441
57247486
57233540
57233254
57224166
57223365
57207479
57198663
57176873
57164716
57146564
57127479
57118922
57118893
57115498
57103796
57080144
57060048
57056841
57045904
57044773
57037786
57011878
57000152
56991888
56984230
56972975
56935370
56927901
56912757
56895229
56894086
56888238
56884152
56877833
56871990
56870268
56869127
56862678
56854624
56849415
56809289
56802077
56798937
56793802
56751339
56747321
56747265
56740982
56738745
56732095
56721221
56720779
56710078
56707002
56701442
56694184
56689452
56687778
56663523
56632981
56612888
56597147
56597098
56581962
56578615
56549689
56546022
56536457
56525733
56518908
56514255
56510599
56490553
56480858
56473727
56469257
56459511
56436322
56428281
56420238
56410885
56409181
56401203
56392399
56389898
56385031
56372952
56362304
56350532
56344138
56310496
56288635
56288318
56270936
56270104
56267193
56266731
56259567
56254822
56230244
56227841
56205038
56155226
56148266
56145584
56132862
56126816
56121812
56115828
56099883
56087984
56087570
56083833
56073769
56064069
56044897
56036880
56035838
56010324
55970671
55955946
55921355
55905788
55903681
55881343
55845264
55826651
55811062
55791859
55784605
55738450
55715935
55700093
55693519
55692141
55663230
55656583
55617596
55606336
55593904
55586590
55569419
55562041
55548703
55540568
55516989
55512124
55510713
55475797
55445356
55444692
55426557
55423342
55414879
55405955
55397639
55395164
55394836
55383176
55363442
55361559
55360829
55355527
55353827
55336473
55308390
55298681
55298673
55293536
55290742
55244473
55243447
55229958
55209696
55203946
55195031
55192022
55178780
55130254
55124707
55121822
55080253
55072988
55064482
55050446
55045957
55029485
55021974
55020869
55002054
54987947
54971392
54962811
54961634
54961134
54944352
54927623
54926718
54910172
54897931
54854120
54848314
54842201
54826685
54790367
54782592
54781788
54745161
54743927
54727860
54717268
54703601
54673723
54666723
54614748
54613859
54611028
54605184
54598022
54573066
54549826
54548513
54535626
54510369
54509690
54504649
54504625
54504584
54477302
54467237
54453616
54424728
54418294
54413947
54411956
54400374
54394649
54378205
54366883
54362934
54335458
54330780
54302420
54283211
54269574
54262037
54259253
54240122
54227452
54206580
54204630
54195224
54172638
54163661
54143558
54139426
54128043
54127816
54127121
54126350
54124155
54082985
54078852
