99997588
99930565
99921109
99846599
99794205
99653849
99634014
99526410
99453278
99451817
99444131
99432868
99431172
99360662
99274244
99228005
99218320
99187934
99169238
99101844
99083141
98998522
98989563
98969370
98945517
98912901
98835600
98828408
98813947
98787653
98747310
98700462
98665868
98661201
98611653
98513945
98508088
98491806
98423527
98347515
98341596
98340946
98290283
98284583
98279243
98275518
98188148
98173640
98156452
98107578
98100942
98098817
98094350
98059655
98053419
97976724
97927470
97834861
97650390
97641502
