99961876
99953993
99952033
99932195
99912272
99909246
99898812
99858185
99853372
99809630
99787810
99759655
99750661
99740261
99700104
99617274
99573122
99568293
99550755
99457252
99446885
99425753
99424814
99381911
99377472
99355124
99342939
99276315
99275841
99262700
99216129
99184851
99178337
99087043
99081978
99069550
99031248
99016975
99014456
98994909
98989308
98958093
98945131
98940188
98913427
98902670
98875414
98829618
98809002
98806026
98801394
98775688
98760293
98726763
98712657
98658254
98613199
98610248
98563483
98540493
98533539
98525958
98511710
98494426
98462444
98457797
98436386
98429695
98422464
98410632
98360754
98357904
98349075
98314019
98291782
98289704
98243011
98142075
98067964
98055288
98025786
98016924
97986829
97931386
97894390
97892253
97865890
97848994
97812376
97749979
97703869
97685903
97684323
97667616
97659605
97623694
97619240
97617748
97585686
97578885
97575044
97553113
97518495
97512010
97496756
97473678
97409341
97397578
97375907
97329616
97326156
97298173
97291861
97285886
97282860
97260575
97250219
97204221
97103232
96993492
96956757
96949763
96940222
96935318
96900427
96853855
96852784
96771784
96767614
96765222
96752385
96712428
96696855
96691520
96648737
96635681
96628399
96610997
96563741
96495147
96493889
96491410
96486196
96473497
96401007
96389976
96368690
96365404
96319575
96292352
96233192
96225979
96194208
96183450
96182666
96157596
96151753
96138298
96130158
96071480
96061505
96054346
96011410
95977641
95964637
95926933
95910576
95862676
95830268
95827673
95787826
95754048
95737856
95714467
95705611
95685514
95685178
95654580
95633118
95630791
95502872
95473131
95393981
95381828
95355406
95346843
95342732
95297572
95273192
95260777
95252942
95206428
95194099
95186504
95160239
95133377
95125049
95074768
95058914
95028625
95018881
95005906
94957283
94876678
94875660
94863145
94780467
94770967
94765471
94760004
94719004
94684242
94679000
94677796
94662484
94656775
94648173
94646718
94569279
94547427
94464012
94463000
94460678
94458301
94436541
94397046
94376875
94339481
94337784
94263421
94229942
94227398
94224851
94178049
94170739
94095997
94087096
94032443
93965815
93921497
93881357
93879748
93789171
93785021
93702439
93646427
93631511
93607476
93568645
93441298
93440483
93429799
93337676
93332823
93294832
93288383
93267345
93239124
93195706
93145745
93132859
93130952
93123589
93110693
93090298
93053504
93010814
92902361
92863102
92858212
92800705
92795791
92781934
92759253
92675704
92665299
92648884
92618522
92599960
92598183
92583915
92565995
92527452
92499548
92496671
92490337
92436262
92425401
92421246
92401714
92372016
92305551
92257619
92195952
92121432
92111256
92062968
92036243
91945880
91936460
91920926
91907969
91876193
91810138
91784540
91744015
91714252
91706068
91651893
91645846
91605754
91554493
91551955
91538316
91523853
91512731
91505805
91500884
91482518
91462234
91447275
91444479
91405785
91396447
91394821
91387575
91375477
91343153
91326646
91322467
91316118
91245394
91224875
91213799
91203976
91165481
91156609
91138006
91102505
91059385
91047994
91037072
91024705
90972191
90966108
90962235
90951055
90921095
90901463
90879231
90852933
90841842
90841375
90834748
90807827
90801208
90748516
90742236
90705670
90694982
90670157
90633480
90609126
90468861
90419935
90401527
90348707
90329004
90295762
90266342
90264122
90259493
90255263
90249102
90243305
90229028
90224088
90202989
90185836
90062351
90055679
89954653
89939978
89933964
89931447
89912955
89901545
89875898
89845153
89799659
89754292
89736029
89703378
89653221
89631709
89630465
89594289
89547846
89533082
89502922
89488605
89457452
89449143
89382516
89280830
89242463
89206607
89177982
89158353
89127274
89039257
88968665
88945684
88920023
88914854
88834861
88820749
88755932
88713994
88712869
88664807
88646314
88608985
88585088
88490275
88473866
88453506
88442633
88442141
88432215
88396008
88381017
88374992
88341680
88341144
88337161
88332004
88327149
88307561
88305644
88297706
88287591
88230082
88206260
88179195
88149392
88141842
88087783
88078925
88075773
88059260
88010875
87996185
87954314
87940311
87935219
87849537
87831830
87806457
87792747
87731363
87678673
87677256
87653527
87627302
87626777
87604739
87600106
87592253
87568634
87556748
87527806
87494910
87467187
87449624
87421419
87394828
87352013
87323391
87265717
87252419
87224991
87208226
87180632
87163388
87159353
87136499
