eglmxz
eglmzx
eglxmz
eglxzm
eglzmx
eglzxm
egmlxz
egmlzx
egmxlz
egmxzl
egmzlx
egmzxl
egxlmz
egxlzm
egxmlz
egxmzl
egxzlm
egxzml
egzlmx
egzlxm
egzmlx
egzmxl
egzxlm
egzxml
elgmxz
elgmzx
elgxmz
elgxzm
elgzmx
elgzxm
elmgxz
elmgzx
elmxgz
elmxzg
elmzgx
elmzxg
elxgmz
elxgzm
elxmgz
elxmzg
elxzgm
elxzmg
elzgmx
elzgxm
elzmgx
elzmxg
elzxgm
elzxmg
emglxz
emglzx
emgxlz
emgxzl
emgzlx
emgzxl
emlgxz
emlgzx
emlxgz
emlxzg
emlzgx
emlzxg
emxglz
emxgzl
emxlgz
emxlzg
emxzgl
emxzlg
emzglx
emzgxl
emzlgx
emzlxg
emzxgl
emzxlg
exglmz
exglzm
exgmlz
exgmzl
exgzlm
exgzml
exlgmz
exlgzm
exlmgz
exlmzg
exlzgm
exlzmg
exmglz
exmgzl
exmlgz
exmlzg
exmzgl
exmzlg
exzglm
exzgml
exzlgm
exzlmg
exzmgl
exzmlg
ezglmx
ezglxm
ezgmlx
ezgmxl
ezgxlm
ezgxml
ezlgmx
ezlgxm
ezlmgx
ezlmxg
ezlxgm
ezlxmg
ezmglx
ezmgxl
ezmlgx
ezmlxg
ezmxgl
ezmxlg
ezxglm
ezxgml
ezxlgm
ezxlmg
ezxmgl
ezxmlg
gelmxz
gelmzx
gelxmz
gelxzm
gelzmx
gelzxm
gemlxz
gemlzx
gemxlz
gemxzl
gemzlx
gemzxl
gexlmz
gexlzm
gexmlz
gexmzl
gexzlm
gexzml
gezlmx
gezlxm
gezmlx
gezmxl
gezxlm
gezxml
glemxz
glemzx
glexmz
glexzm
glezmx
glezxm
glmexz
glmezx
glmxez
glmxze
glmzex
glmzxe
glxemz
glxezm
glxmez
glxmze
glxzem
glxzme
glzemx
glzexm
glzmex
glzmxe
glzxem
glzxme
gmelxz
gmelzx
gmexlz
gmexzl
gmezlx
gmezxl
gmlexz
gmlezx
gmlxez
gmlxze
gmlzex
gmlzxe
gmxelz
gmxezl
gmxlez
gmxlze
gmxzel
gmxzle
gmzelx
gmzexl
gmzlex
gmzlxe
gmzxel
gmzxle
gxelmz
gxelzm
gxemlz
gxemzl
gxezlm
gxezml
gxlemz
gxlezm
gxlmez
gxlmze
gxlzem
gxlzme
gxmelz
gxmezl
gxmlez
gxmlze
gxmzel
gxmzle
gxzelm
gxzeml
gxzlem
gxzlme
gxzmel
gxzmle
gzelmx
gzelxm
gzemlx
gzemxl
gzexlm
gzexml
gzlemx
gzlexm
gzlmex
gzlmxe
gzlxem
gzlxme
gzmelx
gzmexl
gzmlex
gzmlxe
gzmxel
gzmxle
gzxelm
gzxeml
gzxlem
gzxlme
gzxmel
gzxmle
legmxz
legmzx
legxmz
legxzm
legzmx
legzxm
lemgxz
lemgzx
lemxgz
lemxzg
lemzgx
lemzxg
lexgmz
lexgzm
lexmgz
lexmzg
lexzgm
lexzmg
lezgmx
lezgxm
lezmgx
lezmxg
lezxgm
lezxmg
lgemxz
lgemzx
lgexmz
lgexzm
lgezmx
lgezxm
lgmexz
lgmezx
lgmxez
lgmxze
lgmzex
lgmzxe
lgxemz
lgxezm
lgxmez
lgxmze
lgxzem
lgxzme
lgzemx
lgzexm
lgzmex
lgzmxe
lgzxem
lgzxme
lmegxz
lmegzx
lmexgz
lmexzg
lmezgx
lmezxg
lmgexz
lmgezx
lmgxez
lmgxze
lmgzex
lmgzxe
lmxegz
lmxezg
lmxgez
lmxgze
lmxzeg
lmxzge
lmzegx
lmzexg
lmzgex
lmzgxe
lmzxeg
lmzxge
lxegmz
lxegzm
lxemgz
lxemzg
lxezgm
lxezmg
lxgemz
lxgezm
lxgmez
lxgmze
lxgzem
lxgzme
lxmegz
lxmezg
lxmgez
lxmgze
lxmzeg
lxmzge
lxzegm
lxzemg
lxzgem
lxzgme
lxzmeg
lxzmge
lzegmx
lzegxm
lzemgx
lzemxg
lzexgm
lzexmg
lzgemx
lzgexm
lzgmex
lzgmxe
lzgxem
lzgxme
lzmegx
lzmexg
lzmgex
lzmgxe
lzmxeg
lzmxge
lzxegm
lzxemg
lzxgem
lzxgme
lzxmeg
lzxmge
meglxz
meglzx
megxlz
megxzl
megzlx
megzxl
melgxz
melgzx
melxgz
melxzg
melzgx
melzxg
mexglz
mexgzl
mexlgz
mexlzg
mexzgl
mexzlg
mezglx
mezgxl
mezlgx
mezlxg
mezxgl
mezxlg
mgelxz
mgelzx
mgexlz
mgexzl
mgezlx
mgezxl
mglexz
mglezx
mglxez
mglxze
mglzex
mglzxe
mgxelz
mgxezl
mgxlez
mgxlze
mgxzel
mgxzle
mgzelx
mgzexl
mgzlex
mgzlxe
mgzxel
mgzxle
mlegxz
mlegzx
mlexgz
mlexzg
mlezgx
mlezxg
mlgexz
mlgezx
mlgxez
mlgxze
mlgzex
mlgzxe
mlxegz
mlxezg
mlxgez
mlxgze
mlxzeg
mlxzge
mlzegx
mlzexg
mlzgex
mlzgxe
mlzxeg
mlzxge
mxeglz
mxegzl
mxelgz
mxelzg
mxezgl
mxezlg
mxgelz
mxgezl
mxglez
mxglze
mxgzel
mxgzle
mxlegz
mxlezg
mxlgez
mxlgze
mxlzeg
mxlzge
mxzegl
mxzelg
mxzgel
mxzgle
mxzleg
mxzlge
mzeglx
mzegxl
mzelgx
mzelxg
mzexgl
mzexlg
mzgelx
mzgexl
mzglex
mzglxe
mzgxel
mzgxle
mzlegx
mzlexg
mzlgex
mzlgxe
mzlxeg
mzlxge
mzxegl
mzxelg
mzxgel
mzxgle
mzxleg
mzxlge
xeglmz
xeglzm
xegmlz
xegmzl
xegzlm
xegzml
xelgmz
xelgzm
xelmgz
xelmzg
xelzgm
xelzmg
xemglz
xemgzl
xemlgz
xemlzg
xemzgl
xemzlg
xezglm
xezgml
xezlgm
xezlmg
xezmgl
xezmlg
xgelmz
xgelzm
xgemlz
xgemzl
xgezlm
xgezml
xglemz
xglezm
xglmez
xglmze
xglzem
xglzme
xgmelz
xgmezl
xgmlez
xgmlze
xgmzel
xgmzle
xgzelm
xgzeml
xgzlem
xgzlme
xgzmel
xgzmle
xlegmz
xlegzm
xlemgz
xlemzg
xlezgm
xlezmg
xlgemz
xlgezm
xlgmez
xlgmze
xlgzem
xlgzme
xlmegz
xlmezg
xlmgez
xlmgze
xlmzeg
xlmzge
xlzegm
xlzemg
xlzgem
xlzgme
xlzmeg
xlzmge
xmeglz
xmegzl
xmelgz
xmelzg
xmezgl
xmezlg
xmgelz
xmgezl
xmglez
xmglze
xmgzel
xmgzle
xmlegz
xmlezg
xmlgez
xmlgze
xmlzeg
xmlzge
xmzegl
xmzelg
xmzgel
xmzgle
xmzleg
xmzlge
xzeglm
xzegml
xzelgm
xzelmg
xzemgl
xzemlg
xzgelm
xzgeml
xzglem
xzglme
xzgmel
xzgmle
xzlegm
xzlemg
xzlgem
xzlgme
xzlmeg
xzlmge
xzmegl
xzmelg
xzmgel
xzmgle
xzmleg
xzmlge
zeglmx
zeglxm
zegmlx
zegmxl
zegxlm
zegxml
zelgmx
zelgxm
zelmgx
zelmxg
zelxgm
zelxmg
zemglx
zemgxl
zemlgx
zemlxg
zemxgl
zemxlg
zexglm
zexgml
zexlgm
zexlmg
zexmgl
zexmlg
zgelmx
zgelxm
zgemlx
zgemxl
zgexlm
zgexml
zglemx
zglexm
zglmex
zglmxe
zglxem
zglxme
zgmelx
zgmexl
zgmlex
zgmlxe
zgmxel
zgmxle
zgxelm
zgxeml
zgxlem
zgxlme
zgxmel
zgxmle
zlegmx
zlegxm
zlemgx
zlemxg
zlexgm
zlexmg
zlgemx
zlgexm
zlgmex
zlgmxe
zlgxem
zlgxme
zlmegx
zlmexg
zlmgex
zlmgxe
zlmxeg
zlmxge
zlxegm
zlxemg
zlxgem
zlxgme
zlxmeg
zlxmge
zmeglx
zmegxl
zmelgx
zmelxg
zmexgl
zmexlg
zmgelx
zmgexl
zmglex
zmglxe
zmgxel
zmgxle
zmlegx
zmlexg
zmlgex
zmlgxe
zmlxeg
zmlxge
zmxegl
zmxelg
zmxgel
zmxgle
zmxleg
zmxlge
zxeglm
zxegml
zxelgm
zxelmg
zxemgl
zxemlg
zxgelm
zxgeml
zxglem
zxglme
zxgmel
zxgmle
zxlegm
zxlemg
zxlgem
zxlgme
zxlmeg
zxlmge
zxmegl
zxmelg
zxmgel
zxmgle
zxmleg
zxmlge
