cegkot
cegkto
cegokt
cegotk
cegtko
cegtok
cekgot
cekgto
cekogt
cekotg
cektgo
cektog
ceogkt
ceogtk
ceokgt
ceoktg
ceotgk
ceotkg
cetgko
cetgok
cetkgo
cetkog
cetogk
cetokg
cgekot
cgekto
cgeokt
cgeotk
cgetko
cgetok
cgkeot
cgketo
cgkoet
cgkote
cgkteo
cgktoe
cgoekt
cgoetk
cgoket
cgokte
cgotek
cgotke
cgteko
cgteok
cgtkeo
cgtkoe
cgtoek
cgtoke
ckegot
ckegto
ckeogt
ckeotg
cketgo
cketog
ckgeot
ckgeto
ckgoet
ckgote
ckgteo
ckgtoe
ckoegt
ckoetg
ckoget
ckogte
ckoteg
ckotge
cktego
ckteog
cktgeo
cktgoe
cktoeg
cktoge
coegkt
coegtk
coekgt
coektg
coetgk
coetkg
cogekt
cogetk
cogket
cogkte
cogtek
cogtke
cokegt
coketg
cokget
cokgte
cokteg
coktge
cotegk
cotekg
cotgek
cotgke
cotkeg
cotkge
ctegko
ctegok
ctekgo
ctekog
cteogk
cteokg
ctgeko
ctgeok
ctgkeo
ctgkoe
ctgoek
ctgoke
ctkego
ctkeog
ctkgeo
ctkgoe
ctkoeg
ctkoge
ctoegk
ctoekg
ctogek
ctogke
ctokeg
ctokge
ecgkot
ecgkto
ecgokt
ecgotk
ecgtko
ecgtok
eckgot
eckgto
eckogt
eckotg
ecktgo
ecktog
ecogkt
ecogtk
ecokgt
ecoktg
ecotgk
ecotkg
ectgko
ectgok
ectkgo
ectkog
ectogk
ectokg
egckot
egckto
egcokt
egcotk
egctko
egctok
egkcot
egkcto
egkoct
egkotc
egktco
egktoc
egockt
egoctk
egokct
egoktc
egotck
egotkc
egtcko
egtcok
egtkco
egtkoc
egtock
egtokc
ekcgot
ekcgto
ekcogt
ekcotg
ekctgo
ekctog
ekgcot
ekgcto
ekgoct
ekgotc
ekgtco
ekgtoc
ekocgt
ekoctg
ekogct
ekogtc
ekotcg
ekotgc
ektcgo
ektcog
ektgco
ektgoc
ektocg
ektogc
eocgkt
eocgtk
eockgt
eocktg
eoctgk
eoctkg
eogckt
eogctk
eogkct
eogktc
eogtck
eogtkc
eokcgt
eokctg
eokgct
eokgtc
eoktcg
eoktgc
eotcgk
eotckg
eotgck
eotgkc
eotkcg
eotkgc
etcgko
etcgok
etckgo
etckog
etcogk
etcokg
etgcko
etgcok
etgkco
etgkoc
etgock
etgokc
etkcgo
etkcog
etkgco
etkgoc
etkocg
etkogc
etocgk
etockg
etogck
etogkc
etokcg
etokgc
gcekot
gcekto
gceokt
gceotk
gcetko
gcetok
gckeot
gcketo
gckoet
gckote
gckteo
gcktoe
gcoekt
gcoetk
gcoket
gcokte
gcotek
gcotke
gcteko
gcteok
gctkeo
gctkoe
gctoek
gctoke
geckot
geckto
gecokt
gecotk
gectko
gectok
gekcot
gekcto
gekoct
gekotc
gektco
gektoc
geockt
geoctk
geokct
geoktc
geotck
geotkc
getcko
getcok
getkco
getkoc
getock
getokc
gkceot
gkceto
gkcoet
gkcote
gkcteo
gkctoe
gkecot
gkecto
gkeoct
gkeotc
gketco
gketoc
gkocet
gkocte
gkoect
gkoetc
gkotce
gkotec
gktceo
gktcoe
gkteco
gkteoc
gktoce
gktoec
gocekt
gocetk
gocket
gockte
goctek
goctke
goeckt
goectk
goekct
goektc
goetck
goetkc
gokcet
gokcte
gokect
goketc
goktce
goktec
gotcek
gotcke
goteck
gotekc
gotkce
gotkec
gtceko
gtceok
gtckeo
gtckoe
gtcoek
gtcoke
gtecko
gtecok
gtekco
gtekoc
gteock
gteokc
gtkceo
gtkcoe
gtkeco
gtkeoc
gtkoce
gtkoec
gtocek
gtocke
gtoeck
gtoekc
gtokce
gtokec
kcegot
kcegto
kceogt
kceotg
kcetgo
kcetog
kcgeot
kcgeto
kcgoet
kcgote
kcgteo
kcgtoe
kcoegt
kcoetg
kcoget
kcogte
kcoteg
kcotge
kctego
kcteog
kctgeo
kctgoe
kctoeg
kctoge
kecgot
kecgto
kecogt
kecotg
kectgo
kectog
kegcot
kegcto
kegoct
kegotc
kegtco
kegtoc
keocgt
keoctg
keogct
keogtc
keotcg
keotgc
ketcgo
ketcog
ketgco
ketgoc
ketocg
ketogc
kgceot
kgceto
kgcoet
kgcote
kgcteo
kgctoe
kgecot
kgecto
kgeoct
kgeotc
kgetco
kgetoc
kgocet
kgocte
kgoect
kgoetc
kgotce
kgotec
kgtceo
kgtcoe
kgteco
kgteoc
kgtoce
kgtoec
kocegt
kocetg
kocget
kocgte
kocteg
koctge
koecgt
koectg
koegct
koegtc
koetcg
koetgc
kogcet
kogcte
kogect
kogetc
kogtce
kogtec
kotceg
kotcge
kotecg
kotegc
kotgce
kotgec
ktcego
ktceog
ktcgeo
ktcgoe
ktcoeg
ktcoge
ktecgo
ktecog
ktegco
ktegoc
kteocg
kteogc
ktgceo
ktgcoe
ktgeco
ktgeoc
ktgoce
ktgoec
ktoceg
ktocge
ktoecg
ktoegc
ktogce
ktogec
ocegkt
ocegtk
ocekgt
ocektg
ocetgk
ocetkg
ocgekt
ocgetk
ocgket
ocgkte
ocgtek
ocgtke
ockegt
ocketg
ockget
ockgte
ockteg
ocktge
octegk
octekg
octgek
octgke
octkeg
octkge
oecgkt
oecgtk
oeckgt
oecktg
oectgk
oectkg
oegckt
oegctk
oegkct
oegktc
oegtck
oegtkc
oekcgt
oekctg
oekgct
oekgtc
oektcg
oektgc
oetcgk
oetckg
oetgck
oetgkc
oetkcg
oetkgc
ogcekt
ogcetk
ogcket
ogckte
ogctek
ogctke
ogeckt
ogectk
ogekct
ogektc
ogetck
ogetkc
ogkcet
ogkcte
ogkect
ogketc
ogktce
ogktec
ogtcek
ogtcke
ogteck
ogtekc
ogtkce
ogtkec
okcegt
okcetg
okcget
okcgte
okcteg
okctge
okecgt
okectg
okegct
okegtc
oketcg
oketgc
okgcet
okgcte
okgect
okgetc
okgtce
okgtec
oktceg
oktcge
oktecg
oktegc
oktgce
oktgec
otcegk
otcekg
otcgek
otcgke
otckeg
otckge
otecgk
oteckg
otegck
otegkc
otekcg
otekgc
otgcek
otgcke
otgeck
otgekc
otgkce
otgkec
otkceg
otkcge
otkecg
otkegc
otkgce
otkgec
tcegko
tcegok
tcekgo
tcekog
tceogk
tceokg
tcgeko
tcgeok
tcgkeo
tcgkoe
tcgoek
tcgoke
tckego
tckeog
tckgeo
tckgoe
tckoeg
tckoge
tcoegk
tcoekg
tcogek
tcogke
tcokeg
tcokge
tecgko
tecgok
teckgo
teckog
tecogk
tecokg
tegcko
tegcok
tegkco
tegkoc
tegock
tegokc
tekcgo
tekcog
tekgco
tekgoc
tekocg
tekogc
teocgk
teockg
teogck
teogkc
teokcg
teokgc
tgceko
tgceok
tgckeo
tgckoe
tgcoek
tgcoke
tgecko
tgecok
tgekco
tgekoc
tgeock
tgeokc
tgkceo
tgkcoe
tgkeco
tgkeoc
tgkoce
tgkoec
tgocek
tgocke
tgoeck
tgoekc
tgokce
tgokec
tkcego
tkceog
tkcgeo
tkcgoe
tkcoeg
tkcoge
tkecgo
tkecog
tkegco
tkegoc
tkeocg
tkeogc
tkgceo
tkgcoe
tkgeco
tkgeoc
tkgoce
tkgoec
tkoceg
tkocge
tkoecg
tkoegc
tkogce
tkogec
tocegk
tocekg
tocgek
tocgke
tockeg
tockge
toecgk
toeckg
toegck
toegkc
toekcg
toekgc
togcek
togcke
togeck
togekc
togkce
togkec
tokceg
tokcge
tokecg
tokegc
tokgce
tokgec
