bcdlmp
bcdlpm
bcdmlp
bcdmpl
bcdplm
bcdpml
bcldmp
bcldpm
bclmdp
bclmpd
bclpdm
bclpmd
bcmdlp
bcmdpl
bcmldp
bcmlpd
bcmpdl
bcmpld
bcpdlm
bcpdml
bcpldm
bcplmd
bcpmdl
bcpmld
bdclmp
bdclpm
bdcmlp
bdcmpl
bdcplm
bdcpml
bdlcmp
bdlcpm
bdlmcp
bdlmpc
bdlpcm
bdlpmc
bdmclp
bdmcpl
bdmlcp
bdmlpc
bdmpcl
bdmplc
bdpclm
bdpcml
bdplcm
bdplmc
bdpmcl
bdpmlc
blcdmp
blcdpm
blcmdp
blcmpd
blcpdm
blcpmd
bldcmp
bldcpm
bldmcp
bldmpc
bldpcm
bldpmc
blmcdp
blmcpd
blmdcp
blmdpc
blmpcd
blmpdc
blpcdm
blpcmd
blpdcm
blpdmc
blpmcd
blpmdc
bmcdlp
bmcdpl
bmcldp
bmclpd
bmcpdl
bmcpld
bmdclp
bmdcpl
bmdlcp
bmdlpc
bmdpcl
bmdplc
bmlcdp
bmlcpd
bmldcp
bmldpc
bmlpcd
bmlpdc
bmpcdl
bmpcld
bmpdcl
bmpdlc
bmplcd
bmpldc
bpcdlm
bpcdml
bpcldm
bpclmd
bpcmdl
bpcmld
bpdclm
bpdcml
bpdlcm
bpdlmc
bpdmcl
bpdmlc
bplcdm
bplcmd
bpldcm
bpldmc
bplmcd
bplmdc
bpmcdl
bpmcld
bpmdcl
bpmdlc
bpmlcd
bpmldc
cbdlmp
cbdlpm
cbdmlp
cbdmpl
cbdplm
cbdpml
cbldmp
cbldpm
cblmdp
cblmpd
cblpdm
cblpmd
cbmdlp
cbmdpl
cbmldp
cbmlpd
cbmpdl
cbmpld
cbpdlm
cbpdml
cbpldm
cbplmd
cbpmdl
cbpmld
cdblmp
cdblpm
cdbmlp
cdbmpl
cdbplm
cdbpml
cdlbmp
cdlbpm
cdlmbp
cdlmpb
cdlpbm
cdlpmb
cdmblp
cdmbpl
cdmlbp
cdmlpb
cdmpbl
cdmplb
cdpblm
cdpbml
cdplbm
cdplmb
cdpmbl
cdpmlb
clbdmp
clbdpm
clbmdp
clbmpd
clbpdm
clbpmd
cldbmp
cldbpm
cldmbp
cldmpb
cldpbm
cldpmb
clmbdp
clmbpd
clmdbp
clmdpb
clmpbd
clmpdb
clpbdm
clpbmd
clpdbm
clpdmb
clpmbd
clpmdb
cmbdlp
cmbdpl
cmbldp
cmblpd
cmbpdl
cmbpld
cmdblp
cmdbpl
cmdlbp
cmdlpb
cmdpbl
cmdplb
cmlbdp
cmlbpd
cmldbp
cmldpb
cmlpbd
cmlpdb
cmpbdl
cmpbld
cmpdbl
cmpdlb
cmplbd
cmpldb
cpbdlm
cpbdml
cpbldm
cpblmd
cpbmdl
cpbmld
cpdblm
cpdbml
cpdlbm
cpdlmb
cpdmbl
cpdmlb
cplbdm
cplbmd
cpldbm
cpldmb
cplmbd
cplmdb
cpmbdl
cpmbld
cpmdbl
cpmdlb
cpmlbd
cpmldb
dbclmp
dbclpm
dbcmlp
dbcmpl
dbcplm
dbcpml
dblcmp
dblcpm
dblmcp
dblmpc
dblpcm
dblpmc
dbmclp
dbmcpl
dbmlcp
dbmlpc
dbmpcl
dbmplc
dbpclm
dbpcml
dbplcm
dbplmc
dbpmcl
dbpmlc
dcblmp
dcblpm
dcbmlp
dcbmpl
dcbplm
dcbpml
dclbmp
dclbpm
dclmbp
dclmpb
dclpbm
dclpmb
dcmblp
dcmbpl
dcmlbp
dcmlpb
dcmpbl
dcmplb
dcpblm
dcpbml
dcplbm
dcplmb
dcpmbl
dcpmlb
dlbcmp
dlbcpm
dlbmcp
dlbmpc
dlbpcm
dlbpmc
dlcbmp
dlcbpm
dlcmbp
dlcmpb
dlcpbm
dlcpmb
dlmbcp
dlmbpc
dlmcbp
dlmcpb
dlmpbc
dlmpcb
dlpbcm
dlpbmc
dlpcbm
dlpcmb
dlpmbc
dlpmcb
dmbclp
dmbcpl
dmblcp
dmblpc
dmbpcl
dmbplc
dmcblp
dmcbpl
dmclbp
dmclpb
dmcpbl
dmcplb
dmlbcp
dmlbpc
dmlcbp
dmlcpb
dmlpbc
dmlpcb
dmpbcl
dmpblc
dmpcbl
dmpclb
dmplbc
dmplcb
dpbclm
dpbcml
dpblcm
dpblmc
dpbmcl
dpbmlc
dpcblm
dpcbml
dpclbm
dpclmb
dpcmbl
dpcmlb
dplbcm
dplbmc
dplcbm
dplcmb
dplmbc
dplmcb
dpmbcl
dpmblc
dpmcbl
dpmclb
dpmlbc
dpmlcb
lbcdmp
lbcdpm
lbcmdp
lbcmpd
lbcpdm
lbcpmd
lbdcmp
lbdcpm
lbdmcp
lbdmpc
lbdpcm
lbdpmc
lbmcdp
lbmcpd
lbmdcp
lbmdpc
lbmpcd
lbmpdc
lbpcdm
lbpcmd
lbpdcm
lbpdmc
lbpmcd
lbpmdc
lcbdmp
lcbdpm
lcbmdp
lcbmpd
lcbpdm
lcbpmd
lcdbmp
lcdbpm
lcdmbp
lcdmpb
lcdpbm
lcdpmb
lcmbdp
lcmbpd
lcmdbp
lcmdpb
lcmpbd
lcmpdb
lcpbdm
lcpbmd
lcpdbm
lcpdmb
lcpmbd
lcpmdb
ldbcmp
ldbcpm
ldbmcp
ldbmpc
ldbpcm
ldbpmc
ldcbmp
ldcbpm
ldcmbp
ldcmpb
ldcpbm
ldcpmb
ldmbcp
ldmbpc
ldmcbp
ldmcpb
ldmpbc
ldmpcb
ldpbcm
ldpbmc
ldpcbm
ldpcmb
ldpmbc
ldpmcb
lmbcdp
lmbcpd
lmbdcp
lmbdpc
lmbpcd
lmbpdc
lmcbdp
lmcbpd
lmcdbp
lmcdpb
lmcpbd
lmcpdb
lmdbcp
lmdbpc
lmdcbp
lmdcpb
lmdpbc
lmdpcb
lmpbcd
lmpbdc
lmpcbd
lmpcdb
lmpdbc
lmpdcb
lpbcdm
lpbcmd
lpbdcm
lpbdmc
lpbmcd
lpbmdc
lpcbdm
lpcbmd
lpcdbm
lpcdmb
lpcmbd
lpcmdb
lpdbcm
lpdbmc
lpdcbm
lpdcmb
lpdmbc
lpdmcb
lpmbcd
lpmbdc
lpmcbd
lpmcdb
lpmdbc
lpmdcb
mbcdlp
mbcdpl
mbcldp
mbclpd
mbcpdl
mbcpld
mbdclp
mbdcpl
mbdlcp
mbdlpc
mbdpcl
mbdplc
mblcdp
mblcpd
mbldcp
mbldpc
mblpcd
mblpdc
mbpcdl
mbpcld
mbpdcl
mbpdlc
mbplcd
mbpldc
mcbdlp
mcbdpl
mcbldp
mcblpd
mcbpdl
mcbpld
mcdblp
mcdbpl
mcdlbp
mcdlpb
mcdpbl
mcdplb
mclbdp
mclbpd
mcldbp
mcldpb
mclpbd
mclpdb
mcpbdl
mcpbld
mcpdbl
mcpdlb
mcplbd
mcpldb
mdbclp
mdbcpl
mdblcp
mdblpc
mdbpcl
mdbplc
mdcblp
mdcbpl
mdclbp
mdclpb
mdcpbl
mdcplb
mdlbcp
mdlbpc
mdlcbp
mdlcpb
mdlpbc
mdlpcb
mdpbcl
mdpblc
mdpcbl
mdpclb
mdplbc
mdplcb
mlbcdp
mlbcpd
mlbdcp
mlbdpc
mlbpcd
mlbpdc
mlcbdp
mlcbpd
mlcdbp
mlcdpb
mlcpbd
mlcpdb
mldbcp
mldbpc
mldcbp
mldcpb
mldpbc
mldpcb
mlpbcd
mlpbdc
mlpcbd
mlpcdb
mlpdbc
mlpdcb
mpbcdl
mpbcld
mpbdcl
mpbdlc
mpblcd
mpbldc
mpcbdl
mpcbld
mpcdbl
mpcdlb
mpclbd
mpcldb
mpdbcl
mpdblc
mpdcbl
mpdclb
mpdlbc
mpdlcb
mplbcd
mplbdc
mplcbd
mplcdb
mpldbc
mpldcb
pbcdlm
pbcdml
pbcldm
pbclmd
pbcmdl
pbcmld
pbdclm
pbdcml
pbdlcm
pbdlmc
pbdmcl
pbdmlc
pblcdm
pblcmd
pbldcm
pbldmc
pblmcd
pblmdc
pbmcdl
pbmcld
pbmdcl
pbmdlc
pbmlcd
pbmldc
pcbdlm
pcbdml
pcbldm
pcblmd
pcbmdl
pcbmld
pcdblm
pcdbml
pcdlbm
pcdlmb
pcdmbl
pcdmlb
pclbdm
pclbmd
pcldbm
pcldmb
pclmbd
pclmdb
pcmbdl
pcmbld
pcmdbl
pcmdlb
pcmlbd
pcmldb
pdbclm
pdbcml
pdblcm
pdblmc
pdbmcl
pdbmlc
pdcblm
pdcbml
pdclbm
pdclmb
pdcmbl
pdcmlb
pdlbcm
pdlbmc
pdlcbm
pdlcmb
pdlmbc
pdlmcb
pdmbcl
pdmblc
pdmcbl
pdmclb
pdmlbc
pdmlcb
plbcdm
plbcmd
plbdcm
plbdmc
plbmcd
plbmdc
plcbdm
plcbmd
plcdbm
plcdmb
plcmbd
plcmdb
pldbcm
pldbmc
pldcbm
pldcmb
pldmbc
pldmcb
plmbcd
plmbdc
plmcbd
plmcdb
plmdbc
plmdcb
pmbcdl
pmbcld
pmbdcl
pmbdlc
pmblcd
pmbldc
pmcbdl
pmcbld
pmcdbl
pmcdlb
pmclbd
pmcldb
pmdbcl
pmdblc
pmdcbl
pmdclb
pmdlbc
pmdlcb
pmlbcd
pmlbdc
pmlcbd
pmlcdb
pmldbc
pmldcb
