ejlopw
ejlowp
ejlpow
ejlpwo
ejlwop
ejlwpo
ejolpw
ejolwp
ejoplw
ejopwl
ejowlp
ejowpl
ejplow
ejplwo
ejpolw
ejpowl
ejpwlo
ejpwol
ejwlop
ejwlpo
ejwolp
ejwopl
ejwplo
ejwpol
eljopw
eljowp
eljpow
eljpwo
eljwop
eljwpo
elojpw
elojwp
elopjw
elopwj
elowjp
elowpj
elpjow
elpjwo
elpojw
elpowj
elpwjo
elpwoj
elwjop
elwjpo
elwojp
elwopj
elwpjo
elwpoj
eojlpw
eojlwp
eojplw
eojpwl
eojwlp
eojwpl
eoljpw
eoljwp
eolpjw
eolpwj
eolwjp
eolwpj
eopjlw
eopjwl
eopljw
eoplwj
eopwjl
eopwlj
eowjlp
eowjpl
eowljp
eowlpj
eowpjl
eowplj
epjlow
epjlwo
epjolw
epjowl
epjwlo
epjwol
epljow
epljwo
eplojw
eplowj
eplwjo
eplwoj
epojlw
epojwl
epoljw
epolwj
epowjl
epowlj
epwjlo
epwjol
epwljo
epwloj
epwojl
epwolj
ewjlop
ewjlpo
ewjolp
ewjopl
ewjplo
ewjpol
ewljop
ewljpo
ewlojp
ewlopj
ewlpjo
ewlpoj
ewojlp
ewojpl
ewoljp
ewolpj
ewopjl
ewoplj
ewpjlo
ewpjol
ewpljo
ewploj
ewpojl
ewpolj
jelopw
jelowp
jelpow
jelpwo
jelwop
jelwpo
jeolpw
jeolwp
jeoplw
jeopwl
jeowlp
jeowpl
jeplow
jeplwo
jepolw
jepowl
jepwlo
jepwol
jewlop
jewlpo
jewolp
jewopl
jewplo
jewpol
jleopw
jleowp
jlepow
jlepwo
jlewop
jlewpo
jloepw
jloewp
jlopew
jlopwe
jlowep
jlowpe
jlpeow
jlpewo
jlpoew
jlpowe
jlpweo
jlpwoe
jlweop
jlwepo
jlwoep
jlwope
jlwpeo
jlwpoe
joelpw
joelwp
joeplw
joepwl
joewlp
joewpl
jolepw
jolewp
jolpew
jolpwe
jolwep
jolwpe
jopelw
jopewl
joplew
joplwe
jopwel
jopwle
jowelp
jowepl
jowlep
jowlpe
jowpel
jowple
jpelow
jpelwo
jpeolw
jpeowl
jpewlo
jpewol
jpleow
jplewo
jploew
jplowe
jplweo
jplwoe
jpoelw
jpoewl
jpolew
jpolwe
jpowel
jpowle
jpwelo
jpweol
jpwleo
jpwloe
jpwoel
jpwole
jwelop
jwelpo
jweolp
jweopl
jweplo
jwepol
jwleop
jwlepo
jwloep
jwlope
jwlpeo
jwlpoe
jwoelp
jwoepl
jwolep
jwolpe
jwopel
jwople
jwpelo
jwpeol
jwpleo
jwploe
jwpoel
jwpole
lejopw
lejowp
lejpow
lejpwo
lejwop
lejwpo
leojpw
leojwp
leopjw
leopwj
leowjp
leowpj
lepjow
lepjwo
lepojw
lepowj
lepwjo
lepwoj
lewjop
lewjpo
lewojp
lewopj
lewpjo
lewpoj
ljeopw
ljeowp
ljepow
ljepwo
ljewop
ljewpo
ljoepw
ljoewp
ljopew
ljopwe
ljowep
ljowpe
ljpeow
ljpewo
ljpoew
ljpowe
ljpweo
ljpwoe
ljweop
ljwepo
ljwoep
ljwope
ljwpeo
ljwpoe
loejpw
loejwp
loepjw
loepwj
loewjp
loewpj
lojepw
lojewp
lojpew
lojpwe
lojwep
lojwpe
lopejw
lopewj
lopjew
lopjwe
lopwej
lopwje
lowejp
lowepj
lowjep
lowjpe
lowpej
lowpje
lpejow
lpejwo
lpeojw
lpeowj
lpewjo
lpewoj
lpjeow
lpjewo
lpjoew
lpjowe
lpjweo
lpjwoe
lpoejw
lpoewj
lpojew
lpojwe
lpowej
lpowje
lpwejo
lpweoj
lpwjeo
lpwjoe
lpwoej
lpwoje
lwejop
lwejpo
lweojp
lweopj
lwepjo
lwepoj
lwjeop
lwjepo
lwjoep
lwjope
lwjpeo
lwjpoe
lwoejp
lwoepj
lwojep
lwojpe
lwopej
lwopje
lwpejo
lwpeoj
lwpjeo
lwpjoe
lwpoej
lwpoje
oejlpw
oejlwp
oejplw
oejpwl
oejwlp
oejwpl
oeljpw
oeljwp
oelpjw
oelpwj
oelwjp
oelwpj
oepjlw
oepjwl
oepljw
oeplwj
oepwjl
oepwlj
oewjlp
oewjpl
oewljp
oewlpj
oewpjl
oewplj
ojelpw
ojelwp
ojeplw
ojepwl
ojewlp
ojewpl
ojlepw
ojlewp
ojlpew
ojlpwe
ojlwep
ojlwpe
ojpelw
ojpewl
ojplew
ojplwe
ojpwel
ojpwle
ojwelp
ojwepl
ojwlep
ojwlpe
ojwpel
ojwple
olejpw
olejwp
olepjw
olepwj
olewjp
olewpj
oljepw
oljewp
oljpew
oljpwe
oljwep
oljwpe
olpejw
olpewj
olpjew
olpjwe
olpwej
olpwje
olwejp
olwepj
olwjep
olwjpe
olwpej
olwpje
opejlw
opejwl
opeljw
opelwj
opewjl
opewlj
opjelw
opjewl
opjlew
opjlwe
opjwel
opjwle
oplejw
oplewj
opljew
opljwe
oplwej
oplwje
opwejl
opwelj
opwjel
opwjle
opwlej
opwlje
owejlp
owejpl
oweljp
owelpj
owepjl
oweplj
owjelp
owjepl
owjlep
owjlpe
owjpel
owjple
owlejp
owlepj
owljep
owljpe
owlpej
owlpje
owpejl
owpelj
owpjel
owpjle
owplej
owplje
pejlow
pejlwo
pejolw
pejowl
pejwlo
pejwol
peljow
peljwo
pelojw
pelowj
pelwjo
pelwoj
peojlw
peojwl
peoljw
peolwj
peowjl
peowlj
pewjlo
pewjol
pewljo
pewloj
pewojl
pewolj
pjelow
pjelwo
pjeolw
pjeowl
pjewlo
pjewol
pjleow
pjlewo
pjloew
pjlowe
pjlweo
pjlwoe
pjoelw
pjoewl
pjolew
pjolwe
pjowel
pjowle
pjwelo
pjweol
pjwleo
pjwloe
pjwoel
pjwole
plejow
plejwo
pleojw
pleowj
plewjo
plewoj
pljeow
pljewo
pljoew
pljowe
pljweo
pljwoe
ploejw
ploewj
plojew
plojwe
plowej
plowje
plwejo
plweoj
plwjeo
plwjoe
plwoej
plwoje
poejlw
poejwl
poeljw
poelwj
poewjl
poewlj
pojelw
pojewl
pojlew
pojlwe
pojwel
pojwle
polejw
polewj
poljew
poljwe
polwej
polwje
powejl
powelj
powjel
powjle
powlej
powlje
pwejlo
pwejol
pweljo
pweloj
pweojl
pweolj
pwjelo
pwjeol
pwjleo
pwjloe
pwjoel
pwjole
pwlejo
pwleoj
pwljeo
pwljoe
pwloej
pwloje
pwoejl
pwoelj
pwojel
pwojle
pwolej
pwolje
wejlop
wejlpo
wejolp
wejopl
wejplo
wejpol
weljop
weljpo
welojp
welopj
welpjo
welpoj
weojlp
weojpl
weoljp
weolpj
weopjl
weoplj
wepjlo
wepjol
wepljo
weploj
wepojl
wepolj
wjelop
wjelpo
wjeolp
wjeopl
wjeplo
wjepol
wjleop
wjlepo
wjloep
wjlope
wjlpeo
wjlpoe
wjoelp
wjoepl
wjolep
wjolpe
wjopel
wjople
wjpelo
wjpeol
wjpleo
wjploe
wjpoel
wjpole
wlejop
wlejpo
wleojp
wleopj
wlepjo
wlepoj
wljeop
wljepo
wljoep
wljope
wljpeo
wljpoe
wloejp
wloepj
wlojep
wlojpe
wlopej
wlopje
wlpejo
wlpeoj
wlpjeo
wlpjoe
wlpoej
wlpoje
woejlp
woejpl
woeljp
woelpj
woepjl
woeplj
wojelp
wojepl
wojlep
wojlpe
wojpel
wojple
wolejp
wolepj
woljep
woljpe
wolpej
wolpje
wopejl
wopelj
wopjel
wopjle
woplej
woplje
wpejlo
wpejol
wpeljo
wpeloj
wpeojl
wpeolj
wpjelo
wpjeol
wpjleo
wpjloe
wpjoel
wpjole
wplejo
wpleoj
wpljeo
wpljoe
wploej
wploje
wpoejl
wpoelj
wpojel
wpojle
wpolej
wpolje
