adlmqy
adlmyq
adlqmy
adlqym
adlymq
adlyqm
admlqy
admlyq
admqly
admqyl
admylq
admyql
adqlmy
adqlym
adqmly
adqmyl
adqylm
adqyml
adylmq
adylqm
adymlq
adymql
adyqlm
adyqml
aldmqy
aldmyq
aldqmy
aldqym
aldymq
aldyqm
almdqy
almdyq
almqdy
almqyd
almydq
almyqd
alqdmy
alqdym
alqmdy
alqmyd
alqydm
alqymd
alydmq
alydqm
alymdq
alymqd
alyqdm
alyqmd
amdlqy
amdlyq
amdqly
amdqyl
amdylq
amdyql
amldqy
amldyq
amlqdy
amlqyd
amlydq
amlyqd
amqdly
amqdyl
amqldy
amqlyd
amqydl
amqyld
amydlq
amydql
amyldq
amylqd
amyqdl
amyqld
aqdlmy
aqdlym
aqdmly
aqdmyl
aqdylm
aqdyml
aqldmy
aqldym
aqlmdy
aqlmyd
aqlydm
aqlymd
aqmdly
aqmdyl
aqmldy
aqmlyd
aqmydl
aqmyld
aqydlm
aqydml
aqyldm
aqylmd
aqymdl
aqymld
aydlmq
aydlqm
aydmlq
aydmql
aydqlm
aydqml
ayldmq
ayldqm
aylmdq
aylmqd
aylqdm
aylqmd
aymdlq
aymdql
aymldq
aymlqd
aymqdl
aymqld
ayqdlm
ayqdml
ayqldm
ayqlmd
ayqmdl
ayqmld
dalmqy
dalmyq
dalqmy
dalqym
dalymq
dalyqm
damlqy
damlyq
damqly
damqyl
damylq
damyql
daqlmy
daqlym
daqmly
daqmyl
daqylm
daqyml
daylmq
daylqm
daymlq
daymql
dayqlm
dayqml
dlamqy
dlamyq
dlaqmy
dlaqym
dlaymq
dlayqm
dlmaqy
dlmayq
dlmqay
dlmqya
dlmyaq
dlmyqa
dlqamy
dlqaym
dlqmay
dlqmya
dlqyam
dlqyma
dlyamq
dlyaqm
dlymaq
dlymqa
dlyqam
dlyqma
dmalqy
dmalyq
dmaqly
dmaqyl
dmaylq
dmayql
dmlaqy
dmlayq
dmlqay
dmlqya
dmlyaq
dmlyqa
dmqaly
dmqayl
dmqlay
dmqlya
dmqyal
dmqyla
dmyalq
dmyaql
dmylaq
dmylqa
dmyqal
dmyqla
dqalmy
dqalym
dqamly
dqamyl
dqaylm
dqayml
dqlamy
dqlaym
dqlmay
dqlmya
dqlyam
dqlyma
dqmaly
dqmayl
dqmlay
dqmlya
dqmyal
dqmyla
dqyalm
dqyaml
dqylam
dqylma
dqymal
dqymla
dyalmq
dyalqm
dyamlq
dyamql
dyaqlm
dyaqml
dylamq
dylaqm
dylmaq
dylmqa
dylqam
dylqma
dymalq
dymaql
dymlaq
dymlqa
dymqal
dymqla
dyqalm
dyqaml
dyqlam
dyqlma
dyqmal
dyqmla
ladmqy
ladmyq
ladqmy
ladqym
ladymq
ladyqm
lamdqy
lamdyq
lamqdy
lamqyd
lamydq
lamyqd
laqdmy
laqdym
laqmdy
laqmyd
laqydm
laqymd
laydmq
laydqm
laymdq
laymqd
layqdm
layqmd
ldamqy
ldamyq
ldaqmy
ldaqym
ldaymq
ldayqm
ldmaqy
ldmayq
ldmqay
ldmqya
ldmyaq
ldmyqa
ldqamy
ldqaym
ldqmay
ldqmya
ldqyam
ldqyma
ldyamq
ldyaqm
ldymaq
ldymqa
ldyqam
ldyqma
lmadqy
lmadyq
lmaqdy
lmaqyd
lmaydq
lmayqd
lmdaqy
lmdayq
lmdqay
lmdqya
lmdyaq
lmdyqa
lmqady
lmqayd
lmqday
lmqdya
lmqyad
lmqyda
lmyadq
lmyaqd
lmydaq
lmydqa
lmyqad
lmyqda
lqadmy
lqadym
lqamdy
lqamyd
lqaydm
lqaymd
lqdamy
lqdaym
lqdmay
lqdmya
lqdyam
lqdyma
lqmady
lqmayd
lqmday
lqmdya
lqmyad
lqmyda
lqyadm
lqyamd
lqydam
lqydma
lqymad
lqymda
lyadmq
lyadqm
lyamdq
lyamqd
lyaqdm
lyaqmd
lydamq
lydaqm
lydmaq
lydmqa
lydqam
lydqma
lymadq
lymaqd
lymdaq
lymdqa
lymqad
lymqda
lyqadm
lyqamd
lyqdam
lyqdma
lyqmad
lyqmda
madlqy
madlyq
madqly
madqyl
madylq
madyql
maldqy
maldyq
malqdy
malqyd
malydq
malyqd
maqdly
maqdyl
maqldy
maqlyd
maqydl
maqyld
maydlq
maydql
mayldq
maylqd
mayqdl
mayqld
mdalqy
mdalyq
mdaqly
mdaqyl
mdaylq
mdayql
mdlaqy
mdlayq
mdlqay
mdlqya
mdlyaq
mdlyqa
mdqaly
mdqayl
mdqlay
mdqlya
mdqyal
mdqyla
mdyalq
mdyaql
mdylaq
mdylqa
mdyqal
mdyqla
mladqy
mladyq
mlaqdy
mlaqyd
mlaydq
mlayqd
mldaqy
mldayq
mldqay
mldqya
mldyaq
mldyqa
mlqady
mlqayd
mlqday
mlqdya
mlqyad
mlqyda
mlyadq
mlyaqd
mlydaq
mlydqa
mlyqad
mlyqda
mqadly
mqadyl
mqaldy
mqalyd
mqaydl
mqayld
mqdaly
mqdayl
mqdlay
mqdlya
mqdyal
mqdyla
mqlady
mqlayd
mqlday
mqldya
mqlyad
mqlyda
mqyadl
mqyald
mqydal
mqydla
mqylad
mqylda
myadlq
myadql
myaldq
myalqd
myaqdl
myaqld
mydalq
mydaql
mydlaq
mydlqa
mydqal
mydqla
myladq
mylaqd
myldaq
myldqa
mylqad
mylqda
myqadl
myqald
myqdal
myqdla
myqlad
myqlda
qadlmy
qadlym
qadmly
qadmyl
qadylm
qadyml
qaldmy
qaldym
qalmdy
qalmyd
qalydm
qalymd
qamdly
qamdyl
qamldy
qamlyd
qamydl
qamyld
qaydlm
qaydml
qayldm
qaylmd
qaymdl
qaymld
qdalmy
qdalym
qdamly
qdamyl
qdaylm
qdayml
qdlamy
qdlaym
qdlmay
qdlmya
qdlyam
qdlyma
qdmaly
qdmayl
qdmlay
qdmlya
qdmyal
qdmyla
qdyalm
qdyaml
qdylam
qdylma
qdymal
qdymla
qladmy
qladym
qlamdy
qlamyd
qlaydm
qlaymd
qldamy
qldaym
qldmay
qldmya
qldyam
qldyma
qlmady
qlmayd
qlmday
qlmdya
qlmyad
qlmyda
qlyadm
qlyamd
qlydam
qlydma
qlymad
qlymda
qmadly
qmadyl
qmaldy
qmalyd
qmaydl
qmayld
qmdaly
qmdayl
qmdlay
qmdlya
qmdyal
qmdyla
qmlady
qmlayd
qmlday
qmldya
qmlyad
qmlyda
qmyadl
qmyald
qmydal
qmydla
qmylad
qmylda
qyadlm
qyadml
qyaldm
qyalmd
qyamdl
qyamld
qydalm
qydaml
qydlam
qydlma
qydmal
qydmla
qyladm
qylamd
qyldam
qyldma
qylmad
qylmda
qymadl
qymald
qymdal
qymdla
qymlad
qymlda
yadlmq
yadlqm
yadmlq
yadmql
yadqlm
yadqml
yaldmq
yaldqm
yalmdq
yalmqd
yalqdm
yalqmd
yamdlq
yamdql
yamldq
yamlqd
yamqdl
yamqld
yaqdlm
yaqdml
yaqldm
yaqlmd
yaqmdl
yaqmld
ydalmq
ydalqm
ydamlq
ydamql
ydaqlm
ydaqml
ydlamq
ydlaqm
ydlmaq
ydlmqa
ydlqam
ydlqma
ydmalq
ydmaql
ydmlaq
ydmlqa
ydmqal
ydmqla
ydqalm
ydqaml
ydqlam
ydqlma
ydqmal
ydqmla
yladmq
yladqm
ylamdq
ylamqd
ylaqdm
ylaqmd
yldamq
yldaqm
yldmaq
yldmqa
yldqam
yldqma
ylmadq
ylmaqd
ylmdaq
ylmdqa
ylmqad
ylmqda
ylqadm
ylqamd
ylqdam
ylqdma
ylqmad
ylqmda
ymadlq
ymadql
ymaldq
ymalqd
ymaqdl
ymaqld
ymdalq
ymdaql
ymdlaq
ymdlqa
ymdqal
ymdqla
ymladq
ymlaqd
ymldaq
ymldqa
ymlqad
ymlqda
ymqadl
ymqald
ymqdal
ymqdla
ymqlad
ymqlda
yqadlm
yqadml
yqaldm
yqalmd
yqamdl
yqamld
yqdalm
yqdaml
yqdlam
yqdlma
yqdmal
yqdmla
yqladm
yqlamd
yqldam
yqldma
yqlmad
yqlmda
yqmadl
yqmald
yqmdal
yqmdla
yqmlad
yqmlda
