cdemnp
cdempn
cdenmp
cdenpm
cdepmn
cdepnm
cdmenp
cdmepn
cdmnep
cdmnpe
cdmpen
cdmpne
cdnemp
cdnepm
cdnmep
cdnmpe
cdnpem
cdnpme
cdpemn
cdpenm
cdpmen
cdpmne
cdpnem
cdpnme
cedmnp
cedmpn
cednmp
cednpm
cedpmn
cedpnm
cemdnp
cemdpn
cemndp
cemnpd
cempdn
cempnd
cendmp
cendpm
cenmdp
cenmpd
cenpdm
cenpmd
cepdmn
cepdnm
cepmdn
cepmnd
cepndm
cepnmd
cmdenp
cmdepn
cmdnep
cmdnpe
cmdpen
cmdpne
cmednp
cmedpn
cmendp
cmenpd
cmepdn
cmepnd
cmndep
cmndpe
cmnedp
cmnepd
cmnpde
cmnped
cmpden
cmpdne
cmpedn
cmpend
cmpnde
cmpned
cndemp
cndepm
cndmep
cndmpe
cndpem
cndpme
cnedmp
cnedpm
cnemdp
cnempd
cnepdm
cnepmd
cnmdep
cnmdpe
cnmedp
cnmepd
cnmpde
cnmped
cnpdem
cnpdme
cnpedm
cnpemd
cnpmde
cnpmed
cpdemn
cpdenm
cpdmen
cpdmne
cpdnem
cpdnme
cpedmn
cpednm
cpemdn
cpemnd
cpendm
cpenmd
cpmden
cpmdne
cpmedn
cpmend
cpmnde
cpmned
cpndem
cpndme
cpnedm
cpnemd
cpnmde
cpnmed
dcemnp
dcempn
dcenmp
dcenpm
dcepmn
dcepnm
dcmenp
dcmepn
dcmnep
dcmnpe
dcmpen
dcmpne
dcnemp
dcnepm
dcnmep
dcnmpe
dcnpem
dcnpme
dcpemn
dcpenm
dcpmen
dcpmne
dcpnem
dcpnme
decmnp
decmpn
decnmp
decnpm
decpmn
decpnm
demcnp
demcpn
demncp
demnpc
dempcn
dempnc
dencmp
dencpm
denmcp
denmpc
denpcm
denpmc
depcmn
depcnm
depmcn
depmnc
depncm
depnmc
dmcenp
dmcepn
dmcnep
dmcnpe
dmcpen
dmcpne
dmecnp
dmecpn
dmencp
dmenpc
dmepcn
dmepnc
dmncep
dmncpe
dmnecp
dmnepc
dmnpce
dmnpec
dmpcen
dmpcne
dmpecn
dmpenc
dmpnce
dmpnec
dncemp
dncepm
dncmep
dncmpe
dncpem
dncpme
dnecmp
dnecpm
dnemcp
dnempc
dnepcm
dnepmc
dnmcep
dnmcpe
dnmecp
dnmepc
dnmpce
dnmpec
dnpcem
dnpcme
dnpecm
dnpemc
dnpmce
dnpmec
dpcemn
dpcenm
dpcmen
dpcmne
dpcnem
dpcnme
dpecmn
dpecnm
dpemcn
dpemnc
dpencm
dpenmc
dpmcen
dpmcne
dpmecn
dpmenc
dpmnce
dpmnec
dpncem
dpncme
dpnecm
dpnemc
dpnmce
dpnmec
ecdmnp
ecdmpn
ecdnmp
ecdnpm
ecdpmn
ecdpnm
ecmdnp
ecmdpn
ecmndp
ecmnpd
ecmpdn
ecmpnd
ecndmp
ecndpm
ecnmdp
ecnmpd
ecnpdm
ecnpmd
ecpdmn
ecpdnm
ecpmdn
ecpmnd
ecpndm
ecpnmd
edcmnp
edcmpn
edcnmp
edcnpm
edcpmn
edcpnm
edmcnp
edmcpn
edmncp
edmnpc
edmpcn
edmpnc
edncmp
edncpm
ednmcp
ednmpc
ednpcm
ednpmc
edpcmn
edpcnm
edpmcn
edpmnc
edpncm
edpnmc
emcdnp
emcdpn
emcndp
emcnpd
emcpdn
emcpnd
emdcnp
emdcpn
emdncp
emdnpc
emdpcn
emdpnc
emncdp
emncpd
emndcp
emndpc
emnpcd
emnpdc
empcdn
empcnd
empdcn
empdnc
empncd
empndc
encdmp
encdpm
encmdp
encmpd
encpdm
encpmd
endcmp
endcpm
endmcp
endmpc
endpcm
endpmc
enmcdp
enmcpd
enmdcp
enmdpc
enmpcd
enmpdc
enpcdm
enpcmd
enpdcm
enpdmc
enpmcd
enpmdc
epcdmn
epcdnm
epcmdn
epcmnd
epcndm
epcnmd
epdcmn
epdcnm
epdmcn
epdmnc
epdncm
epdnmc
epmcdn
epmcnd
epmdcn
epmdnc
epmncd
epmndc
epncdm
epncmd
epndcm
epndmc
epnmcd
epnmdc
mcdenp
mcdepn
mcdnep
mcdnpe
mcdpen
mcdpne
mcednp
mcedpn
mcendp
mcenpd
mcepdn
mcepnd
mcndep
mcndpe
mcnedp
mcnepd
mcnpde
mcnped
mcpden
mcpdne
mcpedn
mcpend
mcpnde
mcpned
mdcenp
mdcepn
mdcnep
mdcnpe
mdcpen
mdcpne
mdecnp
mdecpn
mdencp
mdenpc
mdepcn
mdepnc
mdncep
mdncpe
mdnecp
mdnepc
mdnpce
mdnpec
mdpcen
mdpcne
mdpecn
mdpenc
mdpnce
mdpnec
mecdnp
mecdpn
mecndp
mecnpd
mecpdn
mecpnd
medcnp
medcpn
medncp
mednpc
medpcn
medpnc
mencdp
mencpd
mendcp
mendpc
menpcd
menpdc
mepcdn
mepcnd
mepdcn
mepdnc
mepncd
mepndc
mncdep
mncdpe
mncedp
mncepd
mncpde
mncped
mndcep
mndcpe
mndecp
mndepc
mndpce
mndpec
mnecdp
mnecpd
mnedcp
mnedpc
mnepcd
mnepdc
mnpcde
mnpced
mnpdce
mnpdec
mnpecd
mnpedc
mpcden
mpcdne
mpcedn
mpcend
mpcnde
mpcned
mpdcen
mpdcne
mpdecn
mpdenc
mpdnce
mpdnec
mpecdn
mpecnd
mpedcn
mpednc
mpencd
mpendc
mpncde
mpnced
mpndce
mpndec
mpnecd
mpnedc
ncdemp
ncdepm
ncdmep
ncdmpe
ncdpem
ncdpme
ncedmp
ncedpm
ncemdp
ncempd
ncepdm
ncepmd
ncmdep
ncmdpe
ncmedp
ncmepd
ncmpde
ncmped
ncpdem
ncpdme
ncpedm
ncpemd
ncpmde
ncpmed
ndcemp
ndcepm
ndcmep
ndcmpe
ndcpem
ndcpme
ndecmp
ndecpm
ndemcp
ndempc
ndepcm
ndepmc
ndmcep
ndmcpe
ndmecp
ndmepc
ndmpce
ndmpec
ndpcem
ndpcme
ndpecm
ndpemc
ndpmce
ndpmec
necdmp
necdpm
necmdp
necmpd
necpdm
necpmd
nedcmp
nedcpm
nedmcp
nedmpc
nedpcm
nedpmc
nemcdp
nemcpd
nemdcp
nemdpc
nempcd
nempdc
nepcdm
nepcmd
nepdcm
nepdmc
nepmcd
nepmdc
nmcdep
nmcdpe
nmcedp
nmcepd
nmcpde
nmcped
nmdcep
nmdcpe
nmdecp
nmdepc
nmdpce
nmdpec
nmecdp
nmecpd
nmedcp
nmedpc
nmepcd
nmepdc
nmpcde
nmpced
nmpdce
nmpdec
nmpecd
nmpedc
npcdem
npcdme
npcedm
npcemd
npcmde
npcmed
npdcem
npdcme
npdecm
npdemc
npdmce
npdmec
npecdm
npecmd
npedcm
npedmc
npemcd
npemdc
npmcde
npmced
npmdce
npmdec
npmecd
npmedc
pcdemn
pcdenm
pcdmen
pcdmne
pcdnem
pcdnme
pcedmn
pcednm
pcemdn
pcemnd
pcendm
pcenmd
pcmden
pcmdne
pcmedn
pcmend
pcmnde
pcmned
pcndem
pcndme
pcnedm
pcnemd
pcnmde
pcnmed
pdcemn
pdcenm
pdcmen
pdcmne
pdcnem
pdcnme
pdecmn
pdecnm
pdemcn
pdemnc
pdencm
pdenmc
pdmcen
pdmcne
pdmecn
pdmenc
pdmnce
pdmnec
pdncem
pdncme
pdnecm
pdnemc
pdnmce
pdnmec
pecdmn
pecdnm
pecmdn
pecmnd
pecndm
pecnmd
pedcmn
pedcnm
pedmcn
pedmnc
pedncm
pednmc
pemcdn
pemcnd
pemdcn
pemdnc
pemncd
pemndc
pencdm
pencmd
pendcm
pendmc
penmcd
penmdc
pmcden
pmcdne
pmcedn
pmcend
pmcnde
pmcned
pmdcen
pmdcne
pmdecn
pmdenc
pmdnce
pmdnec
pmecdn
pmecnd
pmedcn
pmednc
pmencd
pmendc
pmncde
pmnced
pmndce
pmndec
pmnecd
pmnedc
pncdem
pncdme
pncedm
pncemd
pncmde
pncmed
pndcem
pndcme
pndecm
pndemc
pndmce
pndmec
pnecdm
pnecmd
pnedcm
pnedmc
pnemcd
pnemdc
pnmcde
pnmced
pnmdce
pnmdec
pnmecd
pnmedc
