25711
12745
34726
28630
24488
32675
35207
10738
28175
35468
12902
32759
19843
37124
2806
21106
42464
43793
12636
15158
47188
9061
32158
26970
24644
33410
41182
7076
6783
4890
29983
36967
42101
37703
21972
38626
17589
28128
1478
3180
9418
13525
35469
24747
17690
17387
31621
11085
24750
15819
2709
11728
22007
41273
19172
37859
8541
3708
11685
16376
43860
12289
4494
38166
55779
12804
33558
38977
21964
45690
8149
20641
36252
10469
10196
5928
49302
45489
16429
13505
2746
32490
45259
41064
21453
22387
7799
2713
12108
37098
31129
43699
49193
3954
40206
32308
39973
40102
30378
18032
19683
31107
40825
34372
16830
1161
8993
19426
17876
27046
30685
8553
37754
22920
41536
14660
15754
39198
12903
15575
1928
16704
1040
8519
7971
12133
38829
36848
26450
6305
37204
18869
34211
37546
38898
42213
49313
21692
46648
20647
37402
11029
30278
17153
44642
19338
27829
14362
5833
25138
35153
6346
47165
2754
40932
24033
10879
25804
32654
21923
16699
35385
4221
27418
40258
44193
36493
4356
36048
10265
1519
2160
37119
22498
26320
14386
36324
11734
21057
22252
24478
36028
38899
23796
15602
32042
41915
43656
13140
7958
40077
31700
37539
42650
8438
22394
23779
22199
41970
13269
26317
33988
36789
42057
38017
41778
21168
29141
15245
10183
17855
9104
46635
14188
13323
48286
30936
50906
42913
18417
44267
43513
26748
52449
31592
24023
39812
4243
37321
42441
5125
15396
42920
40990
28064
23458
30192
41763
24922
22909
18409
37253
43366
27393
37232
13212
20791
9083
35329
46924
39006
31556
7323
33731
6384
16722
3072
47094
20676
45022
43597
27513
20232
13599
44732
10995
24160
47988
16869
39579
17334
41324
23769
36638
18951
26721
23575
9899
10304
21263
8453
8874
8976
2544
46819
43914
35768
48301
37734
9336
30982
7410
43088
9992
34549
8681
15974
7082
4277
42347
17908
36719
50129
15922
4230
33816
22177
16990
36182
51389
4079
36671
577
20442
701
8940
21445
12635
32895
28897
5383
31310
16607
49886
40706
6117
6625
24150
27377
14385
988
33758
28119
21149
43400
51644
43509
6206
20304
6349
32396
24611
19894
29476
43569
33301
35991
42479
2220
16914
9393
6518
2311
2529
8361
43028
10873
37128
38617
45499
8222
27362
2921
14228
32541
25217
4053
19845
45021
26748
49492
40289
16471
25860
13647
595
25518
28216
41745
12795
38676
23680
11977
30691
31115
15846
44306
48474
6823
29485
44722
12370
25021
50628
2233
38795
45874
16543
30884
51815
23287
37507
23443
37633
28863
33808
22340
47911
12170
16096
6052
31408
36996
45791
43566
39470
13599
29300
36525
7551
25974
19159
20221
35225
9705
24738
21145
2707
44301
735
10517
31988
7270
43822
3147
13263
10715
43490
20330
5101
30328
31114
45706
20307
23127
19453
16721
18320
45639
29689
33949
7789
50971
46235
36306
3048
28605
32856
17282
35157
44628
12785
26639
18007
51637
3567
45387
41395
16778
7961
11756
5654
12091
10952
