18727
26878
15738
40258
7030
20403
23245
44233
33512
20448
32163
37443
41939
50877
3827
9690
482
36704
37996
33370
8349
27022
33657
4215
56268
30309
5385
39456
1263
38164
48445
27380
13182
41862
17689
36171
46310
8179
16664
31534
12453
42794
7918
31555
46081
31295
35044
12573
34964
39492
13625
46154
779
14281
26012
11305
40302
1187
10233
31199
34956
1419
41097
17641
24902
4195
30826
29431
4094
32092
7585
46291
5674
6087
26680
21187
6890
41584
43423
8468
840
17849
12094
12914
1235
33905
10473
3743
25135
37158
5515
28199
32019
38434
33540
7241
27763
26051
33927
38881
31103
9209
20380
40075
37906
10038
24120
17151
15321
623
22201
10079
16435
32341
31696
47675
29060
38410
33727
18819
25716
7513
26658
31415
38346
32462
37335
504
53471
3903
30024
19966
48566
41922
18096
5565
23150
40273
3333
11749
44568
12101
23026
14794
4345
48594
31788
51339
13611
45550
11980
4525
34176
42923
6911
46902
16606
23020
1962
12700
42498
32152
961
32091
18738
10253
28748
12852
2434
42769
30937
12533
8621
28185
14087
20281
16072
17972
22576
25414
35575
51547
36547
21701
6535
42653
5415
25541
33762
44884
12219
11139
37969
399
34898
7048
32197
22582
22648
32304
783
3104
25113
36859
5665
4863
2522
12606
9290
38217
9989
16996
38482
17767
16102
17611
23446
17830
38001
24235
36540
32008
36676
18664
26596
15304
26174
17994
13123
44321
5715
42342
23350
4092
2968
16869
40831
17508
44590
21167
36194
31583
26651
24797
42101
43875
23603
42801
35762
21206
47432
45150
45744
21500
6025
4952
45317
3732
27993
28523
27282
37385
11567
31466
86
21146
8056
2805
9404
36965
43596
15395
33324
36530
24934
41636
45992
26364
831
5910
34704
41172
38384
12630
14696
26082
24300
43139
40140
27056
46820
9103
2878
24576
27914
394
38196
10052
13263
12772
31456
36772
4016
30854
18075
4104
36690
416
29695
2817
27922
30968
42073
49626
2881
4361
45186
38908
22188
620
23542
8223
48271
30508
36286
44814
7825
20410
30011
45844
22321
21408
6176
35389
23486
49850
42033
21774
13224
15364
11969
42351
17719
18590
35676
17245
39172
46125
32667
36859
39699
16031
22291
11921
45857
43384
50299
38403
36116
18435
11330
1539
29999
47988
32368
320
33238
16599
34192
712
38844
12927
45639
40862
28817
6458
35051
33572
12221
45459
23669
35934
44281
772
17240
37076
40947
860
4173
33642
5502
38142
30875
36309
761
15353
16188
12250
41308
8713
5886
14638
47314
28434
6915
21318
11748
33691
25370
346
11950
11100
35908
46719
33587
22832
8819
10332
7127
16996
11522
35147
38076
34572
42802
24840
19148
42676
26718
11861
17832
41497
49295
37454
26046
15480
7216
4980
33311
34195
45429
43664
41327
39793
802
46539
3304
27937
26166
42540
3367
29699
35077
22673
18190
40880
16040
3887
29741
3555
17916
18229
27973
17869
22158
19387
17831
23133
31452
32934
24419
29564
54903
22461
18007
18705
47875
28715
45923
27836
29004
3253
16575
41029
22163
25520
13605
29877
6419
30234
13519
34927
33915
32599
19754
3172
39254
18429
16733
27446
26607
35257
1953
36915
11697
6958
24422
7224
19285
41624
23556
10362
39348
29241
38321
27339
7574
36962
40815
21120
46275
27338
3041
34411
21398
18346
21177
16811
10161
45418
36392
10150
42850
40333
23606
22498
4016
36573
22268
52840
47572
1671
10514
11356
40046
5191
26091
14354
40615
45423
39201
45907
23359
39008
5859
2460
14141
14232
38561
26582
14173
31000
11756
21955
10792
18747
26407
25815
21316
23448
40850
15158
18540
21437
33120
29245
28025
34901
32142
17326
6049
13631
14557
33009
35998
48491
14530
12459
7686
18925
9102
25385
29179
10684
31493
22460
51768
30620
12322
24014
11672
18527
27751
27146
12722
36912
22387
26718
19335
2354
46047
40381
5409
35794
11335
44689
27491
4449
43094
13595
9053
45162
49524
27659
12444
35797
