39119
29636
43460
15038
8256
4459
1549
28948
7567
35357
2541
26362
45194
34144
6104
18274
7258
28360
2994
6401
29017
27342
31028
18315
691
7044
2276
41687
9132
43416
25389
15763
44202
5440
38545
37927
21506
22827
43073
6617
25726
24894
31265
2667
18618
12044
29001
20469
49627
30484
12633
33015
22303
31829
38521
2844
10693
11955
43937
13633
30621
39016
12
40950
42047
8443
30319
38692
12762
42778
36906
71
6495
40383
7580
20083
2381
43621
25546
10453
12797
7975
200
12019
32918
9493
34704
41597
2739
35999
30942
25267
6978
9438
20459
19921
4640
5034
43124
23091
16316
18797
25703
42158
17784
33145
43456
33041
20128
32696
52334
47810
33150
13750
39852
23002
18203
928
24556
19092
24979
37944
36243
39742
38642
39284
35990
9401
11746
29765
11831
34325
2406
44370
33157
264
16243
23108
14251
500
2448
31672
39222
2244
331
42919
47434
11348
45874
28395
12910
5443
36919
31704
36334
8795
33969
37022
44793
45494
20305
14170
5508
45995
41733
4061
38904
32002
18076
22738
38199
16484
3485
33137
23279
1718
35971
43574
27371
38185
31794
7748
39008
39512
7072
26317
41571
15722
50343
17225
45163
10983
47743
32003
9997
39422
9559
21478
35603
39982
23960
41148
51019
34182
48176
28219
48919
3451
44516
28422
36473
14603
16440
16789
19843
13065
34156
25362
22028
13088
25897
3514
6658
43769
16785
37189
46728
36987
6363
28643
11221
16031
10236
17901
41130
11180
45291
23274
42708
14155
41604
513
14570
22328
8347
2782
28540
47576
29417
35013
18602
26142
39797
8413
37102
41682
1982
23858
31140
30474
23797
26354
42516
49213
44695
35527
14493
43528
1858
36531
16579
31838
3591
10907
36472
26473
12857
48798
6593
30678
19215
30617
329
9303
569
25025
10676
34114
585
30855
27822
2981
9040
26365
37172
2011
14656
44061
31887
9775
8821
14584
13954
7216
49599
35853
25916
1882
6752
36623
588
9180
34141
13438
34877
19978
8938
1169
39373
12506
40127
16063
23594
27954
28690
18315
2181
47277
39075
39907
37124
13954
2217
13845
26611
21847
30394
25250
32848
33447
40370
46369
24279
8879
19261
940
31285
7225
45013
13130
40571
42747
2125
43619
30857
30960
6436
28878
41220
23829
44656
14364
45916
33325
9198
29325
44655
46367
42711
40953
15724
33650
31367
40748
36855
2780
16171
17655
34641
33617
37436
24727
41469
20170
15859
40310
34248
17228
37577
7257
35802
25469
19479
11041
2881
26439
26294
3182
1840
13869
13871
25077
12671
41655
45224
39682
42716
36427
46894
8173
38133
48037
39509
23750
206
13442
29385
4040
41780
29256
43423
38282
13115
33730
23705
31006
3966
35468
44659
