14206
36800
34642
6674
44322
1278
12054
28924
20208
34625
38185
17505
7505
31055
38009
1686
31614
7919
7570
8945
33471
2501
4144
3971
2161
10607
12298
862
29781
35182
5154
34642
24814
5222
18296
17188
30748
43667
16507
42151
36102
2026
7066
35141
44327
13620
40866
5338
37193
33937
42240
42423
23972
45812
17920
16378
27382
19058
12001
20302
47113
42910
2467
33217
22977
2144
23917
2483
37177
12291
44843
16767
4440
16910
49036
48850
15104
1221
19530
22287
24223
6943
47175
42511
760
14064
13914
43782
35835
4824
11179
42388
35967
1508
17330
40338
39429
4308
37800
29953
47404
34779
7434
49094
28239
47789
43930
41199
35050
10920
40352
17795
23191
31001
28177
18710
40413
964
31021
44244
19139
8695
38607
39266
14895
11118
10980
22672
42174
1796
8305
40925
35010
20220
47588
39349
44557
37670
16916
45957
27652
26895
1691
12797
27631
34986
18361
15718
25824
49604
24191
4385
30603
3071
5653
31693
22748
10688
22729
15508
49421
38105
36297
8040
25559
16139
38282
36190
20200
28316
29913
38601
40834
24906
43836
10433
34767
671
19594
12226
23078
14172
30582
17629
1234
36624
37904
37623
42089
25677
46756
43744
25013
23428
19826
31561
35883
8826
13839
19496
41695
18468
14137
12126
18128
6639
38433
31390
12916
46624
45225
23837
47404
13767
42480
27536
18581
19345
43012
42918
23224
13919
23924
25138
35557
44980
14768
39275
44305
22003
14030
25852
42029
3650
34419
26585
7550
37437
10362
30114
6929
37501
19886
1448
51421
13988
17300
24407
37473
28050
1768
35064
27587
45254
40979
19212
8530
4013
9960
24048
12663
16045
869
40186
41888
13651
23664
6373
42662
2224
532
29546
3492
39558
43626
4173
23340
40039
13519
20849
17399
4601
2344
18177
25075
886
33586
42233
5317
42108
29252
30277
23262
13372
46550
8164
24491
29008
35458
47578
48749
19129
27271
28947
32915
17322
49675
22140
14902
39239
13143
36231
5447
573
41276
44956
16101
764
12683
26669
34174
18354
21628
40708
9725
32432
34714
49720
19743
13414
19260
8945
47992
24311
1951
2114
15174
22920
16212
8317
7070
837
29616
29553
5561
25867
41029
40404
10119
24171
28863
36499
2059
8453
41541
49302
3983
3597
10765
44307
11023
6126
6742
21289
12330
33837
30278
33364
8197
13455
32426
35290
9493
22359
10840
5375
30287
25641
19588
47162
11591
17999
23145
37495
13108
45078
42216
31924
16287
36870
17692
33010
42169
37469
110
47466
7569
13573
42765
1250
42486
735
8151
40257
12459
30468
41810
16632
26226
21174
24815
12027
8892
44915
25363
5883
35452
31515
13660
27533
33163
13785
16855
7295
21624
28220
15179
7374
14881
39171
2509
25344
38386
7008
32510
17303
21958
47556
10899
39019
40550
14852
37044
12661
10059
20934
19797
31967
42815
3860
11343
25016
35529
14610
14540
35974
36876
35829
13826
15808
30830
30004
33877
2942
44606
40259
16172
27743
49784
18701
25435
35251
27790
42553
2301
18804
7095
2033
15517
8973
17037
17731
20798
3725
6657
32112
37806
26072
34361
4835
3185
13731
11342
20743
16960
39392
38379
40125
16082
23787
4739
28747
33819
7918
163
29042
28006
43033
1783
12531
48347
30447
37518
8135
36792
35911
20194
6067
34790
30260
23840
21599
30479
30729
5168
10531
48257
4758
14372
16822
44594
1776
1351
37033
24835
22802
30035
18415
19845
40654
9047
37714
12952
32457
36954
35432
11779
27036
8310
24505
44624
30835
41039
33715
26862
24447
15841
21039
47595
8119
32840
15612
16418
17478
37089
34625
6365
43827
18962
16269
17492
39034
20040
44305
34402
29373
41517
36667
27630
23861
8633
3729
17756
30530
23711
44744
15654
25479
23264
13288
21022
8742
42015
40050
42095
26837
13236
35613
9668
21252
45273
50918
49832
17950
3668
29671
39064
34551
40521
24299
15697
6999
6130
47473
41194
14888
15437
20063
17204
23460
44015
5921
24707
15078
32075
9772
42641
12738
45073
16791
41304
48901
3706
13767
45525
28186
46254
55053
1428
31511
41837
2038
21971
30019
13762
18147
41048
37134
49864
20019
15751
35438
35513
13234
24093
26737
20481
23212
34489
29489
40208
20939
40872
12608
20911
42223
37858
24124
34618
20885
26490
11634
38720
31139
7316
6822
9657
35260
45698
41961
2142
641
32745
10962
34076
25922
13824
27798
50331
46005
33170
27488
40035
47783
5417
3446
23152
15855
3659
4573
3217
25546
15722
22843
45730
19353
34389
15614
34395
36451
21465
26694
27542
37343
44959
21862
36512
34492
21123
43764
40052
4048
47410
24930
1695
38042
19232
42643
25411
19467
25028
1854
45862
11682
34623
45107
25331
5855
47463
39679
48705
23984
24137
33654
32156
22560
21812
44767
14488
42610
48169
24292
9394
2485
4313
42779
12038
5453
15464
44784
46868
31246
2380
2403
42713
12208
45951
2107
9615
11047
45936
10861
25675
35133
32612
8270
14498
7036
48042
9538
31315
5736
14727
17063
51262
33858
19366
959
39829
36647
20566
17199
8737
17692
