28611
34050
44268
45216
46285
51654
15402
24450
40470
22862
16789
6397
37697
15076
24872
2169
2654
37878
42146
33882
37137
4606
12114
26853
29027
35292
24242
34958
49117
19718
22280
35529
13705
24058
30489
3642
18973
34274
30921
6782
28560
37631
42521
5417
23636
24725
8670
40810
43936
42407
1284
14656
50330
31936
38250
2812
10001
9098
34017
29948
7488
36027
37087
27886
39572
34177
33427
29399
46361
19166
44030
3023
8818
39430
13647
13612
33457
19578
12205
36131
16372
40684
8194
29660
19277
20954
44496
45546
3039
2281
16007
11807
10416
43197
10682
15436
30575
15427
38930
23522
26539
39567
37190
20860
3833
13443
41360
25072
19610
14951
31698
27291
34622
29667
41621
2327
19827
40595
25706
48884
34388
9228
17061
38194
8024
11160
9450
30349
28746
3897
43550
23539
36678
44162
8897
29562
43810
29607
19779
22068
24418
15102
30138
37522
47175
21687
15803
34815
22650
20621
38539
41207
50154
34625
41430
44001
23497
31692
16469
1766
49685
17614
44617
4776
4627
19033
42823
44618
43334
11566
2953
1586
26967
23941
40616
37697
44303
6174
28978
33085
12288
6843
24051
11836
10601
27862
14781
8233
14904
37396
13011
26929
35156
26620
6409
13311
39036
22466
48232
46242
14875
37398
36873
4526
23904
27542
609
40847
44611
3182
11035
9908
37957
3772
15790
10571
42606
19451
3634
10663
28655
34290
38626
2169
22652
38012
16492
5698
39742
21669
25747
36457
42367
34366
39287
3983
18824
6100
13690
20974
6771
2939
824
29649
27064
26945
20608
4104
20023
45016
23114
31331
25371
36602
12385
41261
35399
7950
41403
36579
32376
21940
5533
31916
9396
42111
32990
45722
14277
8605
9660
37185
48091
27110
3385
22864
8453
21084
43445
22615
34731
13112
32903
26545
45165
35826
27754
24121
30019
48403
11996
34717
28133
39352
48962
24226
51053
8794
36162
26568
21056
45418
6181
46910
26083
4750
34508
7083
13224
48687
41441
1101
47431
9263
11726
2357
26985
45636
22506
24278
28148
30644
26391
31925
3188
22961
21481
1231
8868
21752
46593
40753
32129
50428
40270
22962
19916
6386
45013
8292
26316
31670
29861
26428
46606
30359
21198
3538
27314
25963
11349
50059
50539
8399
20133
36884
10462
44811
42397
31069
35075
5434
10066
12577
23617
13913
44289
32671
11150
29693
41078
8430
31974
2628
40393
18347
43771
13476
33925
12717
4486
34003
17975
7655
2895
13699
34462
2832
16699
32870
8700
3295
2693
35030
19780
10673
24120
40224
28065
42402
33697
14112
30940
43752
1216
39421
16227
40687
34995
29690
3117
2431
43062
7288
42989
21641
30155
42535
25352
41831
44585
3113
9125
14763
41099
22053
23232
4807
30835
13970
9806
27345
10955
6096
11247
32455
29374
3905
20838
9965
19415
41056
43814
2314
13098
20125
21502
27327
47517
