3075
15409
29838
39860
35138
30059
24349
5193
8221
2082
44467
11672
12420
9306
36376
38354
6879
23092
29171
44415
30029
29537
48691
8137
43356
35930
18478
12404
2105
28647
32217
5839
39923
44694
34158
38428
28635
22798
43062
29059
39307
22571
7856
37574
24868
22673
25931
22148
35405
6404
14244
39153
27799
47312
42459
40489
40188
33492
7674
38403
35582
9171
40815
21024
1081
3152
28699
6863
37080
289
12194
47202
33852
3517
19115
20729
12365
5528
33461
31756
46029
32480
2866
20075
37952
47876
29862
44619
37423
33336
2887
31440
34486
16433
38771
36878
32841
45507
2227
15328
43987
22728
44478
19513
49434
11085
31922
29246
8358
15219
44472
12196
48156
30156
23265
32101
48752
11903
42255
38835
36966
48374
11855
17980
21857
10147
11781
31852
12219
31892
3126
22858
13587
23045
7056
36080
14070
33533
38302
40487
41052
26887
19736
24382
2349
25251
15923
36679
347
34379
46557
31279
33637
1219
1551
13651
45555
44413
22316
23146
34017
7849
30429
45556
17502
16048
16447
19169
20116
35283
21622
20852
4141
41231
22159
22085
8549
14202
22857
44190
38201
24089
43647
236
12587
344
30395
1454
31393
8694
9355
40774
1463
24103
39866
6295
24661
45975
3263
25085
40370
17790
26327
32635
38203
14617
37212
39387
46464
45375
40445
23050
3065
39693
21960
9980
2146
35332
19078
28511
42210
41373
13443
18338
3712
40932
1993
13701
20044
16583
9325
27802
35101
4918
10066
33124
41274
26773
34842
45062
27966
18909
5384
33274
27958
12682
7454
44427
38043
5605
11917
4045
48016
29649
30366
24814
40799
19274
34638
34977
26759
14782
14087
21092
27921
47808
5904
37414
12726
11989
4647
26747
9481
49793
3460
22653
33483
21404
2703
30614
44826
12963
40194
35627
11530
45360
35502
46254
14833
30699
39647
1530
945
25166
21466
34988
33631
2111
3674
11007
42027
7225
16675
17948
45623
27084
19440
32703
4670
20284
45270
43195
39034
22825
48958
27561
40505
44098
27474
15505
30874
12508
38605
42677
35094
6821
31697
41413
42511
10232
31282
5533
19464
2900
17031
25882
36163
44344
20190
15471
44893
13752
26010
51177
38374
18154
21909
7988
19886
30330
6711
44222
21911
16096
42589
6583
1594
11014
12102
15701
22969
20067
35820
17375
23731
35579
29563
11268
5403
39192
43158
14295
44804
45039
31689
29446
21278
3507
6490
41243
32535
40959
43578
23462
29330
15876
44221
12574
33233
1074
49100
20923
28886
13485
48258
32333
3724
330
40685
6545
45548
29923
18954
31199
21612
26726
13837
30666
16972
18161
19795
45577
47503
8080
32668
24654
40068
6589
29003
14483
20753
13793
33102
44641
18687
40826
697
20685
6807
28534
34845
14524
35232
29492
16443
43018
40446
31852
27813
28447
30084
11425
34575
39747
21192
28240
15565
662
36509
35013
40339
4952
1823
30868
4490
35435
27071
34055
15689
43581
14540
8997
13387
26512
27186
40734
12171
22839
29251
37344
27784
24365
36461
41324
24531
29947
20296
3854
21967
11204
44872
43705
27488
19828
22126
25433
26989
12542
42415
42549
15065
3644
38436
18564
8297
8680
30196
40590
3869
23387
46929
6692
25864
30126
4871
12197
23924
4364
33794
31562
45520
46029
24587
44598
21983
38396
33170
17779
38527
8060
37618
12421
1156
8461
12597
40569
1479
47190
44054
14712
43144
28233
38279
24560
6796
34364
16067
3284
29555
4103
29825
4332
31572
1205
9293
45313
48543
36019
47893
19044
23469
45097
37502
6976
48156
42417
3278
7479
20350
11331
9032
12278
47476
39439
21236
37051
29716
143
19144
24762
45422
31000
1316
41819
29704
9824
3084
1290
34141
42869
6127
7637
17212
47285
41857
38643
16350
31138
10222
30147
31660
21805
40854
18389
6129
876
5354
39419
4842
991
42324
6389
18122
21599
36075
17400
32634
46098
2945
44868
21828
16546
36539
30320
21832
48349
40665
18328
37959
43079
5965
44047
15668
40508
11964
16479
16887
32830
15021
35168
15155
44844
13456
33206
32901
36667
39657
38668
38313
7601
5992
16640
29416
17829
34160
15917
12442
26843
39706
4606
36405
43038
37860
27514
28733
23032
14392
6933
15268
6681
522
3219
21706
6659
48235
23834
29648
30001
20412
20109
33502
37363
5640
7637
33028
15422
2393
20298
6065
26303
16969
26779
25061
42239
3266
30246
49773
44802
23371
42186
1254
42486
29192
38343
36963
21465
19814
49479
615
3581
41538
41876
14692
18999
27978
24598
15537
21010
28929
17746
43415
4179
16815
36915
24525
49121
10245
43585
24559
1567
1498
34480
17534
44268
5640
39753
10249
