6952
32809
12611
13856
18249
37991
11695
18165
3566
31506
17913
38962
40449
5306
40235
12282
44668
10409
21305
23636
8655
21649
29359
36417
15576
50543
18002
785
54706
10235
10395
31505
9811
16859
28951
32943
41162
9182
12243
11624
13990
26911
36667
36368
34621
32200
14023
44644
12227
5430
35972
43965
39941
1339
27410
35658
27790
40362
53079
1633
35821
33008
30658
30687
33579
48877
21658
36400
41302
36920
25582
19885
37791
3073
29727
49397
45793
29490
23889
9621
13197
45997
28435
17738
38197
36842
19970
22027
40182
146
10709
6852
16769
46702
16925
41533
13117
43430
9124
12806
11979
36463
8188
31077
1586
48543
23388
7728
31720
13756
17114
28787
40765
44587
38735
18295
49129
6060
7527
11779
37152
31587
25762
6596
27191
40862
6302
18347
11757
14525
8310
14220
46655
27982
29741
21247
43797
45400
27507
26152
22857
39596
22217
27960
1501
28562
43150
18024
34306
15617
49103
35662
38791
2640
28882
40658
9873
46686
21767
41860
24299
3459
12319
33258
18462
2056
17399
18746
12562
32402
43145
33043
2727
8594
11413
1342
38855
28856
28809
37831
25530
22597
44353
29457
10262
20075
32386
23226
12699
41867
24217
18347
37610
7317
11455
8546
43060
27803
1646
37861
52631
35934
7044
22923
31402
21679
42644
18810
40079
43541
44394
33272
262
29290
20753
39865
13237
27734
11401
7882
43446
28861
43240
36420
1403
31244
32736
28881
44908
36562
26727
49174
6235
22845
43737
17577
38580
31271
29736
16715
27102
15274
40442
15042
11754
37087
48716
45695
13312
40168
23984
37340
34682
40154
4489
10136
12298
13667
38968
681
14682
1720
52658
14514
18779
36922
25898
36198
19028
32306
384
911
9015
28180
4921
3974
4077
26801
8997
33636
45949
33876
30860
23482
4928
11489
48729
9251
1081
13136
22875
46621
30034
33931
9156
19148
8705
11452
3960
23577
40085
42686
25367
733
13201
40585
27253
6737
30079
14929
18514
12139
9419
33531
43329
29563
8476
26476
44214
9996
17083
48287
15863
15758
36570
27402
22372
5204
20677
12751
36029
1494
28559
28556
31168
18461
48477
18801
454
32375
45814
42432
14374
28561
23183
37166
15446
19570
36229
29487
43518
6155
16042
32702
32130
17236
34297
44001
31263
20272
20954
37740
40273
26999
4956
37546
23018
17759
37843
13541
51608
3141
22195
16419
11868
16596
10959
8026
16912
8562
30911
4976
12586
21540
42634
16769
9597
39548
47924
43342
19857
35141
4673
34125
24218
32892
18853
30318
4691
21100
4617
40341
29853
14154
28103
23772
6843
28366
40664
36833
32676
9908
18965
38817
1258
7622
25514
31844
26155
2496
38102
6585
52903
45535
44476
34076
5132
12585
15248
17442
23678
17926
46815
10370
41772
34017
13643
11238
3639
20378
42346
46246
4125
32229
47579
5917
33450
30748
7362
32263
28248
9084
30731
16808
1520
11399
15270
26178
29988
40978
24220
13029
28140
29828
31850
37306
12080
14102
46561
3218
12523
42545
9109
40453
44905
19875
13263
38370
28334
27024
19488
7219
20100
39790
22472
3599
44238
6490
17692
20724
26752
5232
25481
9331
23352
14824
28333
16616
35471
13321
8042
14244
19620
13778
6728
15527
1341
39929
44913
45907
45378
1983
28581
33937
17720
37189
26501
33617
39759
15036
789
3609
20933
34518
1485
36486
5796
48095
15288
45222
2889
26688
1510
819
27720
19587
18198
20713
46004
42763
13847
16935
21958
20072
48598
41676
32451
19808
39265
27459
12593
22153
25150
33219
14908
9675
3119
36695
35772
35130
4654
21953
26600
47259
21974
40735
14633
8464
42046
36878
1
7666
34717
13635
33206
45901
39658
3074
20250
37635
31243
951
28615
51269
6822
45212
17628
46351
6984
17462
17725
37797
8662
31532
26178
49589
25800
44989
29029
17908
42537
39601
12309
16605
34667
40008
43345
1865
41528
15355
40340
15095
28631
26159
25118
8182
11031
41150
22445
17640
24771
465
50276
28006
32922
15757
41245
3908
7397
21027
7675
18925
26317
37734
45856
36230
35006
52521
24701
44223
5225
43756
51425
9818
13660
45692
22514
43014
38809
41796
18965
42076
25659
19837
27717
7469
39829
24624
4030
33156
30563
33488
38740
34089
4294
10817
26332
26943
49236
43412
32784
3157
19039
20829
45939
25170
3000
14835
45229
20073
12898
14479
38606
26376
30131
47926
35543
6538
45129
25188
31168
40905
2308
5436
35349
42404
4202
45067
34202
33509
38434
36651
13498
35144
27110
34575
44512
39129
33267
34539
982
2756
48820
7741
17799
37799
17266
23578
43016
33079
41697
29843
50749
14110
45351
44188
42175
48471
30107
31721
28453
18132
5317
6956
14635
9696
35335
1497
35523
17985
1992
29725
12131
32372
24391
3666
32532
47634
31318
35254
40709
3814
24464
33654
45218
31864
4328
4424
28391
41417
36745
33073
7976
14176
34153
5275
22907
