3816
4419
16806
30362
2591
7309
5227
39681
8343
29504
3577
12786
22309
45950
6495
447
42326
32182
4317
10894
29827
21725
35122
12691
33719
6160
940
46906
44699
35766
41221
15202
21636
25170
48012
2202
47204
30007
27642
46576
36670
1544
992
8596
7362
34297
1092
43298
28007
17448
34378
33281
17801
15346
17002
27919
21748
11496
42781
25088
8333
28796
29077
34848
28104
6632
33822
34882
18938
19107
15031
49722
15426
33640
50379
17998
9034
7856
21208
20598
7819
23223
33654
31483
30951
38479
21057
44695
43352
32571
14373
23005
35968
15599
22774
17537
42103
2290
16794
1619
31092
30530
6282
6596
48653
27630
5295
5526
38904
26794
46115
15935
10934
19402
35650
32261
13870
16083
19661
46403
36011
27745
43802
42724
42968
24635
25029
3209
31453
41634
50493
19516
49830
27998
8002
1650
12981
2146
49135
32333
39246
7256
15202
23104
26065
3012
13720
29786
30937
43951
21391
18638
6142
281
16195
41909
42504
42299
5198
9957
17365
41957
33495
49439
4138
18848
39845
6545
27189
5181
36494
39887
14740
48063
10559
11229
4358
24611
14202
28520
46692
13486
17061
38319
35507
13884
46930
9010
2904
35610
4345
14813
32474
4327
14609
32130
5389
14676
47432
45226
5407
38442
4388
7822
14828
6115
48493
9783
27771
35427
53875
44261
8729
1861
38996
10107
27436
21299
4608
44202
28048
51301
39262
29488
51374
27812
43955
7603
40351
31852
6595
21159
37943
31252
25901
10516
15728
16791
22217
44082
1863
18071
48733
38523
48383
32875
38601
31495
29683
26262
2111
22488
3692
45769
42423
13763
27133
46727
56
8599
25880
19226
8011
26107
25755
22351
46463
17967
12651
6834
17418
27783
36304
45135
45056
37439
2457
18527
21786
19638
44709
9897
41256
4487
9672
6486
40744
7086
33200
22940
18108
2342
31791
27626
14146
33123
15388
5562
8917
7017
49006
16733
39831
16962
24120
33183
872
6273
21481
32296
16060
26769
17691
10761
49627
36574
15160
29098
16370
10330
19446
43061
41852
15733
18238
40569
5920
4117
9579
45549
26545
8907
8610
24181
30776
82
27038
42798
3920
35934
31848
5253
32830
51384
3006
22676
8897
31965
21761
34479
24864
47969
38218
40148
10748
1316
4756
5995
39680
20374
37504
45170
6935
38156
13215
11004
8808
15310
39350
50456
10571
1453
4732
14902
34770
32064
36436
19328
18197
28739
30043
4978
399
889
20618
11756
45797
43288
18592
7581
4275
24953
4533
17680
5441
9533
32180
10639
33606
5712
15647
47096
6966
41660
17794
24031
799
15259
28329
51249
40718
4671
28462
44326
30064
46928
34154
44189
28754
30991
5112
40061
22023
30387
7639
5935
28542
38081
3016
35424
33865
15777
34084
34336
46472
21246
16877
6281
17805
13102
32755
46251
8154
4333
12447
3260
25940
17405
43551
11742
44417
45504
42057
9802
16511
34896
42412
13839
25357
19183
35520
45877
32000
2221
48101
12415
22529
16235
50223
35155
23937
32587
24671
32273
23082
43198
28950
22441
10597
18250
25014
32824
36123
11772
34069
13862
27650
13974
16999
17133
39955
4903
26112
25190
8430
7889
1516
27922
40988
21716
28223
23723
29843
4393
12806
29742
12385
38207
25589
41670
17953
40452
32108
6782
45642
18788
27509
7333
8099
13686
14841
2234
24559
17363
31190
46385
44028
23181
45083
9929
47123
1833
10716
29902
8137
36438
27059
20416
14512
20726
44026
41210
1744
31781
32503
13398
5567
36727
7584
18616
113
34545
33171
27299
579
35205
31056
4420
27749
11587
12884
21220
26368
23487
23941
226
19689
41728
31194
3429
38267
33556
18280
27378
8724
7834
1771
34662
14043
13083
23200
18976
13618
24960
22887
43762
5375
2674
47479
23685
33790
28459
42002
18952
5892
33914
46737
8934
43650
36296
15845
5987
19728
40014
16237
26100
8759
27484
6040
2307
24088
37033
2907
4500
31454
16700
46265
22157
42154
12534
2308
47883
30889
43366
2263
39066
30084
32972
29063
13429
8895
20023
5302
25817
6580
29513
34680
159
26379
44530
40032
26867
18026
5390
42686
33563
35578
18927
39151
31306
20066
214
28071
44470
18485
29059
44721
2621
33170
36234
5254
40220
41556
4865
31223
34681
16445
2078
48010
18652
30986
15595
32301
16112
16976
14980
33621
19586
11359
34977
32284
32985
9344
26765
5807
36567
2017
28738
46817
16060
21171
26454
16226
50758
9665
1775
25297
47161
40434
18780
30715
37547
33449
39104
22159
5881
21533
25742
19383
27508
41512
