21303
348
16261
19735
49792
6860
33629
36908
18158
12151
41016
49250
36285
31236
446
18631
47705
15785
5027
37418
4443
33662
15195
42122
40447
27540
21448
6432
30141
31722
48068
15474
27095
25598
4636
41907
9328
18391
14404
25805
28690
1893
34521
44817
27930
831
21542
28118
36962
25857
18284
28560
42714
8425
29581
22176
40923
18130
2602
11684
6274
28465
24323
29623
6580
33026
20038
9130
42047
13931
41351
7615
31405
851
22608
28979
11656
44590
44030
39512
40801
30983
40770
9282
25897
22142
45309
382
40819
39670
8009
22263
6490
38049
26747
14427
25206
27009
4549
12399
23456
9299
12431
31277
26233
45857
28026
30922
24082
1740
30889
30965
45205
30164
12479
12538
34758
52897
49268
20308
36628
23635
3274
782
33935
23989
29203
27354
32437
30120
34511
39305
27452
9729
38637
28349
37591
1931
13908
34811
14690
12231
9746
3389
40353
28687
18747
25024
6813
32088
41852
42108
26885
23032
28310
30319
37346
28543
19061
25255
108
10528
33992
12592
6947
19445
5878
30956
37787
29248
42877
8251
21224
39502
19475
1641
18124
47934
4203
32742
14645
37027
42569
25571
15070
16534
25853
20772
40144
15109
17560
29829
10945
15773
20333
43918
45647
37416
34837
23405
45376
