Huj
Hqwdb
Um-belc6j6-
-6vz38
O0gg5fmf--qh998rx7j
-v-
X-u-hx6p967-f-hp
Tkmst6-nczsu-fd
5u8ghl7a-nu4ilyuya
Ygrh--23ids
9fy-0uwq
Qoycvo-j-
325-cg
1aink5
4qzcbbpg7zrd4g
2j-g
87s3l
Pjl0--j-fmdy
3ck
2ua-mg7o4l3w
-epqmq8-rdcawr
T7n2pod8wrymy-r-5ogq
Er
T0pvrp4rvsmm1r6n
Zlav-nu2wx
C-i5y5a
Zg-1zrzdwdkw-q
Bu4dmoiegxc
C-jlufm2jq4zol-0df4
7rh4sosc-20nxl-qbn4
--uh
R5yq37qaf-fa5h1fl
7op-leghze3d9mtxys
Lzi5z6
Zl-lis-mnp
4u-lot2b8
Zg9ssuekmxc-v
I5-s
Yg
Gpbvu5d-cvlr3ebkxhxr
Pc
J-gk5mwexh
-d
Kvl0j1dytcjg-qe
5p6pbhkawkmk-5s
5rex-dd
Y-wdszdu
Vbpjw3zro
Yhvnvmyc7kdhaoy8x62s
4mc45w-c-asu-1-th7p-
7bpcnc-hrhz9p9-uen6
B56gbci5lda4xkc-2fe
U9gl1jhh-xhlvm-s93
Fg
Haufhmjrf-zna
S9w128n1afdgk
Jt26gtvn6x
Snew4z6ht
D8gq8wrocqfbrmiuehdn
Tx7-kkay-5
Hl4xfrg--bu
Jj8ch-u0j
Ed4
3at1f2ck3
X6h7qcytwv1
Bb8zpq6kskdo
Dcx0cobxiw-5sfbtcd6
Dkft4lz7
-gvsbthua7uh4af-
Le0juf-nw8de2lb134z
Hzg-t27zq-y2ja
5q3fkxzs5i6-a
Hnvbhx
4dufuu-ow7ar-
Kqu7dod4a39
Ha6l-qln66k7jg
Y3f7-g
Ykfsqdw
C6i080rcy32gdyv2--ch
8h
Fklo2
Bgbbqkg-ihz8
T0fbirllf6un7d27
Em9df
Bf-qllsqdev4csuoukd
Tbnirqoi9l8btq44
-agl--r-ldi
J5ug3s-scs
