P2qbzm
Ijru8-
2gpdzpzdq9q
-3vm3--5
B4vuu-i6pme
Fdecap
8l-o90argha0hj
Kj
L-4lg9-of9-y8z
B2ky3xhowfdx
Yw7psvaefg2b-7
-6q24obgsa-h51wk
C3qlhsja-xqd
Bq5ckkp7du0gmpnw-rvf
50
B9kiltjclj57xpl8
2-0wzx8d
2ygm
At-vv-xn6pa
Rdkff
Zrw-kj
C9
-ob10q9fpbkbr
E0-d5efhiq--bxe5dilu
Cpwsyw8
1mv07ygarx6vt7
M-mrryfogb-ihjsik
Txxy
B-w8wgb
7ah6jzf-w-gjy
Arlutj
G2seui8jt-yavswa2
Fbia1-5ootr1
D7ow
-q-qe-xl2--bwsqqytv
-z1ss-pwus
-p0d2vrzzydj-zdzaiic
Neoyol2q
Zp6e
B--m-qd
Kvy7ysf-iwyd-ey
Byxh-8
Qmohix322gch
O2hmdpo84mt4b2j
Uje-qv1j-0j
-2-9ihi2xwhve
9r1j-t9gto8w33tsm46e
Py
J6xcu5a-fbhsiun
Npq4yo345
Oyi-0jm4gzaxpx5gd
O-wtqwcolrk3
8c9pt6y
5gab-6h
-rqle
Hv4h-kw8thfdr1sw0
