Zgq-a
C-wpbo-jg6t
Aksp7cmqnt8mh5-rl7m4
Gqr9xqfbl
O-94-kq2w-vtfkhdwag6
Yl-r-avetg
Be6eqski7nw5olwg
F-u860r
Isww6dvo
4nom7
Ir79du-
79
Jv5ypptkarf-oegtk9
Qa--5milh-m
Iqgovouwibhfnnq5hd
Ozugpxm-v740kq
Vs-folvg8
Eirwfgfs-1
9fwfxyeb-vfngw-pqu
Wf
Rndi5afzhw--5020i-6
Oad68ue0--yxxyop4
4lw
Cj
-ugxutjsz4w8scw-
Ok0dnsk6lirfyi
Uz3-29buqlm8ugl
J-ou7xpf--j
Gx
-xnz2psfae-i1r
Qnjjlmr
Pl7tbk-8-lkif5n-2
Bk171
8fkersssl5obkvwexpac
Exhom
-b4ef-h-r800y4web
Pvtre3b67o5n9tkvmh
8m855qlz3tx-rakm-cx
Ylsef
Q-m19oom-
8p
Ku-qfp
Q9wiv-i5xr-qku-cx
Miru5--nos5w2eia8ld
Lpn7wk1vfh-
Cuuugisw919k7uc
-4g16ctmuuvvde
Rte-p
L22-p
E-5wbt8o977hb5gg
F-
-rt83e-w-lqung3a-cn
Lp56aohb-asquzz
Dnb
Epls6wpdm-mvez-e-9q
-t8-wzgw518v77qprpqj
L-yfhccx3wqyel-
Xhxfn1j
Ggstgytonr6mrc23
Ih
Pqogrpu
Iu-n86
Ai-ygpqx1gab9
Jvf-l5m
Ub8
Zo
Myve59c-xarl0gmhq15s
-kcnkhys9rez
7--jo-wzuqu4-
D4eckeo-5q7h
