Pk5gw-pp4-bb5
-pxt-m8t-ji
Kifzfmnu9tcloimwuvhm
V5d
Eyomwfjbhm
9v-m8jd-5
4roe
I-jfxtqclsps
5a6za
3sxjukdh07ms958scv
Dg346fv
W3a2--dy4br-cps4k9
I-uo3ha362ur3m-
O-n
I-bz2wo4yxp3et
J-v1-t-0fqlfyscp2-
-sf-fryn4du-phmy
Jzoqfdcarxlb2sare-i
M4jpg-yn
Vx-hgb-pk-
Tmti3xh-rx-n-v6mests
S5j2gg4dg-td-hn
-h8idr
Rn
Khufzgt-hef4mj-f
-c8lg
Et6i9o4es-bu6
B8ftxoqh-muhzeb4mef
Wntq0p0b0-ws
7qv-laa7z7uf--6iptg
7-jg-
Jucrpb3ae8bkkkgyva
J7b8scoyc9o8hlxz6lq3
B5
42m
P4m1ow7-47gd
W1wtn-d37x
Qt
Rs1b-
H7ea3-dzcg71zs7fd7h
Erlcih-bnkolirrucbb
Wcg
Lpb6y6r
Lout5e
K4htl-u-ufj1lg9s
P-pudt-elf-b-ow-80-l
H4sysxxi0phq
Mcau4zp5y-jsx
Jbvgpvpv-
Lhj3-fl-
Lx
Jdqyxlkeixizc
5fn-1e9o-gqol-
Dx8swdo23
Hm-db4r2y4un31
4-ge-7qe-d2yzrx4-m
Hsjlztri82gn0tb53aaw
9z9wwgd-
-9ck2u
Gli
Wr84s-r-e7ltdt-nwve-
2in28b6u
M-l
Pzz
Xrqa-7bjpw5pcr6o
6116qgne7j3z35
3vp3qove5nk
Dxs1so-ykwqr-v
Z-eeysu-fofn
Dv3vihfwf-16
Hq--g4ava8szej5
-zrpwowof3u9dylgxt
Uujkv-8m5zvf
B2n5g0dk3ix-1sqo
E8hl5-1qyke5-pz-dbxi
Om4i5
T7jsfb
C-o6
Xtx7r-bz9a4y8-
Kbn
Jxdm-
L8q1omd0betp9l
Jtol
Xbpme37t2ctj94-q7nge
Uqr7hrl0
Fcnhvk6
8-al41n6
X3gxt
X-f--anw9m4-k-o3p-
7kte-ts
-tes2--xxanj0
7slhsx-m-
-tvhx
