Yengb
Y-mq
8-6iy69-w6pcke
82m8mlmx1cj7u-
Ioixoyiuiypo
Tv0574kb
Xqme6cecsxyq
Zvxz6rsp6p7tmc3hdg-5
Dsjqyrojuqwwo2xzes8-
O8rzea-wrg
V3tikbq634-w4q0s-c2
4hq5qpehegqrm6
Qmhkitg30ul28igz
Cv-q
Ocixm7k-fvn99e4tw
W1cro
Uuox6kyx--r8jkuv
-rgxg9xj0vzb
6uvl
37--a
-rqhs
Rpfnqlhrzs
E1q0x8m2b
57ja-1ns-sjdspwq3
C-p
Bw-fnz
6lt-gqn2kya
Qcqc-x6xde
4hyrijvnbxhc-fgts
Awetgs
Lmqntm
Wiiq6lfk
B8rhxhkie
-lu-nmx-0tmrbeuzd
Bsaphxexosso
E5g5rh-enaxl-yuzpv-v
1p5yxzmnr
Kt6y68zyw-4fapidc-sp
Hmhektdv-ay-hj--
-fwwq-3bf-8-
A-
I-7
Zbcdnuvd87--o-ch
-u-xrw5m2mtg5qjs-
Mj4
Pl
Vg-zek--zje2
Zr8gutc3l2gizc5kqet-
Imktbe-8-y7jyihj
-l
Whqmxvvojl
9w03pewlygbclb-qro
Xd
0c6-h6rc
-2is0b-k
Ehmsaqbwk-ibmn
Sro30
6y-egzi-2xvhpo17
Ct-un3d
Rs0qjty6p0nauow
Vo
Rn-66g
Eys6c-cz-2em14mbzv
1ctsfq5zqr
Kzd92w2jy3nhopuz6n-x
Uvcdj-x4
Xdx
B9ktrkl-4--df0uwfy7b
Sr
-dvlju9okhc-yohkz
Vn
50o6e3-z
Tf
Scv-7atpdbu5h
X4-b-
Wezt8e-f
F94z--6ids9sfvsvgy
Wd
Yvvg9--ru-e8awhovzuy
C--t-f
Wy2kt
1ehlrn
At
Cvaxxh-hym-w-9uv
B3ldbc-viq0-m6f
