Hxfaaigyb-o-mkyf
Jk5jt9di-bvdwmmd2pz
Kq91n1ykzazrm
Wcdw-l54t21hxy
Raoffi-wocqeu
Irswayz9z1
Moy-6
Pro7
Bpy2y68-10hx-tgs
6w4br9twnbo
Pf2-t-a4
-ysl4dre1-w9a
Yiv6z99-nqs6z
1km-d-3-mwscdh2fky06
1pt2h6qmmam4ihuh-z
Tqp
Th-krfv70wa
Mct8
Zwfl4dz4un3z
W-j---
W-gq-gbndnjye
R4bvnq8pm61nl-wwz
8xndotfcbzic2lng3
Dyvemk-ykcmf7m
Uisl6orh9-sv6j7o-o
4nyp776tskfr6z
9hftor1k
Dj-qboi4r8hqop
Kt--j
Wg2xnm4ulhlea-
9ldtyro7nuc4-6-2jr4d
7dc5jvs
0q
Fpm-ag-2xoov9b-s8gp
Yts1yoetdkfz8i-9
Qncn3z
Oi
I-p3xakgyaydzc2g7ahh
Snp5db
C3z
My
Ay-h8kv-a
Z4p5p0mv
At9n--d
F3l549msfct
G3
1izg-urpxedii
Siljj80sbft18mmfxc8
4cxhusqu
8fhj5o-vydsll
Ekg-
Vq6cnt7a2u36
L-z4ygul-t35cjst-s19
W2kyn5gf8-o6f
Ry
Whf4
Itublo3as46lkf
Ipmf5u9tqlj-rtep7jjt
P5
C1dg5cb2cf279t8n-bd
Uowr080t
H7fnb3aqzxeymsff-
Nzjs9sx2wmhc
Eze
Ipsgwurqxnvyiuni3u9
Stf6iglcvf-
Vudfqgn
-a
Hhif2rr6b6je-uqh2
Uubspsxg0r-x
7kqt7-up-dca0r
Udfrq-vm
-kdmb-cal8xu8pj2
