Z->1->C
Z->2->S
C->1->S
Z->3->C
S->1->Z
S->2->C
Z->1->C
Z->4->S
C->1->S
C->2->Z
S->1->Z
C->3->S
Z->1->C
Z->2->S
C->1->S
Z->5->C
S->1->Z
S->2->C
Z->1->C
S->3->Z
C->1->S
C->2->Z
S->1->Z
S->4->C
Z->1->C
Z->2->S
C->1->S
Z->3->C
S->1->Z
S->2->C
Z->1->C
Z->6->S
C->1->S
C->2->Z
S->1->Z
C->3->S
Z->1->C
Z->2->S
C->1->S
C->4->Z
S->1->Z
S->2->C
Z->1->C
S->3->Z
C->1->S
C->2->Z
S->1->Z
C->5->S
Z->1->C
Z->2->S
C->1->S
Z->3->C
S->1->Z
S->2->C
Z->1->C
Z->4->S
C->1->S
C->2->Z
S->1->Z
C->3->S
Z->1->C
Z->2->S
C->1->S
Z->7->C
S->1->Z
S->2->C
Z->1->C
S->3->Z
C->1->S
C->2->Z
S->1->Z
S->4->C
Z->1->C
Z->2->S
C->1->S
Z->3->C
S->1->Z
S->2->C
Z->1->C
S->5->Z
C->1->S
C->2->Z
S->1->Z
C->3->S
Z->1->C
Z->2->S
C->1->S
C->4->Z
S->1->Z
S->2->C
Z->1->C
S->3->Z
C->1->S
C->2->Z
S->1->Z
S->6->C
Z->1->C
Z->2->S
C->1->S
Z->3->C
S->1->Z
S->2->C
Z->1->C
Z->4->S
C->1->S
C->2->Z
S->1->Z
C->3->S
Z->1->C
Z->2->S
C->1->S
Z->5->C
S->1->Z
S->2->C
Z->1->C
S->3->Z
C->1->S
C->2->Z
S->1->Z
S->4->C
Z->1->C
Z->2->S
C->1->S
Z->3->C
S->1->Z
S->2->C
Z->1->C
Z->8->S
C->1->S
C->2->Z
S->1->Z
C->3->S
Z->1->C
Z->2->S
C->1->S
C->4->Z
S->1->Z
S->2->C
Z->1->C
S->3->Z
C->1->S
C->2->Z
S->1->Z
C->5->S
Z->1->C
Z->2->S
C->1->S
Z->3->C
S->1->Z
S->2->C
Z->1->C
Z->4->S
C->1->S
C->2->Z
S->1->Z
C->3->S
Z->1->C
Z->2->S
C->1->S
C->6->Z
S->1->Z
S->2->C
Z->1->C
S->3->Z
C->1->S
C->2->Z
S->1->Z
S->4->C
Z->1->C
Z->2->S
C->1->S
Z->3->C
S->1->Z
S->2->C
Z->1->C
S->5->Z
C->1->S
C->2->Z
S->1->Z
C->3->S
Z->1->C
Z->2->S
C->1->S
C->4->Z
S->1->Z
S->2->C
Z->1->C
S->3->Z
C->1->S
C->2->Z
S->1->Z
C->7->S
Z->1->C
Z->2->S
C->1->S
Z->3->C
S->1->Z
S->2->C
Z->1->C
Z->4->S
C->1->S
C->2->Z
S->1->Z
C->3->S
Z->1->C
Z->2->S
C->1->S
Z->5->C
S->1->Z
S->2->C
Z->1->C
S->3->Z
C->1->S
C->2->Z
S->1->Z
S->4->C
Z->1->C
Z->2->S
C->1->S
Z->3->C
S->1->Z
S->2->C
Z->1->C
Z->6->S
C->1->S
C->2->Z
S->1->Z
C->3->S
Z->1->C
Z->2->S
C->1->S
C->4->Z
S->1->Z
S->2->C
Z->1->C
S->3->Z
C->1->S
C->2->Z
S->1->Z
C->5->S
Z->1->C
Z->2->S
C->1->S
Z->3->C
S->1->Z
S->2->C
Z->1->C
Z->4->S
C->1->S
C->2->Z
S->1->Z
C->3->S
Z->1->C
Z->2->S
C->1->S
