l->1->F
l->2->Q
F->1->Q
l->3->F
Q->1->l
Q->2->F
l->1->F
l->4->Q
F->1->Q
F->2->l
Q->1->l
F->3->Q
l->1->F
l->2->Q
F->1->Q
l->5->F
Q->1->l
Q->2->F
l->1->F
Q->3->l
F->1->Q
F->2->l
Q->1->l
Q->4->F
l->1->F
l->2->Q
F->1->Q
l->3->F
Q->1->l
Q->2->F
l->1->F
l->6->Q
F->1->Q
F->2->l
Q->1->l
F->3->Q
l->1->F
l->2->Q
F->1->Q
F->4->l
Q->1->l
Q->2->F
l->1->F
Q->3->l
F->1->Q
F->2->l
Q->1->l
F->5->Q
l->1->F
l->2->Q
F->1->Q
l->3->F
Q->1->l
Q->2->F
l->1->F
l->4->Q
F->1->Q
F->2->l
Q->1->l
F->3->Q
l->1->F
l->2->Q
F->1->Q
l->7->F
Q->1->l
Q->2->F
l->1->F
Q->3->l
F->1->Q
F->2->l
Q->1->l
Q->4->F
l->1->F
l->2->Q
F->1->Q
l->3->F
Q->1->l
Q->2->F
l->1->F
Q->5->l
F->1->Q
F->2->l
Q->1->l
F->3->Q
l->1->F
l->2->Q
F->1->Q
F->4->l
Q->1->l
Q->2->F
l->1->F
Q->3->l
F->1->Q
F->2->l
Q->1->l
Q->6->F
l->1->F
l->2->Q
F->1->Q
l->3->F
Q->1->l
Q->2->F
l->1->F
l->4->Q
F->1->Q
F->2->l
Q->1->l
F->3->Q
l->1->F
l->2->Q
F->1->Q
l->5->F
Q->1->l
Q->2->F
l->1->F
Q->3->l
F->1->Q
F->2->l
Q->1->l
Q->4->F
l->1->F
l->2->Q
F->1->Q
l->3->F
Q->1->l
Q->2->F
l->1->F
l->8->Q
F->1->Q
F->2->l
Q->1->l
F->3->Q
l->1->F
l->2->Q
F->1->Q
F->4->l
Q->1->l
Q->2->F
l->1->F
Q->3->l
F->1->Q
F->2->l
Q->1->l
F->5->Q
l->1->F
l->2->Q
F->1->Q
l->3->F
Q->1->l
Q->2->F
l->1->F
l->4->Q
F->1->Q
F->2->l
Q->1->l
F->3->Q
l->1->F
l->2->Q
F->1->Q
F->6->l
Q->1->l
Q->2->F
l->1->F
Q->3->l
F->1->Q
F->2->l
Q->1->l
Q->4->F
l->1->F
l->2->Q
F->1->Q
l->3->F
Q->1->l
Q->2->F
l->1->F
Q->5->l
F->1->Q
F->2->l
Q->1->l
F->3->Q
l->1->F
l->2->Q
F->1->Q
F->4->l
Q->1->l
Q->2->F
l->1->F
Q->3->l
F->1->Q
F->2->l
Q->1->l
F->7->Q
l->1->F
l->2->Q
F->1->Q
l->3->F
Q->1->l
Q->2->F
l->1->F
l->4->Q
F->1->Q
F->2->l
Q->1->l
F->3->Q
l->1->F
l->2->Q
F->1->Q
l->5->F
Q->1->l
Q->2->F
l->1->F
Q->3->l
F->1->Q
F->2->l
Q->1->l
Q->4->F
l->1->F
l->2->Q
F->1->Q
l->3->F
Q->1->l
Q->2->F
l->1->F
l->6->Q
F->1->Q
F->2->l
Q->1->l
F->3->Q
l->1->F
l->2->Q
F->1->Q
F->4->l
Q->1->l
Q->2->F
l->1->F
Q->3->l
F->1->Q
F->2->l
Q->1->l
F->5->Q
l->1->F
l->2->Q
F->1->Q
l->3->F
Q->1->l
Q->2->F
l->1->F
l->4->Q
F->1->Q
F->2->l
Q->1->l
F->3->Q
l->1->F
l->2->Q
F->1->Q
l->9->F
Q->1->l
Q->2->F
l->1->F
Q->3->l
F->1->Q
F->2->l
Q->1->l
Q->4->F
l->1->F
l->2->Q
F->1->Q
l->3->F
Q->1->l
Q->2->F
l->1->F
Q->5->l
F->1->Q
F->2->l
Q->1->l
F->3->Q
l->1->F
l->2->Q
F->1->Q
F->4->l
Q->1->l
Q->2->F
l->1->F
Q->3->l
F->1->Q
F->2->l
Q->1->l
Q->6->F
l->1->F
l->2->Q
F->1->Q
l->3->F
Q->1->l
Q->2->F
l->1->F
l->4->Q
F->1->Q
F->2->l
Q->1->l
F->3->Q
l->1->F
l->2->Q
F->1->Q
l->5->F
Q->1->l
Q->2->F
l->1->F
Q->3->l
F->1->Q
F->2->l
Q->1->l
Q->4->F
l->1->F
l->2->Q
F->1->Q
l->3->F
Q->1->l
Q->2->F
l->1->F
Q->7->l
F->1->Q
F->2->l
Q->1->l
F->3->Q
l->1->F
l->2->Q
F->1->Q
F->4->l
Q->1->l
Q->2->F
l->1->F
Q->3->l
F->1->Q
F->2->l
Q->1->l
F->5->Q
l->1->F
l->2->Q
F->1->Q
l->3->F
Q->1->l
Q->2->F
l->1->F
l->4->Q
F->1->Q
F->2->l
Q->1->l
F->3->Q
l->1->F
l->2->Q
F->1->Q
F->6->l
Q->1->l
Q->2->F
l->1->F
Q->3->l
F->1->Q
F->2->l
Q->1->l
Q->4->F
l->1->F
l->2->Q
F->1->Q
l->3->F
Q->1->l
Q->2->F
l->1->F
Q->5->l
F->1->Q
F->2->l
Q->1->l
F->3->Q
l->1->F
l->2->Q
F->1->Q
F->4->l
Q->1->l
Q->2->F
l->1->F
Q->3->l
F->1->Q
F->2->l
Q->1->l
Q->8->F
l->1->F
l->2->Q
F->1->Q
l->3->F
Q->1->l
Q->2->F
l->1->F
l->4->Q
F->1->Q
F->2->l
Q->1->l
F->3->Q
l->1->F
l->2->Q
F->1->Q
l->5->F
Q->1->l
Q->2->F
l->1->F
Q->3->l
F->1->Q
F->2->l
Q->1->l
Q->4->F
l->1->F
l->2->Q
F->1->Q
l->3->F
Q->1->l
Q->2->F
l->1->F
l->6->Q
F->1->Q
F->2->l
Q->1->l
F->3->Q
l->1->F
l->2->Q
F->1->Q
F->4->l
Q->1->l
Q->2->F
l->1->F
Q->3->l
F->1->Q
F->2->l
Q->1->l
F->5->Q
l->1->F
l->2->Q
F->1->Q
l->3->F
Q->1->l
Q->2->F
l->1->F
l->4->Q
F->1->Q
F->2->l
Q->1->l
F->3->Q
l->1->F
l->2->Q
F->1->Q
l->7->F
Q->1->l
Q->2->F
l->1->F
Q->3->l
F->1->Q
F->2->l
Q->1->l
Q->4->F
l->1->F
l->2->Q
F->1->Q
l->3->F
Q->1->l
Q->2->F
l->1->F
Q->5->l
F->1->Q
F->2->l
Q->1->l
F->3->Q
l->1->F
l->2->Q
F->1->Q
F->4->l
Q->1->l
Q->2->F
l->1->F
Q->3->l
F->1->Q
F->2->l
Q->1->l
Q->6->F
l->1->F
l->2->Q
F->1->Q
l->3->F
Q->1->l
Q->2->F
l->1->F
l->4->Q
F->1->Q
F->2->l
Q->1->l
F->3->Q
l->1->F
l->2->Q
F->1->Q
l->5->F
Q->1->l
Q->2->F
l->1->F
Q->3->l
F->1->Q
F->2->l
Q->1->l
Q->4->F
l->1->F
l->2->Q
F->1->Q
l->3->F
Q->1->l
Q->2->F
l->1->F
l->10->Q
F->1->Q
F->2->l
Q->1->l
F->3->Q
l->1->F
l->2->Q
F->1->Q
F->4->l
Q->1->l
Q->2->F
l->1->F
Q->3->l
F->1->Q
F->2->l
Q->1->l
F->5->Q
l->1->F
l->2->Q
F->1->Q
l->3->F
Q->1->l
Q->2->F
l->1->F
l->4->Q
F->1->Q
F->2->l
Q->1->l
F->3->Q
l->1->F
l->2->Q
F->1->Q
F->6->l
Q->1->l
Q->2->F
l->1->F
Q->3->l
F->1->Q
F->2->l
Q->1->l
Q->4->F
l->1->F
l->2->Q
F->1->Q
l->3->F
Q->1->l
Q->2->F
l->1->F
Q->5->l
F->1->Q
F->2->l
Q->1->l
F->3->Q
l->1->F
l->2->Q
F->1->Q
F->4->l
Q->1->l
Q->2->F
l->1->F
Q->3->l
F->1->Q
F->2->l
Q->1->l
F->7->Q
l->1->F
l->2->Q
F->1->Q
l->3->F
Q->1->l
Q->2->F
l->1->F
l->4->Q
F->1->Q
F->2->l
Q->1->l
F->3->Q
l->1->F
l->2->Q
F->1->Q
l->5->F
Q->1->l
Q->2->F
l->1->F
Q->3->l
F->1->Q
F->2->l
Q->1->l
Q->4->F
l->1->F
l->2->Q
F->1->Q
l->3->F
Q->1->l
Q->2->F
l->1->F
l->6->Q
F->1->Q
F->2->l
Q->1->l
F->3->Q
l->1->F
l->2->Q
F->1->Q
F->4->l
Q->1->l
Q->2->F
l->1->F
Q->3->l
F->1->Q
F->2->l
Q->1->l
F->5->Q
l->1->F
l->2->Q
F->1->Q
l->3->F
Q->1->l
Q->2->F
l->1->F
l->4->Q
F->1->Q
F->2->l
Q->1->l
F->3->Q
l->1->F
l->2->Q
F->1->Q
F->8->l
Q->1->l
Q->2->F
l->1->F
Q->3->l
F->1->Q
F->2->l
Q->1->l
Q->4->F
l->1->F
l->2->Q
F->1->Q
l->3->F
Q->1->l
Q->2->F
l->1->F
Q->5->l
F->1->Q
F->2->l
Q->1->l
F->3->Q
l->1->F
l->2->Q
F->1->Q
F->4->l
Q->1->l
Q->2->F
l->1->F
Q->3->l
F->1->Q
F->2->l
Q->1->l
Q->6->F
l->1->F
l->2->Q
F->1->Q
l->3->F
Q->1->l
Q->2->F
l->1->F
l->4->Q
F->1->Q
F->2->l
Q->1->l
F->3->Q
l->1->F
l->2->Q
F->1->Q
l->5->F
Q->1->l
Q->2->F
l->1->F
Q->3->l
F->1->Q
F->2->l
Q->1->l
Q->4->F
l->1->F
l->2->Q
F->1->Q
l->3->F
Q->1->l
Q->2->F
l->1->F
Q->7->l
F->1->Q
F->2->l
Q->1->l
F->3->Q
l->1->F
l->2->Q
F->1->Q
F->4->l
Q->1->l
Q->2->F
l->1->F
Q->3->l
F->1->Q
F->2->l
Q->1->l
F->5->Q
l->1->F
l->2->Q
F->1->Q
l->3->F
Q->1->l
Q->2->F
l->1->F
l->4->Q
F->1->Q
F->2->l
Q->1->l
F->3->Q
l->1->F
l->2->Q
F->1->Q
F->6->l
Q->1->l
Q->2->F
l->1->F
Q->3->l
F->1->Q
F->2->l
Q->1->l
Q->4->F
l->1->F
l->2->Q
F->1->Q
l->3->F
Q->1->l
Q->2->F
l->1->F
Q->5->l
F->1->Q
F->2->l
Q->1->l
F->3->Q
l->1->F
l->2->Q
F->1->Q
F->4->l
Q->1->l
Q->2->F
l->1->F
Q->3->l
F->1->Q
F->2->l
Q->1->l
F->9->Q
l->1->F
l->2->Q
F->1->Q
l->3->F
Q->1->l
Q->2->F
l->1->F
l->4->Q
F->1->Q
F->2->l
Q->1->l
F->3->Q
l->1->F
l->2->Q
F->1->Q
l->5->F
Q->1->l
Q->2->F
l->1->F
Q->3->l
F->1->Q
F->2->l
Q->1->l
Q->4->F
l->1->F
l->2->Q
F->1->Q
l->3->F
Q->1->l
Q->2->F
l->1->F
l->6->Q
F->1->Q
F->2->l
Q->1->l
F->3->Q
l->1->F
l->2->Q
F->1->Q
F->4->l
Q->1->l
Q->2->F
l->1->F
Q->3->l
F->1->Q
F->2->l
Q->1->l
F->5->Q
l->1->F
l->2->Q
F->1->Q
l->3->F
Q->1->l
Q->2->F
l->1->F
l->4->Q
F->1->Q
F->2->l
Q->1->l
F->3->Q
l->1->F
l->2->Q
F->1->Q
l->7->F
Q->1->l
Q->2->F
l->1->F
Q->3->l
F->1->Q
F->2->l
Q->1->l
Q->4->F
l->1->F
l->2->Q
F->1->Q
l->3->F
Q->1->l
Q->2->F
l->1->F
Q->5->l
F->1->Q
F->2->l
Q->1->l
F->3->Q
l->1->F
l->2->Q
F->1->Q
F->4->l
Q->1->l
Q->2->F
l->1->F
Q->3->l
F->1->Q
F->2->l
Q->1->l
Q->6->F
l->1->F
l->2->Q
F->1->Q
l->3->F
Q->1->l
Q->2->F
l->1->F
l->4->Q
F->1->Q
F->2->l
Q->1->l
F->3->Q
l->1->F
l->2->Q
F->1->Q
l->5->F
Q->1->l
Q->2->F
l->1->F
Q->3->l
F->1->Q
F->2->l
Q->1->l
Q->4->F
l->1->F
l->2->Q
F->1->Q
l->3->F
Q->1->l
Q->2->F
l->1->F
l->8->Q
F->1->Q
F->2->l
Q->1->l
F->3->Q
l->1->F
l->2->Q
F->1->Q
F->4->l
Q->1->l
Q->2->F
l->1->F
Q->3->l
F->1->Q
F->2->l
Q->1->l
F->5->Q
l->1->F
l->2->Q
F->1->Q
l->3->F
Q->1->l
Q->2->F
l->1->F
l->4->Q
F->1->Q
F->2->l
Q->1->l
F->3->Q
l->1->F
l->2->Q
F->1->Q
F->6->l
Q->1->l
Q->2->F
l->1->F
Q->3->l
F->1->Q
F->2->l
Q->1->l
Q->4->F
l->1->F
l->2->Q
F->1->Q
l->3->F
Q->1->l
Q->2->F
l->1->F
Q->5->l
F->1->Q
F->2->l
Q->1->l
F->3->Q
l->1->F
l->2->Q
F->1->Q
F->4->l
Q->1->l
Q->2->F
l->1->F
Q->3->l
F->1->Q
F->2->l
Q->1->l
F->7->Q
l->1->F
l->2->Q
F->1->Q
l->3->F
Q->1->l
Q->2->F
l->1->F
l->4->Q
F->1->Q
F->2->l
Q->1->l
F->3->Q
l->1->F
l->2->Q
F->1->Q
l->5->F
Q->1->l
Q->2->F
l->1->F
Q->3->l
F->1->Q
F->2->l
Q->1->l
Q->4->F
l->1->F
l->2->Q
F->1->Q
l->3->F
Q->1->l
Q->2->F
l->1->F
l->6->Q
F->1->Q
F->2->l
Q->1->l
F->3->Q
l->1->F
l->2->Q
F->1->Q
F->4->l
Q->1->l
Q->2->F
l->1->F
Q->3->l
F->1->Q
F->2->l
Q->1->l
F->5->Q
l->1->F
l->2->Q
F->1->Q
l->3->F
Q->1->l
Q->2->F
l->1->F
l->4->Q
F->1->Q
F->2->l
Q->1->l
F->3->Q
l->1->F
l->2->Q
F->1->Q
