I->1->z
I->2->d
z->1->d
I->3->z
d->1->I
d->2->z
I->1->z
I->4->d
z->1->d
z->2->I
d->1->I
z->3->d
I->1->z
I->2->d
z->1->d
I->5->z
d->1->I
d->2->z
I->1->z
d->3->I
z->1->d
z->2->I
d->1->I
d->4->z
I->1->z
I->2->d
z->1->d
I->3->z
d->1->I
d->2->z
I->1->z
I->6->d
z->1->d
z->2->I
d->1->I
z->3->d
I->1->z
I->2->d
z->1->d
z->4->I
d->1->I
d->2->z
I->1->z
d->3->I
z->1->d
z->2->I
d->1->I
z->5->d
I->1->z
I->2->d
z->1->d
I->3->z
d->1->I
d->2->z
I->1->z
I->4->d
z->1->d
z->2->I
d->1->I
z->3->d
I->1->z
I->2->d
z->1->d
I->7->z
d->1->I
d->2->z
I->1->z
d->3->I
z->1->d
z->2->I
d->1->I
d->4->z
I->1->z
I->2->d
z->1->d
I->3->z
d->1->I
d->2->z
I->1->z
d->5->I
z->1->d
z->2->I
d->1->I
z->3->d
I->1->z
I->2->d
z->1->d
z->4->I
d->1->I
d->2->z
I->1->z
d->3->I
z->1->d
z->2->I
d->1->I
d->6->z
I->1->z
I->2->d
z->1->d
I->3->z
d->1->I
d->2->z
I->1->z
I->4->d
z->1->d
z->2->I
d->1->I
z->3->d
I->1->z
I->2->d
z->1->d
I->5->z
d->1->I
d->2->z
I->1->z
d->3->I
z->1->d
z->2->I
d->1->I
d->4->z
I->1->z
I->2->d
z->1->d
I->3->z
d->1->I
d->2->z
I->1->z
I->8->d
z->1->d
z->2->I
d->1->I
z->3->d
I->1->z
I->2->d
z->1->d
z->4->I
d->1->I
d->2->z
I->1->z
d->3->I
z->1->d
z->2->I
d->1->I
z->5->d
I->1->z
I->2->d
z->1->d
I->3->z
d->1->I
d->2->z
I->1->z
I->4->d
z->1->d
z->2->I
d->1->I
z->3->d
I->1->z
I->2->d
z->1->d
z->6->I
d->1->I
d->2->z
I->1->z
d->3->I
z->1->d
z->2->I
d->1->I
d->4->z
I->1->z
I->2->d
z->1->d
I->3->z
d->1->I
d->2->z
I->1->z
d->5->I
z->1->d
z->2->I
d->1->I
z->3->d
I->1->z
I->2->d
z->1->d
z->4->I
d->1->I
d->2->z
I->1->z
d->3->I
z->1->d
z->2->I
d->1->I
z->7->d
I->1->z
I->2->d
z->1->d
I->3->z
d->1->I
d->2->z
I->1->z
I->4->d
z->1->d
z->2->I
d->1->I
z->3->d
I->1->z
I->2->d
z->1->d
I->5->z
d->1->I
d->2->z
I->1->z
d->3->I
z->1->d
z->2->I
d->1->I
d->4->z
I->1->z
I->2->d
z->1->d
I->3->z
d->1->I
d->2->z
I->1->z
I->6->d
z->1->d
z->2->I
d->1->I
z->3->d
I->1->z
I->2->d
z->1->d
z->4->I
d->1->I
d->2->z
I->1->z
d->3->I
z->1->d
z->2->I
d->1->I
z->5->d
I->1->z
I->2->d
z->1->d
I->3->z
d->1->I
d->2->z
I->1->z
I->4->d
z->1->d
z->2->I
d->1->I
z->3->d
I->1->z
I->2->d
z->1->d
I->9->z
d->1->I
d->2->z
I->1->z
d->3->I
z->1->d
z->2->I
d->1->I
d->4->z
I->1->z
I->2->d
z->1->d
I->3->z
d->1->I
d->2->z
I->1->z
d->5->I
z->1->d
z->2->I
d->1->I
z->3->d
I->1->z
I->2->d
z->1->d
z->4->I
d->1->I
d->2->z
I->1->z
d->3->I
z->1->d
z->2->I
d->1->I
d->6->z
I->1->z
I->2->d
z->1->d
I->3->z
d->1->I
d->2->z
I->1->z
I->4->d
z->1->d
z->2->I
d->1->I
z->3->d
I->1->z
I->2->d
z->1->d
I->5->z
d->1->I
d->2->z
I->1->z
d->3->I
z->1->d
z->2->I
d->1->I
d->4->z
I->1->z
I->2->d
z->1->d
I->3->z
d->1->I
d->2->z
I->1->z
d->7->I
z->1->d
z->2->I
d->1->I
z->3->d
I->1->z
I->2->d
z->1->d
z->4->I
d->1->I
d->2->z
I->1->z
d->3->I
z->1->d
z->2->I
d->1->I
z->5->d
I->1->z
I->2->d
z->1->d
I->3->z
d->1->I
d->2->z
I->1->z
I->4->d
z->1->d
z->2->I
d->1->I
z->3->d
I->1->z
I->2->d
z->1->d
z->6->I
d->1->I
d->2->z
I->1->z
d->3->I
z->1->d
z->2->I
d->1->I
d->4->z
I->1->z
I->2->d
z->1->d
I->3->z
d->1->I
d->2->z
I->1->z
d->5->I
z->1->d
z->2->I
d->1->I
z->3->d
I->1->z
I->2->d
z->1->d
z->4->I
d->1->I
d->2->z
I->1->z
d->3->I
z->1->d
z->2->I
d->1->I
d->8->z
I->1->z
I->2->d
z->1->d
I->3->z
d->1->I
d->2->z
I->1->z
I->4->d
z->1->d
z->2->I
d->1->I
z->3->d
I->1->z
I->2->d
z->1->d
I->5->z
d->1->I
d->2->z
I->1->z
d->3->I
z->1->d
z->2->I
d->1->I
d->4->z
I->1->z
I->2->d
z->1->d
I->3->z
d->1->I
d->2->z
I->1->z
I->6->d
z->1->d
z->2->I
d->1->I
z->3->d
I->1->z
I->2->d
z->1->d
z->4->I
d->1->I
d->2->z
I->1->z
d->3->I
z->1->d
z->2->I
d->1->I
z->5->d
I->1->z
I->2->d
z->1->d
I->3->z
d->1->I
d->2->z
I->1->z
I->4->d
z->1->d
z->2->I
d->1->I
z->3->d
I->1->z
I->2->d
z->1->d
I->7->z
d->1->I
d->2->z
I->1->z
d->3->I
z->1->d
z->2->I
d->1->I
d->4->z
I->1->z
I->2->d
z->1->d
I->3->z
d->1->I
d->2->z
I->1->z
d->5->I
z->1->d
z->2->I
d->1->I
z->3->d
I->1->z
I->2->d
z->1->d
z->4->I
d->1->I
d->2->z
I->1->z
d->3->I
z->1->d
z->2->I
d->1->I
d->6->z
I->1->z
I->2->d
z->1->d
I->3->z
d->1->I
d->2->z
I->1->z
I->4->d
z->1->d
z->2->I
d->1->I
z->3->d
I->1->z
I->2->d
z->1->d
I->5->z
d->1->I
d->2->z
I->1->z
d->3->I
z->1->d
z->2->I
d->1->I
d->4->z
I->1->z
I->2->d
z->1->d
I->3->z
d->1->I
d->2->z
I->1->z
I->10->d
z->1->d
z->2->I
d->1->I
z->3->d
I->1->z
I->2->d
z->1->d
z->4->I
d->1->I
d->2->z
I->1->z
d->3->I
z->1->d
z->2->I
d->1->I
z->5->d
I->1->z
I->2->d
z->1->d
I->3->z
d->1->I
d->2->z
I->1->z
I->4->d
z->1->d
z->2->I
d->1->I
z->3->d
I->1->z
I->2->d
z->1->d
z->6->I
d->1->I
d->2->z
I->1->z
d->3->I
z->1->d
z->2->I
d->1->I
d->4->z
I->1->z
I->2->d
z->1->d
I->3->z
d->1->I
d->2->z
I->1->z
d->5->I
z->1->d
z->2->I
d->1->I
z->3->d
I->1->z
I->2->d
z->1->d
z->4->I
d->1->I
d->2->z
I->1->z
d->3->I
z->1->d
z->2->I
d->1->I
z->7->d
I->1->z
I->2->d
z->1->d
I->3->z
d->1->I
d->2->z
I->1->z
I->4->d
z->1->d
z->2->I
d->1->I
z->3->d
I->1->z
I->2->d
z->1->d
I->5->z
d->1->I
d->2->z
I->1->z
d->3->I
z->1->d
z->2->I
d->1->I
d->4->z
I->1->z
I->2->d
z->1->d
I->3->z
d->1->I
d->2->z
I->1->z
I->6->d
z->1->d
z->2->I
d->1->I
z->3->d
I->1->z
I->2->d
z->1->d
z->4->I
d->1->I
d->2->z
I->1->z
d->3->I
z->1->d
z->2->I
d->1->I
z->5->d
I->1->z
I->2->d
z->1->d
I->3->z
d->1->I
d->2->z
I->1->z
I->4->d
z->1->d
z->2->I
d->1->I
z->3->d
I->1->z
I->2->d
z->1->d
z->8->I
d->1->I
d->2->z
I->1->z
d->3->I
z->1->d
z->2->I
d->1->I
d->4->z
I->1->z
I->2->d
z->1->d
I->3->z
d->1->I
d->2->z
I->1->z
d->5->I
z->1->d
z->2->I
d->1->I
z->3->d
I->1->z
I->2->d
z->1->d
z->4->I
d->1->I
d->2->z
I->1->z
d->3->I
z->1->d
z->2->I
d->1->I
d->6->z
I->1->z
I->2->d
z->1->d
I->3->z
d->1->I
d->2->z
I->1->z
I->4->d
z->1->d
z->2->I
d->1->I
z->3->d
I->1->z
I->2->d
z->1->d
I->5->z
d->1->I
d->2->z
I->1->z
d->3->I
z->1->d
z->2->I
d->1->I
d->4->z
I->1->z
I->2->d
z->1->d
I->3->z
d->1->I
d->2->z
I->1->z
d->7->I
z->1->d
z->2->I
d->1->I
z->3->d
I->1->z
I->2->d
z->1->d
z->4->I
d->1->I
d->2->z
I->1->z
d->3->I
z->1->d
z->2->I
d->1->I
z->5->d
I->1->z
I->2->d
z->1->d
I->3->z
d->1->I
d->2->z
I->1->z
I->4->d
z->1->d
z->2->I
d->1->I
z->3->d
I->1->z
I->2->d
z->1->d
z->6->I
d->1->I
d->2->z
I->1->z
d->3->I
z->1->d
z->2->I
d->1->I
d->4->z
I->1->z
I->2->d
z->1->d
I->3->z
d->1->I
d->2->z
I->1->z
d->5->I
z->1->d
z->2->I
d->1->I
z->3->d
I->1->z
I->2->d
z->1->d
z->4->I
d->1->I
d->2->z
I->1->z
d->3->I
z->1->d
z->2->I
d->1->I
z->9->d
I->1->z
I->2->d
z->1->d
I->3->z
d->1->I
d->2->z
I->1->z
I->4->d
z->1->d
z->2->I
d->1->I
z->3->d
I->1->z
I->2->d
z->1->d
I->5->z
d->1->I
d->2->z
I->1->z
d->3->I
z->1->d
z->2->I
d->1->I
d->4->z
I->1->z
I->2->d
z->1->d
I->3->z
d->1->I
d->2->z
I->1->z
I->6->d
z->1->d
z->2->I
d->1->I
z->3->d
I->1->z
I->2->d
z->1->d
z->4->I
d->1->I
d->2->z
I->1->z
d->3->I
z->1->d
z->2->I
d->1->I
z->5->d
I->1->z
I->2->d
z->1->d
I->3->z
d->1->I
d->2->z
I->1->z
I->4->d
z->1->d
z->2->I
d->1->I
z->3->d
I->1->z
I->2->d
z->1->d
I->7->z
d->1->I
d->2->z
I->1->z
d->3->I
z->1->d
z->2->I
d->1->I
d->4->z
I->1->z
I->2->d
z->1->d
I->3->z
d->1->I
d->2->z
I->1->z
d->5->I
z->1->d
z->2->I
d->1->I
z->3->d
I->1->z
I->2->d
z->1->d
z->4->I
d->1->I
d->2->z
I->1->z
d->3->I
z->1->d
z->2->I
d->1->I
d->6->z
I->1->z
I->2->d
z->1->d
I->3->z
d->1->I
d->2->z
I->1->z
I->4->d
z->1->d
z->2->I
d->1->I
z->3->d
I->1->z
I->2->d
z->1->d
I->5->z
d->1->I
d->2->z
I->1->z
d->3->I
z->1->d
z->2->I
d->1->I
d->4->z
I->1->z
I->2->d
z->1->d
I->3->z
d->1->I
d->2->z
I->1->z
I->8->d
z->1->d
z->2->I
d->1->I
z->3->d
I->1->z
I->2->d
z->1->d
z->4->I
d->1->I
d->2->z
I->1->z
d->3->I
z->1->d
z->2->I
d->1->I
z->5->d
I->1->z
I->2->d
z->1->d
I->3->z
d->1->I
d->2->z
I->1->z
I->4->d
z->1->d
z->2->I
d->1->I
z->3->d
I->1->z
I->2->d
z->1->d
z->6->I
d->1->I
d->2->z
I->1->z
d->3->I
z->1->d
z->2->I
d->1->I
d->4->z
I->1->z
I->2->d
z->1->d
I->3->z
d->1->I
d->2->z
I->1->z
d->5->I
z->1->d
z->2->I
d->1->I
z->3->d
I->1->z
I->2->d
z->1->d
z->4->I
d->1->I
d->2->z
I->1->z
d->3->I
z->1->d
z->2->I
d->1->I
z->7->d
I->1->z
I->2->d
z->1->d
I->3->z
d->1->I
d->2->z
I->1->z
I->4->d
z->1->d
z->2->I
d->1->I
z->3->d
I->1->z
I->2->d
z->1->d
I->5->z
d->1->I
d->2->z
I->1->z
d->3->I
z->1->d
z->2->I
d->1->I
d->4->z
I->1->z
I->2->d
z->1->d
I->3->z
d->1->I
d->2->z
I->1->z
I->6->d
z->1->d
z->2->I
d->1->I
z->3->d
I->1->z
I->2->d
z->1->d
z->4->I
d->1->I
d->2->z
I->1->z
d->3->I
z->1->d
z->2->I
d->1->I
z->5->d
I->1->z
I->2->d
z->1->d
I->3->z
d->1->I
d->2->z
I->1->z
I->4->d
z->1->d
z->2->I
d->1->I
z->3->d
I->1->z
I->2->d
z->1->d
