F->1->h
F->2->d
h->1->d
F->3->h
d->1->F
d->2->h
F->1->h
F->4->d
h->1->d
h->2->F
d->1->F
h->3->d
F->1->h
F->2->d
h->1->d
F->5->h
d->1->F
d->2->h
F->1->h
d->3->F
h->1->d
h->2->F
d->1->F
d->4->h
F->1->h
F->2->d
h->1->d
F->3->h
d->1->F
d->2->h
F->1->h
F->6->d
h->1->d
h->2->F
d->1->F
h->3->d
F->1->h
F->2->d
h->1->d
h->4->F
d->1->F
d->2->h
F->1->h
d->3->F
h->1->d
h->2->F
d->1->F
h->5->d
F->1->h
F->2->d
h->1->d
F->3->h
d->1->F
d->2->h
F->1->h
F->4->d
h->1->d
h->2->F
d->1->F
h->3->d
F->1->h
F->2->d
h->1->d
F->7->h
d->1->F
d->2->h
F->1->h
d->3->F
h->1->d
h->2->F
d->1->F
d->4->h
F->1->h
F->2->d
h->1->d
F->3->h
d->1->F
d->2->h
F->1->h
d->5->F
h->1->d
h->2->F
d->1->F
h->3->d
F->1->h
F->2->d
h->1->d
h->4->F
d->1->F
d->2->h
F->1->h
d->3->F
h->1->d
h->2->F
d->1->F
d->6->h
F->1->h
F->2->d
h->1->d
F->3->h
d->1->F
d->2->h
F->1->h
F->4->d
h->1->d
h->2->F
d->1->F
h->3->d
F->1->h
F->2->d
h->1->d
F->5->h
d->1->F
d->2->h
F->1->h
d->3->F
h->1->d
h->2->F
d->1->F
d->4->h
F->1->h
F->2->d
h->1->d
F->3->h
d->1->F
d->2->h
F->1->h
F->8->d
h->1->d
h->2->F
d->1->F
h->3->d
F->1->h
F->2->d
h->1->d
h->4->F
d->1->F
d->2->h
F->1->h
d->3->F
h->1->d
h->2->F
d->1->F
h->5->d
F->1->h
F->2->d
h->1->d
F->3->h
d->1->F
d->2->h
F->1->h
F->4->d
h->1->d
h->2->F
d->1->F
h->3->d
F->1->h
F->2->d
h->1->d
h->6->F
d->1->F
d->2->h
F->1->h
d->3->F
h->1->d
h->2->F
d->1->F
d->4->h
F->1->h
F->2->d
h->1->d
F->3->h
d->1->F
d->2->h
F->1->h
d->5->F
h->1->d
h->2->F
d->1->F
h->3->d
F->1->h
F->2->d
h->1->d
h->4->F
d->1->F
d->2->h
F->1->h
d->3->F
h->1->d
h->2->F
d->1->F
h->7->d
F->1->h
F->2->d
h->1->d
F->3->h
d->1->F
d->2->h
F->1->h
F->4->d
h->1->d
h->2->F
d->1->F
h->3->d
F->1->h
F->2->d
h->1->d
F->5->h
d->1->F
d->2->h
F->1->h
d->3->F
h->1->d
h->2->F
d->1->F
d->4->h
F->1->h
F->2->d
h->1->d
F->3->h
d->1->F
d->2->h
F->1->h
F->6->d
h->1->d
h->2->F
d->1->F
h->3->d
F->1->h
F->2->d
h->1->d
h->4->F
d->1->F
d->2->h
F->1->h
d->3->F
h->1->d
h->2->F
d->1->F
h->5->d
F->1->h
F->2->d
h->1->d
F->3->h
d->1->F
d->2->h
F->1->h
F->4->d
h->1->d
h->2->F
d->1->F
h->3->d
F->1->h
F->2->d
h->1->d
F->9->h
d->1->F
d->2->h
F->1->h
d->3->F
h->1->d
h->2->F
d->1->F
d->4->h
F->1->h
F->2->d
h->1->d
F->3->h
d->1->F
d->2->h
F->1->h
d->5->F
h->1->d
h->2->F
d->1->F
h->3->d
F->1->h
F->2->d
h->1->d
h->4->F
d->1->F
d->2->h
F->1->h
d->3->F
h->1->d
h->2->F
d->1->F
d->6->h
F->1->h
F->2->d
h->1->d
F->3->h
d->1->F
d->2->h
F->1->h
F->4->d
h->1->d
h->2->F
d->1->F
h->3->d
F->1->h
F->2->d
h->1->d
F->5->h
d->1->F
d->2->h
F->1->h
d->3->F
h->1->d
h->2->F
d->1->F
d->4->h
F->1->h
F->2->d
h->1->d
F->3->h
d->1->F
d->2->h
F->1->h
d->7->F
h->1->d
h->2->F
d->1->F
h->3->d
F->1->h
F->2->d
h->1->d
h->4->F
d->1->F
d->2->h
F->1->h
d->3->F
h->1->d
h->2->F
d->1->F
h->5->d
F->1->h
F->2->d
h->1->d
F->3->h
d->1->F
d->2->h
F->1->h
F->4->d
h->1->d
h->2->F
d->1->F
h->3->d
F->1->h
F->2->d
h->1->d
h->6->F
d->1->F
d->2->h
F->1->h
d->3->F
h->1->d
h->2->F
d->1->F
d->4->h
F->1->h
F->2->d
h->1->d
F->3->h
d->1->F
d->2->h
F->1->h
d->5->F
h->1->d
h->2->F
d->1->F
h->3->d
F->1->h
F->2->d
h->1->d
h->4->F
d->1->F
d->2->h
F->1->h
d->3->F
h->1->d
h->2->F
d->1->F
d->8->h
F->1->h
F->2->d
h->1->d
F->3->h
d->1->F
d->2->h
F->1->h
F->4->d
h->1->d
h->2->F
d->1->F
h->3->d
F->1->h
F->2->d
h->1->d
F->5->h
d->1->F
d->2->h
F->1->h
d->3->F
h->1->d
h->2->F
d->1->F
d->4->h
F->1->h
F->2->d
h->1->d
F->3->h
d->1->F
d->2->h
F->1->h
F->6->d
h->1->d
h->2->F
d->1->F
h->3->d
F->1->h
F->2->d
h->1->d
h->4->F
d->1->F
d->2->h
F->1->h
d->3->F
h->1->d
h->2->F
d->1->F
h->5->d
F->1->h
F->2->d
h->1->d
F->3->h
d->1->F
d->2->h
F->1->h
F->4->d
h->1->d
h->2->F
d->1->F
h->3->d
F->1->h
F->2->d
h->1->d
F->7->h
d->1->F
d->2->h
F->1->h
d->3->F
h->1->d
h->2->F
d->1->F
d->4->h
F->1->h
F->2->d
h->1->d
F->3->h
d->1->F
d->2->h
F->1->h
d->5->F
h->1->d
h->2->F
d->1->F
h->3->d
F->1->h
F->2->d
h->1->d
h->4->F
d->1->F
d->2->h
F->1->h
d->3->F
h->1->d
h->2->F
d->1->F
d->6->h
F->1->h
F->2->d
h->1->d
F->3->h
d->1->F
d->2->h
F->1->h
F->4->d
h->1->d
h->2->F
d->1->F
h->3->d
F->1->h
F->2->d
h->1->d
F->5->h
d->1->F
d->2->h
F->1->h
d->3->F
h->1->d
h->2->F
d->1->F
d->4->h
F->1->h
F->2->d
h->1->d
F->3->h
d->1->F
d->2->h
F->1->h
