758885
748361
72185
894862
626111
123552
957112
402149
480238
683411
704747
933159
41213
449124
195260
398310
281553
476730
480204
333026
161518
326216
425944
470916
466032
571509
96006
383384
882103
245079
156844
317299
1617
412836
228869
530600
929646
950378
403650
272322
60988
535968
174064
72023
478792
360893
740723
898297
807123
634374
195785
672947
514219
636023
427543
48549
118670
973143
392873
736194
941862
172905
711380
453559
751537
169329
618908
149326
653744
799073
921904
89664
303988
901772
124606
704319
22809
340983
180208
437199
180359
696225
415835
425265
299492
565372
355478
549630
459887
517002
550652
791603
518666
941362
599867
192698
997412
931612
849503
309753
798497
249970
871196
612480
153413
558802
863617
992676
174652
755757
909327
266864
483135
6590
459831
258797
312831
217999
887937
252977
171097
416661
732056
928961
965780
294251
767464
320180
219842
325983
509247
206864
67194
971081
719001
91905
536437
586195
769056
975851
65735
264583
563965
595147
72860
940740
481205
459196
699938
513645
388727
781855
175922
826859
62658
878044
836982
381726
528717
794704
273939
677347
695070
104557
71338
249425
77767
877513
821535
42647
762255
449061
305465
992752
240833
881987
869233
401031
251400
801793
421973
721887
485119
999929
821023
523790
501896
104908
905554
994246
883540
205424
903971
605042
574018
697399
964538
278885
634861
395890
8848
268728
399661
348070
224408
85523
163726
610275
814364
923791
149621
96680
212033
61932
157339
236007
939654
830480
201057
507719
199325
310558
651380
363815
183822
94769
729642
727603
219397
727055
324009
878982
251105
440002
853575
231366
850865
635109
640943
651946
271436
130649
38788
934633
624641
960696
940044
247474
787568
177597
928697
807530
441550
761469
643604
613164
940013
387413
300413
925144
55161
655416
26264
590451
875873
876110
575582
539762
520400
27358
886080
473966
998235
181568
203203
949305
334424
925635
11846
202402
526723
703101
523329
160612
308611
567203
663843
521136
129694
698218
46884
144139
353262
276345
182629
189707
850100
751897
151707
233759
714379
337160
348055
622980
261717
6084
193803
107852
380988
624158
595638
377362
302093
27262
230501
833708
316368
340844
907397
852884
253154
545639
413697
541021
576606
699798
413081
717737
267306
824948
56694
345125
365410
105759
662580
954214
512946
681139
806488
949362
815299
6793
50827
963978
530996
469053
659492
117828
761898
326446
810135
181141
601667
307567
962301
313223
375663
659887
426279
7955
236295
40243
196986
7602
682541
35438
652632
953717
833053
405874
280386
4198
589133
526894
975601
336237
44806
337912
348714
146074
580533
115719
434450
946588
247704
932072
331818
610880
976069
728367
891281
742294
56531
685448
307412
345275
327535
766159
583304
290280
329891
806996
18797
248960
408037
618237
221484
313119
350681
944062
144353
591849
499780
426570
957917
774475
822364
20876
322380
294279
880183
232865
511349
606528
650832
915667
808580
430271
906104
348142
259711
512809
740339
18980
593612
218609
621743
931927
551318
333264
102615
201507
950840
196692
677782
281803
294077
676254
374896
403383
829858
762691
581094
19672
658266
543192
310182
920976
452300
58285
352039
216461
26191
193642
529221
142440
843659
702156
747140
6554
973142
18616
911212
414015
40641
238755
923584
469277
974714
50093
890923
507367
512639
709972
381707
959191
545652
919763
692550
8182
702746
971674
676937
911664
287237
588101
727610
349815
505750
225003
482166
418547
507727
664318
798602
282145
733831
963123
220784
957419
455078
155301
974621
64765
185262
26880
646800
516116
896764
410530
645248
570161
756407
754281
475164
960196
75067
671085
963012
306070
632883
203587
923279
620402
613852
678016
442166
979921
647475
89573
659380
860738
225891
973119
723074
127260
516441
338086
568675
364818
575715
181110
729807
987599
523763
545190
759825
67964
176300
726616
532804
660063
408140
618514
986190
734765
541637
313651
813515
60301
52384
119216
613112
849906
302320
739156
491111
561121
228589
849999
346434
931919
215485
17272
968702
442910
244833
230571
323983
639440
421783
328719
377047
898439
529579
27014
732496
918235
576340
391705
151387
801143
133460
608776
692262
878420
788342
30303
957550
115865
104184
767781
473612
984224
832996
641802
273055
52939
742089
984908
693608
53972
39966
277210
852267
866076
775448
537712
132765
181988
40209
587290
890736
200890
287463
554830
708118
137969
425637
287003
3429
658292
705298
853133
698824
775403
989737
12210
94697
579412
188114
47136
176015
614843
54237
948334
107932
211266
764241
447224
713791
850855
8403
887632
30405
668482
922279
323897
249814
319108
340222
175762
433290
712356
359457
425200
60805
584379
129944
284811
278325
582137
720256
277611
784023
933297
413315
842676
496024
72489
840184
637795
545457
163628
27381
808794
686987
126002
593406
702715
179248
730747
48151
804179
212659
254764
420690
699629
610394
750133
440645
988850
366627
536381
34680
663531
794484
550376
86374
627166
49532
942704
956514
358024
680811
356475
809607
772871
384645
421721
503254
550868
39554
708854
682665
249776
37077
714303
490890
521814
739428
885861
658271
300038
599530
420650
729478
858148
799782
440786
120991
219875
936045
55573
867556
869330
883218
307690
401336
30142
349556
978053
173194
461754
645474
657785
158840
824251
864455
810161
633326
963506
596142
564390
44496
502354
805381
389532
377562
693648
324862
802906
545272
826851
118323
155490
829796
659515
123252
238724
696918
726768
285585
505472
86326
90800
828334
426117
76565
137558
24505
337676
953663
90003
326307
257493
201969
579574
698719
701425
72991
182002
103535
588401
629484
615707
28374
726545
232100
485263
68751
313570
566398
277987
366125
557959
498442
989038
2175
70697
906206
376056
973605
956925
324703
241610
678787
609424
65403
242341
379696
370733
490423
777004
582216
525354
375789
859531
18117
725887
124300
240918
831347
489281
626137
656325
533526
538927
251011
561286
125719
702970
542696
225936
519024
362627
642059
101767
381207
894713
300
292044
279534
312634
964082
120601
391603
784441
988761
452266
889321
182680
688523
424184
780589
493407
565446
482685
41948
70970
633140
347617
641824
512835
13529
51935
834834
579610
912066
963074
72585
423770
604587
804667
783963
553130
358126
13737
18358
967314
987711
483330
58217
36872
719925
259885
797178
892244
691665
251131
886901
143801
957023
822517
370703
286210
328816
198268
188952
28180
823576
750731
208741
487920
142828
767796
662473
666156
539006
611200
255024
221965
730045
378467
25771
271588
180617
843485
859274
180736
825446
518249
166759
125874
