705117
128558
740471
316163
842958
475466
824355
8279
959926
455062
934465
726563
257034
919966
319602
695304
314535
368559
242325
902710
345781
21672
510315
988994
534324
647271
864725
839449
300255
294136
462618
171704
89349
323328
305311
758505
923605
451722
118005
599646
964539
301522
832636
167861
299034
899475
952524
435901
378991
653095
257879
959217
388202
488119
280831
424644
505268
26725
468122
341443
664025
227794
535791
822369
246451
913022
979742
703363
933573
780446
741516
71126
123750
666816
63448
484506
767051
104973
783265
47027
661997
252039
285972
788698
577117
742221
702237
417863
792864
987139
665196
946343
457614
392329
361975
635364
601704
254491
785375
106014
982334
63274
745906
591858
257411
36512
317791
233959
233811
333081
606283
362045
59827
625179
823841
502187
450490
555519
897349
109822
607833
275484
537856
147857
293394
741836
86141
405266
997097
331738
314875
785928
190364
980477
685443
878396
243532
192798
820032
879833
106063
152649
763120
291853
174330
67221
186500
634520
86439
926862
260104
652280
226972
299249
975838
521751
755439
391581
903785
83872
244142
169673
56118
555211
727124
306847
330307
306652
729869
382032
927476
631602
810758
144611
580157
449535
244546
817951
51533
209412
155180
43620
305283
41461
652364
107137
833576
406666
87784
296361
295253
394541
622415
947316
760683
557977
858360
148654
857799
779473
947344
385684
202433
51697
880238
593366
738055
972222
584406
336897
701684
392136
384089
697503
808257
664878
545975
649604
102987
372234
978686
937506
942658
926759
289292
611472
94723
985174
599210
886850
10929
23493
92813
861029
754890
347220
871798
948579
496269
816140
10238
371716
33199
880461
44777
852870
672112
136626
853427
373975
244332
883739
150953
399021
362242
791852
370943
75439
214368
602970
526632
138299
243843
107935
716812
886303
357161
242771
179025
403879
97072
476368
84103
527771
858800
577071
736939
160858
576113
975005
499294
406743
290183
181114
951601
855279
250061
286929
376143
910385
914708
216170
355871
549643
860217
312248
713636
192258
946775
452202
294389
217807
640988
595203
778934
698790
863474
762781
206989
749033
373045
13687
227227
599754
870173
111357
727294
218969
317235
513971
552609
665338
591575
692405
110779
641590
210539
829328
728507
885313
758660
634292
391323
239344
423388
509352
721692
530921
960017
174622
881278
665581
505288
9716
569979
885468
828500
206273
17621
316473
573918
944996
154563
878613
51152
849785
484743
419068
257025
655154
957926
892192
312459
114861
727173
240865
141369
689755
702127
595137
544815
468412
292402
835427
779212
787925
3989
260765
419732
592494
875834
357958
501370
898552
295534
908429
679669
304742
191563
515804
587866
275535
601337
478869
727842
891614
970985
564762
614949
112219
427614
671744
298309
78029
909428
462446
703020
670896
881902
883924
719042
36521
901344
202253
704076
986234
659184
212227
991595
752369
475823
8212
240887
51054
565358
487556
186306
379972
45453
832204
456478
357491
866246
792818
715194
999559
581626
363325
790658
433677
834014
150027
317861
453434
989061
31765
534673
916440
763252
231497
689251
329907
509294
994766
164682
873054
202174
737185
118560
129420
635946
205665
640958
51633
713808
337831
953696
759063
43312
267068
458085
171995
660022
150179
671349
744659
254683
671445
810243
185459
183831
122417
473786
899758
670924
236940
127905
291606
203589
667188
741188
595714
123399
686584
678700
762784
145028
453483
924211
682906
933774
785529
609798
346599
743897
893965
540786
317532
423827
829225
749610
737008
758052
423160
994608
286688
809475
568340
174555
277039
974049
738620
822933
274880
831803
710250
333986
960686
839148
135023
70802
203633
744866
126085
405477
896408
564719
99633
145975
753766
778306
702964
255613
869244
763739
372776
944389
57316
432052
819682
857482
886778
127398
183056
549150
63065
476731
948046
838414
658868
427379
867876
981240
786855
431715
304614
960562
175647
190970
449797
168763
975689
690377
573466
293244
904178
755611
370053
97010
306628
275198
849439
465257
943707
838909
328923
735370
449513
375697
846836
779332
770597
699296
512801
35449
209689
995513
669046
932817
265389
233554
970542
236241
30612
816968
171079
461578
148441
238101
428102
367027
818968
164503
772340
894000
707099
525578
844715
186603
848326
536361
694240
488305
70895
597598
379823
649052
982298
45734
543514
589312
262745
459901
733695
920582
104913
120102
199324
328585
297950
502980
258381
745731
102315
62839
511156
30369
341005
406864
39696
805675
679594
717900
31621
674300
34816
614150
406854
328742
575926
924093
238704
562214
211065
519578
910430
612029
212509
829771
257558
348114
466256
104165
804494
648597
775409
935844
316889
475896
487645
793236
909767
96106
456381
14673
489122
268896
935974
921721
355445
661150
577476
59615
957132
257977
285352
372323
965455
561988
157368
693814
271504
665299
13108
232740
38037
174147
126613
886126
617179
121417
221800
979871
353404
718297
186422
433233
753794
52411
120693
590893
105009
524891
878187
690324
514765
438163
293325
245306
966097
118867
723918
304527
995286
152299
621197
512693
71842
234315
703217
628280
729455
944802
732732
744686
579067
910280
722625
85912
412367
571527
355293
397636
786033
537334
688661
148352
662836
120353
181578
536503
885345
735812
498927
776526
205103
266651
330806
278587
775204
957571
557714
850104
28650
468615
838777
77275
880592
272832
89868
692088
978186
862531
74171
830183
657658
938534
549628
761753
426102
116377
440414
787998
491079
55285
263982
493314
201366
77010
125943
991146
931060
82930
230424
820846
556039
114842
106510
275384
807571
601358
817993
511524
600913
630957
953983
581159
160306
536541
20541
51179
511725
489494
975176
403318
956064
39128
845288
11916
212181
432465
4557
52119
456850
179027
796142
853024
75248
770262
790023
739743
182237
519271
109647
524573
816050
388021
77784
392790
52145
637460
502994
287006
996072
553925
279232
876392
957676
832245
272800
271851
870508
589556
204017
547808
923993
315210
303027
89601
986870
103032
25558
9804
991664
894311
835526
486299
597169
722122
100712
369646
123313
437698
939473
132836
990757
144448
542267
7645
131724
309307
268103
263573
685041
246939
317032
385950
754333
556861
366500
151749
993374
112656
62056
3077
33127
536400
89087
100462
728963
395096
776514
695710
779884
287635
990462
986973
730102
594382
270070
439093
253457
614813
968595
476672
878792
737084
232909
645153
