253229
424628
40034
804235
884617
843219
544372
614382
264586
840121
528371
355203
227050
922530
425282
207369
188724
167376
231920
529405
955184
4723
330127
478889
237605
26193
295548
752068
396739
575376
875413
456904
328900
66259
675618
917142
931390
349040
310909
985171
693377
219410
105916
253975
268444
65482
770579
899474
543018
279291
324676
567475
389362
320157
862122
277472
703092
274267
825725
869467
222236
631700
153608
41816
440675
285563
327502
93237
549456
31069
169080
389893
559594
727497
928931
166044
421830
550072
300653
265215
305785
962098
431998
595531
452869
48428
679651
874020
702963
409379
518296
444241
3179
89467
453815
300539
57297
396060
591663
408459
806396
658005
262059
681050
493780
728767
404846
937798
578032
789569
629417
827834
338383
367160
578043
333922
927114
800777
462607
597094
17480
908828
131122
57820
549931
260335
644721
95580
219184
475576
391391
456184
17233
783592
417423
917787
674696
294380
197540
489481
379039
600894
154811
709736
728874
923975
874971
522887
23100
341371
567012
154650
16500
688498
197937
173621
498729
721656
909084
743193
770933
344415
47209
777680
632036
657840
887307
446467
576794
405832
76947
57513
735192
614538
362408
523755
238650
863458
8715
180932
100426
485640
83503
441641
244365
299681
271116
140594
11938
164215
418859
578585
917547
980779
754956
828635
958481
53177
139436
24792
739421
461870
138298
558028
640754
990331
216372
70944
577034
191376
535410
348864
206990
405272
869165
405782
709134
502534
950794
904711
77298
91593
877702
713144
753817
624050
620011
960852
610358
513401
21689
864938
83821
13733
997552
828462
638
145259
127863
607976
578783
251258
548964
27080
669119
182983
540565
244515
820835
531956
381677
978034
542028
382101
341680
120637
479411
371155
598329
319118
568018
670105
642329
386237
762533
377871
331469
585814
624895
917643
31011
448741
928142
19596
773478
485860
504029
345076
769645
15597
860624
80637
554214
885356
587409
410589
119419
252677
244407
925193
46233
359614
494584
363170
993308
415271
911343
313961
145551
536425
96134
221149
655328
195004
934691
47454
679087
992384
80431
368255
554923
163594
768244
875190
907377
390645
341819
205011
243817
585283
337561
457558
470299
945682
631669
552277
122868
227579
419234
152548
754288
228878
409253
258654
689926
182879
421514
20012
906321
309534
975317
392151
547055
309272
12821
59293
697797
75313
267513
322620
701831
981909
358721
146020
892569
859509
966153
177233
635666
178654
370271
948622
536880
537689
378746
43018
969122
404207
969902
548978
18902
851484
138910
345409
391562
786832
90303
941000
181968
431678
224597
11705
780551
78202
524915
28107
674712
826631
221056
184933
565683
963834
268194
658820
236016
214285
568288
905642
860916
74634
550261
946125
983157
30048
866131
593070
571889
415805
163563
185190
213761
363929
649917
870483
225904
575030
156100
619351
533715
314148
354892
665321
40592
165511
250304
578744
373463
806442
806077
644297
158856
869593
238469
193681
769056
304868
725226
513486
501036
73395
171511
784160
744692
984390
382459
365910
319299
952431
982144
690606
972036
45733
532539
650767
108759
446971
144291
760275
531761
947160
155259
964094
428493
460109
744867
885683
730880
125753
382661
884120
689233
782262
430601
382006
518943
516184
8390
495380
459162
934280
561666
767679
447419
922601
724229
94937
159976
206799
754776
257842
