949738
897378
363419
802273
804585
425008
457884
286729
999207
309003
491948
362048
543693
677598
62544
60730
142787
193252
874118
271629
227834
744414
964637
273445
124627
422104
872155
702015
408116
27207
770614
686813
725397
164171
175361
393007
999822
525113
272628
245162
601213
711089
708766
98644
65441
762988
773918
17741
979091
198406
453658
810105
19825
790646
646528
759422
643237
46486
28486
935197
791983
871188
502616
237911
379482
230573
11827
309311
123369
922148
504086
851577
593890
517953
150268
832967
227489
793324
25014
657616
926052
817798
72181
523299
720454
232503
172349
4270
991598
738849
15743
91872
13996
150882
56716
504725
298271
158699
88209
362081
729328
352650
261569
145492
953873
306240
541487
796702
298069
770066
868752
208652
63017
782892
434734
423208
289675
226906
74079
689440
127728
305049
475105
90897
166119
17519
62905
38745
904246
257822
458204
310028
960843
650551
602482
25269
404454
835087
470880
303315
350756
341615
947990
917977
8220
379435
2791
336479
904107
639714
165383
522181
603956
135898
368371
202500
95844
715018
957430
570654
844030
568263
673365
827442
510260
418455
952482
24538
161786
857230
884710
236045
969851
860525
627692
297289
818775
953574
477155
801704
516124
840517
293193
985311
378138
483904
498354
25655
872641
125645
79902
286505
560761
897836
889463
430536
688128
786144
579312
458362
428119
633783
874332
556720
762647
692929
604898
64749
165686
837215
723040
436670
425314
337859
950447
987864
407198
143069
921653
217060
930124
808766
249506
649026
27330
773343
900129
881390
786201
155815
615719
426374
510400
387168
345499
482689
695834
758557
1286
937771
626043
435090
634192
132783
476756
443818
15716
122263
529492
951360
630011
31674
595475
63532
146205
332706
944020
903083
387345
957897
578728
368480
229885
158662
241907
604824
69931
103585
226601
803704
559699
957917
209305
941655
454120
155379
884372
16629
149950
20536
317822
275805
212031
863055
39769
350477
159381
453253
177037
191643
795161
407938
408283
97025
606128
511495
769523
400299
973232
991908
362525
258312
265367
824977
712901
788504
454010
339021
385642
969338
206532
461311
426906
682963
568870
785642
319363
893080
425023
248308
99797
866278
121138
935439
95345
353723
421127
705310
379441
963666
545293
484220
381730
764850
713212
506362
728777
107570
546971
852328
76872
348388
965149
257358
689078
601155
122213
348688
819428
248315
929930
415991
35499
767938
568989
441903
126649
71806
31583
182461
509486
796948
524231
427297
271223
339246
801157
929602
475174
744084
59526
778807
655715
471007
40379
128092
535908
755806
171285
185684
323247
810968
920800
307667
716996
224786
109076
71268
22222
923932
254221
983682
24142
511415
23711
272469
824122
732455
224117
991590
641711
98368
908920
103671
406054
484881
50162
779623
490008
580047
176432
206224
894482
482683
970239
991611
450050
476321
456020
464166
348639
579660
268717
845303
367067
657768
884452
394222
950088
17806
255982
456189
130188
98807
609510
385968
230515
602358
777787
180791
740926
970308
372837
403625
730331
117748
612946
574603
712558
4557
155182
529173
733447
460171
371213
826675
446185
124731
70588
735603
117535
648983
81395
486227
370728
645442
787203
592058
540973
932447
672340
92619
906213
893911
881581
758172
171068
136842
256255
628072
199120
534379
331643
890959
435157
869860
97637
206536
345299
143104
504635
668485
637727
689449
887633
613704
775339
329530
860936
592779
830540
185744
699801
768572
552005
78993
433216
415204
46481
693218
319926
409412
506441
884279
190270
490528
916341
447688
371028
202544
653102
418289
321411
512510
965158
470180
818331
236316
707188
150153
414261
466258
483320
852508
362410
179853
897671
749629
302997
749845
226983
769440
421113
282568
411158
536964
176397
125564
578480
241200
814433
913098
401323
44984
983688
372262
7967
877673
13079
311529
13728
