266906
877892
268969
210872
172892
458054
259801
697718
571516
846355
931960
12471
474371
257268
239123
684626
842161
402879
566809
87050
427419
792613
187448
298246
477742
512992
206619
497596
614368
940524
83387
741788
572371
425836
266790
589751
250856
536964
345575
87933
356348
627103
103396
793240
563166
729441
552340
906327
573671
506600
659093
923753
487637
536819
474457
91850
176005
225427
899197
979550
129772
5964
673262
108797
962631
28500
62572
195294
200795
590981
369903
703058
338874
861005
735983
591386
895412
151760
419112
545418
285809
728699
120079
350033
286543
168049
185171
786078
111100
864125
262974
533578
757367
372410
368867
690237
140405
516764
799442
389584
569311
583235
727448
150545
250109
351196
607039
522710
727208
98286
313700
78170
491856
528610
212029
397169
274640
319334
785267
715681
356891
657832
239561
811905
475140
684894
300825
207495
551071
968034
345760
208304
66252
902266
820218
994646
759295
353653
521536
723810
198825
523913
955991
502316
192569
425726
493084
673309
668791
842936
966757
954769
244544
538564
485494
18513
42880
281989
578126
950616
414783
728797
927628
579185
342647
422994
684630
652796
317537
130401
424241
296737
435889
348903
3168
164895
280312
756995
197090
939645
226130
536480
304880
185126
382933
607377
272370
548026
183077
85385
226098
849828
592538
717536
436289
88811
791879
690553
413878
223273
230089
41048
816796
92762
235667
650385
30052
287831
564492
12187
415322
242748
126493
960122
222511
520332
948248
708375
824180
203541
577431
753631
189125
10882
684455
707850
443390
878646
545198
550167
954295
486088
173367
400862
162352
20444
310757
552070
668019
236999
52468
357668
753142
898725
871529
138240
351417
140725
415702
42886
830458
982170
623957
826651
246688
872759
632536
551207
858983
105202
256898
768884
546656
665258
40745
63949
166567
712910
41481
914816
434887
174072
186575
809799
489091
780447
128447
195338
297603
122292
42430
531266
534653
999026
743251
213267
367613
892119
419479
336378
510138
758717
836389
119540
366578
592047
505957
183637
233697
734939
671276
102794
708802
721179
255094
967396
499951
42744
251007
26371
180623
142828
953617
444066
53722
919027
941119
14616
972833
17296
172471
370112
604259
435324
796320
589814
293420
654364
309631
559404
982732
374671
230460
932818
784268
923914
69394
540129
220828
911258
493565
754290
972752
85739
123219
337691
682949
927020
917257
974823
195596
38873
273412
149854
660040
61795
929388
377219
433012
838169
205416
380222
843331
536663
491537
307139
85687
54361
641916
644624
464377
357134
683607
326509
712552
978681
740787
291516
257303
22318
19059
345623
108736
764278
398223
868327
678122
222284
705564
132307
398214
772696
42380
683285
149477
180252
695943
324480
967348
729946
978661
152190
386856
646377
906467
118444
724159
787192
899970
827487
90084
70250
977354
594134
813265
604179
646840
173253
330215
280025
839486
348673
863550
673270
332640
913938
979529
686071
397833
538539
257481
67890
421065
168724
875277
992557
671295
92424
281010
626369
496439
148539
186600
66253
473812
260011
508183
443899
250428
229075
369859
641243
431576
498358
243993
595961
63305
534377
276228
955683
163199
387489
613539
734882
706838
529444
249876
438000
335251
610947
532163
322141
998177
399539
966579
645855
974863
759742
943432
171779
986830
931977
343614
86132
303179
734325
438804
985634
849040
973591
840728
299542
196820
278467
982508
478841
476107
27197
874599
107289
121942
575878
756266
645271
20709
764010
128861
430126
911998
687971
281992
101867
681953
219922
393477
79319
296740
433437
56773
882428
538942
156081
836184
418303
497068
916990
326932
373559
462050
430365
412518
368168
110731
41027
920015
577478
979757
821171
991523
285993
396152
1155
971232
285466
869583
661865
496900
322699
671718
81588
337891
346555
430288
603724
727451
664185
885305
173803
649505
219127
606371
166555
206401
241627
839302
846007
961236
450496
612508
384988
335579
662745
248319
572669
781890
225571
14552
833498
313114
177293
691370
86272
741699
217787
254011
888955
369786
422236
677700
609637
111542
750512
296303
42067
498211
461279
570543
593245
519981
868187
80421
132576
589709
236935
905149
681546
446508
451354
260718
166532
758337
435176
232516
116842
421731
365315
301712
221502
279234
11877
926834
725355
243466
881544
906016
727089
303023
709105
696362
67311
825971
289424
189294
844442
68212
785456
902000
542613
910354
753276
349038
339375
45686
354917
66656
174821
672910
252531
648127
214778
459434
733993
656537
693030
708540
876651
597835
55535
942656
361375
131455
590155
306523
876732
31037
660128
327604
390655
802108
819137
803089
788140
573663
520127
545884
711713
704234
440051
364158
221129
174636
889507
405408
321104
911535
88264
609995
668455
960879
931177
382519
745696
938108
145647
922035
262373
643879
940073
483593
209654
791236
666998
495995
572698
777439
842519
183713
364689
506924
635553
745325
251360
208602
668877
237180
704345
762678
302918
336591
149044
308354
16836
708588
764051
714996
781045
993144
516372
830966
501703
986440
368856
670803
877788
349050
678263
930426
762745
712042
325686
946776
935807
630428
835031
960485
901386
505584
685531
182182
161431
720409
162468
140227
683978
419774
311997
931110
886645
788036
966057
773266
812759
243312
626378
792175
489141
464562
352216
159987
657107
43251
805134
255481
421781
437948
540732
583774
328940
185789
389317
761337
975077
88740
422865
519730
921754
294129
171060
919239
237587
67481
656554
229363
575154
695787
544601
792354
973423
449705
788164
930042
115427
232703
168095
752588
951929
284233
567667
137261
968132
266111
561763
101325
672649
429383
732803
407525
450704
843928
365778
645080
586183
394558
212140
260488
501156
733565
928400
99491
86079
912766
298416
111677
290793
42114
194433
484442
770122
972563
991330
97484
800222
