158601
661522
200679
522346
452243
874308
99794
254698
692331
138428
130379
139878
548161
497512
379248
703618
958272
706090
173021
164946
746203
150148
942242
466748
746494
976661
837973
557143
358891
428658
21071
343156
293304
882076
648154
63886
731908
836436
313075
671127
719435
132092
143196
487533
114134
875312
805697
583093
178586
374548
418169
24273
677061
532784
993414
218631
357303
945731
79095
306807
650791
712824
373191
160178
582745
378319
82863
915694
151354
111189
156636
229262
896936
47584
922360
561575
555713
412582
215654
776716
447228
813295
894785
126554
216471
300150
859686
242234
539342
429493
805956
917858
713261
65014
176766
887209
564810
624246
233482
192014
155610
955802
49872
708245
653329
581291
654228
964670
462879
341458
471421
525941
987402
782532
373904
120438
619102
323250
406725
823177
281330
564591
384468
620313
712406
119247
92542
455065
804711
291135
25638
847479
442671
49249
678214
450362
172599
605548
717664
166508
942546
829534
2619
693284
269051
876632
263897
334505
413757
321108
605462
873693
829512
68357
719492
900708
271321
773989
331864
739459
254983
672254
5798
505897
226687
314303
21666
47869
318384
447802
996197
594715
397999
898270
416337
652594
490960
678638
428737
397151
874850
264389
140558
360471
458251
145232
212442
774313
585729
418567
291436
699523
592612
148067
379182
170181
860817
626307
353086
539320
193969
2286
587358
374455
700470
521668
797293
577316
447027
632537
821674
782111
723797
612606
502033
896312
438523
548094
616732
290104
304111
759936
879985
542333
840463
7871
268302
751329
197140
41283
228529
41024
65871
43382
665396
276089
589716
208030
731523
660631
365486
93381
534998
574518
186096
346189
595203
428458
153108
147353
714218
396158
780194
301741
562758
268467
261811
61863
225634
686769
318801
874694
348847
414843
878911
562480
594107
770992
400678
833981
683047
89463
201998
141985
728685
277866
795017
468262
707817
726615
208171
195044
584522
565025
956285
917432
38733
756207
584863
691319
755373
471692
136553
928329
276660
512668
447662
760401
922914
14504
990942
475158
922211
675551
466745
304644
984696
353214
726494
251342
960867
737371
273699
135376
515889
149642
265251
127213
304829
118350
638251
470847
856115
14873
974565
935855
75433
778475
403767
214071
441781
913622
995741
7649
628894
143826
514603
188872
177698
800691
841710
705131
126326
279738
113850
496659
578185
564252
894619
531209
824195
545700
957371
931656
621717
871879
46192
877930
872336
231060
365580
415729
540816
667673
162846
470305
22365
768300
584890
560708
93173
110794
101114
104480
328464
194262
224731
580237
579357
255048
302939
267936
535309
55591
355306
68132
541609
649672
382121
606894
747896
104434
930837
388793
44379
901224
641247
676585
360045
783797
811694
112471
279619
62013
122250
297793
262882
297210
87253
681545
193039
356422
475678
267260
781450
160164
478348
501659
146576
769365
303643
491188
622407
12827
261313
709550
816663
917200
175094
612156
961315
565849
368360
985778
636570
364985
97542
230745
207435
745055
853448
189611
358493
23166
565237
305971
522225
581533
17422
507351
655171
828978
343995
618245
521999
99779
634768
600345
219850
460993
785653
495161
49850
81348
246821
912054
454435
44289
126587
974541
63336
971964
779075
912452
17468
179818
715029
277698
264736
251617
20815
266426
671704
345755
550464
392686
173447
40316
423524
507570
558010
827495
984832
177859
928451
297708
452487
316997
39119
601808
813973
557412
237103
280539
5935
63991
527844
240267
68931
281601
638611
614151
926937
599584
969923
269418
390555
8212
131080
241943
879548
425507
857367
423237
429336
253035
728327
564212
971139
515555
886100
58060
556328
717526
956127
454002
433620
921522
446961
796213
712334
449052
67821
63976
465385
979683
246409
783606
469381
335832
780703
773455
439822
896234
679205
978409
648632
14406
550580
491862
988913
304288
623614
316972
581575
811430
567959
483134
972071
315492
104086
440940
406612
993515
906965
920336
878264
847301
786227
986293
792680
857051
958024
255781
93178
374672
948413
571852
239280
117246
461596
37744
754043
553042
566763
294145
867529
624562
688235
620491
731573
318482
674289
721284
739323
468948
426959
348802
91770
325589
339829
624888
625349
838041
468637
428221
249933
365
111668
398760
318512
94235
876526
627696
777849
24192
668365
762453
642757
183897
367443
747954
199937
349925
873409
966299
332975
559550
709947
43577
224748
657924
945602
200954
246827
907304
204922
701215
999336
267939
724379
578558
514047
609320
110267
561266
985166
524781
558385
718497
920280
147299
913249
411156
850990
224600
709030
160588
20429
514466
959827
802819
398138
620467
591996
500600
