866088
658409
140330
870169
456564
35207
584398
608003
218065
885394
696572
169074
413722
630592
725930
875448
81124
613811
367985
845098
868914
341708
752109
970712
609103
148026
754728
119988
45709
332347
43321
692252
599287
543860
24635
723047
722793
52734
513832
635005
551132
204384
891142
30926
451751
609788
265659
572502
211301
432375
695171
211832
841766
35818
307033
595711
538401
127173
357419
309231
181193
266853
787415
73219
728677
56698
689361
652208
584448
37750
883447
478669
953751
724451
343419
568644
739204
27610
115791
983171
66395
809238
231561
522905
343339
59256
509344
505869
539666
837320
102320
218482
309425
654016
883608
567613
186996
329794
156725
24184
113308
663288
637579
798907
845991
634600
228265
905802
813558
257745
735705
20430
100768
272668
514738
374876
555559
460652
914992
872959
159447
713416
102708
760987
679492
199522
116698
994471
572251
892403
81
234108
438152
973815
262520
504908
123921
464043
333358
421279
854123
243715
874170
658620
255912
894925
943425
447092
819927
276116
760363
340974
604962
248032
707368
398891
413562
566771
908640
82410
328347
559400
888775
146714
376310
80258
108492
488643
43925
197698
182861
13324
247146
778870
233893
934226
366252
920308
798908
358015
170773
981930
20477
373678
225269
908834
258561
769993
902715
122915
580889
730798
77915
206439
442699
967266
856967
108738
642349
245395
521544
851894
974963
385801
296988
877613
556529
278037
94568
422788
533584
783165
579308
779573
622045
464718
229330
206839
61146
564417
747301
732744
156025
325957
608898
95662
820675
558122
739925
360489
971006
165121
179576
822508
825679
918149
610291
358379
233751
113897
480989
527275
547448
644709
99229
260297
692583
757188
823375
991133
783778
976003
718847
710911
354878
265324
428563
749359
852412
27624
694339
9589
773231
343649
20168
546333
924746
122523
405154
675408
226780
238823
117120
938862
4594
29200
511996
693382
132814
677918
54525
323923
168134
419610
513153
680325
519550
263284
26607
789421
99690
73277
955603
292064
455104
935526
853303
521022
492503
557487
599781
929343
383901
552874
161545
745958
653494
226705
257603
690251
210342
516970
591336
36149
281572
89331
515614
339748
920130
732048
178901
520511
43655
650621
143291
934871
862712
154974
48207
912968
815353
484852
952415
652724
16281
711703
90113
801780
618297
756251
966397
524290
413621
834220
62940
574202
837242
360965
127874
223888
92979
561585
942956
478171
852731
817260
252182
127371
507696
111575
230776
646037
103693
343674
860935
898381
947911
867657
412696
43463
407527
410142
253454
597485
678018
422871
150687
181492
480199
254399
137226
757323
644127
437383
865628
332620
17110
965641
567437
584647
576709
605606
238907
242644
464792
711065
893369
396429
476221
594371
312017
563076
790168
937017
216254
46263
122503
769560
984521
10682
523695
59291
495899
638985
275674
35986
795525
806258
372400
836675
884656
543181
70644
682025
480582
487990
617456
901281
883602
584103
386117
550067
371192
32127
491317
498110
415994
245193
517955
157014
798862
661060
174981
369407
633368
483943
232764
830576
326321
483820
762291
316458
295359
859899
349244
946327
524507
581270
602557
429207
967968
650475
985067
567478
883400
628398
714315
376405
687019
963658
615566
903944
644177
830790
679211
882382
160752
61177
225559
786825
456728
736271
209816
335197
349126
700360
255001
837180
875012
796054
619265
494883
164670
275854
757445
39071
497496
635790
334119
55263
580326
646402
57540
978525
894902
233047
247285
514613
741860
947301
466519
630328
339875
579088
792694
86389
782541
248338
711696
450695
695741
508825
782117
844246
888933
118277
324983
226311
169033
705951
12158
953078
355067
647089
852649
22565
241297
961085
333527
196875
878680
923442
903032
117365
226300
622115
190280
874928
238326
631027
118262
588507
141399
774480
591125
3103
33621
777810
576164
96305
743136
47673
610569
281672
201096
90472
258963
365282
608567
46543
672617
17314
604784
159013
195460
722851
892607
344940
372801
888395
926146
505019
71318
593944
97921
844468
446134
102058
958877
118173
408720
951864
394445
473850
122136
463002
639222
373835
471685
999564
159250
882299
25544
541801
159397
467262
526528
483464
646286
224246
355573
99501
931939
544600
151075
140284
639977
913257
