993978
801500
67524
627932
831974
190930
195092
767170
262603
821095
514434
975091
510997
888846
895119
745362
741221
428261
446019
517860
322209
928439
373894
471908
604687
340751
345154
791735
971754
799201
706918
523610
500084
649389
450582
649631
711144
838497
474092
418444
344023
231926
331873
305956
921751
683870
357203
206635
497000
708739
445989
974594
310069
534265
438588
19152
860399
181469
691408
529205
48675
954459
50478
359868
370937
895837
626980
121952
815366
979186
888702
463856
252620
16466
117539
554532
956328
766806
454176
679831
424603
612534
93858
423248
884057
601509
365343
821258
740603
635713
347829
144794
360580
558320
687052
481034
198491
611723
528872
943264
408548
699722
192462
590884
611296
313829
532345
570496
696388
95123
401749
29837
254160
143642
357502
849777
554394
578992
733750
47847
30126
778733
243715
536354
709491
482603
159867
633200
968769
242960
88142
801871
264318
892245
326494
751684
15574
327493
324470
530418
629528
578479
408814
529980
945964
400772
129702
849120
795256
744627
766048
211119
570756
201858
718403
908797
102632
128626
852023
818426
76088
316327
853301
560269
389688
630737
481228
515113
962621
498752
766346
395521
189648
58639
502410
129324
339258
515229
482479
997717
893556
799212
957664
719211
882220
531469
789105
456883
651330
557939
611998
338904
312974
259755
391883
796377
378054
837175
382684
934986
73980
219581
403955
837981
395044
566717
444678
153101
750726
816463
277212
352343
376216
919598
598398
779102
347078
49075
898789
99604
600511
718886
46441
268396
754588
509579
33270
186909
66684
212537
600918
357685
425414
619064
128931
18786
275308
635277
319102
662235
724206
377295
274954
240784
185447
845644
465453
391288
351471
685655
607276
485525
104194
608911
202139
809061
887168
770988
379850
442288
941416
529485
715079
206201
488478
557868
221490
84002
757206
707829
212065
486361
94292
684626
478698
338647
764700
596684
70692
574019
306566
849096
533647
615852
766566
311274
769283
893822
362911
329684
990501
363438
263524
810015
35468
952063
46101
235978
348574
659395
655451
657451
540821
731015
604257
287353
116838
286399
14444
874259
350480
473102
707342
809487
460010
540412
409798
994290
497058
588158
607057
23288
930226
613747
135273
759159
624223
17406
99505
844813
369231
266920
909451
836029
95569
801269
295097
271027
961000
438119
302455
379557
773410
576342
115515
563833
111878
894780
997552
568909
237243
611385
666991
513335
355711
782628
705196
335605
824118
297204
71356
584572
955354
890024
239100
448408
454083
506037
84159
107084
842567
454515
336120
462519
782327
399328
85891
528422
962251
708690
880137
526934
730354
673189
22235
392640
897646
548556
747475
304701
693357
215313
616404
473214
502256
329120
621801
333865
116315
706146
451562
159868
817490
966356
830817
180277
453820
766611
451579
617022
654625
99329
896956
633172
503115
273167
615789
431954
960652
407011
951764
104081
968461
971471
815392
239819
871652
975749
883798
781484
340526
936594
43997
536704
898245
175006
628942
125905
966573
667947
10433
173752
355251
723021
252220
194320
729385
212680
748565
465157
744821
75353
52907
334797
274544
996580
639231
75312
623241
845109
541076
594898
336613
92837
456242
505738
226078
109431
730878
322001
437797
750369
960280
999860
108512
865311
136416
1122
6241
702673
920920
84225
63416
290165
603575
880209
632731
36810
745998
367850
455729
855424
796956
716402
225476
170316
69320
640429
703769
998301
69797
61070
893173
212954
676352
778657
58991
210789
335219
716364
929376
482468
181501
527363
535231
107181
732455
485261
298141
787359
450208
564674
980871
41150
17614
395522
338443
111733
35153
309208
270020
809622
386885
46647
333277
388498
150143
184962
856165
471814
999090
978375
768117
801274
586354
653270
64767
4378
209874
373432
344693
821611
176766
731345
961589
580494
92122
394907
271203
853135
197071
197908
442309
229698
643821
453024
834515
332156
51313
902706
97842
698053
355530
989593
144152
545813
130002
103587
872764
142536
919927
642165
883270
307606
688940
343039
765972
508351
424113
160651
351944
105938
811996
912805
737905
250737
821767
584798
652469
870999
114943
473788
997270
645452
484108
316592
805791
3044
368779
497256
438165
934365
261400
886502
164095
913832
478007
592748
492123
857905
264807
964878
443144
244490
388160
858512
32927
366000
962039
908899
983437
675662
513204
129864
922051
553647
892232
964538
332296
475645
782772
570945
850165
991492
117574
141531
44322
859622
413407
346992
598696
750428
291288
42158
891345
764339
525120
49752
544962
313351
51126
46179
860499
735763
527185
644404
451186
590506
940696
866367
591852
686554
68131
392783
579348
613333
756756
444120
693149
812055
297139
185104
577591
550250
817550
678259
544154
318954
9608
862808
539412
826924
638736
884097
960143
547288
207381
436152
566704
964156
455031
933526
444614
225660
618581
255379
55591
645147
761343
329130
884350
325043
407783
189792
230555
450126
139549
427058
672395
186460
616839
159687
84634
406883
960127
727210
495925
800396
900276
812953
365047
922198
413736
785663
772303
977589
172096
67401
494136
631080
29865
577056
654934
503047
391252
979674
646660
795790
635148
385704
437088
698078
589221
479688
989936
212635
720554
235921
847337
840747
654455
173695
234094
576938
562581
878500
815122
639325
384051
36105
791945
927765
861336
570845
436624
497133
202379
79182
486085
251823
972150
827144
372525
56931
289069
321502
756114
175209
42218
213166
355001
771783
165241
837291
599121
992356
401780
725204
876583
916122
920251
447806
608562
828660
408980
424063
856394
970066
669659
665704
275300
437680
792733
469555
384549
40716
744314
924241
864610
675688
172126
319641
773792
645082
481568
263548
810339
257265
838580
425268
876661
648320
845660
839337
679376
329479
605895
177723
450268
430029
625981
909225
63389
268046
906862
354462
72983
469716
568954
772165
742039
907643
543240
540001
214356
359057
456801
363809
140101
882097
