855945
209149
274867
749524
6779
391153
675858
466855
782907
347676
120809
976764
686876
799229
986855
263471
435298
342259
987691
533597
381623
30508
311999
207820
620148
194916
774824
683801
464928
513027
836300
564190
398432
57880
42020
508570
810331
87092
800122
591043
586024
668908
40960
586881
652619
726977
511689
190533
885036
272227
250003
183118
211255
425168
357457
168783
595098
254070
36757
866126
853711
65039
544533
423251
33683
971247
639532
871472
238562
400157
448438
518109
734111
658055
431773
86512
169864
394545
53244
355621
755427
696874
7056
994903
197507
230479
951161
892380
35784
721298
504972
863464
35470
793573
82886
461638
187714
405761
223101
313392
919680
74769
712517
615397
922189
746088
436883
205450
163473
783440
725356
636776
508850
213568
955680
558364
394215
984215
250550
237768
670434
143199
737553
930916
642001
414618
475819
868233
409113
219703
473318
297275
752193
778358
288616
584546
4071
387951
475142
905852
974735
107372
31243
388593
518629
734996
75832
437649
997937
146535
469389
683013
720020
54414
322574
135022
40701
488495
900263
802077
650606
494115
355160
892031
884620
33901
156712
415535
132932
213349
151512
562911
132803
109782
657350
39996
223533
747035
753400
615325
654859
293363
135160
54608
469583
371301
342596
636315
413062
255319
835001
94621
11750
491706
647577
672304
510309
571579
527047
817618
430820
116723
591820
737250
333382
440778
972592
430569
126851
399475
138538
721741
446535
162888
697013
939185
514224
889136
108597
113514
29651
847830
322430
415158
52078
14911
879171
994779
611815
990054
321815
677390
236121
659553
473026
620893
538010
211790
794493
980969
766227
172232
897217
32140
462015
744473
393364
701990
366492
908677
770898
892880
547880
509900
133449
836874
357951
150244
947912
17809
303789
584319
642230
392588
789652
94771
319902
969145
336659
806651
929871
306963
383818
15101
517391
843251
757319
549832
516780
167046
398756
528673
991264
784239
47644
434897
103840
741433
968510
212368
656092
382638
974804
583815
115391
505036
996210
340721
812773
203065
288128
272618
129607
265572
729349
17048
150539
136585
557949
246344
143231
544316
81800
742581
981707
421936
868420
295871
130207
177359
900857
769327
675264
632611
675903
365570
284029
17899
646314
576994
70963
233070
550451
802861
42600
951843
79431
611680
710572
651634
839420
806193
625608
587067
256414
911925
154301
476688
574059
36301
100616
739485
463171
94182
985995
445064
958428
557237
