9771
6611
9011
9011
5531
7721
51
3451
3851
3081
6091
5451
9811
3011
131
8891
9411
5761
1971
1971
4561
3851
3281
1481
2651
611
321
1251
6651
3081
2211
8761
9851
5841
2171
2131
1451
2081
4771
1571
5681
5851
7251
5971
9891
9891
7611
7441
9211
2961
4881
4921
1241
9921
9251
9291
8531
9731
6521
8561
5161
9041
2251
51
3531
4041
6051
5521
9521
5491
7571
851
5451
2771
7521
1761
5571
4291
6051
3371
8851
1771
5241
2571
4041
4691
2731
7441
6531
7291
6721
8561
9411
9441
8481
4691
1681
1641
3011
2491
3411
1251
7211
6841
5811
8771
1091
2771
2051
2811
4131
6131
9721
2761
2481
9131
2971
9891
2731
4971
6561
9721
5291
2171
7161
6841
9041
6841
3361
161
5091
5371
9361
9041
1931
1841
5681
6041
6051
6371
2441
4771
9161
6561
1481
8291
9481
9851
4811
1881
9211
6331
5161
8131
1091
7251
5931
9161
4561
9361
851
3241
6491
3011
3041
5481
9571
3771
1721
1961
2491
