1121
2291
3321
5681
9491
4531
7041
8451
8521
7881
1251
7091
9531
8761
3161
9241
4371
9641
2361
521
3531
9481
9131
9041
841
8281
1411
961
8051
2921
331
7281
2291
1811
4971
7721
5321
9361
561
7961
8441
7411
1731
8571
3651
3011
3851
5441
8491
4721
1731
3411
41
8841
961
2281
2131
5481
1571
5291
8371
4291
8481
9521
4571
7841
3291
491
2651
8571
1481
451
921
3731
1251
7491
8571
2441
7891
3841
8411
9891
3411
4681
6081
8361
1281
8171
4321
721
4251
6291
1121
7011
4681
7841
5451
3571
7411
4161
721
6761
9291
1091
2491
5761
8891
5321
8241
1251
7771
6771
6971
6291
2241
1721
2891
3811
7841
7281
3931
1851
4251
3451
1091
9521
7291
3321
2411
4521
1611
8291
5531
7531
8561
8211
9811
6691
8561
6721
81
761
331
1961
3731
2321
2561
3441
