3971
4771
4081
6891
4321
241
1361
6441
3441
1641
3531
3321
691
4971
6441
761
8681
9011
3891
8891
6851
8811
4571
1931
5721
9811
51
611
7251
6721
2851
1531
41
3811
4411
8811
5521
8721
5251
6451
91
4851
5481
51
9881
9881
7211
4321
2491
7611
4481
241
4521
9651
1731
771
651
1641
1881
1841
1041
9361
6491
1891
8371
4841
4721
6241
9811
7681
7931
1611
211
7681
6161
1921
761
5371
2481
1011
1721
9321
811
4361
5921
8371
7081
6481
3961
5681
6131
1131
4611
4041
8771
2731
2961
7121
451
7571
9651
8321
6891
2081
4131
1161
5851
4121
5921
1531
9491
91
6091
5411
1971
8321
5321
5211
6531
7921
7891
9251
9011
5881
3841
4451
6761
7281
9611
4681
2481
2481
2481
