9571
2291
1211
9321
4771
8241
3121
6281
5091
6651
4561
7921
2251
9291
5921
4241
7361
2931
2251
1811
2131
4081
7731
4891
2561
5491
811
3161
4681
3611
2611
4361
8241
7131
361
7451
1961
9251
6041
5521
7881
7961
7121
6161
291
3731
1851
9731
2321
5921
7891
9131
2491
161
6851
7091
1881
8481
6891
2771
6441
7291
4211
9681
9971
5531
9651
8521
5451
8451
3411
3121
2251
3451
1641
8411
8721
2291
2921
2251
9971
1041
651
1521
491
7841
1731
6241
4811
8331
1961
6611
9961
611
8491
1731
6091
4571
3761
4441
9161
3361
2331
9291
4161
6361
1721
681
9361
491
8731
3641
9841
3011
521
171
6481
