6931
6531
8281
4441
5041
2161
7361
3841
4771
241
3161
9891
7931
1131
9931
4651
9251
8721
9521
9571
2161
161
9811
5241
1891
8891
4761
7361
3131
51
2491
6961
9771
5131
291
4561
7011
8841
9161
6651
8051
1241
6131
4521
4281
2681
3321
2081
1041
3851
451
6051
6931
8491
1721
4811
5761
7281
41
851
171
131
4441
1811
1651
2611
7931
4121
6481
1241
3881
6931
8611
1121
4721
1041
7091
3961
1931
5161
4451
4771
9251
7761
4721
2481
9011
6521
1771
651
5161
5121
6721
1841
2441
6411
3961
1721
1451
1851
1921
2081
1451
2611
1251
7451
3641
7041
6521
4211
7811
9451
5241
4691
1761
211
1291
9681
3771
161
8841
1131
1611
3121
2971
9371
771
4811
2521
2721
3011
1571
731
8851
5881
5281
9521
7731
4411
6241
1131
7411
1731
8651
241
4081
2411
2041
8251
131
7891
8681
8961
8731
841
1681
4051
1921
5291
6571
3451
1361
3121
1411
5371
681
5921
9681
2561
1211
3251
3931
651
7731
5571
1091
1081
1771
8961
6491
6171
6171
6171
