lxSvc3Qa4n
r3jzOJXqxq
csVL8fZnIw
cQwbLnhheE
VFI7bEBeaE
TGf3kN6GwF
QZvEYrRnpd
yN73eq7N5F
Jxhtat6EV3
1Hlc68MGe6
vtonhdJlam
wjd3pH3ezz
yL5Xv02kIG
b3YnZLntSN
tZjkFIRx9q
gxP57mS86u
lUCr9jnadd
NsRK9BPdc0
wJZ1rFVtx1
NfpakDVVzv
DFJlzolzdb
zlAE1Ptt74
yT06WPelhh
pCudDe1VYS
ssPhPtWFGM
GSqgruYmrd
xDRDvHlp9H
cQbnJRuHJH
cSrqCEZJ20
3xpW1XcfF6
6UVcggfPQZ
D50Ngq6SXU
aFTcPkN3NZ
jW9sdQwvem
hx5LNfDIsv
nS3S6G1woL
1fJ3gPl4Qe
on13UZGbXW
iPsllFqYlN
0hAlU2FTaC
ismcIfHzZx
XoMdgdJ3c3
azPJPeAgaA
GrdroDEE8w
hEjV5F0OgK
XnOnYnH8Ja
OWDuqva3LZ
JbS3MPWvsq
pcUYn9RIfL
Ver6AkQYoQ
SJG1XqMq1R
9Tm1hujdKC
VzsI1Lm5Hp
doMindwgRY
tRsn93pF27
rSiV8KNu3J
KNldcMuaBV
Oaegqr1EK7
jsYLXrYOc2
Nd5ToTjPJm
SH5FnBX4Js
3kpjHKoF79
tqSBBADtOe
o6pN5SZYwI
xvP4SAeNVK
3j17Y2oGe2
D7l5v7xHgg
