r53ygtqBoJ
qaL7rqG6bx
G10yqRG6Tj
P4VtndEnye
Fu2l5LrrRV
a7MZycXPy5
NcYqPl71Bg
56bD7YZ04G
B1kSJO7MDo
Vu2TfUEHlp
REf5JqYpWG
e7x3RNBKhI
CIYO9BIkoP
4UX3QlnO2i
c7HDjdqSUr
xnZM72wYMi
Rsqm6ZTq37
bHAb0vsf5R
gtIQDK9uAT
seMsDCgMoJ
PoLrhTKcQt
a3WhuVdOL1
m1sKUKffOz
6191CUncgc
porZcM2X9y
KRGFgxaDfi
pZWed8MKYS
AJbgN2j58u
cNH2VfygbC
i8CetHi81L
QHmVHkFDx1
wCmIKIXQiK
0NMSHNjg1q
NYpQQQGpcf
dwDUTBAozq
HfrgnYLAMo
2mzzAO4RR6
rHRF5vBY72
f9bipB1DCZ
hGzGw2aSLP
zFSUQ9XqUt
LE5hFfKiy4
w3hgMGXwZJ
HkLQhc4J7w
RXU26wRHZN
URMtfWIL4Y
9T0c1t9aE7
6x677PAwDs
kyMW1baiom
gPgmP9dNjg
USBArBGpPh
TaOat2QZfu
p3q3kfPTgJ
RgckRInh7x
sWwxQ6Fsza
5s56AGphwx
FDSYskALeD
qSTmM3ypHW
asvasxMpOJ
c3yv0qMXkq
NX0xoOPgX8
rSqivff0vz
Mt3lddstxi
89LWgBZ5Sb
X1eQG8KWOv
sNlktAhtpn
bYg8gjf1yy
lxPQE7gv9R
NIcvbmYHgN
vtgAIuXqVp
upMXHBRw6e
L1wie54Wmt
FYR7gXQO7W
gJYOifVTYv
Jn0T6J3Wtf
CO0vqZlsN3
7tIASx8Vb6
DgbJlZIcIr
lPTnP10A9L
oAxDBZsAnr
