PylYz0NlrZ
Z93v8awIAv
pbsr8GcfcV
FnsaKdssKk
8VNEkt3Tcq
z5hCWzmSpj
mPSSpa43iz
0TVa3lPjxM
1OptzbYmnK
37qhBuRyUQ
z6ztw1ReRJ
rzJDzOIThZ
SwT5JhaLnD
BarrbBIqbL
JehVfChJQe
aTUjEOH3kk
si4TMYOR4p
Sf8gj1q7K5
inFdpkvrqE
nu4s4KMJSa
siBU5mxPWV
4f5zAxHzMw
YZATCpltPQ
4BlJEPBow0
diBEHGYMZF
QzXZoAJCFU
6rJtJENaCJ
AeNHhTpfn6
nzwX41WWXE
PNSK64r17e
f5pc5S7DpH
uTycROITqY
wKDi4BVSku
acaXOYDy2q
MK4rChI9gG
T1R2jm3iOK
jRokELqSNm
W3DAwDiXKm
AgDlxCOUjf
DwN0yk8lz5
fCO5bvLsls
cZRIrELbPD
DHjcckkUWW
N2bmTnSCj8
xsl2ra6qnZ
eyhf8O7rsL
KDQYzF8IQI
dA05PQpYCA
1wTCS14f7A
tud2J730M9
8M12eJhfaH
tXuyxjqvC9
zDNSKCXAoJ
LzxWLX5Xcg
p5UuJ2b6Vy
GRYzEKpCWT
mcxqjnhmK0
QetK1xs88V
ZvVhT2J5WO
dhRAtKcr92
ehmZHgxkeB
xEIptEgSfl
ylJKgLDLRH
70s2qGlsC4
