3kveGZvfiD
e9LYB6xvVf
QJgqLCjuFo
HoBKPKh5QG
tWHM00ZH8H
D76ccXonBK
T8qoMEp9Hc
ll5OhGy2j9
dK34FcX0YQ
BnisaYtQ9A
6GJMjyaU7m
apssEHobs0
lZw4mRCVsv
bbVlmr4tC7
UYDQ4ZEbDq
4zF6wAaRhx
gqU57H653a
mVPt2gaEVd
n0sew5xlTj
N5DOyYOF2f
H8Tsu3JUfb
CJkrW3ud1L
P8D1Kg0b7T
PbONoCDOtr
6Hcdds3YSi
zUvzGU1in7
4BO5f6zOvT
bjc9V8ERph
ljE8MZdFOl
TzMnCfwxWY
w2l3vivhpm
E5KoqTZ7B2
4TZmyMb5sF
lkZOolI2Dr
dZYgCIn3hp
KGxVFFkPKT
ytEyCUisaK
CWNJ7LOOwe
7LLmt7NS9O
w0rS3eHmPt
gtdAlsWRCy
itSisBM0sa
y7nerDjBOB
2irFLCmitD
mE4mBP50RR
irPpgq1cQQ
0697GLSksk
cpcYWYKavV
CjxeYBWodf
NUlkBdTZOv
FuCV9an36i
iab8OBXixm
CXzw9IpR04
4O0yKHuBMC
uXkxnPrJuJ
FiMtZHNjAf
jFzClZhio2
3oweKzkBiB
kkLWfe7QOY
CRqOjRBS0R
8O0Wi9IU67
PoAOT8l1UH
NGa5MOVj4w
uHYRAGnRSg
5FVkBtNZC8
N2VSEOCREU
