RPGNuzvOzB
N2MPbEzF9u
sARAcjS1nA
Bvsv1PmP7Y
URlzZlqWu1
nqdpFcf6SY
1eSeatH9kX
VYUmeLKXwP
ymB6LdBf63
tv3illYlik
CrcXMHTwPm
MsN4O8PPuW
VKDh1tR0uz
Qj2Z2DKQUv
sDDhjkKWPP
984WDVI9ow
4TO7lqjdH0
wauo2lexiK
OHmASL3Keg
TOWwyJXDL8
PFbpbLs9KK
rgXa8dc6PL
2Z0QmmTvSs
QTFT7568PJ
ePnx91cGxX
go7tUpZB68
ImERhVz1zm
R332myEKy2
5xXpbiARGT
9NGEMuyrTM
6mW3hlxH9E
KJP7xcN4na
6bCdRpNzLJ
nLEqVV1TeF
y6VTWQ6JRd
xxXRS5sJFx
VfuCRi3WaJ
MTXDZZ8Vg0
644OHJm3df
UBFS1R22uY
W85AeF9E1Y
0SnKfclH55
ARBAuOpHcH
uirp1zz7T3
RQTjlpqnh5
uq4V1NrEQG
zLPZ440qup
I7sbViqZhQ
nwexJaBjOT
teisl5hVeY
ulFeqGbZf0
28IznCQoYu
RhPbl9W0RD
rDP8YcUZyq
2hgIaqikiw
ZuAVpJL9Ty
N25xK2HuSs
GeSHPxjlv0
fQ7zpxqJ9c
gpevhIG3Sw
AFI8y77KMw
5yILjj1J3U
fbFB5WAymT
xSDzKErdVe
Wz3vgcz4m2
0G71J9JFZB
gxXi8w6GYl
E4nzGMYC6I
GdlTT5rolP
pBB5iv48iX
FnKjv8LoZj
Fbmx4vJlnb
rjqAWALeOo
fCIwGwWvfX
BMJMKZscaD
mV6yBolsXr
ctDJROngjj
h6zcaEqXy5
