143619722
559520453
605285537
143619722
559520453
881863894
559520453
133424770
348456792
881863894
133424770
133424770
186914170
35317650
881794565
348456792
605285537
881863894
881863894
27589821
187684090
348456792
348456792
881863894
880129850
881863894
120667158
881863894
605285537
605285537
881863894
881863894
865588996
605285537
865588996
881863894
881863894
605285537
27589821
143619722
881794565
880129850
605285537
348456792
881863894
605285537
27589821
348456792
348456792
194115020
186914170
143619722
865588996
881863894
194115020
605285537
559520453
35317650
186914170
348456792
605285537
881794565
881863894
194115020
605285537
194115020
881863894
881863894
143619722
35317650
35317650
27589821
881794565
348456792
348456792
27589821
348456792
133424770
881863894
348456792
27589821
880129850
143619722
143619722
143619722
348456792
348456792
143619722
27589821
133424770
348456792
865588996
865588996
559520453
143619722
605285537
348456792
348456792
348456792
881863894
865588996
881794565
348456792
865588996
143619722
881863894
348456792
605285537
143619722
605285537
348456792
133424770
605285537
348456792
865588996
605285537
143619722
605285537
348456792
881863894
348456792
186914170
186914170
120667158
865588996
605285537
348456792
865588996
559520453
881863894
186914170
881863894
348456792
143619722
133424770
143619722
348456792
881863894
881794565
880129850
605285537
605285537
865588996
133424770
865588996
881863894
143619722
559520453
881863894
881863894
865588996
133424770
187684090
881863894
348456792
881794565
194115020
348456792
881863894
143619722
194115020
881863894
881863894
186914170
186914170
605285537
143619722
605285537
35317650
348456792
186914170
605285537
27589821
865588996
143619722
133424770
559520453
194115020
559520453
881863894
348456792
881863894
605285537
865588996
186914170
605285537
881863894
187684090
186914170
143619722
758135926
605285537
348456792
605285537
605285537
559520453
35317650
605285537
120667158
143619722
348456792
348456792
133424770
605285537
605285537
881863894
881863894
865588996
194115020
143619722
881863894
605285537
348456792
133424770
348456792
348456792
348456792
133424770
186914170
186914170
605285537
186914170
865588996
348456792
186914170
186914170
881863894
605285537
186914170
143619722
881863894
348456792
143619722
143619722
348456792
881863894
27589821
880129850
348456792
881863894
348456792
605285537
881863894
143619722
35317650
143619722
605285537
186914170
881863894
143619722
881863894
143619722
143619722
186914170
27589821
865588996
865588996
143619722
27589821
186914170
559520453
133424770
348456792
881863894
881863894
881863894
35317650
143619722
881794565
186914170
881794565
880129850
605285537
143619722
605285537
605285537
348456792
186914170
35317650
27589821
348456792
881863894
35317650
348456792
880129850
881863894
880129850
143619722
143619722
35317650
348456792
605285537
133424770
348456792
881863894
133424770
605285537
348456792
133424770
880129850
348456792
348456792
881863894
881794565
605285537
35317650
881794565
880129850
880129850
881863894
605285537
865588996
605285537
348456792
348456792
605285537
348456792
881863894
133424770
559520453
865588996
348456792
605285537
605285537
186914170
880129850
559520453
865588996
880129850
133424770
120667158
143619722
865588996
143619722
881863894
348456792
881863894
348456792
605285537
186914170
605285537
559520453
186914170
194115020
605285537
605285537
143619722
348456792
880129850
605285537
348456792
143619722
194115020
348456792
133424770
881863894
605285537
348456792
120667158
881794565
194115020
881863894
348456792
881794565
186914170
133424770
133424770
605285537
133424770
865588996
880129850
186914170
348456792
27589821
881863894
605285537
605285537
605285537
881863894
186914170
865588996
186914170
881794565
348456792
133424770
881794565
605285537
559520453
186914170
186914170
605285537
881863894
348456792
559520453
348456792
186914170
881863894
605285537
143619722
133424770
605285537
881863894
881863894
605285537
143619722
27589821
865588996
194115020
348456792
143619722
186914170
880129850
348456792
865588996
186914170
348456792
