693165531
99187151
658834423
172660542
924442904
738709643
658834423
245796939
245796939
200866468
350440758
738709643
658834423
693165531
697995832
19907922
693165531
697995832
658834423
157994997
658834423
378224643
99187151
262084446
658834423
658834423
658834423
658834423
658834423
262084446
19907922
245796939
245796939
157994997
697995832
245796939
697995832
262084446
172660542
693165531
245796939
871390457
658834423
658834423
245796939
99187151
958002936
658834423
172660542
107531956
107531956
693165531
871390457
693165531
697995832
245796939
245796939
99187151
172660542
697995832
697995832
378224643
658834423
245796939
99187151
871390457
693165531
920089843
172660542
350440758
658834423
658834423
245796939
200866468
697995832
697995832
107531956
871390457
920089843
378224643
245796939
871390457
19907922
107531956
958002936
697995832
693165531
19907922
99187151
738709643
107531956
738709643
697995832
920089843
697995832
697995832
99187151
920089843
958002936
245796939
245796939
920089843
871390457
172660542
172660542
157994997
697995832
378224643
738709643
245796939
658834423
697995832
378224643
658834423
697995832
107531956
871390457
920089843
697995832
245796939
693165531
697995832
245796939
871390457
958002936
107531956
200866468
350440758
697995832
697995832
738709643
99187151
658834423
245796939
350440758
99187151
924442904
697995832
245796939
245796939
172660542
697995832
107531956
245796939
658834423
245796939
693165531
924442904
658834423
245796939
871390457
658834423
924442904
924442904
924442904
245796939
738709643
157994997
245796939
738709643
172660542
172660542
658834423
19907922
245796939
200866468
245796939
658834423
200866468
19907922
107531956
658834423
350440758
697995832
157994997
245796939
697995832
871390457
693165531
658834423
19907922
245796939
157994997
99187151
697995832
99187151
262084446
738709643
697995832
738709643
172660542
172660542
378224643
262084446
245796939
658834423
697995832
697995832
738709643
245796939
738709643
658834423
958002936
658834423
871390457
871390457
693165531
172660542
107531956
107531956
697995832
19907922
871390457
99187151
107531956
871390457
924442904
245796939
693165531
378224643
693165531
693165531
378224643
350440758
658834423
262084446
697995832
200866468
658834423
871390457
738709643
262084446
172660542
99187151
658834423
693165531
245796939
172660542
245796939
697995832
19907922
245796939
245796939
378224643
658834423
697995832
262084446
693165531
245796939
693165531
245796939
697995832
693165531
157994997
99187151
693165531
107531956
658834423
697995832
924442904
157994997
871390457
245796939
958002936
697995832
658834423
245796939
245796939
871390457
693165531
658834423
697995832
99187151
697995832
350440758
697995832
172660542
107531956
658834423
107531956
871390457
200866468
262084446
697995832
697995832
107531956
200866468
172660542
924442904
920089843
378224643
200866468
200866468
697995832
378224643
245796939
245796939
19907922
172660542
172660542
658834423
262084446
693165531
697995832
378224643
245796939
107531956
99187151
958002936
350440758
693165531
245796939
262084446
871390457
958002936
738709643
99187151
958002936
157994997
697995832
658834423
693165531
350440758
693165531
658834423
958002936
920089843
107531956
245796939
958002936
172660542
245796939
738709643
697995832
738709643
19907922
738709643
958002936
157994997
245796939
658834423
245796939
697995832
871390457
958002936
697995832
871390457
693165531
871390457
871390457
658834423
920089843
245796939
172660542
378224643
245796939
738709643
245796939
871390457
245796939
99187151
738709643
697995832
378224643
99187151
871390457
107531956
245796939
172660542
693165531
99187151
107531956
378224643
245796939
924442904
107531956
693165531
693165531
958002936
738709643
245796939
697995832
245796939
958002936
245796939
871390457
738709643
350440758
245796939
871390457
658834423
697995832
924442904
697995832
871390457
924442904
245796939
245796939
871390457
245796939
200866468
107531956
245796939
107531956
958002936
658834423
871390457
350440758
697995832
697995832
172660542
200866468
200866468
245796939
245796939
378224643
99187151
99187151
378224643
693165531
107531956
157994997
658834423
172660542
245796939
245796939
157994997
262084446
200866468
658834423
245796939
871390457
738709643
245796939
262084446
693165531
107531956
693165531
107531956
924442904
200866468
697995832
871390457
738709643
871390457
350440758
871390457
924442904
107531956
350440758
920089843
658834423
378224643
262084446
924442904
738709643
693165531
871390457
245796939
693165531
157994997
738709643
172660542
958002936
958002936
738709643
697995832
107531956
658834423
350440758
693165531
19907922
871390457
658834423
697995832
350440758
245796939
738709643
99187151
693165531
924442904
697995832
245796939
871390457
200866468
157994997
245796939
245796939
871390457
658834423
107531956
107531956
245796939
920089843
871390457
378224643
658834423
697995832
871390457
871390457
107531956
920089843
172660542
107531956
245796939
245796939
958002936
738709643
658834423
107531956
245796939
245796939
245796939
262084446
245796939
245796939
200866468
99187151
200866468
99187151
871390457
245796939
200866468
157994997
245796939
172660542
738709643
107531956
697995832
871390457
245796939
245796939
245796939
697995832
350440758
958002936
350440758
871390457
958002936
107531956
658834423
693165531
658834423
738709643
697995832
920089843
658834423
99187151
738709643
693165531
107531956
871390457
924442904
658834423
697995832
693165531
697995832
107531956
107531956
697995832
920089843
693165531
172660542
693165531
658834423
245796939
697995832
172660542
738709643
871390457
350440758
245796939
920089843
107531956
697995832
920089843
697995832
871390457
245796939
245796939
871390457
658834423
200866468
658834423
958002936
200866468
658834423
920089843
697995832
658834423
245796939
920089843
658834423
19907922
262084446
157994997
697995832
738709643
697995832
200866468
958002936
378224643
19907922
19907922
693165531
99187151
378224643
99187151
658834423
245796939
920089843
200866468
697995832
697995832
99187151
245796939
658834423
107531956
245796939
871390457
871390457
871390457
658834423
245796939
958002936
697995832
378224643
245796939
99187151
107531956
697995832
99187151
99187151
693165531
19907922
200866468
697995832
262084446
350440758
245796939
107531956
871390457
107531956
19907922
958002936
262084446
697995832
245796939
924442904
107531956
245796939
920089843
19907922
697995832
924442904
658834423
871390457
245796939
871390457
200866468
107531956
738709643
871390457
693165531
245796939
958002936
658834423
958002936
871390457
871390457
693165531
245796939
697995832
738709643
107531956
871390457
697995832
658834423
658834423
697995832
697995832
693165531
658834423
157994997
697995832
19907922
245796939
658834423
350440758
871390457
658834423
697995832
697995832
99187151
871390457
658834423
658834423
245796939
245796939
958002936
958002936
871390457
350440758
697995832
245796939
658834423
245796939
697995832
697995832
697995832
738709643
200866468
245796939
245796939
697995832
958002936
658834423
200866468
245796939
924442904
262084446
871390457
107531956
693165531
693165531
697995832
262084446
658834423
350440758
350440758
697995832
871390457
697995832
245796939
958002936
738709643
262084446
19907922
697995832
378224643
245796939
157994997
658834423
262084446
157994997
693165531
697995832
693165531
245796939
99187151
697995832
738709643
245796939
245796939
245796939
738709643
378224643
658834423
172660542
200866468
245796939
245796939
738709643
693165531
172660542
658834423
697995832
697995832
738709643
378224643
245796939
99187151
378224643
245796939
738709643
924442904
245796939
99187151
245796939
245796939
697995832
200866468
697995832
378224643
658834423
658834423
19907922
871390457
658834423
350440758
172660542
99187151
697995832
262084446
172660542
958002936
245796939
245796939
107531956
245796939
350440758
738709643
107531956
697995832
19907922
658834423
693165531
871390457
350440758
920089843
19907922
871390457
107531956
924442904
350440758
658834423
245796939
697995832
697995832
693165531
697995832
697995832
738709643
871390457
658834423
19907922
958002936
658834423
920089843
958002936
697995832
697995832
245796939
107531956
245796939
658834423
107531956
697995832
99187151
378224643
19907922
99187151
871390457
658834423
19907922
245796939
738709643
172660542
99187151
958002936
107531956
697995832
378224643
245796939
738709643
245796939
245796939
958002936
871390457
262084446
99187151
245796939
378224643
871390457
378224643
697995832
378224643
245796939
