901063615
963340911
787754926
368531887
204225858
25593954
25593954
25593954
368531887
7195592
557542668
368531887
787754926
204225858
699655737
7195592
368531887
787754926
753538748
368531887
699655737
699655737
155008489
753538748
787754926
787754926
557542668
368531887
25593954
7195592
218190229
699655737
963340911
25593954
787754926
155008489
962510971
368531887
25593954
218190229
25593954
963340911
25593954
557542668
901063615
787754926
787754926
753538748
962510971
963340911
753538748
204225858
368531887
204225858
204225858
25593954
155008489
7195592
218190229
962510971
699655737
25593954
25593954
963340911
218190229
753538748
25593954
962510971
962510971
218190229
204225858
204225858
218190229
901063615
204225858
218190229
368531887
155008489
963340911
787754926
7195592
204225858
25593954
25593954
557542668
25593954
753538748
787754926
753538748
962510971
901063615
204225858
204225858
962510971
962510971
25593954
7195592
204225858
557542668
218190229
155008489
403707436
557542668
204225858
901063615
25593954
901063615
7195592
25593954
204225858
787754926
962510971
962510971
368531887
7195592
155008489
753538748
753538748
204225858
368531887
25593954
25593954
753538748
699655737
787754926
753538748
962510971
218190229
368531887
787754926
204225858
787754926
962510971
368531887
204225858
155008489
155008489
557542668
155008489
218190229
25593954
204225858
962510971
25593954
753538748
368531887
787754926
25593954
218190229
25593954
155008489
25593954
753538748
787754926
787754926
962510971
753538748
901063615
155008489
901063615
963340911
962510971
787754926
901063615
218190229
7195592
204225858
25593954
155008489
787754926
368531887
204225858
962510971
218190229
368531887
25593954
218190229
204225858
204225858
814798887
368531887
963340911
218190229
204225858
368531887
368531887
368531887
155008489
963340911
204225858
25593954
204225858
901063615
204225858
787754926
787754926
787754926
962510971
699655737
25593954
962510971
901063615
901063615
753538748
962510971
7195592
368531887
901063615
787754926
962510971
368531887
368531887
787754926
25593954
901063615
368531887
218190229
25593954
155008489
403707436
962510971
218190229
25593954
557542668
368531887
218190229
368531887
787754926
25593954
962510971
557542668
7195592
368531887
204225858
155008489
7195592
368531887
25593954
699655737
25593954
962510971
204225858
204225858
787754926
25593954
218190229
368531887
699655737
25593954
25593954
753538748
25593954
25593954
962510971
403707436
25593954
7195592
204225858
155008489
204225858
699655737
368531887
368531887
204225858
25593954
218190229
25593954
204225858
368531887
25593954
368531887
979250868
368531887
368531887
204225858
25593954
557542668
218190229
557542668
204225858
204225858
7195592
901063615
557542668
204225858
368531887
368531887
204225858
901063615
368531887
25593954
7195592
753538748
25593954
25593954
368531887
753538748
204225858
204225858
787754926
204225858
963340911
787754926
557542668
787754926
218190229
787754926
204225858
204225858
814798887
787754926
204225858
25593954
25593954
962510971
25593954
753538748
368531887
787754926
901063615
204225858
204225858
25593954
368531887
787754926
204225858
25593954
204225858
25593954
368531887
25593954
557542668
368531887
962510971
25593954
753538748
753538748
901063615
962510971
753538748
368531887
962510971
25593954
218190229
7195592
787754926
7195592
218190229
25593954
204225858
787754926
7195592
368531887
25593954
699655737
557542668
204225858
368531887
962510971
25593954
204225858
368531887
368531887
218190229
557542668
753538748
25593954
962510971
368531887
963340911
204225858
787754926
155008489
204225858
368531887
218190229
557542668
787754926
787754926
787754926
753538748
25593954
753538748
204225858
753538748
962510971
7195592
403707436
787754926
787754926
25593954
7195592
218190229
699655737
204225858
25593954
7195592
7195592
218190229
557542668
218190229
204225858
787754926
699655737
218190229
155008489
753538748
368531887
368531887
901063615
963340911
787754926
901063615
218190229
753538748
901063615
218190229
218190229
901063615
25593954
368531887
204225858
218190229
218190229
699655737
218190229
368531887
25593954
962510971
25593954
963340911
787754926
25593954
218190229
787754926
753538748
7195592
7195592
368531887
787754926
368531887
218190229
25593954
368531887
218190229
204225858
204225858
787754926
368531887
963340911
204225858
962510971
25593954
204225858
218190229
753538748
25593954
218190229
368531887
963340911
901063615
218190229
218190229
368531887
218190229
204225858
204225858
787754926
787754926
368531887
368531887
963340911
962510971
753538748
901063615
787754926
787754926
787754926
25593954
753538748
368531887
368531887
25593954
204225858
901063615
368531887
204225858
787754926
7195592
787754926
962510971
962510971
787754926
7195592
25593954
204225858
699655737
368531887
7195592
814798887
753538748
368531887
155008489
25593954
204225858
557542668
753538748
962510971
218190229
218190229
557542668
25593954
25593954
25593954
699655737
962510971
557542668
963340911
699655737
204225858
963340911
204225858
787754926
787754926
25593954
368531887
787754926
962510971
204225858
204225858
25593954
368531887
155008489
204225858
7195592
25593954
753538748
218190229
962510971
204225858
204225858
204225858
25593954
368531887
963340911
7195592
368531887
557542668
218190229
204225858
204225858
901063615
7195592
25593954
25593954
25593954
