641328933
802216018
18592019
987679943
987679943
179012664
708685503
18592019
18592019
18592019
359557111
802216018
110234152
708685503
802216018
802216018
110234152
108262879
18592019
987679943
784764539
641328933
18592019
65054784
784764539
784764539
987679943
18592019
18592019
110234152
108262879
641328933
641328933
18592019
641328933
708685503
641328933
987679943
802216018
987679943
359557111
179012664
18592019
987679943
18592019
641328933
18592019
987679943
18592019
641328933
641328933
987679943
108262879
708685503
39090006
18592019
987679943
641328933
784764539
708685503
18592019
108262879
641328933
987679943
18592019
179012664
18592019
641328933
802216018
802216018
641328933
641328933
359557111
987679943
987679943
802216018
708685503
18592019
802216018
641328933
641328933
802216018
179012664
65054784
39090006
18592019
708685503
987679943
987679943
18592019
802216018
108262879
802216018
18592019
802216018
641328933
18592019
641328933
641328933
708685503
641328933
65054784
18592019
802216018
708685503
179012664
18592019
18592019
359557111
708685503
708685503
110234152
359557111
641328933
39090006
39090006
641328933
641328933
18592019
802216018
179012664
18592019
18592019
18592019
464389249
18592019
641328933
18592019
802216018
110234152
65054784
802216018
802216018
802216018
18592019
18592019
39090006
802216018
802216018
359557111
641328933
641328933
18592019
18592019
784764539
641328933
18592019
802216018
802216018
641328933
179012664
641328933
18592019
641328933
802216018
641328933
802216018
179012664
18592019
708685503
802216018
65054784
641328933
641328933
18592019
18592019
18592019
110234152
179012664
108262879
179012664
802216018
641328933
18592019
641328933
464389249
641328933
179012664
18592019
18592019
39090006
641328933
641328933
18592019
110234152
65054784
18592019
65054784
784764539
708685503
65054784
