964477342
145115446
160504771
160504771
207567156
865722145
754428510
865722145
169155014
207567156
418098861
418098861
418098861
651682770
671572232
418098861
865722145
865184095
279518528
169155014
964477342
964477342
865722145
964477342
160504771
160504771
169155014
418098861
754428510
207567156
754428510
754428510
418098861
20910719
964477342
145115446
418098861
964477342
279518528
20910719
418098861
418098861
865722145
964477342
20910719
279518528
418098861
865722145
418098861
160504771
20910719
160504771
279518528
169155014
865722145
20910719
651682770
169155014
169155014
964477342
145115446
754428510
754428510
160504771
279518528
754428510
754428510
145115446
754428510
418098861
418098861
279518528
501446903
865722145
418098861
964477342
169155014
418098861
160504771
651682770
279518528
754428510
964477342
20910719
964477342
20910719
279518528
754428510
978860964
20910719
279518528
754428510
160504771
145115446
20910719
964477342
160504771
160504771
964477342
964477342
754428510
964477342
964477342
865722145
865722145
20910719
169155014
651682770
964477342
16830395
964477342
421432943
20910719
20910719
20910719
865722145
169155014
418098861
865722145
279518528
169155014
20910719
964477342
418098861
964477342
865722145
418098861
418098861
145115446
418098861
421432943
754428510
279518528
754428510
20910719
418098861
651682770
418098861
501446903
418098861
964477342
160504771
207567156
20910719
964477342
160504771
418098861
501446903
169155014
865722145
16830395
964477342
418098861
145115446
160504771
207567156
964477342
160504771
754428510
865722145
20910719
421432943
169155014
20910719
754428510
865722145
160504771
160504771
418098861
865722145
865722145
865184095
865722145
964477342
865184095
20910719
865722145
418098861
160504771
160504771
20910719
754428510
279518528
20910719
865722145
964477342
688962352
964477342
207567156
418098861
279518528
160504771
160504771
20910719
418098861
160504771
418098861
865722145
169155014
160504771
279518528
418098861
964477342
501446903
160504771
865722145
145115446
964477342
865722145
421432943
145115446
964477342
865722145
964477342
754428510
20910719
279518528
421432943
964477342
865722145
20910719
207567156
145115446
964477342
964477342
279518528
865184095
160504771
160504771
207567156
160504771
754428510
20910719
416819018
418098861
978860964
207567156
20910719
160504771
169155014
145115446
865184095
865722145
279518528
20910719
978860964
865722145
160504771
160504771
964477342
20910719
20910719
865722145
651682770
865722145
418098861
865722145
754428510
20910719
20910719
754428510
418098861
169155014
754428510
418098861
160504771
145115446
20910719
20910719
20910719
279518528
754428510
964477342
20910719
754428510
160504771
865722145
964477342
865184095
865722145
279518528
651682770
688962352
421432943
20910719
865184095
279518528
169155014
964477342
16830395
964477342
145115446
207567156
160504771
418098861
865722145
20910719
418098861
964477342
20910719
651682770
865184095
964477342
16830395
964477342
865184095
145115446
754428510
865722145
865722145
20910719
865184095
754428510
754428510
169155014
418098861
418098861
160504771
418098861
20910719
865722145
169155014
207567156
964477342
865722145
145115446
20910719
418098861
145115446
865722145
964477342
651682770
865722145
169155014
964477342
754428510
20910719
20910719
418098861
160504771
865722145
418098861
865722145
418098861
418098861
964477342
865722145
418098861
964477342
865722145
279518528
865722145
964477342
20910719
207567156
145115446
978860964
964477342
964477342
16830395
865722145
754428510
964477342
207567156
207567156
20910719
651682770
754428510
169155014
865722145
865722145
651682770
279518528
964477342
418098861
964477342
964477342
671572232
865722145
964477342
865722145
865722145
20910719
964477342
20910719
754428510
279518528
160504771
207567156
20910719
418098861
865184095
279518528
865722145
20910719
865722145
865722145
865722145
688962352
145115446
20910719
754428510
754428510
865722145
754428510
145115446
418098861
964477342
651682770
964477342
978860964
160504771
865722145
964477342
865722145
279518528
20910719
964477342
651682770
964477342
865722145
865722145
865722145
651682770
160504771
160504771
964477342
754428510
754428510
169155014
964477342
964477342
754428510
160504771
964477342
865722145
964477342
964477342
20910719
754428510
418098861
964477342
418098861
160504771
279518528
671572232
754428510
865722145
418098861
160504771
865722145
865184095
418098861
964477342
421432943
964477342
160504771
964477342
160504771
964477342
160504771
160504771
207567156
651682770
964477342
