78 141 183 201 121 121 7 112 240 77 90 139 187 163 170 141 222 174 
213 123 161 151 178 162 152 133 175 156 121 175 208 171 154 134 181 239 
23 123 122 180 181 219 160 142 166 137 125 146 175 138 128 97 135 35 
77 138 156 138 156 215 176 114 115 132 89 146 123 119 68 102 121 27 
159 175 135 81 128 177 191 99 122 107 139 124 167 99 118 135 179 90 
67 144 114 103 111 182 141 130 118 158 133 149 120 181 121 155 232 243 
255 151 140 162 160 145 137 101 125 117 131 80 143 158 125 125 165 228 
102 94 109 194 161 161 174 121 101 83 116 111 138 204 138 105 155 127 
63 58 107 139 160 142 141 150 97 73 102 89 108 153 132 137 127 217 
46 60 86 166 111 114 106 109 135 113 108 77 105 118 123 109 108 114 
101 122 143 150 159 67 47 108 161 112 123 108 95 122 128 126 106 25 
164 183 212 201 138 101 46 111 142 99 108 104 108 110 151 197 126 26 
73 207 229 193 173 122 110 133 113 89 121 177 135 146 156 167 130 68 
188 214 204 142 128 130 161 170 128 69 137 164 195 169 200 127 150 243 
149 168 201 116 106 131 161 197 135 121 94 164 162 177 160 122 101 105 
153 131 105 159 114 176 182 187 135 114 146 141 138 123 122 113 121 203 
228 98 150 96 171 157 150 112 122 146 177 159 164 83 125 96 155 236 
111 84 75 161 115 146 94 100 122 137 162 163 123 142 164 160 155 127 
13 19 98 60 86 122 88 111 104 122 135 91 105 131 150 171 153 133 
142 114 73 77 52 120 117 97 122 85 143 132 113 113 145 142 182 240 
75 87 135 59 90 95 133 137 165 140 218 144 126 139 149 134 152 89 
64 96 126 135 87 116 118 141 139 171 128 155 103 167 121 158 165 208 
16 114 156 152 142 75 94 98 130 76 156 91 173 153 157 80 104 82 
226 167 159 174 137 93 139 117 112 124 80 126 152 212 130 79 124 214 
47 109 85 123 141 128 102 160 127 141 82 104 182 190 163 160 98 105 
139 101 113 137 153 127 144 96 141 90 138 110 140 171 146 119 139 84 
94 152 100 167 126 91 101 115 53 125 134 149 179 104 129 122 147 251 
130 134 136 126 91 113 132 134 111 84 143 162 128 154 102 158 140 33 
12 106 102 129 145 102 148 199 130 85 88 94 122 71 94 126 140 34 
254 162 67 174 146 99 156 148 171 104 73 97 155 96 98 105 154 61 
16 65 137 130 141 137 99 186 130 100 88 99 148 126 71 165 139 67 
68 104 120 174 175 131 160 77 86 118 93 137 175 134 125 110 194 201 
1 97 159 209 174 175 120 92 86 108 129 114 209 148 129 126 79 28 
60 112 154 160 173 110 133 147 143 166 72 99 152 182 143 110 131 161 
36 128 98 141 121 146 110 121 136 152 99 74 159 157 190 151 135 225 
76 128 117 107 175 113 155 64 88 150 134 109 151 174 128 106 112 77 
6 148 109 123 142 159 106 99 41 104 135 101 139 123 100 82 104 122 
45 92 119 95 97 114 171 110 77 93 81 52 81 74 67 92 148 41 
73 110 79 110 120 125 153 149 132 96 94 78 51 82 62 150 126 32 
241 90 120 143 148 159 175 149 105 143 132 61 93 83 113 132 136 13 
133 90 87 146 120 152 185 135 160 114 109 142 74 122 150 164 147 209 
63 91 117 114 124 143 159 177 117 147 123 81 123 82 112 101 115 101 
133 119 76 112 92 118 137 122 179 134 122 155 93 113 66 100 101 43 
222 136 124 76 112 145 116 147 163 151 151 120 147 95 62 85 115 55 
174 159 98 95 91 130 126 116 109 128 85 97 123 79 111 92 122 102 
234 175 139 102 140 132 117 124 151 81 114 71 80 120 91 146 101 69 
229 164 118 125 131 145 88 117 116 135 114 116 138 95 151 136 125 222 
232 135 76 130 182 116 109 97 70 64 131 135 143 156 158 121 111 47 
9 51 83 88 134 149 130 126 112 106 109 110 136 128 131 162 104 30 
138 82 85 105 104 144 163 198 166 149 188 166 148 150 140 114 205 173 
155 94 153 100 135 119 130 119 123 135 156 166 193 113 85 117 132 175 
227 99 119 129 102 122 115 111 81 78 125 114 80 95 88 53 149 201 
68 40 101 48 109 115 158 139 114 140 107 77 70 88 75 130 85 36 
91 111 108 131 92 163 131 104 113 79 111 83 103 99 141 98 109 4 
230 158 179 112 153 114 108 103 103 154 131 117 142 165 79 112 81 52 
136 126 145 120 101 116 107 127 188 146 125 133 143 100 116 76 78 46 
6 87 105 103 98 86 115 172 134 106 108 84 104 159 78 107 88 206 
3 80 126 96 80 118 114 190 144 93 85 83 116 119 189 121 65 16 
186 118 122 95 79 60 153 148 139 92 117 55 80 124 170 156 109 250 
102 124 155 130 113 118 110 161 125 127 141 106 88 130 185 140 94 1 
127 112 166 192 131 100 97 102 66 124 158 127 114 148 173 160 92 22 
208 127 78 97 101 93 105 123 141 110 151 111 105 143 160 131 106 27 
125 83 104 88 109 114 146 174 109 147 142 139 150 137 123 87 80 2 
162 173 140 174 194 197 159 127 162 127 131 198 165 165 104 117 146 213 
229 203 212 201 188 198 115 149 93 172 151 114 159 176 158 191 183 196 
145 165 209 161 168 113 107 53 157 153 137 152 109 171 167 183 186 158 
155 130 103 123 104 89 45 78 96 154 142 102 124 128 135 196 169 232 
56 57 99 87 134 121 104 141 115 107 91 104 78 145 123 139 125 14 
99 101 108 151 180 138 195 119 105 105 86 84 135 136 129 124 126 157 
212 145 156 183 188 144 147 156 95 122 162 147 119 182 143 162 149 215 
254 173 189 191 158 118 177 179 141 138 158 124 111 134 179 175 209 252 
12 148 176 133 126 88 160 187 113 133 133 142 112 110 188 200 190 216 
24 163 177 134 152 147 177 142 157 89 189 183 114 143 138 146 155 63 
255 206 160 126 143 153 131 144 116 159 186 182 149 93 132 123 150 194 
255 200 168 117 163 149 113 81 86 132 136 177 120 126 113 111 144 86 
111 176 146 159 159 147 117 65 123 85 169 158 138 119 84 74 110 50 
48 107 125 96 155 103 91 78 72 135 91 161 176 123 142 137 132 224 
204 146 92 154 119 137 110 86 100 78 123 114 120 154 153 160 148 74 
211 166 138 132 161 155 152 127 99 108 92 123 75 113 160 182 139 221 
123 126 113 100 113 150 164 120 83 121 150 109 138 128 207 136 143 55 
81 86 98 81 113 139 152 131 104 126 177 165 114 199 118 147 144 251 
221 138 93 138 105 152 141 145 123 137 173 144 137 98 154 59 130 109 
187 95 117 90 109 77 83 133 76 110 145 95 74 138 71 120 151 199 
214 153 73 127 120 83 100 117 122 105 103 102 113 74 162 92 134 205 
200 134 98 124 91 90 82 165 132 106 86 105 97 128 90 108 73 37 
2 118 92 121 125 49 69 144 143 88 121 90 151 75 112 122 90 124 
244 158 113 169 127 111 99 149 147 163 115 176 149 115 127 110 131 28 
184 136 105 125 182 155 136 151 138 132 154 136 154 123 89 146 127 95 
246 174 136 148 164 204 175 113 135 164 181 146 114 84 75 94 146 112 
197 162 179 126 121 159 150 138 140 206 188 200 152 75 108 118 122 230 
104 135 130 89 65 136 169 176 179 199 204 178 154 121 139 164 95 81 
237 113 125 83 84 118 177 129 183 174 159 161 133 100 142 185 124 190 
59 113 99 113 120 142 126 139 106 156 122 119 160 128 156 175 114 96 
26 123 163 171 156 155 126 132 163 151 93 123 174 133 125 122 126 190 
121 157 176 165 204 134 132 127 169 160 114 141 165 147 46 71 63 61 
167 148 129 136 137 188 112 111 153 136 104 143 219 137 77 73 103 94 
64 124 133 101 154 128 107 113 84 121 86 117 167 145 147 135 194 224 
96 111 136 151 167 133 74 73 124 90 100 67 92 159 104 213 129 29 
146 83 83 206 254 53 16 161 255 186 250 27 113 217 41 217 11 117 
