11 58 81 222 113 58 132 65 228 219 65 126 62 17 6 225 23 190 124 189 231 3 68 
63 112 162 141 119 138 134 96 106 129 98 117 134 116 65 103 91 122 94 97 134 146 198 
153 117 140 99 85 144 136 80 120 87 108 88 136 139 130 103 85 135 89 28 88 138 24 
204 135 82 63 85 147 149 105 126 106 64 94 129 164 135 92 129 148 116 57 100 156 160 
140 123 120 44 71 122 112 139 122 113 85 113 162 155 105 106 74 167 121 84 99 171 83 
219 204 95 113 79 95 86 74 144 102 116 134 160 133 138 100 115 136 138 85 130 101 50 
109 125 111 88 164 94 91 82 112 137 164 140 195 188 150 158 137 121 143 135 71 117 23 
10 78 55 104 84 95 90 86 100 115 111 158 122 177 153 185 103 117 114 144 102 86 89 
236 151 110 89 104 87 107 167 104 79 142 71 115 160 190 168 133 76 132 118 118 132 232 
17 145 150 154 111 140 167 120 140 95 124 116 102 169 211 195 152 145 173 167 118 164 202 
184 182 162 128 179 138 143 130 124 139 185 178 145 160 151 177 152 152 170 139 131 148 156 
90 151 113 126 119 150 149 134 185 190 187 199 145 129 168 158 165 153 181 122 172 193 227 
71 172 132 161 143 134 167 160 182 141 167 113 110 115 122 199 169 140 130 174 129 157 110 
17 129 139 148 132 134 165 143 149 120 101 116 90 78 150 110 148 123 159 99 137 94 20 
169 166 122 138 157 142 186 155 110 83 76 127 64 109 80 137 92 116 114 125 117 102 60 
2 124 127 121 111 178 147 128 106 39 91 78 104 64 123 101 80 62 127 90 107 182 194 
193 189 154 103 148 141 184 118 129 95 55 114 91 74 107 109 62 85 78 98 97 137 65 
131 145 136 137 139 182 130 164 166 176 138 163 169 128 131 130 61 74 136 99 110 139 174 
253 149 117 147 171 155 136 103 139 185 126 150 144 161 147 127 96 127 163 176 123 137 61 
214 132 133 130 184 188 123 86 141 139 95 98 138 122 149 143 97 138 177 164 180 141 56 
121 152 121 125 137 144 97 92 115 182 121 139 154 137 172 137 98 79 92 114 144 231 253 
63 156 150 107 120 136 66 71 167 149 122 157 120 148 119 195 122 50 46 92 119 150 202 
129 156 131 86 144 114 72 85 100 141 107 128 180 132 133 128 112 57 110 91 107 147 247 
170 170 133 144 142 112 93 96 158 129 90 135 145 177 84 86 83 111 109 168 106 109 109 
151 161 154 153 186 123 139 151 171 175 107 119 155 131 128 62 136 125 169 150 117 118 87 
133 175 161 184 187 139 106 104 125 118 131 141 139 135 105 148 122 160 106 83 116 129 243 
200 201 171 140 182 146 89 67 113 136 103 166 173 157 152 139 205 155 65 89 117 106 75 
244 174 131 120 144 122 88 136 151 135 141 116 166 122 157 158 192 184 111 63 96 114 151 
178 145 134 112 123 126 91 119 118 107 74 105 109 128 143 209 224 215 119 115 86 62 40 
131 113 154 133 105 93 114 162 113 90 122 99 142 133 174 167 200 146 161 99 140 99 114 
227 180 152 121 115 136 119 161 158 159 161 161 181 172 143 150 144 137 100 160 145 164 200 
70 143 146 156 170 127 108 102 107 134 132 120 146 118 136 92 136 90 72 129 176 163 195 
72 173 167 144 173 137 59 96 78 88 100 84 64 109 127 160 140 110 91 127 183 137 46 
218 185 151 158 173 108 113 109 113 91 76 78 60 97 178 149 190 136 145 157 186 152 84 
155 175 160 177 181 151 134 168 140 117 118 83 126 145 180 170 131 137 87 112 161 135 216 
253 187 188 159 181 139 112 167 140 163 102 170 164 196 174 108 158 96 66 106 107 156 226 
4 120 116 143 142 154 183 137 155 133 173 151 212 183 114 120 139 146 90 117 162 107 189 
178 104 109 83 107 156 114 127 96 177 130 187 146 149 134 73 162 145 141 147 115 143 201 
71 74 113 133 107 94 100 57 93 151 167 99 114 129 109 77 136 170 161 171 152 78 29 
80 91 137 147 141 136 83 71 92 149 132 89 76 111 121 82 118 192 199 181 104 137 236 
155 149 139 169 138 153 103 74 92 180 148 160 101 149 127 82 101 134 166 131 121 95 96 
56 171 186 109 179 141 100 118 107 150 182 102 128 96 139 60 75 70 121 131 129 109 39 
26 245 203 12 160 154 57 247 111 112 50 43 122 92 227 46 157 74 191 206 140 33 51 
