21 252 244 159 252 22 52 41 224 49 236 95 254 191 54 228 246 227 187 68 102 168 114 74 87 149 232 104 219 157 50 182 117 186 169 40 140 178 128 196 58 21 143 49 175 212 194 108 208 253 144 216 94 236 237 202 236 85 71 
89 178 198 157 193 179 151 131 131 133 178 160 206 122 98 126 177 195 166 103 122 147 190 140 162 143 195 174 177 178 136 188 109 161 173 138 177 112 142 172 152 85 161 140 159 170 99 52 144 156 152 102 134 167 172 154 181 151 199 
13 142 152 169 166 190 179 128 156 143 170 185 144 157 61 99 126 129 120 99 66 136 147 208 152 141 134 148 154 109 115 105 134 117 146 187 141 150 140 190 116 146 146 187 158 122 100 106 98 210 109 126 105 181 161 114 139 143 127 
229 128 149 102 130 148 122 145 135 166 109 163 159 136 108 130 170 177 120 117 119 84 157 177 170 85 92 154 146 140 103 138 85 125 133 176 207 153 183 152 118 121 212 208 153 125 130 92 134 113 134 91 136 112 168 99 104 104 193 
102 160 102 109 89 92 87 122 154 129 156 134 171 154 109 138 181 160 113 122 103 137 116 150 121 84 102 124 173 146 151 164 145 122 153 165 177 153 125 83 88 153 222 209 135 140 95 86 84 108 138 120 112 108 96 105 82 107 192 
235 154 131 80 132 125 118 134 149 157 108 150 92 138 83 95 179 159 76 63 122 132 125 99 132 153 167 151 125 116 134 181 165 175 117 163 172 163 105 98 122 173 148 151 121 90 90 73 96 167 138 170 107 67 94 133 131 134 110 
106 108 42 74 168 134 151 142 133 120 157 71 137 105 117 107 131 160 116 80 102 126 127 110 110 177 167 130 137 110 160 200 185 156 104 119 174 154 122 78 161 140 107 128 144 140 82 60 140 171 169 154 136 75 96 152 136 146 53 
92 70 50 92 118 131 140 204 168 147 131 135 113 203 146 72 121 144 158 136 119 198 109 134 110 106 103 101 118 144 158 145 173 151 109 133 157 158 128 113 192 135 101 180 195 189 81 102 135 144 152 148 101 101 113 159 131 147 111 
104 81 63 89 146 44 128 133 125 132 103 108 164 168 172 106 84 170 138 112 131 102 171 127 126 102 141 133 143 126 172 161 117 173 127 126 97 150 144 127 169 123 113 150 213 149 127 118 182 153 128 112 114 75 127 152 124 181 214 
167 85 82 149 150 137 97 90 76 123 123 110 158 129 120 72 129 134 160 100 94 163 85 168 138 153 159 130 105 140 168 114 153 140 143 142 133 119 161 157 150 166 109 185 137 133 82 139 155 161 122 105 100 99 115 148 184 160 218 
160 94 120 173 219 191 152 101 106 90 125 132 142 117 139 83 124 199 164 163 167 131 164 164 192 140 136 102 73 98 168 161 130 150 163 199 130 136 157 136 203 169 203 120 108 92 93 107 90 145 121 126 100 111 95 147 151 143 154 
17 82 111 204 193 145 139 110 100 173 133 155 169 129 131 139 124 190 199 176 173 173 129 177 130 165 129 113 64 106 140 117 144 130 161 148 153 136 133 148 137 211 163 145 55 67 161 115 131 115 189 125 160 90 117 128 167 94 144 
69 81 116 171 139 127 69 79 121 139 153 152 124 122 150 116 137 149 155 146 195 206 195 158 179 136 212 113 110 52 100 101 97 169 137 123 114 82 94 107 96 165 207 134 68 111 124 163 91 163 128 175 155 129 158 147 163 106 31 
185 131 131 123 180 161 125 115 72 78 82 65 127 99 135 107 120 129 101 133 164 210 190 193 140 183 129 162 64 105 72 79 115 115 160 112 96 92 100 98 148 172 177 140 149 112 161 94 165 128 132 125 156 172 143 146 143 119 98 
64 159 106 132 153 179 173 136 80 51 59 96 67 125 96 99 118 137 153 140 149 140 128 121 99 85 119 67 112 58 110 111 75 97 98 66 69 49 59 139 166 168 138 164 102 179 101 116 133 138 90 89 192 152 171 126 104 89 114 
245 135 135 73 104 150 115 171 99 116 134 136 152 102 108 138 127 159 172 189 160 108 131 121 128 107 165 129 132 121 134 135 118 92 137 88 34 47 46 135 121 153 107 66 127 56 97 41 118 82 44 109 165 176 130 140 100 93 37 
77 139 125 132 96 105 106 103 112 114 134 178 138 153 126 125 163 185 215 208 172 142 131 139 100 131 156 179 122 190 162 150 103 133 140 112 77 87 109 114 157 91 122 143 112 133 71 110 116 95 76 95 203 143 106 119 152 120 79 
88 118 213 139 148 114 127 123 111 138 121 153 196 144 110 145 144 176 190 173 141 154 115 133 94 108 185 120 160 142 153 119 84 79 108 110 112 120 147 128 105 116 129 185 219 155 139 139 145 127 60 116 184 174 108 132 157 172 49 
242 167 143 155 92 175 114 114 103 134 122 123 163 152 137 125 110 138 157 106 129 88 113 110 122 99 154 136 114 173 185 153 98 110 111 90 102 136 68 162 102 118 165 201 181 192 181 111 184 97 95 117 163 177 124 144 164 180 249 
154 152 138 78 120 82 135 80 66 123 109 134 101 159 113 145 87 108 160 171 115 113 96 160 119 99 112 124 120 171 209 157 138 120 117 110 112 106 159 106 172 138 172 173 172 145 149 181 105 151 146 125 137 144 122 97 122 111 113 
201 162 113 98 96 114 87 117 133 133 186 142 139 119 186 149 133 115 180 165 155 115 139 144 159 82 132 144 129 173 175 192 130 136 128 120 112 174 115 146 111 135 131 169 109 120 139 106 140 143 123 164 93 160 147 128 165 130 106 
182 108 79 76 137 69 89 134 102 182 147 144 105 161 167 161 129 90 109 181 161 169 140 152 103 92 146 135 154 144 181 161 143 110 112 84 163 141 125 98 150 136 186 172 175 107 114 132 135 123 193 127 117 138 136 139 139 204 251 
168 75 69 78 117 80 75 122 133 103 130 114 108 133 163 141 98 76 130 186 201 203 173 98 89 93 128 161 104 159 111 86 120 35 65 111 147 135 117 74 107 144 110 159 149 102 93 150 119 195 179 175 65 114 126 78 166 136 244 
141 94 104 103 116 57 99 119 125 187 133 147 107 134 96 72 99 118 165 187 193 174 168 112 121 93 165 120 145 115 61 77 96 96 102 106 134 142 101 130 161 115 116 114 117 62 73 120 160 123 195 123 89 122 141 132 80 98 60 
221 143 145 169 131 82 44 77 90 139 163 145 163 141 141 104 79 137 158 189 140 146 156 145 94 132 146 145 159 135 105 82 148 112 113 120 140 86 106 112 114 144 114 101 132 41 77 123 111 133 136 130 103 194 175 121 120 107 159 
83 79 158 108 128 83 68 69 100 145 141 203 182 234 176 108 122 122 129 142 164 159 144 106 106 93 130 135 132 164 141 134 126 73 107 73 98 138 97 103 127 126 134 134 115 120 53 147 108 116 187 107 143 127 118 118 129 76 56 
212 122 71 91 65 66 104 120 100 105 140 140 180 181 129 109 124 154 92 140 165 132 147 93 74 160 174 128 152 135 125 100 102 92 68 97 100 95 112 79 95 151 127 97 160 125 154 114 119 117 138 143 81 106 92 164 135 132 55 
124 96 105 118 69 54 60 118 154 132 130 152 173 189 110 86 146 182 98 107 151 150 107 96 114 167 160 111 98 105 118 95 109 114 162 73 79 86 35 84 114 150 141 127 179 164 125 132 114 62 102 72 120 92 116 135 170 108 138 
148 99 148 153 139 29 37 123 137 128 153 156 157 170 121 97 153 139 78 86 133 102 137 101 141 208 154 118 141 150 132 81 113 136 147 145 117 73 98 124 128 161 128 120 118 98 84 111 126 113 89 84 124 138 141 139 77 165 214 
234 152 104 215 141 102 46 81 125 139 155 169 180 173 140 170 170 157 104 94 77 141 127 128 143 156 156 155 190 179 172 130 46 127 159 172 126 133 117 142 170 131 168 162 130 112 62 110 133 147 146 126 139 171 122 103 131 155 220 
156 101 157 148 185 83 77 80 147 116 191 203 195 134 175 178 163 172 152 111 106 109 158 123 85 86 106 175 198 186 195 117 144 97 168 161 173 150 155 165 112 163 149 166 167 100 156 72 130 130 130 160 135 117 147 129 164 193 205 
221 155 116 156 96 86 41 117 124 141 136 192 149 176 153 198 174 166 184 135 40 100 157 122 58 41 70 139 182 137 178 150 93 128 130 147 134 92 94 74 149 130 163 180 109 155 108 127 104 131 150 92 139 141 98 166 137 169 107 
79 90 80 62 65 71 75 127 179 100 120 146 168 107 163 141 155 186 151 150 81 76 147 138 95 55 36 78 119 149 128 124 103 96 144 172 146 111 59 91 90 154 161 124 156 128 161 84 116 151 84 151 111 124 152 106 142 114 192 
229 114 96 78 93 81 100 165 176 137 157 198 163 149 107 114 109 156 174 122 97 90 104 142 109 109 77 75 131 169 213 141 132 77 116 164 169 145 126 86 149 145 122 178 162 203 179 139 148 130 136 115 158 133 137 160 70 113 156 
222 168 119 144 122 79 77 134 183 187 171 174 193 131 102 75 98 132 133 172 118 119 116 140 156 115 100 83 127 164 170 183 139 155 134 145 193 169 107 118 93 146 144 96 165 171 172 166 123 137 75 160 150 142 166 123 100 109 234 
195 114 110 116 117 65 66 97 142 156 162 153 144 143 168 107 100 156 159 152 154 125 134 155 163 131 117 129 136 104 129 125 162 123 152 129 149 159 140 89 146 183 127 115 144 114 126 118 162 64 114 191 182 124 152 138 135 133 50 
157 99 81 91 137 113 104 98 87 135 169 128 122 156 143 163 134 138 155 130 108 133 136 205 159 143 131 157 156 113 141 130 130 124 133 136 156 178 167 151 180 169 156 100 89 106 70 148 109 117 118 153 155 106 118 127 193 154 59 
111 98 81 128 129 164 150 85 86 110 112 123 118 138 205 134 171 144 153 147 130 130 189 174 198 154 125 178 164 125 149 172 69 121 144 154 133 137 161 187 174 191 116 76 103 36 74 103 100 103 67 138 93 61 72 128 116 134 65 
77 94 122 121 167 124 144 140 88 91 129 90 153 166 158 162 134 132 178 175 157 111 148 170 118 130 110 134 189 160 195 144 153 89 131 106 93 82 153 178 210 154 109 99 46 88 67 116 134 88 147 106 157 100 131 57 115 73 172 
212 129 144 129 113 127 158 159 156 132 82 161 102 160 105 130 142 106 134 178 93 118 133 139 160 92 79 139 153 153 180 167 108 114 101 101 99 87 137 209 205 136 155 112 90 94 125 139 116 114 95 102 134 165 98 97 40 95 158 
166 144 116 133 85 68 138 174 122 96 127 78 176 124 150 136 136 92 127 76 108 94 142 153 129 124 126 126 142 142 154 152 142 134 104 133 104 90 134 169 187 175 148 146 106 145 145 136 112 117 109 126 152 131 104 91 122 127 69 
66 117 96 90 114 99 90 144 101 65 65 131 93 145 102 95 95 105 109 114 64 146 163 109 122 120 147 158 99 146 147 191 160 153 164 146 134 113 130 161 157 141 163 119 92 124 148 113 120 156 177 144 159 118 124 158 173 208 203 
183 118 90 144 158 152 166 144 106 87 115 92 82 102 66 57 132 148 201 147 122 151 154 85 76 88 154 124 60 74 110 119 138 124 112 152 161 158 131 119 143 127 137 118 67 109 91 108 141 148 134 131 144 109 154 144 137 152 203 
206 155 117 112 208 199 164 191 135 135 154 156 97 71 59 77 88 170 164 214 134 173 157 107 53 111 160 139 78 74 85 152 142 113 129 164 156 122 94 108 115 151 125 113 77 37 84 112 101 147 96 140 129 141 131 102 57 137 139 
6 139 136 187 123 188 184 112 117 128 164 118 112 58 63 40 106 62 152 157 147 137 189 128 159 134 173 198 114 116 147 158 177 164 124 157 150 90 71 124 180 135 180 109 78 55 118 130 171 114 143 144 165 91 109 100 82 178 183 
132 179 178 98 138 144 175 145 103 132 137 145 88 95 92 139 99 157 124 146 112 105 104 165 105 115 176 152 149 157 150 198 161 138 144 169 161 134 107 161 173 158 152 116 68 101 88 138 137 147 160 170 149 120 107 87 147 143 67 
52 173 140 131 32 101 148 131 159 183 158 141 119 62 127 134 173 102 150 104 79 92 115 104 160 141 97 216 160 130 152 148 131 67 106 148 176 104 95 142 157 128 120 139 115 136 132 123 140 134 140 184 176 154 130 150 155 196 183 
157 205 197 110 92 58 106 137 185 154 185 138 100 86 131 190 124 167 77 102 93 82 67 148 123 167 202 150 179 115 106 163 115 85 143 182 186 116 80 168 206 136 153 124 153 191 171 123 134 139 131 126 183 196 134 149 181 217 220 
147 205 139 180 116 112 132 161 169 184 157 170 112 137 153 145 144 90 163 126 140 142 86 56 133 190 156 193 172 159 127 153 143 94 115 184 151 120 105 199 194 146 112 114 116 156 137 137 149 90 116 103 121 146 132 138 186 206 174 
254 154 144 143 193 193 197 203 193 157 192 158 120 142 147 131 87 110 126 143 189 143 82 53 72 148 164 123 164 150 110 106 100 118 117 95 176 120 144 134 138 98 102 97 100 131 164 153 131 142 93 124 95 123 112 132 154 166 168 
101 87 82 157 184 207 207 176 133 138 166 143 96 147 213 162 122 129 124 146 144 141 93 63 73 128 106 93 109 130 95 52 133 101 96 134 147 173 136 121 84 73 90 87 61 97 85 146 150 75 104 143 130 111 129 96 119 102 105 
212 110 99 117 160 189 187 140 107 110 171 149 92 125 139 158 134 117 176 147 152 130 85 98 127 118 140 109 96 133 146 162 115 155 116 113 159 152 165 114 115 89 113 100 129 86 144 173 127 103 104 144 162 183 132 123 121 142 99 
73 106 114 87 136 182 147 165 119 166 192 201 140 102 146 123 102 126 152 191 174 117 112 147 118 158 146 94 78 79 186 195 195 147 141 157 121 139 100 142 93 92 72 139 115 125 125 179 136 84 83 134 150 157 154 88 130 171 125 
91 128 127 88 139 171 176 177 182 199 202 154 119 150 148 183 152 80 117 185 140 133 142 120 167 154 148 123 92 126 174 209 154 124 134 116 148 113 156 52 130 36 122 99 112 113 147 144 121 80 120 79 112 162 112 83 100 133 79 
51 115 101 86 138 158 137 166 210 206 180 80 102 104 152 167 165 110 98 92 140 130 112 101 88 111 100 130 163 166 178 133 109 76 79 109 106 144 129 150 69 116 51 117 110 124 119 147 96 116 94 144 158 151 159 71 80 162 206 
31 90 141 122 171 158 125 137 169 165 129 107 80 130 110 133 157 150 110 130 102 144 171 133 114 136 124 140 167 176 132 120 84 85 120 82 110 130 170 145 134 72 132 82 142 146 150 77 145 109 155 137 210 185 147 135 119 133 174 
218 182 167 165 186 169 128 132 131 107 125 75 158 146 120 136 124 161 176 141 128 165 167 167 185 174 157 154 159 146 171 130 134 92 121 146 142 153 192 145 102 96 89 143 131 197 94 111 130 153 107 179 157 165 162 187 122 97 5 
110 149 163 140 159 160 169 149 133 104 123 133 103 141 146 125 131 158 166 172 160 139 178 166 162 194 149 138 116 175 182 207 132 110 137 108 156 164 155 118 123 99 130 93 124 130 115 52 93 124 133 97 125 92 131 141 117 72 158 
92 103 123 106 119 112 140 121 91 120 119 106 148 144 127 153 147 136 117 105 163 136 142 139 177 185 175 122 100 129 173 160 137 143 156 152 158 164 140 134 140 174 125 145 146 133 126 83 99 111 122 123 100 99 82 148 103 87 59 
213 119 155 151 156 138 161 163 129 107 170 124 187 157 117 148 141 138 73 116 133 144 170 161 189 223 169 89 100 79 95 139 115 172 188 143 178 143 170 117 168 126 139 169 158 172 123 142 95 104 146 126 185 147 172 114 151 159 180 
127 125 156 151 120 123 131 114 117 144 95 163 183 122 82 104 157 103 99 114 125 93 110 164 155 168 164 114 77 113 102 125 165 142 135 142 126 129 130 146 84 69 118 157 180 159 191 147 105 88 96 120 164 194 128 159 95 146 174 
23 97 171 78 73 66 81 126 154 123 137 156 174 77 72 118 140 118 118 147 138 85 144 73 118 185 159 124 157 141 133 164 161 161 107 125 162 114 154 130 89 93 86 145 126 113 123 134 77 52 84 117 125 155 193 131 122 130 168 
138 151 156 115 87 82 91 133 167 117 103 160 131 122 48 150 116 105 86 157 174 183 117 139 76 156 194 141 126 145 143 128 144 146 87 164 156 127 142 138 83 92 144 94 86 107 156 141 100 68 125 90 120 138 174 197 142 153 36 
154 147 180 149 132 125 100 121 114 97 82 143 156 60 122 116 172 75 106 151 206 197 165 88 130 152 182 153 110 159 107 105 107 94 127 128 185 166 136 87 108 131 121 141 122 114 179 201 96 91 102 110 84 87 164 141 149 158 117 
203 108 92 106 155 162 138 173 171 108 119 145 101 150 117 190 156 133 84 120 140 120 88 120 72 141 147 172 141 136 187 94 121 117 99 152 153 180 125 100 77 130 148 121 127 145 167 172 126 82 114 79 41 111 96 130 136 130 104 
151 100 56 113 135 164 187 171 184 178 94 137 182 148 164 189 157 96 121 64 62 70 47 77 107 106 179 135 159 166 100 159 88 102 59 57 93 88 102 31 52 98 127 149 178 142 162 168 96 92 116 73 52 59 98 114 102 150 203 
132 109 116 113 179 160 174 203 185 130 113 128 133 135 115 106 76 120 125 94 47 63 84 96 101 125 151 175 107 117 151 50 119 83 69 86 79 139 93 68 54 104 184 182 186 150 147 107 89 101 115 123 119 87 112 100 136 125 232 
65 102 91 152 112 148 188 179 149 150 109 124 95 61 70 62 82 95 144 87 92 107 153 168 106 132 139 130 107 120 104 108 91 105 119 121 178 177 171 112 54 113 150 161 161 124 101 104 105 83 87 111 87 98 85 131 149 119 95 
237 130 124 147 115 103 120 150 164 139 174 150 114 72 105 111 52 81 98 87 87 151 145 130 93 37 111 102 102 101 151 103 88 101 96 90 145 163 181 133 112 107 106 159 147 138 128 98 142 154 125 99 115 88 91 130 113 139 242 
214 163 165 145 138 57 101 112 159 156 137 140 112 99 166 115 138 86 137 113 156 75 138 84 31 80 103 163 113 138 130 86 80 115 100 102 112 141 85 138 144 106 150 114 218 186 166 109 164 187 171 142 175 127 169 105 126 62 93 
181 131 133 130 95 112 69 119 189 147 114 133 108 144 126 159 95 134 143 173 139 152 122 104 79 106 165 161 164 126 136 95 89 83 127 90 152 112 123 136 147 165 92 139 170 210 161 116 146 163 165 155 130 175 101 157 73 100 86 
227 117 74 46 109 121 92 122 182 140 93 79 140 103 158 107 138 114 113 150 182 115 160 132 74 147 153 171 135 117 121 126 84 75 96 112 167 191 155 196 204 148 105 87 144 149 149 130 134 164 172 113 152 106 163 123 168 92 99 
239 104 84 78 128 135 119 142 173 147 122 103 81 90 78 121 102 95 140 110 134 119 138 158 123 153 166 126 88 80 129 120 94 60 106 115 128 165 179 198 180 158 91 62 87 108 94 116 148 131 141 144 119 155 128 199 148 129 19 
4 99 128 87 105 132 103 142 167 182 157 113 102 107 101 131 152 151 119 120 124 79 122 124 148 162 165 141 87 83 116 132 70 75 105 132 141 141 186 166 160 96 91 71 84 75 143 138 99 112 139 121 175 135 138 147 171 126 239 
5 124 135 113 108 121 131 123 160 150 137 100 125 144 133 150 150 130 109 102 113 123 110 127 102 174 194 174 152 154 151 137 136 65 107 113 132 164 158 206 150 131 85 106 89 140 160 161 119 47 92 122 96 114 133 148 117 150 117 
26 85 136 128 137 148 146 160 122 111 128 107 130 158 120 132 146 101 78 91 127 132 139 120 129 188 211 206 201 129 152 117 96 117 59 133 104 92 122 153 169 116 64 53 90 138 171 186 136 109 120 104 79 84 115 180 150 92 99 
205 145 153 182 110 125 145 122 158 142 147 138 132 107 107 94 124 79 93 108 141 121 153 92 120 181 180 178 174 169 87 117 160 118 167 123 128 126 99 155 217 138 98 92 120 127 130 175 146 113 113 77 63 82 118 102 111 86 105 
151 134 209 196 109 99 120 145 169 148 156 135 79 140 125 165 146 98 112 111 95 134 132 103 114 156 119 147 154 105 111 119 137 212 121 151 120 133 129 127 145 152 151 133 138 145 119 166 163 124 88 65 131 117 114 113 59 102 132 
47 111 176 138 103 94 97 122 172 175 114 79 104 152 208 201 146 164 115 98 79 107 106 83 104 147 119 94 186 114 63 95 178 157 161 114 114 196 136 100 151 110 95 147 97 110 133 155 168 115 109 80 104 178 96 52 113 41 54 
175 96 194 43 142 135 91 201 176 179 27 15 49 231 201 254 34 219 165 142 54 191 45 38 57 200 143 21 222 144 12 38 162 246 214 186 10 234 126 23 232 47 12 199 35 98 26 48 174 90 192 125 99 250 164 53 205 7 125 
