152 110 124 65 29 124 93 222 68 234 187 144 24 150 238 5 190 141 187 162 97 224 93 138 189 50 255 99 249 76 93 185 90 59 123 4 120 30 4 24 192 139 47 170 158 29 26 141 254 62 33 210 33 94 
89 106 107 113 141 122 125 120 118 126 103 141 81 152 115 82 129 139 147 107 101 110 99 126 157 176 210 169 160 147 155 147 94 106 171 115 136 129 168 137 127 91 84 150 108 39 103 113 146 74 108 113 109 136 
164 141 114 138 156 119 95 141 97 102 107 79 154 110 128 89 102 104 155 126 86 112 101 110 153 196 165 112 135 139 193 152 104 100 185 160 138 173 208 199 139 102 145 170 133 108 111 140 79 110 120 163 112 24 
119 107 64 90 128 128 129 132 109 81 63 91 96 182 144 167 104 173 124 102 144 111 106 142 156 171 117 147 121 178 144 136 71 130 122 135 101 177 134 171 180 149 160 164 189 122 165 145 145 125 167 151 168 193 
120 87 45 103 137 131 151 129 75 67 122 110 138 160 182 156 170 142 171 137 155 186 196 132 141 114 114 92 138 120 124 84 115 92 152 79 116 89 128 113 118 151 87 160 115 163 165 130 136 160 189 177 142 159 
192 110 87 81 116 155 107 89 67 95 119 140 135 143 129 161 152 189 168 153 177 196 153 127 118 117 68 87 111 140 130 145 99 161 130 91 92 113 123 135 177 110 141 77 149 148 142 111 70 103 139 160 118 237 
77 76 68 93 85 126 95 62 78 95 132 121 145 148 174 178 132 141 114 99 85 120 102 96 105 121 61 63 115 168 153 132 164 132 155 138 96 101 103 93 88 113 83 91 107 123 153 71 55 81 97 81 72 101 
132 87 98 96 103 122 99 81 88 137 172 147 158 177 181 153 138 140 130 114 108 125 117 55 119 119 67 43 100 105 95 125 82 169 153 123 160 140 151 131 93 140 139 144 100 143 92 117 96 137 130 89 48 91 
177 138 110 127 69 154 128 103 121 99 164 169 112 158 164 153 119 137 159 119 138 115 108 68 103 165 107 85 62 76 54 88 116 134 145 101 126 141 191 130 170 158 190 139 137 94 111 88 128 166 146 78 95 245 
98 120 120 83 122 123 181 168 109 142 158 106 132 131 218 139 148 126 131 146 90 155 105 116 138 152 155 105 149 89 142 85 100 159 123 144 128 171 176 158 76 123 153 123 105 151 116 99 83 97 93 65 110 193 
166 143 101 121 102 199 142 154 165 157 146 133 31 153 111 145 109 140 153 99 144 80 124 148 110 149 76 122 142 183 79 144 96 130 120 113 144 131 152 105 65 88 112 129 84 127 144 98 62 66 78 102 153 165 
57 93 132 112 144 87 169 102 161 158 206 122 116 63 162 67 147 171 148 98 58 88 127 143 174 129 102 86 173 109 150 111 158 148 96 95 105 122 135 81 75 93 128 113 107 110 123 139 126 89 83 112 194 191 
53 110 131 165 104 167 132 164 88 181 163 163 85 105 100 102 123 117 121 46 66 130 140 188 174 166 102 117 120 139 70 139 149 163 58 108 144 141 105 118 116 90 136 178 117 102 94 149 123 76 88 96 150 190 
169 85 155 128 159 171 172 135 121 109 175 169 105 107 121 102 101 128 63 98 121 139 138 144 109 109 94 78 132 125 118 151 177 128 118 134 139 166 127 101 104 137 103 174 175 106 116 112 99 88 90 125 139 20 
8 73 118 132 127 156 136 117 72 115 144 111 139 78 116 139 158 84 105 115 159 140 155 131 159 87 73 102 114 130 139 169 161 157 127 136 192 158 119 114 121 105 150 152 182 164 115 166 73 62 127 162 186 183 
72 120 138 118 83 96 123 138 121 166 124 123 58 72 128 163 187 108 56 127 110 139 105 214 129 158 132 142 157 133 105 118 158 111 132 154 121 128 99 60 86 165 152 180 140 128 149 113 89 65 116 158 186 214 
240 155 190 141 75 67 102 127 130 152 138 76 85 102 146 176 155 78 70 82 77 69 118 120 181 110 194 188 168 162 92 134 134 148 139 92 115 106 42 21 103 168 165 131 147 73 81 113 69 100 121 126 167 220 
91 100 118 154 77 93 98 133 105 128 84 69 123 126 135 151 98 112 82 91 94 120 144 142 90 160 131 162 139 116 120 95 103 123 116 117 135 153 122 106 98 161 154 116 72 76 79 95 115 123 174 152 173 242 
113 95 82 113 117 110 173 97 109 81 36 67 78 134 142 91 157 91 126 78 117 155 131 126 116 91 121 108 105 145 144 134 151 148 123 121 135 159 162 81 138 132 83 62 74 39 80 104 100 125 146 146 148 123 
81 69 106 90 103 121 160 172 103 89 47 79 93 92 77 125 91 114 89 106 103 154 144 99 151 157 115 142 127 149 195 159 177 145 135 88 146 140 155 140 122 105 66 33 48 86 94 125 111 116 134 105 126 187 
207 171 129 153 122 160 162 146 124 107 113 92 97 109 102 115 96 100 94 69 136 147 132 134 126 146 146 145 128 171 122 166 175 173 84 140 96 114 100 139 137 123 76 27 68 69 80 116 148 99 167 132 85 54 
201 164 169 147 145 106 137 114 137 120 117 153 157 162 185 168 142 97 125 109 101 131 127 62 91 114 127 169 140 147 164 104 173 138 141 116 132 88 110 119 181 132 104 91 73 94 90 137 149 148 128 130 107 90 
19 121 136 89 93 106 106 139 100 145 118 100 139 218 200 200 109 114 136 159 159 119 107 102 48 63 106 90 119 158 141 103 89 83 67 143 143 129 132 141 116 140 152 72 112 124 61 132 147 133 97 85 108 218 
132 177 171 169 152 95 112 88 143 140 108 135 166 170 185 127 109 61 83 166 155 150 165 107 113 101 98 109 99 159 126 75 50 37 76 125 179 191 113 138 95 140 126 131 112 136 113 64 170 122 101 85 82 117 
83 149 193 199 149 115 76 149 98 138 146 152 171 179 116 147 118 76 75 128 164 156 141 165 111 123 111 124 125 179 143 113 66 92 98 117 168 124 169 79 115 129 186 143 166 180 115 151 132 163 99 99 120 71 
224 113 75 124 94 45 128 87 156 84 108 132 145 122 121 108 160 86 60 108 130 152 183 147 208 180 176 129 139 106 157 91 137 139 161 183 129 165 78 152 71 161 156 170 154 151 147 137 209 166 126 132 173 219 
107 74 75 108 80 89 114 154 115 156 79 125 70 98 90 109 106 85 85 100 134 153 173 208 181 202 188 181 103 118 135 192 114 155 194 147 148 100 114 64 120 131 144 149 135 161 172 198 200 155 115 100 155 175 
212 125 98 119 81 111 116 97 143 129 138 97 121 115 120 85 99 87 112 73 114 146 158 153 118 108 124 130 119 109 158 175 139 120 152 146 106 128 61 85 118 148 172 117 132 135 190 194 196 188 98 137 139 249 
183 123 89 135 101 133 116 31 86 89 70 89 87 115 83 57 100 97 104 120 143 174 151 128 100 79 58 95 108 85 151 179 119 144 149 130 119 118 135 69 118 146 122 117 104 104 183 194 191 132 167 85 138 114 
14 55 89 133 124 140 100 86 121 124 94 83 97 149 139 139 128 101 95 88 191 150 125 108 97 109 97 69 99 108 152 139 167 157 199 174 162 199 88 148 142 160 144 161 115 135 157 168 117 104 61 116 60 75 
242 91 131 140 94 94 97 107 168 154 122 56 116 134 172 174 136 88 47 97 141 154 74 91 88 107 97 99 121 127 150 132 107 208 176 188 203 125 185 93 157 141 161 119 182 101 192 169 131 61 104 81 90 135 
82 124 114 132 71 69 68 150 140 123 117 76 94 134 99 94 113 85 101 78 135 136 100 127 129 114 176 152 159 179 176 126 137 165 138 149 132 137 104 145 58 70 71 144 105 142 123 179 111 119 130 118 125 160 
193 175 175 152 128 79 130 141 154 143 143 115 141 124 68 86 81 143 99 82 131 127 111 130 103 126 144 130 156 135 170 130 165 138 140 96 138 116 173 140 94 91 109 121 164 114 113 103 124 123 161 130 125 152 
42 142 181 145 184 121 123 177 143 161 167 119 94 98 104 81 138 117 103 101 92 176 96 139 111 104 146 112 107 106 97 164 155 175 124 161 155 149 205 203 165 129 133 136 131 128 114 123 111 160 149 164 108 5 
48 136 125 173 143 145 109 138 150 141 195 140 122 104 111 146 98 105 134 107 133 123 138 128 132 166 149 103 120 119 149 175 185 133 170 95 132 157 150 179 162 185 173 138 163 158 166 173 117 105 139 103 156 152 
243 123 133 112 152 90 125 132 134 168 174 202 115 159 164 149 115 120 111 150 109 154 129 129 139 166 164 90 79 101 181 178 155 132 71 115 119 131 147 151 138 151 125 162 127 145 188 193 159 128 105 166 81 33 
91 87 116 105 71 128 102 175 180 190 182 124 115 102 201 183 133 102 118 150 134 208 146 145 118 158 141 126 94 121 182 189 169 109 142 87 131 121 99 107 91 118 118 121 174 159 172 180 126 166 148 152 167 200 
157 141 118 155 123 118 199 139 211 169 173 78 54 93 137 119 115 111 87 93 179 142 135 125 118 93 130 144 138 130 146 160 126 168 130 143 146 99 76 106 153 116 147 187 175 176 190 166 143 120 184 181 113 75 
130 90 155 123 130 159 145 187 136 165 120 141 108 90 101 103 102 128 108 126 95 122 122 142 114 101 145 161 125 94 124 125 163 185 195 169 138 113 76 159 128 174 160 142 164 91 121 106 87 156 158 184 92 61 
222 129 59 129 105 140 207 170 191 126 119 118 151 135 107 73 117 140 133 131 115 132 127 130 65 119 118 121 98 63 133 132 155 217 169 107 135 72 107 125 132 139 119 205 108 102 42 72 91 121 232 133 103 51 
21 87 9 109 107 149 210 152 246 189 26 50 86 234 229 117 227 94 192 229 172 217 213 50 9 194 53 57 120 42 233 19 33 254 50 12 155 5 147 126 24 173 24 247 119 132 32 38 145 50 228 7 154 15 
