206 236 110 13 201 88 71 139 241 210 151 48 10 2 53 212 39 246 201 34 215 102 238 104 255 
202 168 155 94 156 82 67 102 149 146 128 102 94 98 153 181 89 168 176 104 122 144 119 114 31 
238 173 101 173 149 109 104 108 135 131 82 133 100 124 209 154 146 131 167 112 71 77 163 119 123 
46 91 161 123 143 86 134 102 139 99 95 66 82 118 168 149 100 121 149 88 82 110 120 193 69 
185 162 127 137 92 118 111 154 107 102 47 77 57 142 130 108 116 63 74 127 94 121 147 144 149 
213 185 147 142 111 131 133 81 95 77 121 115 143 123 133 73 116 99 93 131 185 145 112 114 146 
102 168 179 132 145 92 102 65 100 93 147 180 107 145 55 110 137 170 174 196 193 177 139 104 161 
123 191 197 180 75 127 100 147 108 112 155 168 178 102 133 74 167 171 197 172 152 132 117 155 212 
124 155 188 121 119 109 147 134 142 119 105 173 176 181 98 170 132 172 113 119 82 81 125 102 81 
139 153 151 132 150 142 129 66 109 94 117 136 152 141 145 124 153 101 110 55 63 87 122 120 140 
60 115 179 146 153 195 123 81 62 124 133 132 165 129 102 93 104 97 97 97 91 83 103 117 112 
252 154 182 120 145 149 168 101 103 97 127 124 105 119 114 113 109 143 188 163 113 113 110 111 195 
231 117 109 148 88 120 148 143 114 145 109 74 103 115 102 109 172 156 180 134 149 86 89 135 242 
83 48 142 136 156 150 165 159 176 150 111 123 119 119 78 130 109 179 137 101 116 108 93 58 36 
112 97 122 188 183 136 167 164 155 150 140 124 177 115 119 124 171 152 156 140 147 161 139 101 5 
91 54 66 112 164 162 159 188 142 178 158 187 147 146 124 195 155 171 205 162 151 147 154 166 181 
4 47 71 66 154 142 166 149 143 164 179 204 165 147 133 182 122 188 192 165 128 143 143 139 13 
182 147 97 99 125 106 113 135 135 99 113 149 167 146 96 130 135 120 162 121 103 133 166 147 47 
68 109 127 78 96 77 100 104 107 116 93 163 178 145 113 110 134 161 138 103 106 182 169 189 37 
234 165 70 67 64 83 117 104 131 157 157 183 130 106 43 124 144 166 166 90 79 141 170 170 167 
232 163 83 55 64 102 163 102 112 148 143 147 108 71 56 95 157 211 160 101 78 116 141 122 62 
143 123 105 101 121 145 191 117 72 120 101 127 146 105 128 104 140 154 157 119 130 170 140 109 48 
144 115 65 118 143 163 150 93 79 103 74 120 93 128 139 134 122 101 122 145 162 160 130 80 54 
133 68 63 111 136 160 103 82 103 135 137 114 103 97 132 116 86 83 111 140 162 189 125 127 47 
117 92 118 131 150 146 142 133 126 202 175 156 118 152 164 132 110 110 111 134 132 140 176 98 18 
165 155 158 158 119 138 137 114 152 145 159 173 115 143 191 169 166 138 132 136 118 160 145 132 20 
28 100 163 156 115 98 100 106 79 113 144 137 134 107 123 167 186 144 103 125 98 155 176 126 52 
220 117 124 155 142 114 90 88 100 85 119 172 136 78 83 152 170 149 120 111 112 148 151 133 48 
103 100 97 117 190 140 157 113 145 100 88 152 106 83 88 167 190 182 135 122 99 105 145 85 149 
154 132 118 140 132 132 107 151 140 112 113 120 132 60 130 166 144 159 152 118 101 153 106 95 149 
117 135 118 60 125 69 133 125 170 148 109 187 137 154 130 184 153 129 148 139 126 158 166 86 68 
200 149 119 111 69 139 129 154 148 94 114 176 179 132 158 182 142 135 103 103 121 126 142 97 11 
157 116 115 83 97 115 202 145 109 80 68 121 139 96 127 158 140 98 131 110 129 109 100 83 116 
60 65 157 130 104 169 162 174 86 23 49 91 64 99 81 134 109 124 80 122 163 135 88 79 23 
172 125 161 161 121 130 183 155 77 53 83 105 62 27 128 104 150 114 156 101 158 176 121 108 28 
178 142 155 120 87 100 135 130 103 106 150 125 113 102 83 167 105 130 92 131 125 112 108 89 10 
217 150 124 85 85 82 119 182 127 134 148 127 116 143 164 107 147 55 146 125 127 85 66 131 110 
97 151 131 148 107 101 152 162 143 124 92 100 123 141 97 136 105 126 120 167 131 106 127 93 58 
201 124 131 107 127 100 151 153 148 112 111 70 96 123 110 98 177 105 171 112 131 161 137 150 30 
70 112 123 158 139 168 149 180 153 157 84 74 66 121 102 121 86 157 117 80 73 126 142 129 127 
153 147 151 145 130 147 180 134 226 168 92 76 75 141 156 122 160 129 193 83 91 97 131 141 245 
217 117 96 87 81 95 101 149 132 132 89 73 120 140 186 195 167 184 154 144 93 150 113 163 211 
87 89 80 134 91 109 126 89 131 102 37 105 120 153 185 174 170 113 136 109 138 128 130 141 91 
143 104 108 130 154 82 147 146 128 124 87 107 164 142 167 124 82 65 117 164 165 153 147 174 159 
178 142 110 156 121 132 154 121 137 162 111 142 173 141 159 78 71 105 143 211 163 194 125 154 71 
71 132 114 102 121 78 95 102 134 134 134 152 119 102 116 98 89 117 197 160 174 140 105 151 245 
127 126 99 105 102 59 69 85 104 158 118 166 128 58 107 89 89 124 152 187 162 172 117 76 102 
237 127 129 118 156 84 76 66 121 86 154 166 133 79 103 100 113 109 177 189 176 190 84 123 201 
115 121 125 177 152 142 94 54 49 90 111 180 135 119 162 180 147 173 165 205 164 117 141 103 242 
147 91 132 131 155 138 116 67 46 92 139 103 124 140 156 158 180 136 194 156 128 129 118 91 22 
117 118 105 115 99 82 84 60 113 149 150 140 135 114 162 160 119 158 166 185 124 130 147 130 50 
200 125 128 144 79 85 101 122 169 181 203 188 124 173 130 132 97 120 145 115 82 99 148 137 225 
63 130 117 125 132 74 83 139 102 113 139 164 179 100 167 108 100 78 120 72 60 54 103 135 88 
188 134 114 136 129 122 122 107 98 46 125 142 97 149 133 128 67 104 100 63 79 99 117 167 249 
149 127 55 113 160 178 123 161 77 118 127 128 107 119 134 118 130 113 105 110 121 104 90 130 94 
71 91 78 101 201 134 182 137 130 125 140 114 132 154 140 73 84 98 66 73 120 124 121 78 8 
235 115 106 164 140 186 147 210 124 112 95 73 172 185 105 83 106 78 104 84 113 170 112 107 99 
59 114 139 138 177 135 193 172 100 100 84 100 132 162 103 95 87 111 120 112 102 126 99 119 231 
145 137 174 174 136 152 127 123 96 95 82 48 72 89 77 102 139 119 162 119 111 128 123 67 33 
215 144 167 183 192 144 134 140 151 148 86 39 60 69 135 172 193 171 142 145 130 164 106 102 43 
72 87 160 167 173 174 130 152 209 165 131 85 80 109 146 176 198 133 148 87 157 141 118 37 25 
15 119 231 87 127 188 115 40 182 88 210 127 190 21 229 30 222 80 236 65 142 141 208 29 5 
