126 108 21 165 100 98 213 86 192 85 14 236 158 96 206 183 58 208 149 200 72 94 2 59 122 220 53 196 145 186 242 158 124 203 99 209 48 251 159 225 140 75 151 173 142 195 170 47 41 251 237 158 216 94 119 73 240 95 167 64 43 214 253 142 100 87 31 
138 149 111 175 145 167 148 166 159 137 72 138 134 124 115 69 95 165 145 134 95 134 112 171 145 108 66 92 122 127 140 148 138 135 118 106 68 154 136 161 158 98 169 135 115 173 190 152 108 141 113 113 117 126 133 126 140 137 165 162 146 184 193 158 128 144 154 
207 137 102 104 171 132 170 98 128 115 123 80 139 165 119 96 81 122 107 86 119 100 166 153 160 82 78 106 88 128 108 159 145 140 110 86 87 123 121 122 141 146 150 128 88 142 170 140 114 92 119 112 122 133 125 101 103 109 175 141 149 148 158 152 161 107 64 
78 121 95 93 133 154 127 99 106 139 99 129 157 163 185 118 118 167 116 166 133 128 108 114 121 98 157 157 170 138 146 114 145 111 112 64 81 132 104 88 137 138 133 137 76 138 120 103 68 139 92 148 133 178 89 78 57 113 166 170 98 120 149 171 156 165 170 
68 166 158 118 115 163 169 138 155 133 127 152 152 139 97 109 123 128 160 157 171 120 126 106 80 129 137 156 158 196 138 136 98 163 157 83 87 178 113 110 111 111 155 138 169 139 161 126 147 83 123 67 119 130 78 47 49 97 181 159 129 81 116 182 171 128 113 
134 168 180 140 101 163 158 175 167 149 100 171 149 106 67 105 124 148 102 158 166 151 153 102 103 90 127 82 112 130 173 127 107 155 171 108 115 155 149 118 144 154 149 197 131 152 106 142 103 143 68 143 137 167 111 51 64 64 120 166 109 80 151 163 175 122 27 
172 156 172 140 158 143 167 125 217 122 127 141 152 107 123 146 139 118 81 129 166 177 175 112 70 152 88 96 93 151 160 142 87 149 135 152 131 197 163 127 121 112 115 95 111 75 107 94 143 66 156 104 201 178 149 129 88 93 137 163 165 119 126 180 137 128 152 
82 76 82 137 127 162 83 155 137 115 119 122 134 150 142 170 171 114 106 93 161 185 191 129 112 125 108 98 119 120 197 140 137 131 147 136 177 182 143 147 107 105 80 109 80 105 109 129 137 106 76 149 86 176 163 170 152 107 158 171 138 105 164 122 143 140 226 
34 68 88 123 148 128 123 129 161 142 130 166 97 123 90 158 135 175 111 117 113 161 144 154 143 140 101 74 96 132 109 160 102 160 125 129 138 145 143 142 115 148 153 105 59 100 112 153 144 102 101 101 138 139 210 198 137 137 100 120 94 98 92 118 139 151 129 
192 116 105 157 98 86 73 138 146 149 214 174 175 119 132 128 193 178 156 126 142 72 143 114 124 163 79 132 114 150 159 96 146 134 106 117 122 114 132 96 132 155 146 154 79 116 153 133 180 73 152 114 163 162 209 174 176 125 166 153 129 133 103 109 151 153 145 
67 70 111 141 109 46 71 78 143 146 152 155 142 125 121 166 162 160 167 162 134 140 82 131 114 97 134 115 193 156 149 147 150 173 153 158 165 173 118 109 73 137 159 114 141 122 132 141 132 143 116 184 84 147 145 176 152 161 163 178 157 149 131 108 143 99 16 
79 85 132 141 138 88 75 111 151 189 115 127 70 91 128 130 153 130 156 186 169 152 195 131 102 115 109 138 146 201 120 178 173 169 124 126 181 145 141 49 74 113 116 193 139 180 151 137 150 141 192 129 122 62 154 146 99 93 117 134 154 159 133 136 106 132 139 
103 134 123 139 122 109 68 99 147 175 125 56 102 82 154 164 138 138 135 149 163 149 189 197 119 153 149 141 200 126 183 136 195 140 87 82 123 149 91 115 28 97 105 171 191 183 182 127 132 114 125 136 76 75 157 129 127 74 97 163 141 172 114 112 105 127 230 
52 116 134 78 122 100 90 72 167 179 84 125 68 146 140 188 186 116 168 157 122 191 143 166 139 124 129 110 97 185 97 163 114 155 113 104 112 115 161 84 114 96 125 154 170 184 179 167 176 167 196 133 118 108 92 155 114 118 172 152 198 152 136 122 71 147 242 
73 115 150 146 168 136 104 110 142 178 105 65 113 76 132 166 177 162 147 171 199 122 161 123 107 84 60 42 139 97 148 93 144 133 144 118 164 107 124 127 81 126 153 170 147 160 203 188 208 187 138 131 116 87 164 135 186 173 126 156 131 100 97 126 122 47 17 
33 77 122 159 173 158 101 99 153 148 124 116 86 74 94 136 160 144 158 178 173 173 107 106 42 41 33 96 87 136 90 126 123 116 85 130 92 127 133 72 47 113 139 188 138 174 171 205 221 150 140 82 98 156 154 187 195 138 123 121 119 77 118 183 142 133 166 
192 93 142 147 151 118 98 94 138 160 125 168 100 89 64 98 118 139 131 160 148 155 124 85 83 47 80 80 130 89 94 144 133 97 119 106 153 111 154 112 66 41 154 160 186 131 158 178 180 141 127 117 115 167 182 173 129 100 123 109 128 109 110 190 181 101 31 
52 103 102 103 99 88 89 149 147 143 126 96 114 49 95 109 132 119 108 107 156 106 137 137 109 175 111 173 118 113 116 116 97 80 130 167 149 145 175 167 89 92 92 173 154 159 113 127 171 175 168 155 134 133 171 125 128 104 73 117 137 120 175 161 190 160 68 
208 104 115 59 115 135 145 124 152 132 104 112 109 116 144 161 151 141 75 142 117 168 162 158 165 118 152 114 164 135 115 138 99 41 103 120 111 101 119 131 118 14 61 75 140 138 116 118 140 176 215 165 105 110 90 150 125 107 109 125 122 212 128 160 138 197 217 
40 123 76 90 134 183 132 122 100 141 137 144 159 125 145 156 161 156 137 112 129 127 195 160 142 132 73 123 146 134 110 140 129 76 119 161 162 100 142 157 114 70 35 60 90 103 127 85 111 133 201 202 141 129 182 173 186 133 149 129 154 157 184 97 148 137 10 
43 114 109 69 105 154 142 99 98 133 194 159 190 161 144 115 123 122 103 90 55 109 150 163 157 142 126 138 155 146 127 151 121 113 115 166 145 173 125 145 147 98 105 102 61 104 103 163 86 165 158 170 147 150 172 211 173 157 154 170 114 154 183 169 132 177 185 
156 145 83 90 115 138 121 120 86 147 142 184 195 160 173 81 73 121 122 105 102 147 133 160 131 136 101 134 132 111 112 140 150 84 94 101 122 124 165 138 115 147 153 144 106 77 131 151 155 123 166 148 149 121 140 173 116 117 175 170 77 154 166 151 148 112 108 
112 131 117 137 139 144 139 94 152 120 164 160 179 183 125 116 119 132 145 155 140 113 173 143 134 67 110 155 145 74 139 118 119 168 113 100 87 166 140 151 132 116 127 167 109 132 145 144 133 143 110 131 123 100 134 107 86 125 155 146 103 90 153 128 133 136 136 
243 202 150 201 191 172 133 147 99 139 103 109 126 88 142 144 144 100 76 127 98 122 132 139 94 72 76 166 163 147 104 142 128 137 169 126 121 111 137 103 94 121 111 144 152 146 133 159 84 140 124 120 172 151 111 124 124 96 174 130 87 75 56 97 134 94 73 
147 199 189 183 128 108 147 71 119 121 119 108 102 51 119 162 170 105 71 142 155 103 115 154 57 53 83 112 171 156 171 118 120 149 126 136 132 142 100 84 112 98 140 139 148 127 116 115 102 143 152 166 182 169 159 100 94 188 146 174 104 71 76 110 145 108 86 
162 183 196 131 85 73 102 109 50 140 138 158 91 103 105 146 157 111 135 164 145 81 121 119 85 88 82 122 129 119 90 101 142 147 142 156 169 191 118 135 70 126 98 123 139 122 104 118 142 162 156 155 167 197 131 122 169 162 178 179 125 100 95 169 162 130 232 
122 157 146 112 53 87 152 99 125 112 149 148 137 129 169 117 143 155 136 166 135 78 99 140 109 88 172 119 125 136 64 97 167 185 122 125 180 191 186 92 147 96 129 121 133 103 72 97 102 156 126 158 179 189 205 144 175 175 148 108 123 95 134 128 110 117 237 
231 137 149 127 107 161 167 167 101 120 112 119 123 168 141 136 129 164 113 129 95 56 74 105 112 115 104 167 152 144 120 104 188 137 86 76 132 153 128 183 122 165 139 117 119 89 97 106 118 124 113 152 173 217 175 162 153 117 50 80 40 120 116 106 112 99 138 
81 98 120 121 146 172 152 141 117 101 84 138 83 98 126 82 135 130 125 98 76 94 80 127 101 68 140 138 177 220 151 149 127 154 87 61 73 86 133 134 213 163 148 102 90 109 156 127 180 137 83 116 170 172 215 185 152 90 48 45 47 99 150 164 165 164 219 
24 74 114 108 105 123 131 135 141 118 156 96 88 74 52 104 77 93 115 123 139 98 143 154 113 96 80 137 158 173 171 101 123 124 135 81 91 117 93 169 177 132 96 127 78 98 152 170 111 132 79 145 142 193 180 212 167 83 82 61 60 112 166 138 155 134 10 
118 161 155 122 81 90 105 180 124 172 104 129 63 75 100 105 73 76 109 139 120 144 142 128 129 49 66 96 95 167 130 110 115 163 159 139 124 129 139 125 135 96 99 130 100 97 157 132 115 93 61 138 194 160 181 171 110 105 80 105 61 121 121 99 142 100 181 
105 155 167 136 113 134 161 146 117 101 138 100 119 98 137 127 87 81 112 153 167 198 140 167 105 103 95 109 101 131 137 86 144 169 160 125 133 143 115 157 131 125 123 149 96 93 133 163 162 108 97 167 168 203 178 161 141 123 152 114 145 119 138 123 80 130 170 
215 140 122 112 123 145 184 111 98 116 168 142 116 108 93 107 75 101 176 161 182 167 111 75 144 116 131 126 152 173 122 164 164 116 117 97 76 84 138 113 171 108 156 140 128 116 157 194 182 148 101 105 168 124 178 151 155 179 146 146 145 188 160 123 123 57 43 
105 150 181 161 135 163 123 129 80 138 101 139 67 101 114 110 103 131 182 181 103 133 57 90 95 152 100 134 100 174 178 112 166 137 101 85 61 89 129 132 102 182 140 153 119 185 196 191 206 169 66 159 133 158 136 169 171 196 139 134 194 142 183 133 108 138 161 
189 197 202 177 143 114 160 108 124 66 116 74 139 106 165 150 135 176 203 162 110 126 103 69 116 131 143 88 146 164 110 111 133 128 128 126 82 114 138 113 107 98 153 96 122 151 164 193 176 115 116 120 162 126 154 138 188 198 156 162 130 166 98 146 153 134 11 
25 155 187 148 108 96 114 110 119 73 94 115 123 165 129 131 106 127 190 144 96 151 120 122 108 152 122 110 118 169 134 86 134 163 167 133 173 161 190 140 93 96 70 90 73 158 203 166 148 133 74 130 183 159 145 119 152 165 142 120 183 120 183 155 185 199 192 
82 142 159 165 109 80 70 122 100 115 117 160 143 191 168 132 118 147 177 186 152 117 130 150 172 172 113 120 141 170 101 131 163 136 113 129 131 165 134 170 134 117 94 93 103 149 183 208 199 118 118 121 164 152 173 113 126 163 84 85 92 188 156 177 198 157 182 
13 97 130 103 159 114 119 151 187 126 168 94 171 146 150 177 143 176 165 189 141 115 84 149 147 175 98 90 155 100 117 120 155 137 129 87 147 150 114 134 156 130 159 130 107 132 163 196 168 161 111 140 110 176 132 115 154 149 124 68 101 159 196 164 130 130 101 
161 135 108 113 143 159 156 193 166 119 119 125 98 160 127 138 183 152 139 114 144 124 116 143 180 136 85 137 100 101 49 102 86 118 120 100 98 164 99 123 97 170 139 145 109 116 112 134 136 89 158 114 178 88 159 101 77 169 153 147 133 171 177 132 118 104 101 
216 168 106 107 160 173 142 146 158 129 124 134 182 164 150 164 149 167 135 105 126 150 156 148 149 198 163 131 152 122 82 99 101 105 173 70 89 128 114 96 145 146 157 144 93 115 71 99 115 139 116 177 105 146 131 92 131 86 152 186 144 157 116 95 103 129 176 
3 139 143 135 169 144 99 134 107 112 133 108 145 166 149 158 109 138 94 122 119 169 143 152 174 173 164 180 110 82 113 118 106 118 130 127 60 107 65 138 133 169 150 137 183 98 105 126 172 160 172 140 157 131 178 173 100 105 107 150 198 151 122 107 109 160 119 
73 123 122 90 125 106 115 142 164 163 116 148 170 106 150 104 112 86 123 100 184 162 203 203 189 187 156 128 117 83 122 194 147 120 110 108 116 57 106 138 163 107 114 178 153 156 79 187 193 157 125 132 111 147 144 162 182 92 78 192 160 154 125 140 170 106 38 
247 146 76 79 107 116 122 155 171 129 145 147 159 157 97 159 114 110 63 164 117 197 189 228 218 128 127 148 102 137 140 194 214 88 102 116 93 108 139 164 165 106 114 172 167 79 114 137 139 80 98 98 131 85 142 139 152 133 98 128 130 79 99 144 139 147 180 
137 91 99 91 133 157 129 139 131 151 144 137 138 123 129 124 142 141 120 121 173 152 174 193 155 111 56 95 167 113 172 176 151 107 44 83 73 115 104 166 125 120 95 78 76 71 59 145 85 102 111 115 111 103 75 122 166 104 130 125 63 35 45 140 113 103 61 
25 105 77 60 119 139 133 105 113 128 90 81 122 83 104 115 152 150 134 176 128 130 160 197 187 93 116 87 113 182 140 184 175 107 67 87 114 72 134 98 155 152 127 72 55 105 119 116 149 133 140 104 121 125 145 168 113 144 108 141 67 27 62 98 129 100 64 
241 121 141 59 113 143 178 167 162 130 129 102 83 119 71 136 143 113 145 106 90 102 112 201 170 177 106 125 103 86 135 147 188 127 135 153 90 109 107 111 130 163 133 76 135 108 145 148 125 189 157 110 152 164 170 143 126 83 127 102 101 48 78 124 153 151 74 
217 143 109 136 86 107 153 136 102 138 152 158 145 86 102 148 118 128 110 158 97 130 150 139 162 142 200 152 137 81 60 103 85 147 148 125 118 112 122 158 105 112 62 111 84 161 135 133 149 136 187 152 175 127 114 136 112 139 149 153 122 96 84 143 160 167 64 
134 87 147 129 122 83 146 117 82 118 178 206 202 158 173 140 148 110 135 114 168 131 152 135 74 152 178 224 175 101 79 67 113 125 133 130 66 74 129 143 177 100 132 73 156 117 169 168 117 152 158 167 176 133 79 91 141 139 150 174 196 157 160 159 188 215 248 
26 38 108 147 94 101 168 147 62 97 143 146 176 203 127 140 132 138 145 130 107 176 138 95 97 153 162 198 219 139 113 95 97 146 132 67 87 47 63 153 157 160 60 100 91 88 126 116 127 131 159 160 142 127 100 111 106 100 121 143 141 179 172 195 204 190 136 
82 88 121 95 78 101 187 162 132 113 124 139 155 145 116 46 110 183 139 140 145 100 127 96 60 128 111 139 191 166 114 108 124 162 158 154 132 118 88 178 167 117 78 69 106 92 61 109 130 125 166 96 132 124 112 91 141 124 105 87 127 127 188 189 210 196 155 
202 154 147 85 74 101 182 167 142 155 151 109 153 134 78 43 112 170 168 150 133 157 129 91 117 115 103 96 147 151 114 96 131 139 106 116 159 127 115 108 161 107 97 79 122 81 113 137 154 153 129 150 109 144 130 150 151 139 143 89 74 124 143 164 183 182 245 
113 171 127 133 99 114 114 140 150 157 107 121 113 152 106 64 136 142 138 135 158 156 155 122 99 151 131 140 176 121 129 152 134 124 101 63 154 102 79 93 63 124 72 84 129 81 126 182 171 102 142 116 129 103 144 131 139 188 122 141 100 127 115 147 117 127 34 
24 118 165 134 138 115 81 124 181 147 134 71 180 145 152 132 122 100 34 79 135 128 114 111 90 117 106 152 120 121 109 105 112 132 106 158 143 169 69 80 124 83 72 116 104 124 146 166 152 130 135 150 130 148 155 159 171 115 142 124 151 137 199 157 139 161 241 
228 151 143 154 152 94 118 95 129 153 114 153 97 130 155 157 154 90 73 83 87 140 92 107 129 81 96 103 100 118 136 118 71 102 157 148 185 138 104 131 108 99 105 79 129 78 120 149 143 156 152 98 118 98 134 154 151 137 108 131 126 135 171 149 107 123 96 
211 159 113 156 104 136 108 150 110 170 175 116 159 77 109 164 145 125 123 87 149 126 132 130 149 121 91 72 91 102 116 77 79 109 124 170 146 113 126 81 133 102 111 137 75 107 132 157 142 146 130 108 94 96 91 93 139 117 99 146 135 120 94 112 62 105 80 
184 139 153 137 120 121 154 149 134 121 99 143 132 97 106 121 96 92 137 83 126 178 138 171 183 173 112 104 74 82 81 52 88 75 137 148 100 130 108 128 81 144 140 80 89 108 146 138 104 81 100 108 122 127 104 153 144 130 105 148 151 105 127 109 99 130 212 
129 138 124 101 112 110 124 136 113 111 80 102 164 101 101 155 106 92 110 78 71 138 125 128 187 183 143 128 96 69 74 99 116 128 148 179 103 105 135 86 126 103 157 81 75 80 122 125 63 84 126 128 124 108 144 146 189 142 130 125 146 141 99 135 100 91 177 
65 148 102 99 110 141 160 174 128 119 67 128 93 74 119 169 139 87 131 84 126 127 145 109 119 109 162 117 130 122 131 119 140 153 167 182 139 132 167 131 92 129 122 163 113 149 118 123 109 73 126 113 76 93 105 162 167 138 109 123 145 140 114 173 106 109 160 
160 176 164 89 72 108 122 139 123 118 123 100 111 97 150 216 161 140 161 143 151 194 159 138 124 156 146 179 149 164 163 153 160 145 198 140 152 187 192 144 104 101 125 140 172 142 157 173 128 120 132 100 65 56 73 120 136 120 102 87 128 135 150 123 178 119 74 
253 201 190 108 96 31 103 97 120 145 119 137 66 130 155 219 202 174 131 169 186 162 188 161 186 158 180 146 136 134 140 129 177 195 135 156 122 132 146 112 116 66 106 101 131 143 171 141 164 129 135 160 100 82 49 101 59 91 73 71 104 134 98 168 157 148 62 
161 170 137 179 95 117 96 146 134 114 114 101 118 124 187 166 186 137 169 162 188 166 131 130 117 72 119 99 105 97 68 141 151 170 168 109 162 146 153 134 70 137 97 114 86 173 116 130 125 96 162 144 157 123 140 141 117 90 134 122 91 112 140 127 151 129 115 
39 115 160 131 197 115 185 141 144 142 122 171 148 196 136 155 91 138 111 205 194 186 160 180 115 116 130 148 140 106 119 106 134 127 80 161 157 163 175 158 152 100 166 126 142 131 137 64 123 130 101 168 119 131 159 136 98 130 150 106 94 89 101 94 89 116 193 
54 103 113 151 114 167 105 146 116 144 168 161 137 128 160 158 176 129 155 121 159 136 145 152 156 101 161 146 136 143 94 142 127 100 124 92 167 122 131 164 94 141 116 154 133 175 146 120 126 128 124 117 186 180 166 137 89 173 176 144 115 129 131 74 67 94 186 
74 131 116 142 148 61 124 89 135 167 117 142 52 75 132 178 199 181 132 131 121 142 105 145 113 135 155 178 158 120 124 130 127 154 82 133 125 106 116 111 133 113 150 135 143 152 139 155 158 124 60 104 169 218 186 85 121 173 188 153 128 164 159 100 51 110 195 
168 119 134 140 104 80 91 134 173 170 138 70 107 56 94 175 161 161 142 123 137 135 74 112 108 64 124 136 162 128 117 94 146 82 92 80 84 119 108 139 130 189 170 158 143 98 163 124 161 157 62 108 166 200 152 137 102 177 171 154 131 102 146 109 107 97 40 
238 132 100 107 67 58 85 184 185 186 111 120 68 132 141 104 163 150 148 169 188 170 96 102 118 95 94 123 146 151 140 98 92 116 87 120 122 106 167 130 195 181 144 111 116 112 66 142 128 125 137 121 186 147 186 146 140 129 138 166 91 88 101 126 149 152 49 
148 63 148 128 11 9 125 238 200 160 191 38 57 250 255 17 184 188 1 143 188 231 59 100 244 147 118 3 130 115 252 6 164 63 16 222 172 124 159 8 236 105 109 74 211 120 61 200 153 83 153 192 85 12 171 242 136 190 217 244 66 50 51 1 216 194 74 
