243 233 195 173 161 126 80 9 161 178 45 87 250 53 45 209 61 30 234 186 168 141 192 69 79 126 
35 134 155 143 178 201 192 147 185 155 150 138 212 157 108 162 149 137 168 133 165 143 134 129 68 17 
247 168 162 150 151 166 203 153 148 111 110 117 120 164 132 102 188 152 131 196 147 176 162 135 124 55 
250 178 119 119 97 154 120 172 134 119 96 111 149 164 119 116 101 121 142 124 174 142 168 138 160 128 
68 103 151 87 126 133 189 169 194 93 128 144 138 178 159 129 136 110 171 167 176 171 138 181 134 164 
211 185 106 118 120 151 159 208 198 167 136 141 103 96 154 124 115 118 113 157 131 147 159 130 149 21 
13 119 135 89 130 179 191 174 193 157 181 150 81 120 150 117 83 52 98 75 125 103 162 161 134 94 
74 137 143 92 99 136 155 147 150 170 160 156 123 166 173 88 104 83 89 96 116 116 102 97 119 159 
47 146 156 136 75 152 123 141 160 168 122 118 121 168 148 105 95 142 103 140 134 132 127 84 111 94 
60 116 140 119 146 78 132 135 202 156 119 105 130 148 134 68 148 103 108 113 113 124 105 158 166 240 
197 146 121 128 123 121 81 134 170 140 101 95 160 176 133 166 137 148 87 86 71 80 122 142 157 220 
117 141 91 134 158 137 107 171 165 165 111 131 169 187 178 151 197 122 111 102 97 75 133 104 109 170 
176 114 111 97 166 140 167 125 194 165 149 127 143 175 141 138 106 101 118 138 104 152 95 105 78 49 
51 126 101 145 136 131 94 127 113 152 114 86 154 122 136 115 102 80 142 185 189 124 138 125 104 99 
92 100 168 129 142 147 123 92 136 126 102 145 119 107 61 81 79 64 166 212 140 127 108 94 144 9 
227 146 39 111 149 116 151 131 105 111 122 134 173 85 44 82 68 103 142 145 125 92 82 154 156 181 
34 93 97 119 143 138 159 175 157 152 121 144 111 78 82 81 145 117 143 115 79 97 108 103 179 222 
199 155 114 121 160 87 152 169 189 162 158 105 115 92 125 183 159 197 140 112 127 135 95 154 183 221 
79 152 109 145 129 77 112 117 130 132 89 97 81 130 154 165 199 145 128 130 118 134 117 138 207 236 
249 194 206 141 139 134 138 140 144 94 102 91 92 114 169 171 140 177 119 132 156 151 128 178 175 246 
181 195 156 126 130 143 198 155 141 144 132 106 140 148 147 104 124 101 118 112 139 101 132 116 130 63 
79 141 161 78 142 143 162 155 119 102 124 140 134 139 130 106 68 128 89 139 141 156 108 172 160 254 
167 147 134 101 96 124 154 143 116 83 109 110 124 142 114 138 151 113 127 157 165 146 191 145 149 19 
222 158 114 66 99 102 115 166 83 87 133 109 174 79 124 154 132 134 135 120 142 135 159 191 120 169 
184 153 127 89 143 108 143 113 70 89 127 150 127 140 114 172 186 170 147 181 101 137 192 168 116 6 
98 153 148 106 139 182 124 116 104 104 150 146 163 124 142 162 197 147 142 116 153 112 160 200 108 126 
46 196 162 136 141 136 152 101 106 138 133 125 133 135 135 189 164 152 71 112 132 97 128 149 116 103 
113 196 165 134 89 130 123 162 135 175 186 153 160 133 194 162 195 143 86 92 157 135 121 144 75 32 
215 157 140 124 101 109 167 113 143 160 156 195 117 169 143 181 163 168 88 89 125 133 105 108 92 187 
174 127 54 119 123 146 151 170 99 126 164 101 166 126 168 110 153 151 112 89 97 78 81 83 69 127 
181 106 95 89 109 119 133 159 138 127 136 137 94 206 140 135 161 179 162 126 101 97 116 89 72 7 
3 139 155 168 126 124 111 146 92 144 118 98 138 159 141 148 138 182 162 144 126 136 108 154 90 66 
153 153 185 175 125 115 139 140 127 113 160 132 100 136 159 86 137 112 146 180 124 119 143 134 164 96 
125 118 174 146 152 139 164 161 121 158 158 121 98 95 102 142 40 86 125 135 132 94 128 166 173 22 
43 98 152 206 135 186 163 128 82 96 93 127 36 76 123 149 125 103 125 141 128 122 133 151 137 56 
74 96 167 179 171 146 167 96 76 73 122 69 65 39 125 154 151 115 82 121 109 160 167 120 155 229 
73 94 159 191 150 155 141 117 91 129 108 144 84 69 115 149 141 117 54 61 151 161 160 117 93 139 
44 80 147 157 172 155 166 122 149 110 166 105 100 145 91 120 136 96 82 113 144 173 130 125 99 11 
166 128 136 128 93 93 112 114 121 150 104 104 143 80 127 71 66 80 94 122 171 155 115 153 155 120 
204 169 159 113 112 78 99 93 134 96 132 117 103 149 99 101 71 62 88 138 135 135 125 114 131 95 
107 121 180 133 110 95 90 139 127 160 161 149 168 109 165 158 101 96 130 95 108 153 122 133 95 38 
238 172 109 137 108 80 107 124 193 121 150 98 100 126 125 135 135 135 114 115 76 101 151 103 108 80 
189 134 161 97 138 100 117 170 122 118 102 141 145 141 111 118 118 133 143 98 85 121 80 90 76 110 
72 135 101 80 96 94 145 165 159 109 153 138 208 151 73 64 102 110 92 133 138 117 136 78 125 164 
75 159 121 115 72 99 150 172 197 169 148 177 173 166 52 87 76 69 102 149 176 169 157 179 109 48 
147 134 135 67 106 101 103 196 176 169 189 134 191 168 139 106 154 91 88 167 144 119 131 119 111 38 
26 91 99 133 134 133 164 151 186 180 115 146 159 146 92 141 124 157 131 160 182 113 106 144 114 152 
84 66 81 79 141 125 126 161 203 145 173 155 168 140 81 51 141 124 135 179 158 107 146 108 186 247 
2 76 104 119 130 160 116 136 152 156 138 164 197 137 89 97 87 142 86 101 105 102 122 150 140 103 
11 140 153 170 147 174 171 149 140 170 119 115 147 123 133 132 148 115 95 100 81 93 158 142 174 171 
121 138 181 118 153 94 159 86 120 145 114 130 110 137 116 109 101 104 106 117 139 142 148 149 166 102 
198 149 103 154 80 126 92 82 96 128 143 102 158 132 131 114 74 116 114 100 111 111 139 118 138 88 
2 95 152 134 113 79 124 91 77 141 90 132 112 177 139 136 90 138 144 109 122 157 173 141 156 249 
203 156 186 167 136 120 140 91 108 116 104 110 100 90 117 108 116 144 193 146 126 173 181 149 97 221 
75 100 148 195 149 145 152 127 121 112 135 106 87 99 52 140 141 173 146 100 88 144 193 152 116 196 
80 44 128 131 143 125 145 184 167 152 78 151 127 96 120 140 148 138 86 87 75 131 215 152 89 1 
63 73 108 141 95 99 133 157 156 141 148 105 119 116 117 141 138 93 125 83 139 160 161 178 135 175 
118 74 145 102 132 116 132 141 118 121 119 156 106 124 180 167 149 130 110 184 114 145 169 147 147 38 
120 103 118 141 106 157 172 146 64 86 115 106 124 161 147 156 107 138 161 152 164 113 147 129 136 50 
3 75 129 116 150 148 165 162 95 106 100 90 125 104 162 114 162 135 169 168 118 126 95 115 182 239 
81 132 150 191 182 176 146 134 116 92 145 85 88 122 137 191 136 192 168 145 153 105 128 105 153 240 
184 130 179 174 218 153 153 137 106 159 107 132 107 83 137 123 176 125 144 147 106 158 108 102 137 3 
79 147 117 171 120 159 92 130 92 68 156 106 115 76 78 172 61 144 118 135 153 97 97 137 105 95 
110 102 116 57 122 106 189 100 141 90 79 117 86 52 125 82 142 94 126 163 166 111 118 119 160 61 
56 78 74 82 81 171 140 175 93 123 102 103 131 116 101 119 100 134 142 164 166 157 121 219 134 108 
90 106 87 107 112 146 155 87 150 91 85 115 135 133 114 72 65 153 113 139 183 139 145 133 131 171 
101 122 126 92 88 121 130 71 92 140 135 165 164 139 113 57 99 93 129 109 133 156 131 105 69 155 
15 103 100 72 100 140 143 101 117 108 130 154 171 107 73 62 56 101 115 91 141 133 122 113 98 235 
64 132 116 132 98 129 159 141 121 129 78 120 148 153 111 113 78 120 128 181 120 178 148 149 77 11 
155 156 162 121 139 77 103 110 160 104 97 85 144 129 146 141 187 140 153 120 176 152 156 156 120 85 
115 166 99 111 94 72 74 109 119 179 142 120 126 93 63 160 158 166 136 109 139 182 193 165 102 27 
190 161 127 53 117 85 52 125 177 173 160 173 154 69 104 124 177 177 79 124 115 150 165 145 135 251 
26 164 144 128 170 148 145 144 170 145 159 151 168 160 149 199 187 151 155 75 95 126 142 123 106 248 
218 206 163 166 171 218 140 171 92 139 99 164 183 169 183 163 187 167 124 135 71 88 161 104 113 129 
2 119 183 122 191 179 185 124 151 108 184 152 162 146 153 136 112 151 182 101 116 73 141 144 82 78 
149 124 115 176 169 171 144 158 123 184 175 160 105 129 146 111 104 106 142 190 74 155 176 150 127 254 
187 82 111 127 201 175 180 154 180 184 153 136 79 116 123 138 78 138 168 123 168 145 221 140 90 181 
56 77 88 151 137 164 160 135 127 114 136 84 141 134 172 104 138 100 130 108 109 169 168 120 123 244 
187 157 173 237 102 59 220 94 134 162 110 39 170 163 162 97 143 81 170 186 169 112 67 16 216 232 
