16 64 46 75 2 176 65 124 71 102 131 48 184 193 245 118 129 229 43 178 73 128 117 126 159 79 201 183 56 54 46 78 80 43 233 134 68 40 20 232 218 143 102 187 37 194 243 161 207 100 115 156 60 
189 156 153 79 71 57 104 149 140 140 129 77 95 96 153 114 122 156 116 137 111 100 104 99 80 39 73 103 99 131 153 150 159 188 177 121 114 104 106 88 85 53 110 156 169 147 124 124 153 134 145 139 230 
100 159 168 123 110 136 121 169 157 114 118 95 54 75 68 113 99 116 123 133 125 151 128 125 55 86 84 74 106 183 146 161 154 152 145 108 148 189 128 111 84 100 107 213 178 142 105 77 160 178 100 149 83 
19 109 145 121 172 160 198 190 134 118 103 102 89 73 86 73 93 112 100 87 148 122 192 152 148 113 133 102 115 150 183 108 136 158 124 138 170 181 148 109 168 144 167 155 153 124 68 105 143 143 135 130 61 
231 107 94 88 140 154 195 148 118 107 106 145 135 149 141 131 123 130 157 128 111 131 157 209 145 181 139 166 145 222 124 152 115 176 171 145 179 193 135 150 174 166 114 115 108 115 93 80 107 111 103 111 56 
12 33 76 69 112 99 142 113 141 143 128 118 164 139 185 177 102 178 137 181 75 80 158 119 148 89 109 131 154 131 160 93 132 173 133 132 157 174 150 117 142 99 139 132 175 180 119 81 75 103 63 126 206 
251 126 89 185 93 132 132 141 123 194 130 136 144 183 188 178 122 134 189 143 144 120 140 142 72 117 116 130 128 108 119 147 136 113 164 114 141 166 112 76 107 107 147 215 216 152 114 62 88 60 81 84 185 
39 85 138 121 139 120 172 122 171 146 126 105 142 150 152 143 95 138 149 148 166 164 193 106 134 124 147 195 91 124 129 196 142 143 118 106 144 127 117 108 126 129 176 206 139 143 80 123 66 97 103 100 36 
112 145 126 113 128 168 166 185 148 189 92 58 122 91 115 144 118 177 116 128 119 140 138 144 95 124 168 113 134 81 167 166 172 122 113 151 133 154 118 85 123 92 112 111 133 120 198 157 114 106 153 135 95 
93 162 87 128 106 190 176 136 190 133 96 111 106 121 93 107 128 176 136 67 126 76 138 150 124 120 152 131 118 143 100 132 120 82 153 129 170 137 155 95 135 116 106 120 50 128 181 165 116 120 125 133 178 
65 140 118 91 140 184 169 178 112 130 126 122 152 101 107 118 96 163 124 120 112 115 138 186 146 151 135 139 114 143 120 58 87 92 140 172 108 157 127 144 128 171 124 147 117 73 114 112 82 132 142 63 43 
139 163 126 128 116 155 178 125 151 103 116 162 112 110 162 171 140 185 159 167 174 124 141 159 142 118 181 104 142 133 120 134 95 113 186 147 106 127 213 141 174 103 161 170 152 93 90 88 108 164 134 125 55 
170 121 87 142 112 127 96 124 97 89 111 127 134 115 193 187 142 156 188 182 190 129 84 91 61 113 128 160 122 128 175 177 158 151 181 148 57 148 173 146 96 99 121 183 149 121 128 127 113 125 187 96 48 
228 125 78 144 168 124 104 72 136 59 99 161 116 141 177 179 102 166 133 168 160 142 121 81 81 63 80 116 80 116 148 155 139 114 157 101 109 110 155 141 53 82 124 145 172 128 140 147 112 139 101 165 60 
186 142 141 153 111 123 43 107 108 123 155 162 105 92 129 148 114 93 109 65 96 133 116 98 126 112 110 97 111 58 105 146 92 112 104 146 109 131 192 121 142 57 93 121 150 130 134 153 129 136 149 122 157 
139 215 183 145 159 94 81 90 94 84 152 194 106 84 156 92 67 79 60 74 129 150 139 151 148 185 164 154 94 82 87 113 147 88 120 121 135 149 141 206 117 98 52 112 130 100 99 120 129 86 111 132 210 
248 209 171 145 115 132 84 85 58 57 127 148 112 155 96 143 80 86 98 161 156 141 145 122 205 187 152 158 105 66 108 149 120 155 143 143 159 138 187 152 203 85 97 95 111 117 136 135 113 126 135 103 46 
175 168 147 112 131 99 82 70 67 91 117 150 135 96 170 115 169 106 139 151 129 81 88 131 161 174 187 119 110 127 114 131 158 117 153 125 85 113 123 170 128 137 67 127 107 125 132 134 104 105 145 129 154 
222 104 120 77 133 110 58 93 24 85 86 98 103 141 101 182 145 153 79 104 109 60 97 137 152 158 138 147 88 77 120 82 114 164 174 134 170 183 169 132 161 110 122 94 109 104 125 75 109 82 104 107 253 
107 106 68 151 117 113 140 71 78 110 97 102 134 112 152 158 189 132 98 98 114 118 155 148 139 130 123 77 102 92 65 110 146 166 155 169 133 203 169 133 86 101 79 97 74 137 145 136 114 83 83 105 253 
53 66 155 100 182 167 109 129 74 130 119 115 92 114 148 182 171 157 141 118 139 136 123 150 137 148 132 146 69 94 99 59 150 124 157 100 147 165 197 134 139 123 118 139 170 151 168 146 105 101 113 118 60 
52 98 84 156 154 180 139 49 93 99 142 109 129 89 163 157 112 139 116 130 146 102 138 91 119 149 179 137 107 114 88 149 114 140 168 187 178 191 173 202 111 94 118 129 114 143 134 117 132 120 158 162 207 
130 97 93 73 158 165 129 111 82 174 139 181 140 171 157 139 103 77 144 138 144 136 128 78 57 110 124 137 147 124 174 105 123 91 152 163 167 160 146 122 113 69 82 84 86 66 100 145 121 135 137 129 83 
107 135 168 146 170 222 192 144 151 150 187 145 185 178 168 177 114 130 150 173 149 125 132 114 83 96 74 130 140 195 105 121 97 63 95 100 138 118 114 144 87 66 105 46 23 65 101 152 143 140 120 107 96 
39 171 167 189 154 167 177 140 83 153 129 141 137 126 174 116 108 71 120 169 113 129 182 132 161 110 87 78 136 119 127 126 111 95 100 65 146 152 157 167 121 95 125 114 79 36 123 126 134 84 134 55 23 
143 163 205 163 157 113 134 122 120 97 153 104 123 128 83 148 57 87 111 140 155 133 166 153 105 128 99 99 83 120 104 167 136 100 103 108 138 180 151 183 118 103 171 155 115 145 97 181 96 135 88 121 88 
134 168 160 213 194 121 152 139 118 124 98 120 92 70 127 84 119 131 164 141 120 118 115 90 119 98 141 144 140 127 147 128 134 97 140 94 163 141 153 138 144 118 107 134 121 63 171 110 123 97 122 120 158 
223 187 142 177 173 147 75 125 118 120 125 80 79 114 109 132 131 158 138 96 96 68 92 146 140 139 145 164 165 144 91 126 103 136 126 146 144 194 99 132 99 88 131 82 114 164 113 148 102 134 112 139 66 
7 109 131 109 143 84 149 79 138 133 171 143 103 136 205 158 158 153 111 106 89 111 135 135 168 136 171 169 145 125 62 82 117 83 139 114 137 126 112 85 125 159 135 138 172 149 160 106 133 121 137 127 132 
60 166 131 165 124 151 103 108 81 118 151 149 96 156 140 181 143 130 167 112 121 152 151 142 95 102 144 153 132 94 77 108 84 139 111 156 138 92 67 92 146 188 167 171 157 183 138 158 153 138 78 116 40 
172 132 215 173 144 125 150 96 136 113 150 131 146 139 171 134 107 110 148 165 149 132 184 130 110 91 143 196 152 173 141 136 145 77 143 174 156 115 96 108 126 173 200 121 155 95 94 102 144 113 95 146 208 
249 138 119 133 115 128 111 143 161 125 118 128 130 146 190 138 117 111 190 145 111 100 64 73 85 63 85 130 150 167 174 179 81 123 89 164 143 129 126 85 93 172 153 176 109 116 102 97 138 66 99 143 148 
20 43 70 63 56 85 127 133 170 153 139 161 122 162 131 166 129 128 142 150 63 48 33 60 100 112 110 111 158 192 166 139 105 74 144 94 102 117 135 108 106 161 175 106 109 103 140 169 159 104 112 118 119 
29 83 62 46 72 140 160 207 191 140 166 186 173 129 169 170 149 112 170 142 127 65 64 70 116 177 141 180 138 148 117 113 53 141 110 127 71 136 168 153 152 173 129 78 99 96 141 185 183 91 108 122 169 
183 151 107 112 146 159 186 198 108 102 102 118 137 120 126 124 148 136 141 197 139 132 99 68 103 151 152 122 164 128 98 138 118 122 149 95 157 150 179 161 170 138 113 83 129 131 155 182 149 140 138 112 1 
244 171 98 123 115 118 123 113 160 79 85 137 123 131 114 136 138 118 142 143 184 181 152 118 82 110 88 124 141 122 130 128 127 110 90 104 136 134 139 159 164 145 108 120 107 114 138 159 121 130 214 130 26 
122 104 122 115 140 56 66 159 96 152 101 110 152 158 138 124 139 127 94 88 170 181 154 71 118 74 103 105 120 80 69 116 48 86 98 105 143 120 155 161 129 103 113 60 108 105 165 158 144 161 151 158 136 
228 151 77 145 121 104 83 108 145 111 109 120 129 144 142 182 165 172 135 147 174 166 142 143 105 128 134 129 104 116 114 116 88 59 136 152 153 110 159 156 110 40 53 126 124 143 182 221 182 143 152 82 40 
101 105 121 88 134 113 119 115 124 146 137 132 138 145 171 179 182 169 180 136 155 160 142 162 159 83 124 133 111 113 146 160 60 108 179 170 157 110 140 155 110 92 68 106 151 132 106 131 133 137 93 134 219 
87 194 148 129 147 160 129 108 96 95 90 99 115 138 151 195 149 150 147 144 130 125 181 164 123 80 135 106 137 114 122 107 121 132 177 174 167 97 135 118 144 117 122 117 150 96 86 60 97 87 96 120 223 
124 200 173 119 166 148 92 83 69 97 40 81 122 107 142 160 158 145 183 119 148 146 155 137 117 84 129 160 92 147 88 142 123 152 145 121 163 160 129 130 138 154 106 110 124 114 64 106 134 156 102 85 55 
225 143 100 104 114 153 87 85 110 113 85 87 106 118 136 158 148 165 187 138 113 108 123 97 83 138 159 119 153 111 140 91 135 144 92 117 147 168 144 134 127 163 113 118 127 77 92 74 190 146 107 106 30 
245 126 55 84 112 99 136 109 147 148 105 114 160 156 147 150 124 120 133 137 123 124 83 102 86 131 173 168 130 158 112 92 80 87 79 108 130 106 98 76 104 128 161 129 166 124 70 118 146 138 122 140 176 
183 125 97 95 84 94 111 175 135 170 106 132 132 154 133 92 102 68 106 102 152 113 144 51 122 127 189 126 91 107 91 78 44 88 102 120 121 97 102 64 71 143 137 205 169 138 114 99 159 115 124 160 141 
21 88 116 111 105 155 178 178 223 170 153 104 142 123 131 126 132 71 81 103 132 153 90 130 82 151 137 109 78 89 143 73 117 126 170 170 139 151 116 151 84 103 162 108 148 94 80 90 121 97 162 148 254 
148 157 88 132 165 159 203 183 197 206 107 134 73 114 120 171 143 143 103 131 151 116 96 23 77 62 119 102 111 178 148 126 97 203 177 157 118 87 144 122 153 151 123 109 104 124 126 131 120 136 131 79 27 
125 144 159 138 158 171 138 158 190 167 160 131 124 126 164 135 175 68 104 105 126 121 72 58 79 74 77 82 121 166 129 82 126 176 196 134 129 85 95 179 166 153 142 123 82 122 115 122 145 114 144 99 44 
192 134 108 120 152 113 165 126 209 192 170 134 126 92 127 170 108 120 36 98 96 135 94 104 111 106 98 91 117 117 147 75 110 180 123 117 85 98 126 151 157 151 137 108 115 64 115 102 117 138 113 120 173 
145 112 87 109 176 199 133 170 186 199 142 113 51 104 108 164 193 135 121 80 132 107 122 59 102 117 117 186 154 176 108 109 119 134 105 76 104 116 89 129 155 101 162 137 83 77 62 130 154 149 123 114 127 
243 135 98 127 173 184 203 141 175 115 97 81 124 115 155 137 151 165 132 127 96 156 91 87 64 104 173 181 175 134 132 146 123 159 138 95 121 84 99 123 168 177 122 143 87 38 91 106 142 171 80 77 102 
67 124 126 76 132 191 178 149 141 77 93 132 146 224 147 127 97 118 144 125 128 110 118 84 139 161 180 169 168 106 135 87 142 156 127 165 97 93 44 169 209 181 211 174 132 127 126 164 144 111 87 69 171 
163 163 139 91 94 157 121 98 70 120 101 146 153 161 154 101 82 136 114 140 106 109 88 122 152 199 184 164 129 172 127 179 114 111 166 122 114 58 92 158 168 196 194 161 120 104 138 148 127 93 81 88 137 
161 187 156 132 136 104 100 71 124 114 155 165 148 156 86 64 130 126 144 147 180 133 149 130 147 165 152 109 137 113 191 134 124 157 134 169 142 107 122 141 146 167 168 161 119 104 88 117 100 122 105 101 220 
125 140 183 119 91 106 113 124 134 158 144 148 189 143 100 102 109 180 127 140 165 132 134 125 100 69 95 79 98 106 149 194 146 134 194 157 119 126 112 132 122 165 165 163 129 120 52 60 148 150 144 108 59 
46 126 119 102 105 78 125 164 137 156 139 165 146 155 143 105 151 158 135 143 143 100 142 147 156 106 101 98 104 126 169 166 129 178 115 123 81 49 75 104 140 147 118 130 125 100 93 108 164 188 182 113 112 
205 157 145 167 124 111 139 159 157 157 155 125 135 137 144 134 111 195 160 158 165 103 120 167 146 138 116 113 121 98 139 128 110 117 173 132 76 78 107 131 113 141 85 126 147 155 177 135 163 131 120 158 231 
20 117 172 133 161 109 134 157 158 149 99 113 137 135 175 105 160 159 130 114 120 113 136 156 183 153 182 124 106 106 66 91 65 125 131 129 142 127 155 168 116 91 92 156 157 164 127 119 78 85 121 103 26 
248 184 91 95 133 148 167 172 151 116 138 122 112 128 132 140 148 148 97 100 115 78 133 141 150 126 114 119 107 85 103 106 93 64 85 145 133 181 176 152 116 116 106 157 169 92 108 86 110 121 144 159 207 
225 144 108 89 122 152 153 114 84 110 107 148 118 87 142 126 138 107 107 111 100 132 91 137 100 94 78 122 165 139 168 204 138 126 107 137 177 203 192 188 162 137 157 132 142 120 97 153 145 169 167 107 94 
212 161 96 121 142 105 118 114 88 70 116 105 86 110 139 168 131 105 117 117 87 116 121 112 109 81 101 143 173 151 135 228 178 164 149 157 179 179 173 147 142 148 95 161 121 104 121 124 129 157 179 133 124 
21 74 120 89 109 82 100 140 77 101 61 80 97 119 174 143 105 107 130 111 116 104 122 126 118 92 120 187 164 103 134 146 170 114 167 163 171 170 152 122 152 159 162 115 137 120 90 103 109 138 189 136 101 
70 119 98 127 120 110 149 139 128 90 113 34 50 81 112 125 68 65 154 109 67 101 106 145 82 115 135 159 183 142 150 189 145 162 111 203 147 150 129 110 171 147 108 127 105 111 60 136 105 125 151 121 56 
168 159 163 171 159 173 150 165 94 132 90 114 64 77 123 106 104 98 109 107 91 118 113 156 81 52 109 175 179 185 137 181 157 93 156 97 133 87 95 77 135 109 87 125 139 98 128 99 157 83 109 67 50 
231 166 182 157 136 120 125 90 75 72 113 116 119 85 86 141 73 100 115 124 112 113 190 120 82 54 98 165 210 137 138 97 120 144 77 115 87 91 89 72 124 145 133 131 128 159 116 158 120 124 66 120 195 
136 159 162 124 118 102 86 69 64 79 98 156 150 102 144 123 138 119 175 109 110 110 105 172 103 66 80 158 176 146 60 84 132 108 136 115 157 172 104 110 164 178 160 142 97 158 181 130 174 89 151 94 64 
243 181 122 140 77 82 37 55 101 91 148 151 157 131 176 153 180 171 139 145 73 61 141 145 170 109 101 154 184 173 173 145 139 151 151 126 171 167 138 125 150 204 197 138 125 146 174 166 130 150 130 128 31 
21 127 152 142 137 71 58 83 92 170 138 151 131 124 131 178 146 135 109 90 89 87 79 113 156 154 122 164 194 159 162 186 131 137 112 141 148 122 130 140 138 133 195 175 95 82 85 80 90 125 104 137 103 
218 148 154 180 172 72 56 62 117 125 182 145 126 102 126 126 146 113 46 98 126 135 95 90 142 150 174 160 128 138 145 136 138 102 170 156 151 158 149 159 83 147 123 172 119 60 67 82 84 82 135 105 73 
16 113 138 194 147 114 115 61 73 153 151 121 140 79 76 90 168 127 115 119 133 119 92 38 122 147 142 137 164 160 131 148 120 113 179 174 203 160 186 137 119 108 151 113 114 85 142 135 118 102 121 142 210 
7 88 143 122 130 141 116 98 78 140 149 137 119 116 73 82 125 190 188 198 170 112 91 100 80 165 150 145 132 151 132 70 54 118 136 177 162 167 160 112 88 182 108 129 91 92 146 190 154 144 114 197 250 
117 120 118 134 132 141 125 48 118 163 157 155 161 164 92 70 101 147 177 230 170 160 123 151 156 126 191 146 163 140 94 102 97 71 137 119 165 180 179 139 151 151 171 134 109 77 88 144 130 118 171 173 173 
6 41 105 103 140 150 76 60 97 109 135 152 151 168 130 71 144 140 164 166 186 128 168 157 127 165 136 192 144 137 147 176 124 137 97 108 169 176 184 153 132 153 128 98 99 69 73 104 97 57 122 110 52 
176 98 64 111 142 165 87 92 97 87 117 158 144 151 114 124 113 141 131 105 88 118 71 140 152 114 153 93 115 72 141 119 149 119 137 122 181 163 140 78 132 106 125 97 81 112 132 107 92 79 70 136 93 
13 54 99 83 85 116 110 127 108 90 137 146 99 146 132 89 145 100 105 97 87 60 123 144 180 186 111 135 76 113 104 143 117 167 139 136 183 158 121 95 73 148 145 109 115 187 121 129 97 96 136 111 112 
88 124 97 94 129 128 121 162 137 105 153 175 129 176 175 139 131 142 126 108 90 125 120 221 221 169 211 130 107 78 134 88 123 155 112 113 126 150 163 96 146 123 181 156 182 192 165 131 142 124 92 156 219 
216 146 96 122 131 151 174 143 127 136 135 142 120 151 179 143 180 138 95 105 104 106 133 194 193 193 173 135 70 89 93 122 134 152 127 96 121 135 152 156 130 167 155 191 198 200 171 185 178 135 112 125 173 
172 123 93 73 117 154 117 129 135 142 132 126 76 149 142 143 141 124 136 139 168 101 100 117 131 117 165 94 60 34 98 114 128 109 140 114 88 93 144 111 203 154 186 214 207 176 150 158 183 97 63 120 196 
53 117 73 141 184 182 165 137 151 181 115 137 104 104 122 87 111 129 150 214 152 120 47 76 74 89 132 95 98 76 81 143 151 128 145 127 105 118 129 147 165 168 121 180 174 132 132 151 151 87 68 116 238 
203 93 110 162 193 164 141 124 135 153 141 114 123 105 75 79 140 147 186 165 153 122 117 102 111 74 134 105 111 116 115 133 140 124 145 166 73 106 119 141 154 101 159 126 155 142 124 179 149 137 95 155 251 
35 76 76 115 120 160 106 124 112 115 107 110 119 118 71 83 131 198 165 148 120 111 99 121 125 145 120 90 124 134 107 126 83 93 161 112 97 76 127 84 105 109 93 129 72 105 107 110 186 135 159 161 114 
136 137 94 97 119 84 129 128 71 101 116 102 147 140 109 80 156 173 182 187 144 130 102 91 162 126 184 99 96 122 165 75 129 107 136 157 76 101 156 122 101 84 136 99 130 80 69 111 120 131 146 173 197 
87 134 135 74 55 124 73 96 124 100 113 107 138 132 137 146 126 164 168 164 203 177 149 102 114 116 141 103 115 122 98 176 121 145 190 154 78 148 134 130 144 127 171 159 147 136 94 98 129 120 83 127 8 
15 164 120 106 72 48 57 93 83 121 113 85 115 130 132 124 133 143 99 154 176 204 167 164 118 113 133 142 121 143 154 115 152 149 139 170 145 124 159 93 153 159 180 209 154 151 126 152 171 114 142 134 181 
141 142 148 97 54 65 40 38 79 77 47 68 106 123 109 95 126 101 119 99 144 143 167 133 162 122 160 174 210 172 160 159 137 143 188 187 170 195 107 78 118 137 158 139 158 95 128 158 169 161 127 169 144 
244 120 118 76 73 80 117 97 97 75 98 83 117 113 103 115 85 105 91 77 91 99 65 97 87 103 137 173 172 208 148 120 118 151 146 187 172 157 83 85 100 113 116 175 98 97 113 160 166 134 154 126 45 
102 98 129 112 93 144 165 178 134 144 123 127 105 121 101 125 148 125 114 119 90 98 83 36 113 137 134 148 146 116 163 95 77 125 134 170 186 144 157 119 123 120 98 117 124 106 153 155 153 119 121 163 206 
205 130 148 156 114 158 172 187 138 131 192 158 156 111 132 146 178 180 178 128 135 143 130 109 119 158 141 91 88 126 108 134 84 100 110 161 146 165 173 178 176 137 117 89 91 152 168 183 145 131 160 137 24 
177 119 185 116 139 135 140 101 92 82 136 117 81 123 54 117 153 165 140 134 133 152 158 102 111 108 60 98 100 68 100 111 118 68 100 107 120 125 151 178 179 200 107 77 106 175 176 162 156 145 140 175 192 
203 155 117 105 126 122 94 97 52 69 115 54 125 69 125 106 159 135 107 164 151 165 152 126 101 77 118 126 123 84 84 147 133 129 72 160 123 134 131 126 194 169 146 121 133 166 160 112 139 157 154 137 10 
170 161 157 118 122 120 75 86 62 80 105 100 86 109 58 127 139 124 111 146 180 149 167 117 109 130 105 163 134 84 84 141 153 106 125 115 173 141 93 98 143 180 129 143 122 167 74 102 101 148 177 167 181 
221 169 177 164 148 127 88 84 98 54 96 80 117 70 89 111 140 104 84 147 137 127 116 122 115 92 161 144 141 81 139 126 163 158 126 139 99 124 113 102 165 129 161 101 119 98 126 69 99 112 146 116 87 
42 129 170 178 197 133 121 72 72 78 81 101 127 174 132 143 125 92 93 173 147 140 109 102 139 151 149 194 130 159 130 138 143 137 146 104 119 125 186 167 187 206 142 131 107 138 140 113 109 111 122 135 76 
21 98 175 174 141 220 129 121 134 135 116 103 131 97 126 104 81 83 95 107 156 93 103 133 154 137 141 141 158 135 201 178 157 125 88 92 42 123 113 163 144 135 134 75 67 135 112 142 74 98 154 136 37 
141 127 125 156 132 144 182 146 153 174 146 146 69 106 73 109 132 97 85 94 56 121 87 143 153 114 101 142 135 189 167 185 196 126 112 62 90 74 127 107 128 131 87 64 77 74 146 95 87 104 127 189 236 
202 87 97 124 130 146 158 115 132 102 149 103 93 76 111 165 115 129 84 32 100 77 98 103 164 84 102 129 154 157 156 136 151 158 155 163 165 162 91 135 112 52 96 100 90 93 91 108 110 125 134 182 249 
72 53 66 164 121 123 131 81 73 117 105 124 135 139 125 150 165 116 104 108 115 151 96 144 129 128 81 119 105 170 127 126 103 130 192 177 204 141 134 125 127 81 121 184 155 115 100 123 153 167 143 168 127 
39 100 112 121 94 100 81 117 115 146 113 134 149 166 125 134 146 139 144 119 169 130 138 127 188 88 94 79 129 115 159 114 130 154 137 187 114 133 104 164 100 108 150 156 143 76 90 125 153 170 116 196 120 
228 238 249 198 1 87 31 126 197 213 109 183 160 213 247 123 235 115 244 185 244 61 73 54 209 9 87 101 234 36 180 128 185 243 38 238 52 124 241 219 86 216 229 141 189 142 227 233 196 98 20 248 40 
