1705
4700770
2073693258389777176
752145307699165
1705
148323355432
755476
15832480722303616
10562230626642
274
504
3122171529233
615693474
755476
10609
181997601
35890
66012
2544489349890656
98513851446415969
1389537
2073693258389777176
80641778674
7
181195222170528322
35731770264967
4700770
334745777
504
149
2073693258389777176
2544489349890656
24
29120472094716576
3136
7
274
10562230626642
35731770264967
504
120879712950776
24
5768
333269972246340068
15902591
222332455004452
81
1705
81
148323355432
334745777
501774317241
19513
333269972246340068
15832480722303616
3122171529233
149
7046319384
8607945812375585
927
149
752145307699165
2555757
8607945812375585
81
2082876103
181195222170528322
66012
35890
408933139743937
2073693258389777176
2555757
7046319384
1389537
3814116544533214284
120879712950776
2555757
13
1383410902447554
2082876103
1383410902447554
272809183135
612979045863284359
755476
3831006429
5742568741225
