98513851446415969
3831006429
43844049029
10562230626642
1132436852
2073693258389777176
4680045560037375
1389537
2082876103
12960201916
10609
23837527729
1127444240280152749
148323355432
13
752145307699165
7
272809183135
181997601
3136
4
53560898629395777
121415
4680045560037375
120879712950776
755476
53798080
927
752145307699165
181195222170528322
4
44
274
19513
752145307699165
408933139743937
612979045863284359
12960201916
7
15902591
66012
98513851446415969
19513
10609
148323355432
1705
1383410902447554
10609
2073693258389777176
181195222170528322
3814116544533214284
3136
24
2082876103
53560898629395777
120879712950776
1705
10609
1697490356184
274
3814116544533214284
7046319384
98950096
5742568741225
