1697490356184
410744
222332455004452
81
65720971788709
222332455004452
334745777
10609
19426970897100
1127444240280152749
410744
222332455004452
410744
2555757
12960201916
7046319384
98513851446415969
10609
222332455004452
927
19513
3122171529233
922906855808
410744
922906855808
66012
19426970897100
612979045863284359
3814116544533214284
7046319384
272809183135
98950096
504
65720971788709
3814116544533214284
223317
7046319384
65720971788709
35731770264967
81
334745777
4680045560037375
8646064
5742568741225
43844049029
1383410902447554
120879712950776
121415
1705
13
43844049029
15902591
1705
1132436852
1127444240280152749
333269972246340068
501774317241
65720971788709
1389537
5768
1127444240280152749
752145307699165
15902591
24
8607945812375585
1697490356184
29120472094716576
65720971788709
3831006429
1383410902447554
4680045560037375
43844049029
2555757
10562230626642
10609
19513
