755476
4700770
501774317241
1127444240280152749
29120472094716576
98513851446415969
1705
15902591
274
3136
755476
274
4700770
10562230626642
922906855808
615693474
334745777
181195222170528322
23837527729
504
3814116544533214284
2544489349890656
5768
53560898629395777
1389537
4680045560037375
1389537
13
1383410902447554
53560898629395777
10609
29249425
1132436852
3136
8646064
922906855808
148323355432
35890
1697490356184
7
12960201916
15902591
3831006429
333269972246340068
7046319384
15902591
10562230626642
10609
3136
66012
53798080
15832480722303616
222332455004452
5768
4
13
35890
755476
19426970897100
