35890
1127444240280152749
7
19426970897100
612979045863284359
501774317241
15902591
1132436852
1705
274
410744
1127444240280152749
181195222170528322
19426970897100
24
4700770
181997601
408933139743937
2073693258389777176
98513851446415969
15902591
181195222170528322
19513
1389537
181195222170528322
23837527729
35731770264967
29120472094716576
752145307699165
2073693258389777176
2082876103
1383410902447554
181195222170528322
927
504
13
4700770
4
334745777
504
66012
1127444240280152749
2555757
181195222170528322
3814116544533214284
1389537
3814116544533214284
12960201916
1697490356184
2544489349890656
53798080
23837527729
3831006429
8607945812375585
2544489349890656
4700770
35890
1132436852
1705
504
1697490356184
4
181195222170528322
274
53560898629395777
12960201916
4700770
274
53798080
43844049029
755476
2082876103
1705
8646064
504
7046319384
4700770
2544489349890656
755476
752145307699165
612979045863284359
15902591
408933139743937
223317
8607945812375585
3122171529233
5768
29120472094716576
8607945812375585
98513851446415969
333269972246340068
181195222170528322
223317
