2544489349890656
43844049029
1127444240280152749
19513
3831006429
5768
1127444240280152749
120879712950776
98950096
222332455004452
24
80641778674
1697490356184
181997601
3122171529233
19426970897100
615693474
333269972246340068
2073693258389777176
3136
504
8607945812375585
410744
2082876103
10562230626642
752145307699165
2544489349890656
1132436852
121415
274
80641778674
15902591
15902591
1389537
612979045863284359
81
4680045560037375
1127444240280152749
752145307699165
1705
2544489349890656
80641778674
4700770
272809183135
23837527729
1389537
927
148323355432
24
501774317241
148323355432
181195222170528322
927
333269972246340068
10609
334745777
10609
504
410744
24
149
7046319384
10562230626642
53560898629395777
15832480722303616
53798080
504
501774317241
10609
1705
1697490356184
1132436852
19513
13
53798080
1389537
1389537
8646064
66012
3122171529233
98513851446415969
274
1127444240280152749
181195222170528322
53560898629395777
65720971788709
80641778674
4680045560037375
13
4680045560037375
4700770
