1705
7
612979045863284359
272809183135
13
44
272809183135
148323355432
13
19426970897100
44
752145307699165
66012
44
501774317241
501774317241
1705
4700770
98950096
29120472094716576
755476
922906855808
922906855808
333269972246340068
410744
8607945812375585
43844049029
1705
1127444240280152749
272809183135
752145307699165
410744
5768
2082876103
29120472094716576
501774317241
121415
922906855808
15902591
181195222170528322
65720971788709
121415
1132436852
10562230626642
98950096
148323355432
333269972246340068
181195222170528322
755476
3122171529233
2073693258389777176
3831006429
4700770
3814116544533214284
4680045560037375
3831006429
272809183135
1383410902447554
4680045560037375
1383410902447554
752145307699165
7
927
66012
65720971788709
44
3814116544533214284
1697490356184
43844049029
181195222170528322
181195222170528322
120879712950776
408933139743937
1389537
44
43844049029
