50
123
921
137
685
823
885
425
680
80
368
365
601
792
154
723
209
464
522
88
937
24
705
704
393
645
193
169
941
803
801
162
360
770
153
522
157
903
993
989
745
74
517
122
770
88
466
153
889
656
343
833
128
797
225
808
309
874
466
17
888
861
680
601
745
41
643
905
488
159
189
953
650
760
637
961
387
973
472
21
79
970
17
819
721
609
552
77
513
965
821
577
499
411
570
761
601
569
560
913
893
683
705
393
811
169
953
728
680
921
16
642
361
941
504
777
217
653
787
471
128
277
600
717
953
189
397
527
600
413
981
936
433
159
269
331
175
837
232
568
375
573
557
541
869
457
344
658
617
705
794
409
349
69
601
245
969
250
691
635
861
701
809
40
458
88
449
423
845
704
949
429
193
265
562
849
897
298
843
89
754
293
760
482
733
345
354
474
3
728
653
299
709
577
969
224
864
801
37
261
255
451
365
377
138
600
21
642
425
858
776
138
193
789
881
153
205
512
453
32
63
577
369
9
809
581
786
173
957
357
456
105
337
578
257
11
569
163
48
389
936
821
3
336
387
106
394
417
257
978
602
151
33
1
137
834
765
96
989
825
938
538
149
789
976
609
778
213
365
29
573
434
977
567
243
673
29
994
393
577
912
449
89
545
507
80
35
707
961
45
885
96
935
409
741
922
91
115
989
928
933
161
797
353
995
719
413
989
419
753
205
69
945
888
50
613
18
873
770
669
921
88
192
144
50
640
697
905
538
909
609
378
191
474
295
97
976
442
833
669
655
145
592
955
747
797
840
367
919
896
792
217
666
205
416
26
341
659
105
578
429
93
706
907
216
399
681
233
251
101
753
351
735
505
505
999
297
322
501
147
736
253
488
194
952
361
155
345
295
489
832
625
216
346
601
282
469
149
466
640
592
611
128
866
349
73
909
656
809
639
569
111
17
445
181
712
267
48
413
825
754
917
249
555
696
770
569
457
649
184
245
631
803
359
833
65
337
215
538
258
338
682
55
1
349
386
400
353
328
920
80
877
514
817
887
360
505
93
673
747
170
213
985
613
421
837
256
665
637
481
401
885
528
691
24
425
509
338
293
697
753
248
533
690
96
259
832
501
824
210
401
469
677
370
197
897
274
497
160
151
19
741
569
485
466
410
410
973
971
701
866
520
85
469
938
141
379
618
331
37
369
157
634
106
919
697
909
617
880
864
784
544
906
810
933
185
285
0
288
895
925
218
411
153
625
898
920
97
802
154
352
408
601
627
423
329
866
125
457
941
211
546
3
467
597
8
682
513
989
305
781
345
97
463
218
971
905
961
221
888
88
952
432
688
937
770
593
616
663
856
297
571
474
560
627
553
581
983
202
746
7
306
338
385
277
829
391
757
725
75
34
234
553
113
215
597
973
677
656
889
274
632
361
837
279
13
795
769
781
445
245
581
258
64
301
274
413
160
233
801
861
145
464
34
337
797
725
746
832
587
808
921
587
37
248
341
297
157
261
41
193
153
481
154
98
522
546
561
178
965
417
282
218
434
17
826
114
173
691
794
906
717
433
755
741
401
426
136
850
410
73
680
754
952
537
445
592
264
709
34
759
874
16
43
117
122
781
285
576
989
625
95
938
345
154
569
21
959
489
586
