690
349
341
616
23
679
395
947
849
649
725
485
704
80
685
109
733
631
458
5
277
245
616
545
291
250
665
215
90
35
791
399
953
955
487
183
721
602
807
429
258
298
226
397
317
90
738
849
381
362
130
975
265
392
311
450
273
217
211
65
713
426
783
170
519
629
777
944
946
562
211
979
19
813
489
657
321
786
527
205
266
266
453
791
19
455
225
697
41
362
481
559
906
765
416
65
930
677
456
297
994
703
205
507
576
505
442
209
290
455
778
363
589
189
10
130
951
616
369
681
661
911
501
946
39
597
213
720
693
643
