501
655
413
773
129
704
301
773
192
829
57
917
533
735
168
834
173
213
449
648
488
661
389
709
49
457
579
747
117
263
715
309
705
643
763
122
450
597
465
317
642
288
909
704
697
789
608
511
285
801
363
201
728
96
762
829
177
397
349
477
561
277
210
305
161
693
669
977
465
813
901
529
177
257
298
169
97
853
555
944
371
607
720
377
906
749
698
509
509
833
897
745
611
505
864
419
815
265
531
369
593
517
805
353
605
899
81
733
713
147
489
889
290
800
664
735
895
757
525
266
369
973
613
831
201
749
825
189
181
952
881
893
907
303
815
301
10
666
121
397
161
345
709
885
657
985
968
200
744
811
666
821
217
235
128
461
346
728
618
695
669
661
159
961
498
810
133
781
37
549
520
541
992
81
592
233
544
333
481
777
413
933
193
322
586
705
99
987
901
149
405
333
177
677
757
853
717
265
33
123
107
521
129
755
159
42
48
728
431
387
553
786
577
29
144
801
874
525
906
514
80
280
680
763
565
912
637
221
609
579
200
567
465
607
117
141
501
643
951
535
821
173
768
789
384
653
473
136
384
329
157
144
570
698
912
33
922
425
393
808
33
24
509
541
816
119
282
973
717
520
837
168
461
249
186
73
672
521
793
163
24
445
267
183
178
177
834
25
463
71
639
106
141
639
666
853
226
882
123
969
648
146
109
853
101
127
465
593
959
840
445
69
219
473
445
411
569
728
394
778
472
101
437
505
269
50
369
539
925
87
393
863
549
568
794
621
355
421
959
538
149
705
813
105
701
991
656
753
291
346
632
849
149
641
733
681
770
123
815
457
42
832
389
261
233
800
355
666
301
266
568
954
609
359
985
941
333
567
714
936
957
273
341
593
217
320
353
669
322
813
577
530
912
429
314
215
837
705
139
985
601
585
323
765
865
703
840
613
107
921
839
585
322
725
493
661
482
61
501
354
509
217
680
881
513
925
731
322
840
49
57
541
256
409
419
339
625
832
639
403
809
112
608
458
866
785
937
249
23
665
875
805
297
880
741
407
579
383
25
677
749
961
137
761
954
641
603
609
821
816
145
357
327
497
477
649
23
769
797
337
613
930
735
445
488
96
528
679
128
313
874
472
13
874
971
722
80
45
275
493
597
393
533
337
787
666
117
373
97
233
827
602
656
154
337
242
808
552
629
658
959
909
309
946
677
440
441
962
719
771
873
65
237
553
26
281
149
753
546
193
863
73
266
701
399
771
216
177
968
247
728
893
677
272
441
971
208
753
893
727
426
522
301
41
890
553
793
297
970
258
849
610
818
416
0
989
201
242
345
603
416
829
245
693
482
293
906
473
815
632
197
857
573
897
896
143
601
211
370
455
53
176
49
89
53
792
283
313
237
330
117
170
217
386
465
265
705
343
320
987
682
770
567
215
625
89
75
457
226
643
445
488
632
289
673
944
699
122
241
144
513
184
285
893
805
235
853
861
794
525
153
701
242
359
353
298
25
561
513
704
489
858
781
802
447
424
549
41
512
177
697
915
627
493
85
237
707
552
265
448
928
840
855
450
850
610
705
16
797
137
269
821
688
122
634
909
136
123
33
528
155
112
513
10
386
432
945
725
595
472
723
653
151
850
416
601
185
325
40
896
685
498
586
315
784
147
840
57
961
442
448
400
717
339
37
795
146
689
217
353
274
98
816
535
593
615
969
197
165
410
473
970
770
49
911
984
417
50
784
125
73
603
849
533
954
273
673
40
723
938
976
663
522
560
586
898
167
635
354
201
96
257
245
821
609
63
391
969
175
16
807
960
853
411
475
97
133
346
917
8
725
888
849
42
261
41
58
837
976
914
385
101
289
465
408
594
629
201
353
157
997
16
357
397
128
457
648
69
61
775
82
552
33
557
29
408
592
735
289
875
857
413
992
817
649
253
2
187
11
255
349
120
965
400
153
641
400
61
293
233
985
986
41
834
299
91
823
322
544
40
109
255
193
793
345
189
170
568
923
832
