537
98
493
570
466
645
944
130
313
333
594
5
289
320
970
685
33
109
698
370
146
965
809
701
162
633
434
505
528
299
305
813
615
957
841
897
957
82
965
743
378
58
625
129
525
960
256
607
338
629
813
637
121
949
115
405
917
885
656
689
850
53
493
517
341
817
789
701
909
912
7
919
877
866
960
329
793
496
453
440
234
25
32
105
733
938
985
637
365
957
559
794
21
53
897
609
10
23
697
253
448
465
482
577
685
993
800
593
143
699
585
863
826
441
538
265
689
681
449
785
687
249
313
776
409
397
155
728
401
953
485
469
674
527
249
944
915
733
363
834
365
657
597
517
985
535
361
621
949
594
493
189
205
457
106
752
32
277
487
937
488
619
57
103
114
181
490
153
224
755
853
865
561
154
381
712
210
696
997
523
369
65
527
847
496
64
703
837
637
245
15
184
993
848
586
952
901
434
557
362
937
423
224
725
136
893
42
129
369
746
514
840
169
23
889
453
450
441
178
77
416
664
275
911
481
417
481
293
781
256
456
757
549
192
841
992
17
249
661
512
993
437
475
248
581
337
613
665
858
61
483
681
137
573
613
728
810
904
296
849
247
906
499
773
537
309
730
201
365
64
45
49
185
997
521
593
839
405
882
610
65
385
242
9
661
1
921
311
448
525
511
328
983
888
433
736
706
741
49
693
797
842
929
929
738
624
657
304
113
624
232
241
389
305
449
81
696
888
629
202
681
809
169
954
301
162
506
687
543
413
641
271
501
601
73
289
479
594
795
818
977
801
257
800
616
202
613
688
455
679
481
525
669
931
24
490
850
909
993
801
725
546
533
522
352
613
617
530
449
681
961
538
792
666
306
400
173
760
901
969
797
901
322
624
117
739
569
522
807
385
939
163
85
961
115
517
657
867
18
385
257
109
378
335
489
941
265
98
163
112
621
261
555
23
381
353
506
541
994
853
489
815
675
871
217
107
609
309
449
437
306
850
786
551
179
897
912
999
761
848
738
397
776
346
541
403
991
565
285
445
793
861
114
783
345
913
729
666
13
858
930
816
405
445
929
295
665
61
706
713
685
688
722
528
872
747
589
96
79
809
850
450
866
664
869
386
877
361
869
197
481
922
259
623
751
25
225
74
249
56
546
157
761
829
320
970
264
509
113
469
666
879
51
935
395
769
848
679
97
185
506
533
288
562
555
989
341
713
698
74
745
890
77
505
314
130
192
37
882
287
26
849
717
633
995
453
215
938
753
338
293
961
857
42
717
775
299
410
417
241
16
941
616
184
77
777
241
409
906
429
853
195
874
978
256
325
661
865
385
920
537
976
965
378
160
467
917
165
949
351
773
272
521
256
533
331
153
239
715
258
405
520
271
29
256
649
97
89
281
825
283
105
385
477
632
856
259
104
546
17
850
89
176
616
941
658
877
360
839
13
573
229
351
719
56
331
697
317
941
531
69
827
417
632
437
128
424
845
224
249
624
457
233
549
309
269
981
560
241
161
443
474
595
305
969
13
295
655
477
29
231
754
640
617
229
721
725
19
530
77
232
456
349
882
765
421
155
31
789
162
563
145
66
73
861
25
74
681
786
69
37
211
57
681
315
719
616
725
879
193
545
730
618
480
377
305
829
585
231
464
163
730
575
8
520
443
119
913
341
785
584
529
240
759
953
408
893
813
568
235
706
581
754
857
467
338
857
289
914
925
32
880
290
359
753
373
725
589
200
426
311
202
178
234
352
901
801
289
751
811
450
697
453
770
607
337
805
370
368
90
597
848
537
145
193
181
245
610
850
960
407
42
763
450
613
944
312
536
841
960
961
290
720
106
555
733
201
797
461
447
536
239
779
997
82
