181
576
130
477
69
936
144
970
613
565
944
120
386
853
384
821
633
671
395
776
667
657
183
202
749
497
192
33
113
680
144
733
397
515
865
162
593
557
618
265
522
29
653
837
321
973
138
881
687
529
482
801
240
793
831
944
645
293
411
592
912
824
417
402
983
970
824
137
746
133
416
608
693
640
394
953
473
491
24
731
226
717
409
657
305
245
881
186
105
840
463
512
626
859
2
725
528
561
24
889
865
895
490
573
672
810
792
360
661
881
87
645
153
997
969
280
425
323
729
429
400
411
442
123
153
322
63
434
8
162
437
805
98
593
415
161
250
117
729
128
105
297
528
853
433
893
714
889
709
341
205
481
451
607
288
553
49
111
633
103
824
557
928
874
257
155
869
314
581
333
341
797
680
352
925
368
163
273
178
285
112
400
757
377
47
576
594
560
799
77
594
85
840
355
461
757
712
381
146
149
157
971
329
32
101
675
527
248
173
637
303
650
576
345
552
122
851
240
714
737
26
361
552
96
885
360
930
961
241
553
168
258
384
489
179
5
455
301
11
832
130
651
170
197
125
225
9
865
585
983
552
713
769
