0
153
514
616
961
393
762
776
587
829
433
831
944
584
239
381
841
626
981
699
347
69
250
17
866
447
608
329
997
869
642
880
305
897
529
538
375
975
547
677
265
585
973
941
570
498
931
146
25
645
25
533
293
434
304
13
704
121
488
850
269
383
425
184
537
85
455
499
786
792
258
714
248
645
549
1
536
289
105
32
839
269
400
317
753
266
857
471
937
833
387
929
361
669
821
274
301
770
985
641
496
554
481
128
753
861
811
465
290
985
261
416
989
165
241
101
759
189
269
489
199
925
937
629
767
272
912
98
201
893
827
873
344
849
813
913
97
497
656
357
733
497
253
25
584
233
232
421
257
522
57
607
133
553
48
489
994
433
461
920
117
405
786
141
104
177
17
226
131
721
602
112
993
479
771
31
144
657
207
947
194
945
410
949
387
301
279
495
241
937
337
152
257
903
602
311
585
971
875
634
331
728
106
24
410
737
353
850
33
393
296
394
709
253
383
682
347
961
641
425
669
429
869
913
829
849
759
720
437
425
361
167
725
45
869
258
961
73
866
675
627
922
24
969
593
696
645
919
621
35
848
125
673
405
259
423
2
565
549
509
552
514
904
683
146
113
178
385
539
799
729
911
897
904
279
41
378
767
45
625
157
297
146
925
778
994
544
658
45
56
824
969
959
936
674
337
615
344
197
256
874
400
504
169
581
201
801
907
592
385
133
717
277
41
253
721
133
993
984
265
344
357
421
472
874
205
728
633
546
749
873
329
245
337
735
477
424
565
477
536
857
135
704
441
759
146
625
162
617
73
594
194
353
61
309
809
437
474
605
906
845
367
649
13
797
160
553
378
8
418
973
415
738
10
485
513
217
225
176
984
225
609
461
371
597
634
661
451
648
666
432
51
792
609
290
245
601
634
989
176
421
490
513
201
717
957
533
773
833
179
499
221
113
353
105
653
698
153
785
581
386
639
931
535
642
456
696
459
57
152
699
165
610
545
653
289
669
131
285
407
472
447
725
629
8
111
949
968
73
608
645
872
561
45
405
713
605
113
303
274
509
817
466
459
643
64
225
464
49
307
325
929
912
513
421
733
602
265
314
914
865
815
170
818
176
818
973
328
277
309
863
801
666
513
560
53
58
202
489
29
461
525
168
101
768
105
578
169
818
394
