901
328
992
658
921
645
458
944
1
589
114
768
605
699
657
461
645
160
497
386
93
853
943
397
618
257
843
232
655
624
72
77
170
221
289
650
904
42
501
168
538
642
255
313
901
189
834
104
682
741
576
194
573
501
9
105
45
74
138
875
145
127
568
839
675
157
856
864
888
584
522
336
541
885
264
279
949
669
399
329
57
201
817
513
857
721
49
816
813
769
434
361
977
909
344
13
541
717
776
441
610
888
744
151
653
921
77
733
160
344
781
451
281
432
123
49
485
141
647
107
345
45
689
746
85
192
765
85
10
531
130
225
704
208
170
541
465
525
767
256
922
488
675
785
609
741
281
657
297
245
681
765
377
298
921
957
560
103
216
551
377
219
693
509
765
649
729
777
960
285
401
840
233
289
807
629
345
66
681
325
9
401
369
909
805
985
656
45
31
801
637
419
274
269
553
333
301
120
375
217
307
129
947
277
615
537
9
237
264
400
105
242
229
949
32
413
397
723
159
826
809
178
953
922
273
693
777
315
259
167
378
629
714
803
157
669
570
297
479
269
865
776
197
954
80
723
149
91
874
229
377
264
949
146
778
120
16
538
115
410
519
176
921
425
775
920
378
296
985
811
912
218
522
963
699
360
923
343
595
613
241
497
803
753
349
984
765
898
592
459
179
186
784
993
674
312
305
0
194
15
177
755
405
921
336
104
751
505
305
832
256
537
873
513
122
137
323
96
242
389
235
96
553
152
549
936
767
872
890
376
891
186
997
921
90
345
909
925
321
585
192
592
928
473
581
829
1
725
63
730
346
457
114
965
489
691
785
153
618
738
81
371
533
1
731
985
993
226
413
402
297
7
968
197
616
413
90
450
920
608
185
33
922
93
370
629
849
973
946
42
453
37
583
307
349
769
568
106
393
544
695
377
496
579
257
602
457
432
634
385
257
680
329
853
896
197
437
493
568
569
673
840
410
776
928
765
445
149
304
521
267
29
946
233
131
805
456
912
513
513
360
873
957
429
891
114
584
61
584
728
215
703
641
962
421
225
545
621
224
187
994
427
637
626
29
474
343
712
325
277
417
5
561
288
989
167
874
221
857
192
162
581
483
919
383
547
890
345
914
857
161
925
339
77
53
49
125
27
777
789
290
976
117
994
234
864
938
161
437
705
193
682
613
445
993
890
141
482
448
752
786
193
176
97
633
945
114
123
673
25
909
226
520
520
73
752
451
725
649
823
121
633
810
72
9
400
48
794
855
634
375
593
769
493
376
525
517
545
229
665
457
616
629
395
785
297
125
752
176
122
858
152
7
769
105
133
911
381
501
50
202
593
912
557
114
821
578
769
242
624
237
817
922
296
680
511
169
967
49
617
769
869
517
680
975
725
825
549
523
827
955
440
288
392
295
1
576
567
863
527
754
999
107
285
24
450
528
128
441
789
803
610
130
589
154
557
713
317
765
880
543
721
384
867
906
285
570
879
465
554
576
429
741
282
232
971
69
357
745
247
367
760
213
824
296
725
415
653
999
267
933
333
985
173
735
840
357
421
317
170
109
927
77
615
280
368
249
781
257
673
845
192
677
378
483
498
235
272
365
811
433
546
368
621
639
432
578
781
209
365
941
755
417
866
573
297
53
537
553
77
861
256
593
888
381
173
544
65
416
45
185
893
901
807
753
762
649
779
968
256
709
977
389
809
767
993
723
713
738
287
113
432
343
813
499
677
41
477
573
874
137
657
941
816
729
665
315
386
379
919
189
821
269
297
64
266
760
391
82
377
687
193
74
441
120
285
797
202
760
288
525
109
777
18
733
237
425
330
8
720
185
922
289
469
579
