626
85
557
690
9
696
109
818
945
984
403
697
993
825
153
837
577
859
640
585
249
914
877
37
856
242
752
41
730
697
11
709
117
256
905
233
842
761
202
8
217
985
425
773
584
377
377
605
791
82
864
1
994
269
528
837
13
913
109
896
256
528
656
621
285
218
701
410
921
629
536
248
727
179
763
755
745
439
877
613
576
105
17
413
765
627
885
751
113
339
281
290
498
205
736
697
101
405
505
437
213
261
338
714
919
21
113
85
425
200
186
701
353
570
865
269
704
225
839
818
137
241
811
610
768
185
712
969
293
545
808
842
21
691
120
257
671
115
448
63
313
211
257
811
320
997
853
818
705
733
821
121
2
389
613
