354
47
969
106
728
720
677
983
434
373
369
160
704
619
45
767
949
829
304
85
781
704
241
649
355
389
994
754
272
253
869
217
920
41
426
313
50
418
824
889
127
967
321
949
608
783
269
671
504
210
680
363
827
320
641
661
865
317
805
584
321
912
887
122
177
261
881
965
869
173
293
954
683
55
651
858
834
301
453
824
16
851
17
194
257
133
408
301
672
287
863
31
370
658
945
641
741
393
165
825
63
312
941
31
605
121
399
938
857
418
507
277
771
104
472
471
73
610
667
178
693
169
745
761
589
871
477
341
527
947
105
210
453
56
641
547
441
951
3
559
511
753
995
305
993
525
167
245
21
778
477
661
17
525
693
945
106
584
392
944
354
306
241
785
303
632
952
661
797
689
881
578
885
433
589
409
