146.5
195.0
31.5
17.5
36.0
69.5
53.0
8.0
81.0
78.0
33.0
116.5
21.0
80.5
183.0
144.5
71.0
49.0
182.0
140.0
111.0
7.0
160.5
120.5
174.5
69.0
65.5
198.5
173.5
174.0
134.5
131.5
180.0
185.0
202.0
147.5
161.5
169.0
152.0
43.0
45.5
61.5
11.5
8.0
157.5
183.0
173.5
148.0
172.5
63.0
92.0
96.0
13.0
131.0
60.5
171.0
167.0
85.0
133.5
176.0
58.0
122.5
123.5
8.5
184.0
61.0
55.0
137.0
93.5
41.5
61.0
25.0
64.5
138.0
119.5
53.5
99.5
95.0
39.5
139.0
187.0
138.0
38.5
26.5
93.5
124.0
117.0
109.0
58.0
3.0
14.0
58.5
150.5
62.0
15.5
79.5
168.0
68.0
150.0
158.0
154.5
166.5
104.5
20.5
112.0
180.5
126.0
150.0
164.0
86.0
160.5
101.5
64.0
27.5
64.5
89.5
189.5
126.0
193.0
45.0
64.0
111.0
144.0
137.0
112.0
196.0
104.5
19.5
34.0
124.0
111.0
127.0
138.5
142.5
8.0
104.0
172.5
132.5
140.5
99.5
129.0
131.0
103.5
25.0
145.0
112.5
65.5
187.0
196.5
35.0
55.0
132.0
134.5
140.0
88.5
56.0
130.5
144.0
157.0
63.0
64.5
202.5
42.0
53.0
114.0
91.0
24.0
17.0
174.5
81.0
69.0
182.5
98.0
201.5
45.0
13.0
113.0
83.5
19.0
74.0
15.5
97.0
76.0
15.5
14.0
90.5
193.5
162.5
8.0
63.0
132.0
164.5
17.5
67.5
135.0
53.5
23.5
64.0
129.5
27.5
188.0
139.0
174.5
106.0
135.5
3.0
94.5
90.5
47.0
158.5
80.0
177.5
32.0
57.0
21.5
78.0
80.0
166.0
167.5
142.5
69.0
9.0
192.5
189.0
147.0
56.0
126.5
205.0
161.5
58.0
68.5
137.5
56.0
82.5
39.5
124.5
118.0
57.5
35.5
108.0
47.0
171.5
20.0
67.5
205.0
181.0
142.0
91.0
62.5
162.0
43.0
68.0
55.0
80.5
177.0
190.5
27.0
168.5
156.5
165.5
192.5
172.5
178.0
14.0
137.5
178.5
124.0
47.0
67.0
84.5
20.0
166.5
32.5
192.0
56.0
9.0
81.5
110.5
178.0
105.0
136.0
50.5
90.5
168.0
153.0
197.5
32.0
132.5
57.5
159.5
77.0
102.0
107.0
196.5
73.0
183.0
90.5
175.5
110.5
160.0
66.0
110.5
149.5
68.0
24.0
193.5
18.5
60.0
11.5
158.5
129.0
181.5
209.0
72.5
47.0
180.5
143.0
148.0
138.0
12.5
194.0
72.5
148.0
64.0
130.5
105.0
184.0
29.5
73.0
116.0
97.0
48.5
128.5
118.0
9.0
82.0
142.0
38.0
161.0
16.5
199.0
48.5
165.0
131.0
32.0
112.5
156.5
137.0
78.0
65.0
15.5
133.0
161.0
62.0
5.5
105.5
191.0
12.0
156.5
107.0
55.0
76.0
58.0
38.0
123.0
151.0
193.5
6.5
71.5
149.0
31.5
187.0
139.5
88.5
59.5
134.0
23.5
120.0
184.5
36.0
109.5
66.5
193.0
23.0
205.0
131.5
15.0
12.5
23.0
53.0
197.5
171.0
181.0
60.0
25.5
102.5
122.0
152.5
187.5
49.0
9.5
118.5
111.5
112.5
111.5
180.5
56.0
126.5
49.5
186.0
128.5
139.5
58.5
26.5
23.0
112.0
10.5
146.0
119.0
153.0
181.0
73.5
113.5
25.5
34.5
148.0
107.5
128.5
162.5
91.0
96.0
148.5
101.5
52.5
137.5
36.0
116.0
84.5
165.0
5.5
133.5
120.5
55.5
51.5
53.0
3.0
163.5
117.0
84.5
10.5
181.0
120.0
86.5
21.0
70.5
112.5
151.0
27.5
159.5
103.5
68.0
22.5
36.0
87.5
98.0
115.0
175.0
209.0
138.5
174.5
31.0
134.5
98.5
8.0
85.5
158.0
151.5
164.5
162.0
103.0
146.0
88.5
110.5
161.0
174.5
178.0
13.0
182.0
194.0
42.5
168.5
36.5
49.0
111.0
159.5
73.5
87.5
52.0
103.5
59.0
15.5
8.5
169.0
153.0
18.5
162.0
183.5
173.5
77.5
187.0
115.0
22.0
73.0
201.0
117.0
199.5
183.0
86.0
7.0
165.5
171.5
53.0
202.5
161.0
80.5
63.5
131.0
145.5
40.0
113.5
10.0
44.5
10.5
211.5
84.0
122.5
142.0
181.0
113.0
148.5
98.5
131.0
152.0
46.5
171.5
147.0
143.5
126.5
176.5
158.5
136.0
129.5
153.0
106.0
151.0
45.5
3.0
125.0
54.0
3.0
13.5
142.0
93.0
125.0
167.0
155.0
5.5
139.5
38.0
140.0
20.5
101.0
102.0
95.0
61.0
17.0
122.0
49.0
87.5
51.5
77.5
139.5
53.5
71.5
31.5
43.5
14.5
187.5
60.5
118.5
45.5
138.0
192.0
201.0
154.5
167.0
8.5
143.5
189.5
170.0
155.0
11.0
114.0
160.0
152.5
151.5
140.0
196.5
73.5
57.5
70.0
138.0
114.0
98.5
127.0
94.0
119.5
51.5
3.0
57.5
70.0
139.0
174.0
110.5
153.5
175.5
180.0
16.5
33.5
46.5
140.0
113.0
176.5
64.5
117.5
84.0
171.0
37.5
43.0
