15.5
14.0
92.0
132.0
14.5
168.5
183.0
106.0
174.0
159.5
183.0
182.5
136.0
177.5
137.5
44.0
91.0
111.5
168.5
150.0
79.5
43.5
14.0
98.0
182.0
171.0
191.5
70.0
143.5
198.0
141.0
16.0
199.0
138.0
203.0
101.5
30.0
13.5
89.5
174.0
142.0
166.0
69.0
67.0
132.0
127.5
66.5
176.5
13.5
156.5
84.5
17.5
160.5
38.5
113.5
15.0
101.5
63.5
160.5
69.5
98.0
180.5
126.5
162.0
171.0
111.0
92.0
44.0
146.5
22.5
176.0
149.5
36.0
34.0
139.0
106.5
64.0
171.0
46.5
103.5
183.0
28.5
191.0
140.5
3.0
137.5
61.5
183.5
74.5
132.5
131.5
54.0
28.5
28.5
68.5
6.5
194.5
8.5
185.5
154.0
6.5
61.5
169.5
108.5
107.5
162.0
79.5
75.5
188.5
110.0
15.5
86.0
58.0
138.0
8.0
109.5
28.0
114.5
75.5
59.0
65.5
66.5
77.5
195.5
144.0
14.0
33.0
143.5
13.5
80.5
85.5
21.0
162.5
137.5
76.0
138.5
163.0
145.5
31.0
70.0
105.5
71.0
186.5
14.5
173.5
162.5
180.0
179.0
56.0
111.5
65.5
187.5
57.0
82.0
68.5
25.0
82.0
114.5
198.5
73.5
67.5
72.0
9.5
57.5
151.5
138.5
164.5
25.5
53.5
174.5
23.5
190.5
130.0
165.5
55.5
40.0
150.5
198.5
158.0
126.5
143.5
68.0
20.0
128.5
61.0
119.5
87.0
135.0
12.5
195.0
53.5
197.0
71.5
33.5
159.0
118.5
192.0
97.0
158.0
146.5
182.0
47.5
12.5
159.5
49.0
66.0
83.5
92.0
11.5
128.0
102.5
31.5
67.0
128.5
28.5
85.5
158.5
128.5
47.0
157.0
22.0
93.5
149.0
100.5
195.0
189.0
128.5
191.5
47.0
191.0
39.5
191.0
58.5
87.0
141.0
160.5
189.5
28.0
114.5
166.0
201.0
82.5
152.5
5.0
157.5
56.5
198.0
45.5
49.0
9.0
105.0
51.0
125.5
44.5
21.5
160.5
147.5
106.5
120.5
177.5
166.0
133.0
55.5
144.5
203.5
5.0
187.5
167.5
23.5
86.0
167.0
93.0
12.0
3.0
37.5
103.0
111.0
53.5
157.0
59.5
110.5
155.5
111.0
13.5
60.5
60.5
150.0
100.0
151.0
149.0
166.5
36.5
110.0
193.0
97.5
102.5
195.0
190.5
59.5
190.5
38.0
66.0
63.5
137.5
115.5
179.0
188.0
61.0
35.5
81.0
143.5
64.0
40.0
59.5
112.0
110.5
54.0
107.5
111.0
39.5
146.0
187.5
128.0
157.0
61.0
196.0
84.5
107.5
195.0
118.5
162.0
87.0
160.5
152.0
67.5
60.5
185.0
202.0
139.5
74.5
144.0
78.0
43.5
117.5
164.5
45.0
186.5
111.5
152.5
108.0
90.5
3.0
45.0
143.5
39.5
122.5
163.0
44.0
144.0
88.0
135.5
181.0
44.5
11.0
179.0
52.5
11.5
85.0
61.0
195.0
72.5
148.5
115.0
193.5
165.0
31.5
6.0
80.0
169.0
172.0
39.5
11.0
99.5
31.5
37.5
34.0
72.0
168.5
81.5
198.0
129.5
102.0
180.5
57.0
173.0
165.5
93.5
16.5
157.0
81.5
46.0
125.5
205.0
201.0
23.0
92.5
135.5
34.0
69.5
75.5
216.0
184.0
169.5
114.5
27.0
187.0
191.5
3.0
66.5
109.5
101.5
181.5
155.0
102.5
6.5
20.5
57.0
77.0
5.5
177.0
119.0
201.0
122.0
126.0
50.0
61.5
107.5
128.5
194.0
165.5
22.5
48.0
81.0
46.5
157.5
77.0
162.0
161.5
107.0
18.5
3.0
51.5
17.5
177.5
130.5
90.5
136.5
149.0
183.0
126.0
203.5
90.0
102.0
60.0
102.5
143.0
151.5
135.0
176.5
161.0
120.5
61.0
193.5
37.0
79.0
96.5
148.0
6.5
24.0
102.5
25.0
17.5
24.0
12.0
171.5
153.0
177.0
72.5
56.5
118.0
104.0
57.0
155.0
158.5
85.0
153.5
62.5
144.0
189.5
165.5
113.0
94.5
197.5
116.5
38.0
94.5
121.0
54.5
138.5
39.5
14.0
157.0
6.5
110.5
83.0
168.0
58.5
166.5
170.5
115.5
184.0
131.0
61.5
176.5
194.0
151.5
182.5
89.5
133.0
70.5
119.5
128.0
66.5
169.5
65.5
194.0
42.0
150.0
168.0
147.0
63.0
84.5
53.5
20.5
123.5
94.5
25.0
148.0
181.5
52.5
63.5
89.0
106.0
28.0
71.0
141.5
97.5
52.5
11.0
87.0
110.5
74.0
40.5
46.5
190.5
119.0
81.5
92.5
68.0
36.0
93.5
52.5
32.0
191.5
96.0
203.0
184.0
82.0
82.5
147.5
150.5
83.5
31.0
118.5
192.0
70.5
72.5
109.5
74.0
202.0
43.0
26.5
113.0
183.0
153.0
157.5
96.0
115.5
115.5
163.5
179.0
10.5
9.5
50.5
191.5
17.5
45.5
159.5
123.0
150.5
78.0
93.0
100.0
50.5
27.0
61.0
173.0
63.5
105.0
163.0
139.5
35.0
16.5
195.0
3.0
106.0
84.0
149.5
176.0
76.0
48.5
83.5
33.0
191.0
68.0
17.0
155.5
199.5
183.0
22.5
152.5
48.5
105.5
190.0
178.5
53.0
125.0
176.5
189.0
84.0
56.5
67.5
121.0
118.0
133.0
94.0
55.5
51.5
77.0
171.0
97.0
24.5
61.0
79.0
181.0
61.0
82.0
73.5
87.0
101.5
19.5
107.5
136.0
26.0
78.5
144.0
66.0
171.5
64.5
109.0
92.5
91.0
187.5
198.5
125.0
148.0
18.5
144.0
144.5
160.0
162.0
142.0
32.0
65.0
177.0
52.0
178.0
202.5
