22.0
39.0
147.0
52.0
157.5
168.0
9.5
19.0
111.5
83.0
42.0
193.0
92.5
97.5
44.5
31.0
23.5
30.5
139.0
3.0
159.5
103.5
84.5
15.0
109.0
73.5
150.5
17.0
96.0
22.0
9.0
109.5
184.0
51.0
86.0
202.5
13.5
89.5
152.0
83.0
48.5
9.5
112.0
158.5
17.0
8.0
37.0
7.0
83.0
191.5
31.5
22.5
176.0
142.0
152.5
76.5
54.0
80.5
123.5
108.5
50.0
135.0
5.0
161.0
32.0
198.0
9.5
41.5
169.5
130.0
175.5
124.0
138.5
106.5
148.5
196.0
43.0
134.5
208.0
166.5
194.5
51.0
202.0
128.5
64.5
72.0
68.0
29.0
142.0
101.5
79.0
28.5
158.5
38.0
21.0
141.5
138.0
149.0
63.0
26.0
14.0
80.5
5.5
45.0
37.0
83.5
205.0
137.5
39.5
44.0
45.0
165.5
161.0
17.5
137.0
77.5
13.5
101.0
178.5
38.0
122.5
148.0
89.0
34.5
28.5
128.5
40.5
192.5
116.0
177.0
185.5
3.0
171.5
169.5
75.0
192.0
194.0
43.5
95.0
170.5
145.0
50.5
73.5
15.0
169.5
15.0
193.5
145.0
16.5
8.5
198.0
18.5
18.0
73.0
123.5
8.0
144.0
191.5
94.0
191.5
50.0
145.5
187.0
8.5
188.0
35.0
50.5
149.0
26.0
112.0
136.5
65.5
82.5
92.5
163.0
3.0
198.5
194.0
193.5
114.5
24.5
10.5
53.0
18.5
61.5
19.5
120.5
162.0
63.5
196.0
80.5
82.5
9.0
146.5
149.5
107.0
88.5
147.0
25.5
152.0
175.5
50.0
77.5
7.0
53.5
157.0
48.5
86.0
107.0
136.5
157.5
91.5
158.0
159.5
147.5
167.0
105.0
32.0
8.0
24.5
186.5
107.5
19.0
109.5
23.5
167.5
77.5
35.5
174.0
162.0
150.0
20.0
82.5
24.0
158.5
79.0
49.5
83.5
101.0
66.5
79.0
77.5
163.5
129.0
184.5
199.0
142.0
137.0
80.5
151.0
34.0
56.0
57.5
36.0
29.5
52.5
176.5
84.0
18.5
140.5
112.0
156.0
157.0
65.0
162.0
93.5
156.5
159.5
29.0
86.5
142.5
46.0
169.0
12.0
128.5
33.5
50.5
34.0
25.5
56.0
54.5
152.0
27.5
152.5
137.5
130.5
190.0
22.0
97.5
86.5
148.0
4.5
71.0
85.0
16.0
167.0
69.5
20.0
68.5
16.0
169.0
158.0
87.5
130.0
201.0
124.0
157.0
35.0
40.5
13.5
33.0
95.0
61.0
50.5
182.5
143.5
125.5
45.5
139.0
13.0
13.5
80.0
70.5
68.0
55.0
117.0
8.0
127.0
27.5
112.0
137.0
87.0
92.5
77.0
82.0
84.5
140.0
25.5
190.5
193.0
151.5
159.5
170.0
140.0
3.0
165.0
9.0
110.0
81.5
160.5
185.0
27.0
153.0
132.5
47.0
43.0
127.0
40.5
126.0
69.0
178.5
28.0
89.0
133.0
93.0
124.0
117.0
125.0
50.0
114.5
101.0
112.0
31.0
9.0
88.0
189.0
149.5
21.5
59.5
56.0
105.5
63.5
192.5
28.0
42.0
193.5
188.0
101.5
106.5
111.0
56.5
25.0
60.0
151.5
