103.5
188.5
161.5
9.0
57.0
84.5
138.5
91.0
43.0
70.0
30.0
55.5
28.5
15.0
75.5
74.5
21.5
104.5
137.5
158.5
70.0
32.5
24.5
58.5
49.0
166.0
132.5
132.0
138.5
110.5
187.5
85.0
134.0
165.5
18.5
106.5
110.5
140.0
13.5
122.5
30.0
115.5
195.0
62.0
8.0
128.0
106.5
63.0
116.5
106.0
72.5
124.0
146.5
25.5
61.0
108.5
50.5
24.0
173.0
8.0
117.0
48.0
13.5
95.0
96.5
12.0
136.5
193.0
161.5
97.5
27.5
134.5
41.0
115.0
172.0
112.0
182.0
37.0
57.5
204.0
125.0
129.0
87.5
169.0
18.5
66.0
124.0
94.0
105.0
89.5
190.5
136.0
192.5
116.0
37.0
20.0
73.5
42.5
71.0
79.0
49.5
7.0
169.5
115.0
57.5
110.5
60.5
59.5
145.0
110.0
70.5
153.0
104.0
110.0
15.5
58.5
29.0
81.0
140.0
74.0
36.5
61.0
102.5
176.5
31.0
171.0
166.5
31.5
93.5
98.0
166.0
17.0
47.0
170.0
19.5
85.5
34.5
55.0
113.0
19.0
120.0
38.0
141.5
143.0
25.5
110.5
104.0
115.5
62.0
203.0
76.0
136.0
12.0
100.5
88.5
39.5
134.5
145.0
130.0
120.0
27.0
178.5
147.0
16.5
26.0
201.0
28.5
140.0
8.0
76.0
85.5
168.0
28.0
31.0
172.5
196.5
46.0
100.0
40.0
123.5
118.5
97.5
91.0
63.0
172.0
181.5
164.0
80.0
24.5
206.5
62.0
25.5
91.5
61.5
17.5
35.5
42.5
27.0
183.5
70.5
159.0
67.0
53.5
115.0
185.0
137.0
120.5
99.0
50.5
113.0
70.5
96.5
48.0
177.0
172.5
44.0
63.5
72.0
111.5
85.0
55.5
83.5
116.0
14.0
158.0
40.0
103.5
137.0
50.5
67.0
154.0
113.0
81.0
192.5
134.5
87.5
15.0
51.5
45.5
45.5
135.0
5.5
19.5
123.5
111.5
102.5
42.0
145.5
96.0
113.0
95.0
52.5
114.0
91.0
148.0
3.0
173.5
10.5
11.0
3.0
111.5
108.0
38.5
24.0
67.5
194.5
34.5
28.0
73.5
126.0
102.0
64.5
50.0
169.5
10.5
135.0
167.0
21.5
23.5
113.5
117.0
30.0
169.5
181.0
5.5
49.0
23.5
150.5
37.5
108.0
31.5
165.0
112.5
123.5
109.0
64.5
157.0
101.5
24.5
203.0
181.0
99.5
132.5
111.5
131.0
91.5
79.0
67.5
67.0
164.5
184.5
126.0
72.0
147.5
138.5
58.0
91.5
12.0
107.5
162.0
55.0
50.5
10.5
22.0
38.5
161.0
81.0
67.0
74.0
57.0
196.0
146.0
103.0
18.0
103.0
28.5
129.0
101.5
173.5
66.5
185.5
150.5
101.0
139.5
110.0
105.0
89.0
178.5
59.0
112.0
180.5
76.5
188.5
118.5
64.0
15.5
144.0
20.5
85.5
87.5
56.5
71.5
99.5
61.5
103.5
65.5
156.5
69.5
19.0
29.0
197.0
47.5
181.5
78.0
41.0
205.0
104.0
10.5
91.5
147.0
154.0
119.5
164.5
29.5
136.5
172.0
88.5
97.0
187.0
148.0
8.0
122.0
10.0
107.0
44.5
144.0
156.5
18.5
80.0
57.0
132.5
189.0
192.0
