189.5
76.0
40.5
164.5
29.0
40.5
191.5
90.0
162.0
22.5
72.0
87.0
31.5
79.0
6.0
36.5
181.5
31.5
191.0
136.0
182.0
43.0
185.5
73.0
69.0
150.0
149.0
140.5
41.0
16.0
185.0
188.5
130.5
48.5
73.5
41.0
50.0
31.5
147.5
63.0
166.0
202.5
15.5
37.5
54.5
21.0
54.5
58.5
151.0
58.5
164.0
94.0
13.5
98.5
161.5
187.5
120.5
105.5
175.0
94.0
176.0
33.0
69.0
137.5
115.5
158.0
110.5
72.5
144.0
178.0
42.0
84.5
86.0
9.5
123.0
24.5
194.0
5.5
134.0
71.0
145.5
182.5
84.0
97.0
16.5
187.5
191.5
187.5
65.0
202.5
7.5
154.5
160.0
183.5
139.0
179.5
91.0
89.5
168.5
25.5
31.5
70.5
27.0
174.0
76.5
29.5
51.5
36.0
203.5
167.5
86.5
30.0
153.0
100.5
109.5
131.5
26.5
156.0
32.5
30.0
155.0
34.0
48.0
96.5
160.5
116.5
180.5
19.0
11.5
107.5
179.0
24.5
42.5
145.0
127.5
91.5
133.5
79.5
138.5
5.0
175.0
27.5
6.5
160.0
13.0
33.0
26.0
86.5
22.5
41.5
128.5
118.5
17.5
108.5
80.0
32.5
116.5
4.5
113.5
134.0
73.0
25.0
81.0
6.5
166.5
63.5
61.5
84.5
162.5
69.0
56.0
10.0
154.5
120.5
87.0
109.5
16.0
137.0
174.5
195.0
101.0
13.5
77.5
16.0
145.5
190.5
11.0
114.0
22.0
144.0
157.0
161.0
55.0
80.5
146.5
110.5
4.5
118.0
88.5
59.5
72.5
131.5
109.5
75.5
21.0
131.0
190.5
55.0
186.0
72.5
71.5
21.5
20.5
54.0
156.0
66.5
3.0
49.5
147.5
177.5
54.0
