114.0
79.0
114.5
181.0
148.5
115.0
152.0
91.0
198.0
101.5
76.0
130.5
53.0
145.0
77.0
91.0
191.5
41.5
40.0
68.0
191.5
103.5
157.5
83.0
163.0
63.0
137.5
151.5
110.5
41.0
44.5
108.5
142.5
128.5
144.5
126.5
85.5
7.5
82.0
98.5
188.0
51.0
178.0
84.5
96.0
64.0
33.5
68.0
142.5
158.0
14.0
168.5
142.0
128.5
60.5
39.5
66.0
9.5
183.0
92.5
70.5
24.5
82.5
96.0
150.0
125.0
162.5
31.5
94.0
110.0
79.0
191.5
111.0
43.5
53.5
41.5
164.0
167.5
115.0
15.0
185.5
74.0
96.0
156.5
134.5
93.0
78.5
16.0
12.0
103.0
128.5
15.0
172.0
121.5
35.5
89.0
194.0
91.5
13.5
113.0
53.5
59.5
15.5
172.5
19.5
102.5
115.0
63.0
62.0
22.5
41.0
128.0
56.5
77.0
119.5
51.5
90.5
132.5
107.0
149.0
136.5
139.0
10.0
94.5
159.5
109.0
191.5
49.0
96.0
182.0
139.5
69.0
37.0
195.0
32.5
175.0
64.5
20.5
20.0
120.0
33.5
47.5
180.5
104.5
128.0
64.0
186.0
188.5
40.0
157.5
17.0
100.0
27.0
117.5
110.0
180.0
65.0
44.5
185.5
132.0
187.0
105.0
191.5
50.5
119.5
196.5
6.5
23.5
166.5
190.5
21.0
107.0
151.0
176.0
107.0
104.5
146.0
187.0
109.5
96.0
22.0
199.5
37.5
45.5
139.0
65.0
89.5
115.5
129.0
117.5
58.0
87.5
46.0
29.5
69.5
190.0
21.0
141.0
68.5
82.0
95.5
176.5
119.5
160.0
25.5
3.0
95.0
99.5
10.5
117.5
28.5
162.0
125.0
187.0
5.5
105.0
95.5
145.0
129.0
130.0
35.0
177.0
24.0
54.0
128.5
115.0
17.5
136.0
62.5
102.5
190.5
126.0
170.5
138.5
123.0
173.0
111.0
85.5
196.0
134.5
109.0
61.5
172.5
79.5
152.0
183.0
198.0
69.0
19.0
22.0
209.5
87.0
207.0
181.0
92.5
46.0
190.0
147.5
90.5
80.5
101.5
117.5
22.5
171.0
147.5
76.5
18.5
180.5
192.0
183.0
124.0
169.5
10.5
121.0
60.0
85.5
118.0
3.0
136.0
185.0
181.5
89.5
180.5
42.5
165.0
87.0
66.5
19.0
93.5
137.5
196.5
59.0
58.5
31.0
176.0
25.0
142.5
49.0
52.5
83.0
74.5
117.5
148.5
57.0
108.5
92.0
28.5
192.5
91.0
173.5
97.5
110.5
28.0
161.5
144.5
25.0
55.5
152.0
106.0
188.5
139.0
12.0
5.0
170.5
185.5
201.0
45.0
21.0
135.5
170.0
57.5
44.5
149.0
133.0
128.5
107.5
67.0
126.0
152.0
97.0
115.0
22.5
124.0
114.5
109.5
100.0
173.0
112.0
121.5
190.5
100.5
34.5
137.0
111.5
72.0
135.0
109.0
3.0
65.5
182.5
99.5
97.0
76.0
13.0
170.0
15.0
75.0
184.0
92.5
127.0
126.0
12.0
127.0
193.0
60.0
114.5
89.0
116.0
137.0
15.5
74.0
119.5
203.0
188.0
67.5
35.5
134.5
64.0
119.5
44.5
184.0
149.0
32.0
105.5
11.0
37.0
65.0
29.0
41.0
177.5
126.5
150.0
50.5
204.0
160.5
162.0
80.5
35.0
38.5
189.5
95.5
73.5
89.5
21.5
48.0
32.0
7.0
87.5
183.5
6.5
191.5
102.5
126.0
42.5
164.5
140.0
50.5
135.5
161.5
200.0
8.0
54.0
148.5
113.5
173.5
52.5
39.5
70.5
99.5
135.0
128.5
62.5
163.0
15.0
149.0
180.5
141.5
135.5
78.5
94.5
146.0
25.5
11.0
177.5
100.0
106.5
45.0
172.0
148.5
147.0
116.5
16.0
119.0
98.0
41.5
120.5
102.0
173.5
167.0
101.0
207.0
69.0
30.5
107.0
191.5
122.5
38.5
70.5
154.5
111.5
188.0
67.0
54.0
41.5
105.0
6.5
13.0
84.0
104.5
196.5
137.5
81.5
42.5
112.0
74.5
26.5
116.5
65.5
69.5
20.0
35.0
165.0
101.0
117.5
185.0
109.0
30.5
44.0
198.0
47.5
195.0
119.0
97.5
133.5
28.5
150.0
