178.0
93.0
35.0
51.5
43.0
12.0
66.0
119.5
68.5
97.5
166.0
115.5
109.0
14.5
24.0
97.5
128.0
83.0
33.0
154.0
168.0
74.5
109.0
5.5
91.5
135.0
184.5
106.0
135.5
69.5
103.0
131.5
149.5
187.5
143.5
199.5
146.0
201.5
121.5
135.5
189.0
79.0
159.5
57.0
107.5
198.0
42.0
47.5
44.5
94.0
38.0
85.5
3.0
80.5
64.0
103.0
5.5
12.0
15.0
52.0
11.0
172.5
55.5
60.5
14.5
126.5
73.5
49.0
30.5
154.0
31.5
157.0
60.5
129.5
78.5
11.5
24.0
102.5
9.5
76.0
20.0
70.5
184.5
158.0
8.0
43.5
128.0
29.0
135.0
57.0
164.5
162.5
140.0
46.0
20.5
19.0
201.5
32.0
8.0
177.5
31.5
98.5
17.0
118.0
47.0
205.0
162.0
61.0
18.5
92.5
26.0
107.5
48.5
26.5
86.0
67.5
48.0
158.5
121.0
168.0
15.5
166.0
21.5
51.0
22.0
12.0
194.0
74.0
8.0
98.5
129.5
157.5
63.0
22.0
84.5
142.0
125.0
41.5
28.0
161.5
142.5
39.5
120.5
85.0
184.0
120.5
67.5
27.5
194.5
60.5
190.5
33.5
65.5
45.5
183.0
35.0
5.5
100.5
110.5
5.5
28.5
102.0
194.5
184.0
28.0
184.5
107.5
199.0
105.0
96.5
46.0
65.0
147.0
200.0
21.5
150.5
174.0
191.5
142.5
159.0
176.0
199.5
38.0
158.5
109.5
173.5
24.5
148.0
180.0
27.5
153.0
171.5
161.0
3.0
161.0
40.5
32.5
46.0
148.5
87.0
133.0
72.5
110.0
63.5
10.5
50.5
86.0
106.0
169.5
135.0
178.0
75.0
123.5
136.0
199.5
68.5
97.0
99.0
17.5
127.5
8.0
14.0
103.5
11.5
195.0
98.0
200.0
38.0
34.0
79.5
68.0
35.5
63.5
25.5
104.5
187.5
62.5
95.0
59.5
31.0
91.0
115.5
76.0
63.5
26.5
194.0
103.5
44.5
38.0
31.5
116.0
169.5
86.5
102.0
101.5
164.5
80.5
127.0
78.5
100.0
9.0
5.0
92.5
125.5
42.0
151.5
61.0
201.0
168.5
114.0
55.0
107.0
109.5
41.0
157.0
92.5
85.0
194.5
20.0
185.5
92.5
111.5
105.5
162.0
71.0
170.5
32.0
142.0
172.0
155.5
85.5
147.0
167.0
58.0
7.5
20.5
33.0
203.0
8.5
147.5
78.0
116.0
83.0
12.0
39.5
167.5
56.0
128.0
102.5
18.0
116.0
82.0
121.0
55.0
124.0
32.0
9.0
85.5
76.5
98.0
23.5
21.5
92.0
181.5
3.0
167.0
39.5
75.5
195.0
175.5
35.0
88.5
151.0
48.0
194.5
55.5
60.0
76.5
192.5
141.5
150.5
155.0
25.5
111.0
48.0
78.5
88.5
94.0
95.5
7.5
142.5
168.0
8.0
166.0
186.5
170.5
140.5
66.5
30.0
134.0
77.5
122.5
41.5
184.0
81.0
67.0
104.5
174.0
49.0
63.0
68.0
93.5
138.0
84.0
180.5
141.0
177.0
61.5
189.5
112.0
183.0
17.5
114.0
158.5
87.0
188.5
126.5
69.0
164.5
28.0
8.0
152.0
25.5
206.0
132.0
11.0
3.0
196.5
7.0
159.5
71.0
24.0
176.5
105.5
126.5
94.0
104.5
14.5
79.5
107.0
37.5
122.5
51.0
121.0
14.5
74.0
193.0
126.0
100.0
32.5
73.0
13.0
183.0
144.5
121.5
107.5
201.0
168.0
43.0
103.0
135.5
3.0
17.5
119.5
11.5
63.0
13.0
99.5
78.0
31.0
118.0
16.0
99.0
22.5
104.0
159.0
135.5
148.5
101.0
191.5
118.0
22.0
102.5
145.5
181.0
203.5
185.0
158.5
143.5
82.5
34.0
175.0
47.5
76.5
46.5
133.5
32.0
90.0
5.0
190.5
103.0
200.5
82.0
23.0
12.0
161.5
81.5
39.5
55.0
5.0
47.5
13.5
81.0
154.0
95.5
152.5
200.5
24.5
150.0
99.0
68.0
179.0
102.0
114.0
100.0
190.5
30.0
154.5
141.5
136.5
80.5
36.5
108.5
25.0
53.5
70.5
25.5
15.5
66.5
154.5
171.0
39.0
26.5
116.5
90.0
79.5
8.0
161.5
24.0
133.5
187.0
60.0
148.0
156.0
182.5
23.5
154.0
54.5
66.0
82.0
91.0
106.5
13.0
179.5
154.0
156.5
104.5
128.5
42.0
108.5
169.5
3.0
177.5
153.5
35.0
171.0
119.0
86.5
170.5
17.5
164.0
67.5
59.5
106.5
164.0
193.5
176.0
98.5
51.0
20.0
56.0
50.0
112.0
23.5
41.5
108.0
60.0
88.0
31.5
68.0
92.5
141.5
182.0
187.5
166.5
12.5
119.5
114.5
60.5
96.0
112.0
94.5
16.5
175.0
83.5
190.0
194.5
77.5
57.5
88.5
165.5
115.0
73.0
160.0
81.0
133.0
17.5
181.0
116.0
108.0
145.5
199.0
88.5
17.0
183.5
153.5
113.5
30.0
138.5
181.5
190.5
197.0
136.0
90.0
134.0
147.5
101.5
78.5
204.5
169.5
99.5
37.0
110.5
101.0
49.5
152.0
12.5
83.0
127.5
7.0
68.5
116.5
126.0
190.0
171.0
154.0
38.0
31.5
25.0
6.5
27.5
175.0
80.5
44.5
164.0
77.5
182.0
149.0
122.5
169.5
124.5
150.0
100.0
173.0
18.5
161.5
48.0
50.0
128.5
113.0
161.5
35.5
94.0
48.0
31.5
99.5
53.5
192.5
182.0
109.5
150.5
79.0
39.5
120.0
125.5
118.5
185.5
193.0
75.5
78.5
115.5
168.0
66.5
199.5
32.0
11.0
188.0
17.5
134.5
140.5
134.5
102.5
170.5
5.5
62.0
58.0
192.5
39.5
163.0
87.0
130.0
150.5
21.5
117.0
94.5
79.5
169.0
125.5
174.0
177.0
112.5
193.0
93.0
46.5
51.5
79.5
190.5
178.0
54.5
188.5
58.0
22.5
69.0
73.0
181.0
112.0
157.5
127.5
66.0
132.0
113.0
26.0
9.5
47.0
146.5
122.5
45.0
132.5
175.0
71.5
6.5
140.0
73.0
183.5
194.0
132.0
39.5
54.0
134.0
126.5
66.0
26.5
91.5
136.0
69.5
59.5
185.0
23.0
60.5
59.5
188.5
155.5
134.0
71.0
25.5
156.0
41.0
115.0
89.0
169.0
48.0
186.0
56.0
6.0
189.0
93.0
64.0
122.0
94.5
31.5
72.5
96.5
67.5
188.5
30.0
154.5
158.5
69.5
29.5
175.0
36.5
54.5
183.0
22.0
148.0
85.5
202.0
117.5
77.5
175.0
138.5
49.0
159.5
42.0
94.5
111.5
190.0
92.5
74.5
24.5
15.0
160.5
67.5
151.0
97.5
76.0
24.0
13.5
138.5
37.5
5.5
109.0
185.5
131.5
177.5
89.0
198.0
202.5
18.5
57.5
123.5
38.0
121.0
88.5
46.5
115.0
186.5
95.0
38.5
15.0
121.0
21.0
162.5
133.0
81.5
132.5
10.5
29.5
10.5
36.0
94.0
151.5
24.0
7.5
175.5
56.5
