129.5
23.0
70.5
92.0
9.0
100.0
116.0
124.0
88.0
75.5
68.0
165.5
129.5
142.5
146.0
165.0
24.5
50.0
87.5
157.0
150.0
187.0
166.5
120.0
55.0
63.5
3.0
59.0
194.5
138.5
125.0
176.5
6.0
72.0
76.5
27.5
182.0
78.0
178.0
135.5
79.0
55.0
32.5
198.5
164.0
138.5
73.0
137.5
190.0
101.5
95.0
89.0
6.5
89.0
157.5
43.5
73.0
161.0
136.0
181.5
185.0
18.0
159.5
152.5
110.5
64.0
157.5
113.5
142.0
71.0
106.5
143.0
47.0
138.5
163.5
34.0
136.0
29.5
3.0
70.0
18.0
202.5
125.5
90.5
28.5
104.5
144.5
136.0
14.5
186.5
109.5
10.5
180.5
54.0
154.5
96.5
75.5
119.5
69.5
154.0
12.0
88.0
5.5
126.5
137.0
169.5
101.0
160.0
179.5
125.0
83.5
175.5
34.5
10.5
77.0
6.5
101.5
54.0
183.0
200.5
167.0
190.0
35.0
79.5
136.0
92.0
76.0
144.0
71.0
87.0
74.0
40.5
28.0
190.0
67.0
25.0
14.5
76.5
66.5
156.5
73.5
63.5
155.0
3.0
46.5
111.5
140.0
155.5
191.0
83.0
154.5
108.0
60.5
154.5
25.5
127.5
15.5
134.5
12.0
71.0
140.0
179.5
192.0
48.0
56.5
124.5
101.0
11.5
153.0
146.5
191.5
23.0
173.5
50.5
33.0
15.0
111.5
6.5
158.0
42.0
112.0
87.5
48.0
52.0
94.5
191.5
151.0
139.5
133.0
71.5
84.5
60.5
42.0
196.5
6.5
81.0
151.0
78.0
70.0
90.0
147.0
101.0
83.0
158.5
94.0
21.5
105.0
169.5
138.0
132.5
166.0
112.0
28.5
153.5
62.5
87.5
202.5
146.5
26.5
123.0
59.0
198.0
115.0
129.5
89.5
79.0
117.0
140.5
156.5
195.0
189.5
9.0
155.5
42.0
16.0
52.5
22.5
56.0
25.5
26.5
56.5
177.5
48.0
123.5
139.5
199.0
37.0
103.5
118.5
178.5
117.5
122.0
178.5
105.0
176.5
154.5
19.0
23.0
116.0
29.5
201.0
105.0
118.0
48.5
60.5
170.5
33.0
82.5
150.5
78.5
30.0
176.5
86.5
25.0
192.0
97.5
58.5
24.0
146.5
171.0
40.0
89.0
24.5
74.0
52.0
11.0
137.5
21.0
27.0
82.5
99.5
187.5
186.5
41.0
202.0
47.0
64.0
124.5
41.5
12.0
24.5
38.5
61.0
108.0
135.5
190.5
84.5
81.0
157.5
198.5
42.5
16.0
125.5
200.5
14.5
128.5
35.0
113.0
196.5
130.0
173.0
182.5
19.0
94.5
47.5
12.0
146.5
60.0
119.0
80.0
38.5
125.0
100.0
144.5
108.5
197.5
68.0
198.0
76.5
89.5
146.5
201.0
24.5
198.5
51.0
159.0
166.5
31.5
202.0
16.5
140.5
160.5
23.5
26.0
11.5
12.0
144.5
38.5
143.0
138.5
3.0
131.0
21.0
23.0
25.5
118.0
59.5
161.0
48.0
48.0
4.5
125.0
74.0
129.0
127.0
154.5
18.5
92.0
94.5
172.0
143.0
191.5
32.0
161.5
119.5
85.0
123.0
126.5
17.0
19.5
29.0
40.5
163.0
156.5
10.5
106.5
43.5
141.5
34.0
65.0
42.0
194.5
76.5
74.0
68.5
187.0
169.5
178.0
146.5
179.5
154.5
140.0
167.5
185.5
84.5
48.0
112.0
205.5
138.0
68.0
179.5
11.5
13.5
155.5
168.0
136.0
144.0
62.0
26.5
203.5
142.0
63.5
117.0
100.5
5.5
127.5
61.0
67.0
158.0
183.0
118.5
131.0
36.5
9.5
91.0
94.0
117.5
44.5
95.5
67.0
49.0
141.5
16.0
152.0
179.0
124.5
16.0
84.5
73.5
56.5
160.5
158.0
167.5
154.0
172.5
39.5
148.5
92.5
118.0
72.0
74.0
126.0
180.0
39.0
171.0
120.5
125.0
83.5
124.5
196.5
16.5
171.0
71.0
9.0
113.5
15.0
203.0
54.5
169.0
41.0
62.0
99.5
131.0
3.0
21.5
145.5
72.5
28.0
136.0
68.0
122.0
19.5
186.5
30.5
95.0
200.0
195.0
168.0
67.0
164.0
109.0
16.0
65.0
18.5
201.0
22.5
170.0
121.5
59.5
80.5
164.0
10.5
37.0
106.0
176.0
17.0
97.5
144.0
42.5
62.0
138.0
101.5
108.0
164.0
54.0
182.0
136.5
178.5
85.0
115.0
101.5
169.0
69.0
46.0
102.5
190.5
115.5
154.5
186.0
50.5
120.0
125.5
63.0
43.0
116.0
189.0
118.5
20.5
99.0
11.0
131.5
16.0
184.5
74.0
