150.0
36.5
51.5
110.0
130.0
152.5
130.0
13.0
131.0
152.5
165.5
57.0
181.0
194.0
123.0
191.0
155.0
153.0
164.0
32.5
158.5
55.0
66.5
24.5
167.0
201.5
126.5
23.0
179.0
140.0
60.0
161.5
146.0
140.0
178.0
110.5
179.0
61.5
153.0
122.0
21.0
116.5
110.0
76.0
96.0
138.5
92.5
6.5
55.5
186.0
77.0
79.5
166.5
142.0
122.5
189.5
186.0
186.5
171.5
16.0
177.0
82.5
110.5
69.0
60.5
172.0
92.5
11.0
84.5
54.0
175.5
40.0
33.5
127.5
169.5
149.5
161.0
102.0
63.0
191.0
63.0
179.0
154.0
178.5
192.5
69.0
144.0
148.5
71.5
144.0
115.0
106.0
154.5
159.0
179.5
82.0
17.0
23.0
139.5
171.0
168.0
58.0
24.0
113.0
31.5
163.5
9.5
175.0
32.0
181.5
80.5
59.5
35.0
116.5
83.5
96.0
133.5
147.5
17.5
50.5
149.0
196.0
94.5
88.0
52.5
16.0
111.0
191.5
91.0
150.5
17.5
113.5
98.5
34.5
63.5
117.0
58.0
161.5
155.0
4.5
112.0
65.5
85.0
150.0
126.0
146.0
16.5
36.5
149.0
67.5
77.0
51.5
158.5
165.0
89.0
195.0
49.0
15.0
152.0
197.0
64.5
117.5
95.0
3.0
160.0
46.5
99.0
195.0
37.5
185.0
66.5
184.5
134.0
84.5
13.5
89.0
103.5
25.5
206.5
174.0
22.0
162.0
16.0
8.5
167.0
135.0
199.0
112.5
76.5
69.0
174.0
149.0
97.5
44.5
181.0
78.5
126.0
97.0
38.5
17.0
72.5
40.5
65.0
36.5
107.0
82.5
170.5
44.5
122.0
24.0
178.5
89.5
67.0
125.0
93.0
119.0
17.0
178.0
107.5
198.5
82.5
79.0
192.0
124.0
99.5
198.5
167.0
187.0
3.0
188.0
93.0
86.0
143.0
56.0
203.0
91.5
35.5
71.0
90.0
17.0
161.0
72.5
174.5
188.5
145.0
130.0
103.0
57.0
93.0
15.0
108.0
160.5
161.5
115.0
15.0
132.0
171.5
7.0
72.5
70.0
174.0
118.0
53.5
148.0
91.5
32.0
74.5
54.5
6.5
203.0
163.5
43.0
195.0
84.5
39.5
150.0
28.5
5.0
88.0
103.0
169.0
183.5
182.0
126.0
93.0
11.5
53.5
51.5
46.5
51.5
109.5
46.0
153.0
4.5
104.0
180.0
83.0
85.5
8.0
179.0
158.5
196.0
195.0
93.5
159.5
74.0
99.5
77.0
173.0
14.5
143.5
74.5
89.5
59.0
76.0
7.5
32.5
44.5
152.0
109.0
146.0
169.0
182.5
186.0
195.5
5.5
119.0
188.0
101.5
153.5
149.0
39.5
182.0
78.5
158.5
196.5
17.5
22.0
185.5
95.0
153.5
48.5
86.0
130.5
17.5
177.5
190.0
88.5
93.5
50.0
13.5
12.5
66.5
57.5
10.0
125.5
115.5
149.5
148.0
92.0
134.0
182.0
170.5
71.5
155.5
95.5
6.0
5.5
66.5
52.5
68.0
211.0
168.5
32.0
176.0
19.0
68.0
123.5
154.0
41.0
50.0
21.5
67.5
19.0
202.5
182.5
68.0
200.0
121.5
162.0
140.5
187.0
16.0
28.5
12.5
59.5
96.0
33.5
119.0
70.0
192.5
171.0
7.0
100.5
69.0
54.0
54.0
203.5
18.5
155.0
24.0
18.0
127.0
170.5
138.5
108.5
135.0
156.5
64.5
158.0
119.0
140.5
42.0
168.0
97.0
68.5
13.5
161.0
132.0
145.0
40.0
107.0
100.0
103.0
115.0
7.5
49.0
5.0
83.0
74.5
49.5
52.5
22.5
166.5
160.5
40.5
65.5
204.0
98.5
101.0
23.0
71.5
115.0
29.5
103.5
67.5
83.0
76.5
94.5
96.5
115.0
151.5
33.5
145.5
169.0
94.5
7.0
3.0
24.0
151.5
97.5
110.5
88.0
159.0
179.5
24.0
117.0
197.5
102.0
42.5
134.0
78.5
32.5
181.5
94.0
16.5
115.0
146.5
123.5
109.0
95.5
183.5
66.5
112.5
41.0
53.5
53.5
112.0
160.5
198.5
166.0
30.0
53.0
85.0
197.5
137.0
182.5
184.5
58.5
96.5
177.5
153.5
163.0
62.0
47.0
108.5
170.0
83.0
96.0
11.5
143.0
178.0
161.5
62.0
17.0
64.0
39.0
197.0
123.5
68.5
109.5
75.0
45.5
48.0
75.5
109.5
36.5
109.0
39.0
177.5
93.5
169.0
26.5
64.0
21.0
40.0
80.5
180.5
178.0
14.5
87.0
67.0
150.0
132.5
135.5
77.0
13.5
133.5
44.5
201.0
16.5
88.0
104.0
100.5
17.5
72.5
117.5
117.5
71.0
34.5
86.5
100.0
11.5
132.0
62.0
131.0
180.0
115.5
127.0
104.0
26.5
44.0
95.5
157.5
52.0
48.5
26.5
37.0
72.0
131.5
147.0
173.5
95.0
54.5
188.5
71.5
136.5
175.5
184.0
128.5
90.5
96.0
118.0
130.0
90.5
64.0
57.5
82.5
76.5
186.5
118.5
112.5
117.5
57.0
23.5
133.5
178.0
191.0
21.5
70.0
167.5
167.0
185.0
8.0
149.0
38.0
177.0
134.5
3.0
136.0
153.5
11.0
135.0
205.0
44.5
188.0
103.0
150.0
139.0
85.5
53.0
56.0
72.5
158.0
46.0
167.5
136.5
7.0
167.0
102.5
121.0
128.0
136.0
23.5
149.0
94.0
27.0
154.5
152.5
195.0
183.0
181.0
130.5
169.5
187.5
177.0
8.5
90.5
49.5
185.5
115.5
130.0
103.5
31.0
134.0
112.0
178.5
186.0
172.5
182.0
33.0
134.0
172.5
155.5
12.0
183.5
200.0
20.5
45.0
58.0
123.0
174.0
13.0
57.5
31.0
175.0
185.0
64.5
116.0
46.0
159.0
73.5
48.5
149.5
41.5
187.0
88.0
140.0
17.5
57.0
190.5
41.5
145.5
177.0
138.5
44.0
165.0
106.5
90.0
145.0
72.0
49.5
169.5
186.5
86.0
166.5
53.5
94.5
123.5
81.5
20.5
190.5
199.5
54.0
163.0
138.5
100.0
109.0
125.5
83.5
3.0
184.0
124.5
161.0
80.0
189.5
25.0
176.0
111.5
139.5
103.0
126.0
94.0
104.5
134.5
114.0
58.0
148.0
105.0
73.5
93.0
160.5
37.0
150.5
36.5
67.5
189.0
66.0
77.5
66.5
143.5
99.0
145.0
155.5
118.5
43.0
194.5
67.5
160.5
126.0
56.0
63.5
50.5
96.0
68.0
119.5
21.5
102.5
68.0
34.0
183.5
166.5
95.5
25.5
53.0
199.0
78.0
114.5
75.5
34.0
6.5
45.0
152.5
85.5
132.0
177.5
188.5
164.5
132.5
87.0
6.5
139.5
177.5
136.5
112.0
6.5
192.0
61.0
190.0
79.5
188.0
13.5
199.0
187.0
32.0
173.5
178.0
51.5
48.5
143.5
144.0
153.5
30.0
50.0
190.5
24.0
136.5
32.5
24.0
35.0
89.0
97.5
182.5
32.0
158.0
78.0
56.0
156.0
126.5
161.0
156.5
81.0
28.5
102.0
8.0
168.5
55.0
161.5
169.5
88.0
45.5
137.5
100.5
131.0
186.5
36.0
185.0
190.5
111.5
156.0
10.5
91.5
20.0
101.5
45.5
140.5
49.5
83.5
10.5
131.5
113.0
193.0
123.5
193.0
179.0
55.0
104.5
105.5
104.5
80.0
167.5
32.5
88.0
110.5
197.5
161.0
64.0
167.0
141.0
35.0
150.0
172.5
107.0
162.0
14.0
196.5
172.5
42.0
161.0
37.0
114.0
185.0
129.0
33.5
175.0
13.0
171.5
146.0
40.5
129.5
105.5
18.0
104.5
73.0
187.0
113.0
109.5
47.0
199.0
6.5
99.0
57.5
201.0
96.0
38.5
171.0
42.5
146.5
3.0
160.5
176.5
111.5
161.5
175.0
162.5
135.0
185.5
45.0
14.5
52.5
137.5
60.0
51.5
197.0
167.5
116.5
172.5
58.0
38.5
18.0
112.0
99.0
201.5
158.5
22.5
82.5
114.5
62.0
186.5
185.5
22.0
134.5
17.5
193.5
3.0
