78.5
186.5
51.0
94.5
61.0
174.0
64.0
37.0
120.0
106.0
94.5
66.0
15.0
143.0
158.5
143.0
97.0
3.0
31.5
154.5
168.5
102.5
70.0
90.5
79.5
168.0
3.0
103.5
167.5
94.0
66.5
51.5
170.0
158.0
164.5
34.0
85.5
53.0
178.5
57.0
13.0
153.0
60.5
19.0
95.5
72.5
14.5
134.0
180.0
24.0
34.5
159.5
152.5
129.5
183.5
94.0
185.5
143.5
146.0
134.5
177.0
177.0
189.5
44.5
181.0
128.0
41.0
148.5
118.0
194.0
41.0
69.0
170.0
44.0
18.5
47.5
152.5
87.5
110.5
27.5
123.5
206.0
135.5
28.0
44.0
136.0
155.5
81.5
89.0
27.0
146.5
23.0
7.5
66.0
25.0
90.0
132.0
84.0
13.0
125.0
167.5
173.0
118.5
160.0
11.0
44.0
16.0
193.5
64.0
119.0
90.5
156.5
112.0
178.5
34.5
50.0
57.0
147.5
107.0
205.0
200.0
144.5
19.5
55.5
77.0
108.5
183.5
138.5
149.0
13.0
120.5
71.5
200.0
140.0
9.5
42.0
42.0
29.5
37.0
112.5
161.0
91.5
188.5
131.5
176.5
26.0
64.5
169.0
26.5
158.0
66.0
179.0
145.5
182.0
165.0
111.0
187.0
91.5
126.5
80.5
59.5
169.0
174.0
162.5
161.5
113.0
71.5
82.0
15.5
75.5
50.5
37.5
29.0
23.0
53.5
136.0
181.5
146.0
42.5
161.5
121.5
28.5
54.5
181.0
149.0
162.5
139.5
93.5
30.5
36.0
162.5
111.0
10.0
31.0
202.5
121.5
56.0
152.0
7.0
73.5
36.0
77.5
99.5
59.5
137.0
184.5
29.5
117.5
113.0
79.0
171.0
12.5
38.5
157.5
151.5
21.0
163.5
55.5
18.0
157.0
146.0
204.0
148.0
201.5
73.0
200.5
100.0
135.0
67.0
116.0
141.5
133.5
6.5
168.0
120.0
95.0
90.5
175.5
171.0
110.5
14.5
195.0
58.0
165.0
154.5
66.0
121.5
118.0
87.0
50.5
187.0
172.5
126.5
83.0
65.0
163.5
183.0
60.5
144.0
182.0
174.5
136.5
30.5
132.0
105.5
151.0
148.5
33.5
156.0
172.0
46.5
157.0
103.0
196.5
115.0
118.0
50.0
94.5
189.0
129.0
105.5
120.5
105.5
122.5
114.0
22.0
91.0
138.0
62.5
20.0
116.0
10.5
125.0
14.0
164.0
95.5
97.5
101.5
93.0
113.0
86.5
93.0
178.0
196.0
45.0
113.0
89.5
36.0
169.0
66.5
21.5
170.5
125.0
44.0
82.0
104.5
180.5
14.5
178.0
21.5
65.5
65.0
20.0
191.0
105.0
136.0
66.5
48.0
68.5
73.5
85.0
56.0
89.5
5.0
72.0
123.5
69.5
14.5
27.0
64.5
175.5
49.5
98.0
165.5
124.5
150.0
43.0
143.0
69.0
206.5
170.5
62.5
112.5
131.5
46.5
98.5
179.0
205.5
79.5
50.0
161.5
175.5
21.0
5.5
164.0
118.0
63.0
199.0
46.5
147.5
49.0
88.5
66.0
21.0
22.0
158.5
5.5
72.5
127.5
63.5
69.5
196.0
23.5
162.5
57.0
191.0
68.5
78.0
107.5
194.5
108.0
182.0
133.0
146.0
120.5
17.0
160.5
175.0
42.0
193.5
11.5
67.5
113.0
124.5
41.0
9.5
15.0
194.0
177.0
35.5
124.0
178.5
165.5
83.0
105.5
96.0
127.5
144.0
187.5
108.5
160.0
131.0
44.0
35.5
12.5
61.0
44.0
191.5
195.5
110.5
74.0
93.5
201.5
201.5
180.5
166.5
36.5
