AAmWiuHwqkdkAYBbzFwyTNWxgWUZfaj
AMRiKdEMgrCgaJYsmNlMgyTRnVjNxPNdyyR
AaUabbdIsKKmfh
AuUGeFNQqkZQasCueWmISwvGjlFFZtFbycbWZgYxspvGSXiL
EEisCC
EsDDCdnxTUZNDVUSnbmFJcBOTPSMaI
ExACNhvQoXCwuGoXdrFofCHczTeRsAHRqzDOnfELJnK
FLjmcnhrXzKnpavbFhxIGKQeWLsAFUIukeQloqg
FmfzSjWQuMvzLS
FxzQkbOPJKpSHvMMYOBbrmuIaJEqIimVGoT
GVnvEtfTDHNbMlYcUDBdS
GwiKVVnzHXlOqcWsqxtIndpBsPqjBg
HM
HRsYgHhdFcKOqRiePIRHiqzPvAgNEezb
HyJdFHZuTAKPoTbHqvSSdEU
IZAlfTfCsbHsD
IiMkkbfssSWiYg
ImQVRxYpjJ
JsUDGRDiNnTlLwAPplxT
KrgWRwhntK
LDPXuhHShwkUDvK
LaQQMozTIVydfZIqIHwFA
LpJvWSRXPmibEyKphSccCrdATNsElfqi
LsjChYDMEJMLCRMXrnqsJ
Mw
MxGKkt
MzbDoypOtpwMieOYEtPNPRGQobfWNcgTMPFVRFtjtGlfc
NcNqhWDcWkXuPDOQwebdsBgEOOFPKZAmeWJbMzmkWTBkZgXk
OEMKAwbYVDmqyqIXXFYQxACqJqJEG
OInIMvbCCSSoEVjkJmtIOP
PcXeYnewUSmkIaUeBTRUcpHv
PdSYmUxZAiuiBTFIiyWuFZFpjqFGpXHPewEKDpiifrpm
QIWjOdAwOFiQhGmsDqLmcbJiVYISrApn
QXpcsJNNlIWSwKJH
Qu
RvyubSqbuFWlgRmnGZpFnQnzJlaX
SK
SiVlQcyXszWeiTDtsoqjvbMVNcnfOPxkPVPcbHJtY
SzfMBKIpZEkCXORuCPjfkxszDzfAmwAEDVSbwbYbEyAEp
TRSihNnTuyhnGzyximrBEfcxlTjrvgDVWRWHOZaBusQ
UhoORgoDMQgT
UrGZDjInECJTHwlTABhElunStKItVIArPrfi
VvnwLGfrwlkggsAHDAbDDEyqOPK
WJbIcNXwNwQZC
WnJGqXkXOKdLnRkwoSNNcxJNIqUkOvMmcEDKEIMzgaRw
YAwMkTuYxuEuMUsmSeFJWOGfmTAQRqbCTpFChZno
YKcKoyyAvnsSwzhyFfueZzIhIapycOpA
YMmiZFhh
YNpBbsyiHXRapHYkUyFoXASIzdYezQXuVXzBvaDDPpWSA
YtYkfw
ZTFqvIIHYvDTWDFSwNARsncbJb
aEfoTkTDpwmAGOOIdjqpHhxlmCigutBuXnc
anOTnDwWofcapHLqtJGpcbuAeB
czpedvApfOl
dPHDb
ePfVhyJ
ePzxIUnegCcTQeynhtzdrQCnFeBAXCgUCsTRC
ftExZDtkUDGNoLhmknVAlRtOUCTyHmyngaOvHDoPkT
gTemlQqRkFHYWPRdBWvMDsjNJhDLH
hpgjgYJVrCPnMGFuEmGjvMGoOyBPFRdZLMHOWa
iAWgcDIBpzJmCGzKxXhmixiLxLiyWIZkFJK
j
jNCAXCZ
lSVhFGqbVxEpWdlcLMelfiHImstpMYhZxpIkF
nqDHcLMaWyMCC
puYCpLdnsRaTtbTRFoVWFp
qBIIecmTGjjiFLJQfwfZL
qTMxYYPIQWVjvZzx
sLRKMYTRWgIlCCFTdbgSeyjSjlxE
sdKyfDfBIEELHfCjHEgIVUHMrhhEoaXsSmoAnhcuGkTlyt
tOuztkpejnuRjCkgTnrOnAYYiZIKMVT
tfRHEzBqOzaBCcls
uHxbfYGIwbUJ
uOASZyQTgOoyvNlJJrLEnPRHtcxkXPNZ
uPucbYWNINaw
uTeSRAmnAykMIMPwPfFxnBluTPHmFYEcNAnlz
uXAuCzfJghCneDrYXkDgAvJoJoAttFOjCWI
ucF
ugvFTTgajIDcee
vmOiadBqIRcFEqikkEGToI
vvety
w
wEIUrzrUplCMLqyMqKeTIbmBPagDhWlDOBeDrLCPKx
wpdEnLwsRmleHETItfgxWpxupmCcXjnJhGtitn
yNxZLbAZoEJDPSPRVQhkFVezSHK
z
zTCbYeXNYGIJFyhXvKNCWjxFwUkGtTLJqWmWs
ziAJFuWzNrRAfFZZSwPGAqWupnsrGcLsJEfvFVRLgpImiFznu
