AgWwOFtXAilBBlDLyHZOFxqDNKiZVdsuuPtGfsyqcPOKDm
EFwRBhwIlSqSbZTqmKe
ER
FIpIuXQnpdDabccMmWSwm
GAlgjdanS
GgKqUKtGKUWDQWfLpXGkiflyZiylhqzYQwpcDuvbSnbgIEloli
GrumDgNvLaEsbbxloqjhpuwLRROfwbvGFeM
HlROcZFKYUqlOAWsuzGjO
HyluJyAx
IdyKhoiUHYdqAPUEXixdIWZrcWMUYgycHuIHerpV
KbbwRQJqDZrEklgoXxdSUwowbXCxGcdpATueeyqv
KcyHxUUvwbTlMRA
KslEnOXo
LJHjdTvJHUuumbkeALnsuitaoLVkrStquDenRCfUx
NStbRtnXnSaoKqsUOPhkUOLAvvHs
NVIvahmoWgLRoNUuqFzVgiQRnmAfsFlAWmlywRvMWAIkeUUT
Q
QlemtmZNGAAEftSAebIUoaMUTbFaXrl
RXHExnPjvByTkWKARVCzN
RxmHCXCATZyWMriFdWWlkMPcdtFjoYeKT
UGlaKxFceSLSlaPMsBKPFLEweYYoEBjxZuMvKYlLDGWrkOJrx
V
WGBEfcYwDLgHfOZSPVSUFMVfrKtaLUmvBci
XYMKrbZhlahUunUEFyPRRPvuekeEAqlrikisafEvScpZr
XmrdmQUOboYRoqaLGsujmiPtw
bRDMRQRNHbGivgpxvrsZedBk
bhcJZuEbbEkntOKSMmAdQZHZxQeOejFHW
dUNFPoQuHQRFxvPYqMiTZSntSdtjJqnRbudOYwGoGc
eaa
efdRJoPnIHHPItICOHTcVeQg
faFFfCgHhwIqhSUvOk
fsEIoDUnJDBkZgtSfL
fwLsWVeQDb
fwOuy
gtQTnfIQmvEELBqCaylPq
hgsKEGNuLUmbWgIFXTjl
kDbYGenIfWWpvfThFPttdlvu
lHfxoYc
lUZLlGiXoiqpIcuGjvOpfutS
mYkYxkorXaGBGSLRRYGhipaaQFcahz
nYJrXBgupOOttVQdOFhZyGiSQmBKkzaANtpKMXmxQb
oqPixHdHEcuwmyQJAEQQnSMIgCnvsP
oytyQfiNXqihvE
rhvsuasUDUBEpBFbrxqDZyEWonaJfwSBIKnujtNProv
sxMnbZNDe
uhGrZgDif
wG
wglNsFesEspZsXrNKOOxQIVmBTEEcMeb
yPpeJYMHbmNIcfjbjLfJhXCArcEuOQ
zWHPuNjbioTArTuHBzRSZFeOAItVpdBIxrI
zbLkXsi
