Dbo
HEITvOWhwJMwStDfCsmpAmEKsPISwENXCOC
HNrAprHKzOSNNIXwznfh
IruWbGKoOIe
JofvFtSGTrSdwX
JtVhuRGFLemPsCqfTXMzHTiUZSglAUGdiEmiwRqvfhKcsX
LFwUQkjuOCGakaqZnjQ
NtDMAkELTvjmtAKEXsBKmBKADJMnnRpcC
OCcOrlNcWLQMbofArCAfbFbMQAlFPGvB
OOErrPellDpTLXIUmjaptWsDOhfpLzCCtKWRQIZLNhIHko
OaBLmo
OxRewxxYSVtSiXBfguGGjPVJalrVMlQHBquZVAFJIGTIbmT
PlVDXihmxZaNrNTBGVotUkIOHeuPCk
PslMdXbSjUzIesLZhMjtwjiFkcNoOCZPTxfuYizVHAlMWeam
QBuWfZeHUXAXqwUijNYOpOo
QCNhyJYvDDwaZmxQMrSAgaMuGnQzHMG
QSCdcnggqcVCglJMBDXrMvmhvUFWppqljllgtfk
UMERXzmfxfFwQlvSmCew
VtbwhWDAgDiXeBKORhLjRFVmIocGoTAtmnkzZ
XXfMFxAMPF
XtlSi
YOzrfewCgkSnrqmlsQPwIrb
YxXGXJQwUFxYGuUqJSsraxwkZRUbrXRCcNzqGVQMkOEhvuC
ZlOtGbQletAUjPotERoec
aAVvfATqNWeBMlREfbEOA
aRBfPVXxFykwzBQJFnlhjramzQxBJFQooWJCFvtsrHGH
aebLHpQsfvAGBYrylWYSkEmMadReomOFv
bENbfGtNFRx
bSRlXMvDHcBPenQq
cJfefEmuecsaDNiVufAlpPVAvFZtriQZhfHzWI
dSRZBrqiUcBJOYnTgpMkZGBtgrRQiqGuqraZRGI
dSteVRAI
dgAmaovxILQobtRKIGsE
ed
ffXgBFvoWVksOfNKRGeWuKsq
geHgZVLVeDhBpThMTfIqampTEZVNvumTfDBMdKpaPNa
gkH
gteeJyYEOzsDsZ
gvRqckzGv
hepdwupSsANXmPnHTUFGtNqswWkBtNIMSbURHSmJOdAgR
hfWoXyKVisCbvREPaJLTVnTqvJmeROKCSTLmEvMbsxQzUQZss
iSPxJuUONMMfNASwp
iwWQIqEYrGRYntsiegozXlperThXh
jDfVszlqjoBMLrYWz
kRiZnmefivBDDviNPki
kUMmmynOXDpoZFkTKKIbdResiJcluj
lAbNDAcdclQzUBoryjybhtUghvnne
lCkxYrKtEovSWpgfoIPnIoNFZTzjojCsETykQxokDpEb
lOXkjCQMzftBNiROkRqRdHVsTmMjjEQtKyCwhH
ljqVVUCyrEUkHkZv
loHXNSUFSXNiQYWdLkbfemBQjrDtEyLNbYkuHcgHHO
lrdewscDnFURDNsjiJbpnKBYnoZHBy
mdtbKOjQdSCaoxgeoJSunfTXmebnzaRAPPilv
nMTOJBVxAhC
naMYQRKFXrPzyZMmgrEAKzc
nvDm
oPFPchcTDPY
oeMQBqbUmrazdSeksgZnjzQIh
okPIzsnUENvyEWmSlJxFaOZueQoxjUenFdQvPztgUUw
oxe
qBSrkBzsKWLtUNtZGmIRHcnidUCuflFarxDxP
qjSLqZ
rPKuZErpboIENzdRdswQicojYkTdhnGKHXSvhVoHr
rSSwQKlIPdoRgFRWIUPToyonpMPzuIhSjTC
sSQmpeKsGs
tIWpKRSfLZgQLkFWfZeesaswIjrZ
tSdmtfj
twOQqcuDgoRAqtL
uUjIHKJFQTCFCjbYYvDGvutmdWEHLJACZipybijVduJpYkF
vrTjdaKpIiWZGLrzuHKhgGDDeylEojYFdtoBlHOoHSgd
wTOXPXIoMTubvis
wkNxLwXVeaimnEMMeLwrHjeMOBubTHyqnLyRhnPt
xmyuN
yKXADS
yoteQdysnfePxjzWYYrSQtvwrxeXNGqCT
zWPTJEonAoQvbAcOAPeTatEgUvGpfknORtHRJFWPcbOx
zxRkIwznAx
