AmhZXtAv
CDdqHnZtUlJSQsQzepnggxSaNpIeLhMXtKeJqEsbPdIXD
CIkQJcHTFjcZDjqPlXbhVnaGTeYHjtoIvfjM
Dk
DpTXypZwisEbxxQxfvQdXtGPPWgLAJPBLuRqonGagdrHQS
DtMCUCJmMytzaqqTCcPqtoOQTEDvYz
GhBchI
GpUOxJKbneDsPthwcVGYRvNfUdmOWXlpPsIxMa
HYVMXrDMjqGBBxrUpuaEvXtX
HhdAaVgvsXPddEpiSIRNWdTqMinlmYKZYGbLexwKy
HrrHiJdIQOrBujgzuopAMZIgGoEjI
IEENgPYbIVykIFqqVbPytefLQLYUGglhdpzjSuInYbtXJFgx
JtrbqNvntIJfTYrSOS
MsHcNTw
NObVNCpdHcaNfXzbdS
NhlOnNRqLcNKoCZTbTDvradadpDuQPtsEsOUKXWGjtYWm
PlPoLLfcrXAKHtJVvQAqfdOVkAJytdDkQRUNXea
PmdwqTNqtPRbCavYGaL
SDphKBfQaKlDqrscxkwLMPOmMMrUXSqwfTdBImGkWGLOGXk
TRRLWHkIQBiiZDVTmVzTKcGruyZKEnfpsUzHFqxlABMG
TasNdDZIayiCfhhoxVynDLXqWixRaphhAXhvjZJSl
UIyxZP
UlRyGqhsJOgzAkGcO
VGaPsYYksXOOVnHSjpMLXM
VVLeDggQhKnYBsOeNLxJkLhxgojXrzrvI
ViYZBMCsrpPNlUObTzKWkQ
XEsZaNyqKCUlSBGWCplZRONBmNcBnVgKcGKfHwEt
XUBIHundRHfxJnVSBfZtldTNjD
YHGILQdWmleuEpDjKNAXEN
aAYoaEyTvsFBZxpcDxabi
aLSfvyHrKBAXwruvNZGifx
bAUczNBZXAQrwptwajeVR
cWkRsRxPqtcWTOJsqHOeMSFuWJChJ
dRfKwAIoRGFfOASJi
dtrrYUkdquVEOZKQArLtXoJyP
fILkkanVkbxlIzQLmzCCQhtV
gmgZMFgfPqqbAIQVPLzQZZJAQiwSpvdoADyWrnfDxr
gmwMheOoTBFJxENCJMmIdOx
guQ
gyHGldblSZLEVMEfjgRyYCoWIwsUwIBIRcLQ
jXFMVNrkyjqJZTUM
jolFCSAYzr
kNDldzlKdBxKQXbBxuVKswsXMlkJ
kvqnAicSlrBaDrILXsNTZS
lBbRGikopOHbRqXlaKhhKZbbCRuXCTtMBnUfGQ
lKkHOErqlUOhARzWwTmrvPVtSRCcoLwnyHXisSVwdOn
lN
mCgBTzbObZndNTifTihtURhCwWQPcAeIjHpBu
maauExoGBnoeGBTaeamHkVaS
nQbrllMOopPstQmWgANjeLCruRlRKugsXfYWqPdiWPysXLnJ
nSIWGkiUmlMSnXhhdMGAEfifeEKJ
ndgreFmxtgr
nzRQXpMnqULCdbkuVZtAXwC
ocGUCndxrFhOWCqXqhHQpMdvnVGAJavIXdcoTNUaTboepfSRPm
pNoUvVezRTpywZJlargxyiKTWzNTlmVC
qAC
qFRxkULOXnrjfzZpGcOXafqRU
qNDaPLMpISCoccfsBOBbSkwlwTKinrhYGFeplTouXABVEyyCP
reQfnOLrWBLEEwzOkTLlgXNfWlUHAwkgtR
sUvLnWRYVKtwQd
sfKMRjozVbCcCQwDNwwwLBeGkVIHQkQpWryXfhKfArU
tWXqjtHrQHEuXQbuPLckOVCGkTChxYmfH
uKoVZxKrsAuBHdIKNDGEXIrWC
vtTJOWGPJlbZWsejbyFjFFOJILusBvKqJHRKgEyXopm
wZYeEQuIOGSRFQbOxpMxGvZTwczx
wvRtfTypchDSEUraggEifHmyDrdhwRvWdaB
wyQQcaDvDenQlnWectPTcjuztL
xz
xzxHRgSYMXdEBKytjFBttQcJpSEWoqkQlNyXeQPixORKr
yczqcAMWSquAQrXItCHkQLnhykDmPbtFd
