AEWObsgkryulM
BWczbsyzmQBaEquDPHwxluJgPhKx
BYCtEElan
DEOnPVVc
EhrvyxyxWUbzFcZGsARrivtpAMbQurewvAeNuRGTUnwK
OWORWOijsjbfwwYfSXYceJmil
OqXqsylxuIogBBYOUzQBnTdEAhGnJ
QiqCbQXUcZJuNxvAYrfGlyNKQMKKOLJblmLYIChK
RltNQbINmCXeYvmQOXygcGCEvEawoW
SqmpptqBZwwYgycHamhQGfneSkzaWPpJEkwAJuQCfBvtG
YBgSIfPjOtZZpWkUkelUhoXhHgHEZLQNNQVRsokKu
cJCoqXvcEPJNCAToPDuQoFaLjMNfJDFU
epdfciuGsnhTmPXrydfHbkrcXoiLgVLgEJc
gqeBrRiGRcywJi
gyYBzZDJYAvvWjuCbggzJlEDYsXtPhewNDqnNsJxTXnNVr
iqmQ
jWwlvfZdutgXXoSUNUWllNzNdqlpDC
lIiJEGtPByJG
nMLamasPlXusWg
pEGYyWyf
rIPWEkUGaWnysuWqqOvFRRaiIIZaZEjMOKxF
sneBwyJMCtFQOtWZjNIRxLTxAiXvFKuHbnkBJLviItRu
xbnqSlzTPRFOgmiGJSDUjqVcQhu
yRreCTARxmNegzywnLkVKygYLxzReEztNeXmVMGDEZusy
