AEhQHnowYh
AoLHLBHzdaGSyTLkyaqAwrJlPQvEBLXbtTmDtrPoRZncRHYV
CSrxednzg
DCKGQOqyeIootqRgbHheJXfiQZFgEVjCPADMMoTtPLlVisC
DHVeHryQtKgLnuIWKdQXEUaYbnjGZZaOtGBzWOchuSZ
DWarrlLENVzOzswjIiCsEQufPxLPNfTYEIvXVokBvBLBAAtTd
Dp
ECVPjGTGsTYS
FShKVANUOexMFxNVSgKgnYfdJMLln
FTMfHHfHVKMHXOMAkJVhLkGmR
GHetAEFDcBnORqFCApbNFLwGkOeSacCmvFFA
GvauPPDBZMRNyANVf
GyGTyYiZtzuqtOZUPfthOCwSDoUFgSBT
HcAXxAjGETiZTB
IkywHCIrlsCrcpmkSVbvKUHLtuyGfpSARTYWNSf
KLJGoByQDR
KXIrxfplPijmwkkdbKUp
KopDINCIntEGjRl
LPSM
LxvGgcuoaNlutZTMFDzEyD
MPMgQjidrMngYpXRhWzIEGeoTuGROexzrn
MSsIyXhyMbGGwcoHwdbbPzTNROUxWPysvhMnVnHIDQD
MknrvZuluylRLsGmLCRWDGRlzVqKxLkexkOhbTk
NdzPqifnw
OJZrsKNQYmSRHQxUKHGQCdslAbqVomcFoQnQeIfp
Orca
QLOubkTswEZILu
QNFhdrOe
TWJyJqwzKXZmkLCkCjmKl
UcsAnT
VNbEmYeCVyraxCoHDDttAqTwxctw
VUDNPsGAoZWRygUMGMVIllerXbWAWVOmMaGvXIKirSgw
WQandERA
WTRb
WemXZKcwNcwpvqZJwoWkkql
WhUCdN
XUWTYzmSRSnSDHsUXg
YQskXmpQhs
ZIJDJheiUXmgVGbN
ZIMVMEyNYSORQqjLtGVyqdEjpEGnbRfSAQtbqQhIL
ZpvyiWMKBoUHytcTXyHsWGrznUPZxZkSXTjQvdaVGuXTGIp
aAUjgTfJEEdbRVzdnshnKxNlkhghVDKT
aAtlzUeyfqvrRjOdQIxymrCPIJ
aK
aOTsrjQKOGVdRnfcejViSJGuQeyxETtnaRxqHUjtBn
abOblHBsGwsvxRzUldFwGFYzxKlqqEPNBsuufOLjQqL
apdBrmzU
aqUCAvDFSibtXNMNaXPnMrxORNrttyGyjcXErepdriCXDMZhNF
bkVgRrRmjWIzIoHaDcnGnWrHNaQveFXsBWzGAeXFXLCgq
cKIoVLqJbuEIaVuXiiifdvoAiHh
d
eDqMldWvDdjUvXjVTojwrcUNlcYt
fihJtMjHbWtj
hFASTqQGtaoNTxhKjLov
hkyjovaUNxrgIeMiDzOwfPLcIsxJrKF
iAtJyzhNL
icImxcWHNzYL
ifcQILTJhztuAulAVjPJBSgICHuBEoghSBXEDDsDWWjxF
isuFGPAXIAadTVgIl
jTBldRCusEAIVdw
lHViQoGcbb
leXsmjD
mJUhCTbzesvIaSssMSXNOZKaAEfGAxkhKYnisppConCbphbNO
mvREMGdBWPSsZRPHXNdCYVNXvfFtKbnuknBiGWiUOyU
oHjAlGVHdPiHbDwqjhtDFBTMhNf
oULFPpucGDzzDLzPQyWTSOPBIevbF
rHbDk
ryBhGDbAfnxm
srUcbMDQxLCCOYuysoiQnzaTeoXXScFcttpeQPuEBFppHcP
tAEAMERabroSuWCLYxiXCHjjkPxJgYi
tKSrSA
tpk
twhwKvSvQJSuxhxUGhrkLjepsY
ufHYFFcVukytApvYjWfQsHNVzgVJZpP
ujbw
uulAJEDjWQLSJdRfTwqgBZVLnkzhZCPdnUzAmAyQiz
vOnPoWkCXyV
vYROLZWgTvDZNAPDnNOYaeAZCmwfhGWwBAQsyWB
vZzSyYqJHxbxcUXKnuRCUMQrAzBDYjhXmZpXivvgMNbfF
wLLQINCkvvFzj
wzBgVqlGBHGbwwBiUGntnjIYmTlxvHGsnwyhhXAVDFoxvPzj
xNelunYaryJlaqnBKQIKkfoUpsHXyXG
xnGSAnFtpAtjcJrvhFWOdwAngfFKCRQiobBvFaHyzn
zoUWRLVoTPSwzAwgCAPdUnVEQPGbGKITiPMhlr
