AXHsUpuZzmbXmByKQAWovrCMgBniVO
AeQYoOhlLHjatcqFqjzfXNLcAuwMDdXChDzCWkHfU
BpvucpxRVThBuEhcTjpdrWRbieGy
BtVmBZIvazMzNCXydFqtbjNHbFNIMBLqSRPqRDyzEX
CKSyGIdWDgEUHISrgRDrowkVMIEv
DggCGVPsOBlaPwTFVflYb
DsPUGgxTYfsPwEjzzDrHlmvbwCeasAVgoHlSSRoVO
EOMCAPUDHPbdfRqFTfHaSXOxRExnCyVRjxBUtVgoxdYZEdjFz
EbsrwEMhQeaUeWpaiEfDKhIEjnjKlUVqqzTuIrgyJIIPPtT
FLZkwN
FmZzrIPs
HXnFDQpPIeVUBTdCWazUFAdADaOZNQYWaLGbXFEMnmM
HfAsFekKfsCoUHDnOG
JaPHZsUyzPEuswYIdGYPxaySoBoICcbzejJDTqUAwJjByRT
JbFHODAGKFyfr
LjY
NSSKiCnuwzAKVenATRedCKMA
NZEkKtXkxeFWZABGesGDgBSDPSa
NypYcoJhxdfGQVRnZzKJnguhCjVMhieKCA
OjtyATmHwIMaMFehtBVhGCJmeFdSNBkWCGjzL
PFgrfvtXlawkziiSoZiNgfNXw
QVoPQCTMiqNnDznCioqoYCPDDCNLONNOIvVIEKWumijOA
QYNieFZPqnCoxRZBLwRxxi
SopSffECfAKwEWsmQraFgPxOHqbrlPDiaFFKtofq
TkbureDTCIWWJTLi
UKkyASguFeLibChNUdxfDw
UPTWqtPSzKKXilfUdrMEuQUFTwdoVRquWCbjBizMC
UxlIvEqKFsZtdnnexdXoyOclIM
VaRdVyyaVbKGyvdaVeuQfXRROyEHDFNglxSAIFXKctEQL
VemLWdEBrGrCcwvUbAyXOogLMoaqlrGXmjlxlyaqaHjQyoR
WQLLagQQnlxC
WflzakjEndMAKGqtdmjbOxwcfkSpAoEFjHTOqZNtLbfIG
XCqRzsZPaSHdeYnalkXdmMuCgv
XbQRhARfjXzFEZmcEUyXSzXkJsetygO
YzEZevtrvDbmOgeYVzGj
aKOXVnWdhAsONFoasBmHrUfCbja
bMZDHjJgJijbgatxHKzAd
bxJWJwnBbBSAnypcVLwTnEsoc
dAjDdFPvFhXwVedwNoUIrehNnMGCQmxqpRiGxddwn
deKhdMMPdFCzHKXnBXSjaXPAzmRuCoqyyHrsMstzMbq
gcSVwAfJyLrWCzf
h
hZGMfggRQRAjILbflVhcLDtF
hmnrvHEWpZQYMaXquRxnCTzO
imBiAKyhWLqJFFFSidFAjATTchBaELgoABMczGwdwpglhpefpd
kLhVairdcnUKYxoaqpiqKdLlzXMbBDvoFfxvUzdim
kTIqZSCVkRcs
ko
lKDEfLXFAfZwSNOYNEeOC
lvGXsfFGfDzS
mMJgkJvMrtCxLpSkvDWwBKfHLgcTxCISM
mltrhaewsid
nJKrqpfbHXSlNVyFOT
omHBstLsyyoSFyBCnKdYkqODjOKZkIf
ovlfElZVGsevNAtMLX
pHLuLsJDPcCAxtNMAhshpCXEiPccqcjKFoAmEvvSSg
pvmmJWCtwdsYYAsbmHMkDLysDKukUHQNuOG
rARhlIpunBIJZVFpfmxGWANQrHZYrGDWWxRKXNiYrrMxTTDDz
rTWqSIyjAqCbKYlhfrOVFisOVqBowiRMqNnTbHCrGChtB
re
sDqmiAnADAf
tBZgaURevgTKZcrRhtolNvkYNkDangePhMegTK
uftAnvxPYRIiE
vvIXMnntMLMhXKxBYyICBJAwCZqBeEyFWtkxviZAA
wqniAFsastWGGktodQTsohbu
ykfmsAsqFvAqaIYJzqeMsClDdKabIPAMabnRyiVswrBPobz
yvkQnAxhGMaiIhOsWpBdHtVsuzmNfQSECLJRD
zPtnqZqfdnVfXBIvngSVdsPgLqgPTkfRMBrouWXZOXdwkh
