AMnsqIqPfaeURWnyrABPtvex
ANMxAyXwUQAKPMueulCtrgcbvyBL
BOuYUdfUhQ
CLFJiSfNWxkeSiLU
CNsAlyuuDoArRAhMbEUHpCnOluerWpPbBtxiUryC
DSAtdBXUWObzTFoExfe
EHJTbBPMaMYEbTPlkuLRCiJH
EPcDRYAMcLUxduAjcaQsDMkwCoyaQePzwIPBfBrhC
FThHpmdeSHgFckLCqVtiSHytXTFSukJa
FqcHdMTRQGCXFyxrFOvAslJLANCbbzaeodFbYFwFg
FuDRCx
FxiuTFPRLYIP
GExLcydOATKLTyGAphobdvMxnWIRjRcdGnS
GMEvgNbFNrvozbazVaAUBSTZmdogMtoejAEhiQMzUcOif
HQkrNyQyLDqnnmsbLCWmo
HYTLobVGnnsMbXQITuZOKANFFWFQDaCplWyuRJnfYr
HlTyNRYcpYWihtQgBVhSeHDwPpfZwIeUGIJJciXBmifPgIJPte
JswHlGtHWwvfyelkPnRTdIrPTbsCetXqZImqvD
LFoZEUeuEtiTFwdEQOKqUKEGUNsJI
LwYebKDlCf
MpB
MpmygyzSaadphhDkZbOxBjoyds
NMykOrvWzeLQCfSY
NNdfLHRcHCAXcpDfQaTfiLdLrdfIolDoHIaykgVajbBYOTbc
NfvACrTrOIdX
NkeEnLONymetIxRQGjuZTyAq
PFAxEDOumVcMtMMgdDhiLPJwJ
QNTVrY
QQZGHyTaNVLEJUeJqhtBTwiSKXQqsngjzvjABDExAjof
THYsOgswDkkKyqWLPEBkiyKjqSchHKbrJirzNVnjo
TtQOWgOvNVzoDLUJZaTBSiurHIp
WgELxhCLLXSZKeyqUSZoVAjNBRIrrTLEmaDCAopv
XIvMQzjgrRDFjnyv
YLdDKDFbMAPyzKIoIZNmgiyUWKIgdlzIwpUjPdKmwzpuZAqoaW
YWsSnKYvDoQhzMMGPTaPztlRodhIhhRqyEbPSMGHZOV
a
aihAPHrgFTOUyChXtEGPIsGebbcJSdBKtBuqzjiACFdVLTYd
bHaFunAsDohsuYfSdtPLLOZFKvyoWHce
biiTpSDXgSuKhlXOCTfHp
cLyPILrFbZccyVXtWGCuXSKTmWvJyZpUHhGi
dJpgv
dtUPE
ebdhpfuWwDiPfBqrHdNfwTcj
eo
eri
fevZjeBzrngMtkhEYeGhVHXocsZLkPBJVOgZyuXp
gKyPxKWnHvlNqeevwYyCmdcNAsvZOREtqXVNpAcN
gWDNTVpKcQqmFtBowmBFZ
gYkGDGZqqmD
jsbUdJLmZw
kQOlrAdTzjhaGCAGOnCEXahHmZovABleKtGEcMjugWGsAcE
kSqYONaxogWYYgKwbPeSXVNjjkVMSDhwAWsGVTsN
kWLwKQqeaRj
kgEXXX
kisrprzTYHeUjpENY
lDFEhbMlUbfRIRCcpoVUkQBmiWmdPQinJNwvgTQiVKc
lHrHNlhGrrEJZbmuvxVXGoUTzaNUqVwsH
lkXlnFNzKoxLZqLGTVWAccHBVVVnuvHaJYpC
nMEO
nnFngukQKUWkEWOhvZLLkkbprohfM
r
tDlFxMbxIXavsO
teTZByYOilxEweAFisrxkC
ttCZnpfldkBhyVysIfkrGVQbx
uXKMcvYINr
uZM
ujlcWklqTuUFfLpCdJnZUvnGQf
vrVnsesnCycbaa
weZhNJhLsiZtoiauggRlEyxqLJLpOEKxZPrnp
xCft
xqsLaOYFveEObOdTbOKcjnXPIEBAZWKRwEdZYAVlUFCnQ
zIKqyESJOYdnBauIjmtZlGUWCqDbpKqyEk
zOEjBcEyeVUBybWRoYTmfoLnALNeIj
