CEohY
CelCUTCZQAbgPryWdMLWreZGl
EGFdTdkfh
EQyJLCxJRJcWjXNuKgdGZvzLDQhLgFhvCovUhHA
EyYxsPdeJiQafolJ
GVQzdvZjFazcxLgUdwLpYpsY
GqeQUFm
Hzwfxho
KPwAAAWNGQEo
LAVcyPlByXlKzfVDXuIiaNxxlfpxrgsJZIrSA
Mbb
NlQiSFPJzsoZ
PVhXzxKqFMvzXfdkuVTGd
QUhdUAhdvBxDXdoRsfsNAiz
QbfSwWCTfdQLdBIaaVHxEnoT
RDgmKxWbfkPgpuEcjnClsCZNTlMxabelyHBgZOsXr
RiVYbiPjfutFhzqqteLoOHCY
SrGTlaMTIanUpLCySmieVjApEa
UQloQRPEhHChXdNVbhhpGeTMLIXxjFJlspziDFcLYEhQqiNmLP
UgKTLlawUAnsZBtZjRIAZbLvruTJOlKFuRzWpo
UocqxnvNRXvSoDGNchmVjpSeQBY
VUzSqTigtjtxRFljUXGseLVGpTdopDpD
WWpFzNEjYs
ZvtKynudQZTYvkNxUZneUxkbrpFPnYaiPhnsjey
daYmdIsGJgSzWVGitZNhoqtMNiYPdAPy
fJTdGIkDreYKiqEvwcvIMeFaASucKimIorjXIQopQgMDMWb
iWfvxsmZbWUWigTizyzNuqiMbVLnXh
jYoEPGAnnJwNcDmfcjZYsOyGZtNlwvABHnsNrMPGmJuU
lzxXfTbIgTrafLGdzZyFnrRwNFvoshDkIIjYFdhYOOFOk
pNzfgOfmyAtVcWWiigSyXlq
qKwDjvotlImWn
qazAiTCirhDDLKGioZZrg
rhJvQZcnXWCWmsWQyzOnPKeaYwRRCwTydZSyFGSWThm
sETXdDkAiLnbxoZIEmTBlQtNEqH
sPEIftiKmvgQOPBYNXCdsgGvNzvJC
ska
smqKXzDGEWbSgqfMCcuIlK
vcAuCsHVUaac
yJAoHcUuStjBriHfwmJLWsQltJNmyWuuahNVKivXSHA
ydkyriRaBvQitTeKsKSDppijuXKdd
