1 80
2 50
3 59
4 11
4 12
4 39
5 26
6 22
7 80
7 87
8 34
8 50
9 26
9 49
9 60
10 25
10 81
11 31
12 87
12 89
13 73
13 84
14 37
15 18
15 29
15 48
15 70
16 17
16 71
19 54
19 85
20 43
20 68
20 76
21 71
21 86
22 38
22 44
23 46
23 83
24 25
26 57
26 70
27 40
27 65
27 85
28 53
28 72
28 76
29 73
30 60
32 64
33 50
35 53
36 56
37 72
38 62
38 75
38 89
39 52
39 64
39 88
41 59
41 78
42 61
42 71
45 49
45 50
46 79
47 65
50 90
51 83
54 71
55 62
55 74
56 88
57 63
58 76
58 82
59 62
59 72
60 64
60 83
64 77
66 81
67 68
69 88
70 85
81 85
