(62 -> 1) = -69
(62 -> 2) = -14
(62 -> 3) = -39
(62 -> 4) = -31
(62 -> 5) = -64
(62 -> 6) = -65
(62 -> 7) = -55
(62 -> 8) = -21
(62 -> 9) = -63
(62 -> 10) = -18
(62 -> 11) = -36
(62 -> 12) = -43
(62 -> 13) = -51
(62 -> 14) = -40
(62 -> 15) = -77
(62 -> 16) = -59
(62 -> 17) = -50
(62 -> 18) = -23
(62 -> 19) = -13
(62 -> 20) = -29
(62 -> 21) = -46
(62 -> 22) = -9
(62 -> 23) = -33
(62 -> 24) = -42
(62 -> 25) = -7
(62 -> 26) = -20
(62 -> 27) = -35
(62 -> 28) = -27
(62 -> 29) = -12
(62 -> 30) = -2
(62 -> 31) = -24
(62 -> 32) = -41
(62 -> 33) = -61
(62 -> 34) = -32
(62 -> 35) = -62
(62 -> 36) = -16
(62 -> 37) = -4
(62 -> 38) = -54
(62 -> 39) = -5
(62 -> 40) = -34
(62 -> 41) = -66
(62 -> 42) = -56
(62 -> 43) = -30
(62 -> 44) = -28
(62 -> 45) = -49
(62 -> 46) = -78
(62 -> 47) = -52
(62 -> 48) = -74
(62 -> 49) = -75
(62 -> 50) = -25
(62 -> 51) = -8
(62 -> 52) = -45
(62 -> 53) = -73
(62 -> 54) = -1
(62 -> 55) = -10
(62 -> 56) = -72
(62 -> 57) = -19
(62 -> 58) = -47
(62 -> 59) = -44
(62 -> 60) = -76
(62 -> 61) = -57
(62 -> 63) = -37
(62 -> 64) = -53
(62 -> 65) = -22
(62 -> 66) = -26
(62 -> 67) = -58
(62 -> 68) = -68
(62 -> 69) = -11
(62 -> 70) = -67
(62 -> 71) = -48
(62 -> 72) = -79
(62 -> 73) = -17
(62 -> 74) = -71
(62 -> 75) = -70
(62 -> 76) = -38
(62 -> 77) = -6
(62 -> 78) = -3
(62 -> 79) = -15
(62 -> 80) = -60
