(22 -> 1) = -3
(22 -> 2) = 100
(22 -> 3) = 134
(22 -> 4) = 57
(22 -> 5) = 91
(22 -> 6) = 51
(22 -> 7) = 118
(22 -> 8) = 59
(22 -> 9) = 32
(22 -> 10) = 6
(22 -> 11) = 70
(22 -> 12) = 59
(22 -> 13) = 39
(22 -> 14) = 55
(22 -> 15) = 72
(22 -> 16) = 91
(22 -> 17) = 45
(22 -> 18) = 28
(22 -> 19) = 60
(22 -> 20) = 48
(22 -> 21) = 38
(22 -> 23) = 16
(22 -> 24) = 68
(22 -> 25) = 86
(22 -> 26) = 134
(22 -> 27) = 39
(22 -> 28) = 73
(22 -> 29) = 20
(22 -> 30) = 62
(22 -> 31) = 109
(22 -> 32) = 79
(22 -> 33) = 82
(22 -> 34) = 38
(22 -> 35) = 70
(22 -> 36) = 22
(22 -> 37) = 74
(22 -> 38) = 63
(22 -> 39) = 35
(22 -> 40) = 76
(22 -> 41) = -3
(22 -> 42) = 7
(22 -> 43) = 42
(22 -> 44) = 70
(22 -> 45) = 115
(22 -> 46) = 50
(22 -> 47) = 45
(22 -> 48) = 113
(22 -> 49) = 113
(22 -> 50) = 36
