8898
29757
16480
29324
24549
2052
5
897
9770
6175
8898
18907
32765
23193
18016
7824
9618
24549
19530
5741
2674
856
31841
12094
23583
2605
13613
21600
29729
694
17792
9770
18016
169
32359
22884
4240
12
985
5741
11166
20133
17115
4240
2605
408
24421
6175
5741
16276
13613
25341
19154
3010
9618
5217
2052
19154
30093
985
31673
2605
16287
18016
23161
15650
20133
21600
243
32755
22611
14925
4559
18447
13613
29
27550
13860
21600
985
15248
29729
29757
6732
23193
9577
27550
15652
694
29729
24943
32755
23583
23161
15650
460
22611
17519
23193
14582
32755
16480
1094
2674
14582
15652
24549
9770
13237
11489
19154
24421
31841
6175
14392
694
9184
22884
19535
3010
5741
19535
25013
13613
31841
408
897
6175
11166
25013
32307
30389
9577
9618
3253
897
16287
0
20673
19530
31841
5
16276
18375
2605
23149
20133
18907
20673
14392
12
20673
4132
5217
31673
17519
5741
694
17115
985
9574
897
15615
5741
169
24943
22611
3038
5741
20673
29
21600
8898
29514
28208
31673
7754
14439
18016
14925
14975
1
32765
11166
14439
17152
17115
29324
13613
2674
2605
22884
14925
17792
408
23388
2674
17792
14439
11166
28616
19530
169
16276
18447
19535
6175
11166
3253
1
19530
4132
16276
9606
18447
23388
22884
15652
14439
23149
31841
3010
11489
22352
9184
15615
29757
4240
694
5217
32755
28208
17115
13613
694
8218
22352
11166
22611
25341
11166
6175
9574
25013
4240
408
4151
4240
8898
31190
21600
7754
15248
24549
23161
31841
30093
32359
694
16287
8072
13613
9577
29
25013
14582
694
2605
21600
22884
14582
1094
14925
1094
14582
5
9618
19530
17519
15652
13613
14975
29324
6175
28208
28616
21278
169
13860
9770
16287
20133
21278
9574
9770
23388
460
23193
5020
9618
1
11166
3253
5
11489
15248
28208
8898
29
4240
6732
17792
28616
6175
24421
13237
1
8898
8898
5020
12629
9618
24943
13237
21278
9618
30389
32359
22352
28616
21600
9577
14582
5020
17519
3253
28635
13613
9770
21600
14439
12
14582
13237
15652
1
20133
8072
22611
9618
2052
4132
1094
23161
18447
30093
16287
29324
5
5741
22884
29729
4559
18016
4240
24421
1
31190
9770
31841
13613
6175
14439
29514
694
19154
14925
14439
13613
29324
20133
18907
28616
16480
7824
14582
14320
22352
25013
23161
14582
16480
29
16480
24421
408
9770
15650
70
17117
20133
29
23161
19535
29514
14439
4559
22884
14975
13237
4559
17519
5020
14925
14320
23388
21600
17115
24421
17115
23388
15650
18016
20133
18016
22352
13860
169
23161
29757
2
13613
169
5217
856
4132
12629
5
25341
9770
9770
11489
6175
243
14582
5741
22884
28635
29
4151
4132
32755
4559
30093
14439
2378
9770
23193
14975
1
8898
9770
32359
31190
3010
17792
1
14439
70
13613
9618
17117
4559
5217
4240
32755
5741
6732
16276
897
8072
5020
23161
14925
14925
12094
15652
11489
16276
16480
25341
1094
12629
19535
11166
1
13613
24943
22884
29
2
5
17115
23149
13237
14392
3253
6175
6175
5020
9606
23193
14439
14975
6175
1
9577
23193
23388
169
14439
32755
21600
11166
9770
9577
897
11166
985
985
4240
2605
16480
16276
25013
9770
20133
2674
8898
5020
31841
31911
21600
22611
23193
5741
14392
8072
19535
23388
1
32524
169
14582
23388
29
14975
897
9770
2052
28208
23149
12094
408
5
20673
18016
4559
15650
18016
169
2052
694
21278
32765
32359
29729
31841
22352
6732
897
1
15652
23388
13613
8072
985
5
32359
14975
22884
0
14392
4132
13237
32755
29324
9577
14320
2052
6175
18447
985
4240
21600
694
14392
16276
70
0
5217
5020
21278
2052
8218
12629
12
20133
12
3038
14582
12
5741
28635
8898
32307
22352
6175
9577
13613
4132
9770
9574
20673
14925
4559
4132
19530
14439
13613
169
23583
22884
21600
24421
14392
31841
19154
18016
29
15652
5741
6175
15650
8898
16276
17115
32755
29324
1
21600
32307
243
1094
14925
4240
3253
13860
21278
18447
8072
16480
22352
27550
15615
31841
17519
2605
22611
29757
11166
19535
3038
23583
24421
9577
20133
21600
9577
31190
11166
29324
2052
4151
1
24421
17519
30389
29
13613
28208
31190
14975
16287
18016
29324
23161
8898
32765
23388
18447
985
0
16287
29757
6175
18907
6175
31190
25013
17117
31673
1
25341
23161
7754
6175
29514
12
17519
7754
1094
12
856
22352
22352
24421
23388
897
2605
19530
13860
9618
29729
30093
23388
6175
13613
24943
14582
9770
15650
25013
1
23161
24421
9184
13613
408
29729
22352
11166
2605
28616
169
19535
2674
