8218
9606
16276
24421
29757
23161
24943
13613
11489
29729
2605
9574
29514
25341
1
28208
856
15615
22611
22884
169
17152
23388
12
11166
2605
18447
2605
22884
4559
13860
9770
3010
22352
29
9770
23388
14925
24549
13237
32307
14582
31841
8898
19535
14925
23149
18907
25341
985
22352
19154
16287
14439
14925
21600
70
14925
17519
11489
5217
23388
28635
460
1094
22884
2052
3253
29
169
1
16276
15652
2674
1
2052
8218
24943
30389
8072
19535
13613
22611
4132
4151
12
13613
21600
2052
24943
19535
29
9770
9770
985
17115
30389
14320
15652
1094
24421
9577
14439
4240
3010
6732
31190
4240
20673
13613
2674
30093
17115
14392
18016
5
8072
22352
31190
5
17519
7824
11166
5741
6732
32697
31841
21278
1
8218
13613
22611
9606
4559
32307
18447
243
24421
29324
4240
24421
31911
31673
14975
9770
12629
17115
13613
29729
169
13613
24421
19535
31911
16287
15248
5020
21278
25341
31190
3038
17117
243
22352
8072
70
1
21600
4132
7824
19535
5741
16480
9577
14975
30389
3038
24421
23388
12629
897
169
15248
14582
29757
31190
169
17152
14392
5741
30389
31190
15650
29
28635
18375
31190
12
13860
9770
9606
9577
23388
29729
13860
4559
28616
18016
13860
15615
32697
16276
2052
13860
8898
29514
22884
13613
243
25013
0
19535
14582
31841
6175
17792
14392
18016
23388
694
8218
460
22611
12629
5217
13613
15650
2052
32755
3038
5
4240
11166
2378
2378
15248
14925
9184
27550
12629
5
21278
14439
31673
18375
1
16480
14439
8898
9577
2378
243
6732
18907
22884
32755
70
13613
2378
22884
5020
31841
13860
15615
4240
22352
8072
5217
5217
460
2605
8898
408
460
20133
8072
22884
12629
694
16480
28616
4240
2
31841
6732
5741
