3038
408
6732
31673
11166
12094
16276
22352
12
5020
1
12094
23583
4559
29
19535
15652
11166
0
14439
19154
24943
27550
9577
5020
32697
8898
28208
1094
12629
30093
14582
408
24421
14439
19535
25341
32765
23388
31190
2605
985
16276
29757
9574
9184
6175
14439
23149
897
9606
22884
22884
21600
32307
21600
24421
22884
15652
1094
8072
856
14975
12
31190
23583
4559
2052
20673
14925
31190
5217
5
9577
694
22884
27550
18016
3010
4559
18016
12629
9618
4240
18375
22611
15650
2052
25341
4132
5
17117
14975
9577
19535
14439
29324
5741
5020
3010
14925
13613
14925
2
21600
2674
11166
11489
22611
4132
2605
11166
19535
22884
15652
19535
20133
21278
14439
18447
24549
15652
18016
243
243
169
31841
897
32697
15248
9184
9618
14925
29757
6732
985
8072
22884
1
1
856
7824
6175
8072
21278
5741
11166
14925
23583
22611
7754
460
22352
169
14975
32697
24549
2605
32307
18907
21600
19154
15652
22884
32524
32524
32765
25013
169
70
12629
22884
15652
25341
8072
7824
7824
13860
22611
2052
17519
11489
897
16276
985
29
21600
4240
14582
243
9184
12094
24421
16287
9770
16276
14975
29757
7754
5
4559
22884
7824
8218
9574
460
29514
20673
2605
0
20673
14975
9606
4151
17152
28616
31841
23388
23388
5
25341
408
19535
31841
9770
2605
11166
11166
11166
32765
11489
5020
460
16480
18016
31841
22352
12629
13613
9606
22352
19535
30093
19154
169
21600
6175
6175
9618
11166
2674
14392
21278
5741
8072
21600
16276
23193
8218
694
32307
14392
29729
22884
2052
29757
14925
1
11166
32524
15650
31190
17117
14392
27550
14439
12629
11489
5741
31911
1094
11489
32524
30389
29514
23388
2052
4151
23149
15248
22611
460
29324
21600
21278
14392
6175
29514
30093
23388
20133
6732
32755
8072
14392
27550
20133
15615
4132
9770
28616
2052
9577
5
24549
1094
6175
7754
24421
32359
16276
22611
2052
408
17152
14392
2605
9577
2674
19530
16287
2674
31190
25341
5741
19154
22352
19530
5020
17152
8072
8898
13237
6175
21278
19535
29
17117
28635
24549
22884
8898
23149
19530
9577
14925
2052
16480
24549
3038
20673
5
20673
5741
5
31190
17519
5
169
16480
4132
8072
15615
9574
1
19535
22884
9770
32359
17519
22611
23583
5741
8898
18447
14925
23583
2052
22352
22352
856
9184
9577
15248
408
70
4240
14392
22352
4240
16276
24421
19535
12629
30093
23388
11166
29514
694
32697
32359
22611
14582
11489
22884
9770
23161
2052
14320
4151
1094
13613
23583
23161
14439
32697
21600
18447
32359
23583
22611
3010
22611
6175
8898
23388
14925
22352
24549
6732
17115
169
408
23161
25013
14439
14582
6732
23583
14925
32524
14392
31911
6175
14392
7754
2674
31673
19530
16276
6732
14925
32755
25341
31190
20133
9770
31190
5741
5741
20133
694
3038
3038
5741
