5020
17117
23388
31841
16276
13237
4240
28616
9770
6732
2052
985
28635
9606
29324
6732
14392
29729
3010
2605
6175
32307
29324
5
18447
18375
9770
694
22611
4240
23388
7754
32765
22352
9577
15615
30389
32755
13613
4151
23149
11489
6175
23149
2
897
985
5020
9770
25341
32697
18016
14582
22352
17115
31911
32765
15248
32755
29757
14439
31911
23583
2
13613
1
18016
2605
24421
856
23388
6175
17115
6732
8898
19154
31190
16276
28635
17117
11166
5741
9577
169
23583
22611
8072
3253
2378
7754
4132
25013
8072
20133
29514
19530
1
32755
30389
29324
15650
32697
23388
13860
22352
9606
3010
169
18016
6175
14439
9770
24549
14439
18907
16276
8898
32755
9618
11166
31841
20133
22352
408
70
14392
22884
8898
31190
24421
23193
32524
25341
169
3010
9184
24421
16276
11166
4240
9770
11166
12629
408
29757
14392
18375
31841
29
3038
32307
20673
4132
12
11166
19535
4559
8898
29729
22884
1094
17792
985
15650
694
985
18375
29514
16480
408
6732
32755
13613
897
29757
15615
14582
70
460
23583
14582
29
19535
29729
0
24421
694
408
31673
24421
694
15650
19535
31911
13237
3253
32765
11166
7824
15652
9770
15652
7754
5741
70
16276
15615
7754
14925
20673
24549
14582
23583
12094
0
31911
32755
12629
18375
897
21600
6732
4151
2
14392
20133
22611
6175
5741
11489
14320
15652
12094
19535
25341
5020
694
2052
9574
856
985
2052
32359
1
20673
408
8072
15248
5
19535
12629
4240
24943
24421
14439
1094
15248
4151
17115
6175
20673
31673
14582
20133
2
1
1094
856
5020
23149
15650
5020
9770
9606
21600
15615
29757
14320
1094
19154
8072
2605
460
13860
20673
13613
31841
9574
17152
22611
856
4132
2378
14925
31673
11166
18016
12629
2674
4240
4151
3038
15615
25341
32307
30389
24549
23161
169
12094
15650
14582
25013
694
8072
22884
13613
4132
21278
12629
897
13613
70
21278
23583
4559
5217
1094
30389
14925
14392
12
19530
18907
14439
985
5741
3038
30093
17792
30389
29729
985
23149
15615
14320
243
5741
7754
11489
408
21600
11166
5741
6732
11489
5741
2052
15615
4132
70
6175
9606
20133
2605
9577
29
29324
22611
5
4132
9606
32359
0
19535
169
30093
31673
16276
32359
9574
17519
15650
29514
32524
28208
18375
14975
3253
4132
12629
24549
31841
5
23388
897
8898
6175
30389
29
856
12
897
28616
29324
19530
8898
3038
31911
32755
15248
8898
14439
29
32307
31911
19530
14320
3010
2674
985
23583
32359
3010
2052
1
32359
13613
14320
19530
5020
897
12094
23149
14925
9577
6175
21278
2605
3038
4240
2378
1
14320
169
9770
20673
6732
17152
28635
4240
8218
9577
5
25341
16480
25013
23388
243
5
18447
23161
17152
20133
29729
13860
25341
3038
4132
2052
12
5
985
14925
23388
3253
8898
25341
3253
29324
408
25341
2605
22884
856
31673
2605
8072
31673
694
243
2378
9770
31673
29514
985
460
408
21278
2052
169
23193
9574
694
18016
28208
1
7824
12094
856
29729
24421
897
4559
6175
9577
32524
14582
8072
17792
32765
17519
14582
19154
14582
2052
2378
11489
2674
3038
14392
16276
12
16276
19535
32359
25013
4240
21600
7824
460
2052
2605
16287
70
27550
1
14439
15650
4240
31673
29514
694
694
15652
20133
985
18447
22611
12094
12094
28208
5020
32755
14320
14975
29
11166
18447
16276
25341
9184
12629
14320
31190
17117
2605
4151
15615
21600
28635
31911
5
13613
23161
7754
5217
20133
16480
9574
28616
19535
16480
14439
21600
29757
8072
897
17792
16276
32697
18375
16480
5217
31190
22352
18016
9618
24943
14582
12629
856
14392
24943
29324
5
8072
17117
19154
70
1
15615
17115
14582
11166
694
15652
13613
17519
21600
27550
14582
23193
14582
31190
15615
4132
29757
7754
31911
2052
169
243
12
23388
8898
897
9574
2378
11166
17519
408
14975
24421
20673
21600
5020
28616
27550
32524
16287
21278
9618
28616
19535
22352
32524
8072
8898
15615
31911
28616
18907
9577
4240
15615
31190
20133
29324
460
17115
12
8898
16287
29757
7824
24421
21600
5020
24549
21600
22352
25341
25341
14320
24421
2674
6732
13613
32755
9577
16276
23149
985
2052
25341
17115
9577
460
5741
4151
7754
23161
21600
31190
4151
31673
31841
856
17115
4240
29757
2052
16276
32765
24943
17519
16276
32524
8072
24421
8072
9574
24943
8072
16276
14975
20133
8218
16276
70
12629
856
13613
17792
8898
20673
21600
13613
6175
14320
31190
12629
985
3010
29324
18907
23149
20133
14439
29514
23161
4151
19154
15248
6732
5741
5020
3253
13613
17792
17519
985
18447
20133
19535
2052
23149
985
29729
5741
5217
2052
19535
6732
4240
14925
5741
31190
22611
