14439
4132
8898
5741
18016
32755
28616
17115
29324
6732
1
29324
856
14582
25341
13860
7754
14439
897
1094
31190
16276
2052
5741
2378
21600
28208
9574
12094
243
408
28635
16287
2605
12094
31190
19530
14925
23583
2
19535
24421
5020
408
985
2052
30093
14582
9577
5
25341
897
9770
897
13613
408
24421
6175
16287
16276
31673
9184
30093
169
12629
23388
30093
14582
24421
32359
25341
23193
22352
32697
985
16480
23161
694
14582
5741
243
28208
9184
21600
11166
17792
1094
4151
11166
14925
4559
2
24421
29729
22884
5741
14439
28208
985
21600
25013
17115
28616
31190
4151
19535
22611
20673
14925
7824
32524
16480
18375
15652
13860
3253
11166
985
28208
13613
19535
17152
16276
4151
31841
14925
14439
20133
21600
20673
9770
31911
20133
5741
29514
28635
7754
14582
12094
14439
30093
19535
17152
23388
11166
5020
18016
25341
4132
12629
3038
31841
22884
243
8218
8072
23388
17152
32524
15615
3253
5217
15652
12629
9618
21278
5741
32755
12094
24943
27550
31911
16287
19154
8072
21278
13613
32307
5
14582
17117
22884
11489
169
31911
169
5217
17152
16287
6175
29324
32755
18907
23161
19530
6175
22884
19154
460
2378
169
27550
2605
18447
28616
14975
7754
5
1
9770
23388
2605
14320
14925
14925
6732
169
4151
19535
23161
8898
15615
12094
16480
169
14439
16480
14439
32755
14320
16287
8898
5741
18907
1
2605
2605
22884
29729
169
22884
408
13613
23193
25341
23388
5020
9606
18447
19535
19535
27550
2605
9770
23583
19535
32697
18016
7754
11489
30093
29729
8218
32307
28208
18907
14925
17115
17519
4240
408
20133
23583
14925
2605
29757
29514
985
15615
9618
5
4240
32755
169
897
9184
32359
29324
2052
15615
12629
14975
14925
12094
3038
856
16480
29324
19530
408
32359
29
9577
460
2378
29757
15248
23149
31190
23161
12629
16276
28616
13237
29
3010
29
4559
4559
9770
5020
5741
31841
3038
1
24549
5741
22611
3010
19535
5
22352
17792
2605
9574
23193
17117
8218
4240
18907
23583
4151
24421
18447
2
32359
22611
25341
25341
8898
4151
32765
12629
31911
28208
3253
