5741
28208
32307
0
15248
985
14582
28208
17115
17519
2605
5741
23161
408
16480
9577
15615
18016
20673
32307
2605
15615
8898
32755
14439
6175
16287
17519
23388
7824
15652
16480
5741
15248
14320
32765
14439
23149
14975
31190
2052
29514
22352
21278
2605
29514
897
32765
19535
19154
19535
169
23193
1094
5741
14392
19530
18447
9770
20673
15650
30093
8898
4151
4240
5741
22884
29514
22884
19535
15248
27550
13613
32765
14439
408
3038
14439
2605
22611
70
24943
4559
3010
8898
14392
27550
21278
5741
6175
32524
17115
23583
21600
13613
169
32524
14320
5020
2378
28616
30093
22352
32359
22611
897
18016
9574
1
5741
408
1
985
19535
32307
11489
20133
7824
15615
8898
5741
21600
14582
27550
20133
23161
14975
22352
6175
32359
28208
29729
23149
7754
14392
694
22611
13613
14925
25341
4151
13237
14582
16276
14925
9770
29324
9606
15650
14320
19530
18375
17152
8072
4132
8072
15615
19530
19154
31911
460
4559
408
9184
17792
243
5
11489
12
1
8072
2052
23161
14975
19530
27550
897
12094
22352
169
28635
16276
22352
17117
9577
2605
18016
4132
17152
2605
14925
2605
16276
29
3038
1094
5741
8072
2052
27550
5
15652
8072
28616
5
31911
897
23149
4151
408
23583
16276
8218
2052
11166
169
8898
31841
6175
9574
31911
31190
2052
20133
897
897
23388
169
7824
13860
5741
8898
9577
1094
9770
29
5
460
29324
14582
14925
4132
9770
17519
13237
4151
14582
18907
11166
31673
25341
14582
20133
27550
4559
20673
15652
25341
7824
31673
2605
28635
