23388
29729
70
24421
16276
17519
32697
28208
20133
30389
24421
24549
28635
25341
32755
9577
15650
14392
32697
694
30093
25013
29757
4151
14392
4151
22884
20133
243
24421
14392
7824
8072
2674
32524
19530
29324
2052
18016
31841
11489
5741
20133
23583
1
11166
13237
17792
20673
9577
22352
25341
2674
985
24549
3253
2605
16276
12629
31673
18016
8072
4151
6175
16287
5020
5
31911
897
32359
23388
23583
16480
169
24421
1
14975
12094
32755
9574
14439
28208
29
2605
0
31841
31911
460
29
29
4240
16276
16480
29757
897
694
9184
24943
1
31190
9577
7824
7754
31911
15248
11489
30389
8898
8072
19530
12629
5020
23388
32697
23388
4132
27550
14975
694
20673
5
21600
23161
15248
32765
15650
12629
5020
16276
408
15615
985
18016
29514
29
18907
9577
17792
2052
985
4559
25341
13237
31673
8072
17115
5741
460
11166
9577
8898
23388
2052
23583
985
12629
16480
16276
8898
18375
11166
31841
21600
856
9770
18016
18375
6175
2605
20673
21278
29514
13237
31841
897
18375
25341
6175
3253
32359
9770
985
14925
21600
16276
70
18016
31190
16287
13860
32765
2052
32697
19535
7824
8072
22352
29729
5
23583
6175
19530
9606
27550
5020
21600
4151
29
8072
14582
9577
23388
32765
12
12629
31841
16480
694
24421
1094
23193
11489
4132
22352
14975
13860
4240
243
9770
15615
9577
29324
23583
31673
14320
5217
8898
11166
15615
31190
243
3253
9184
2605
15248
11166
15248
17115
694
14582
18016
16480
31190
5
32697
243
16276
2605
169
32359
8898
2605
13860
9770
12
14975
13237
9606
460
4240
5741
29324
985
14582
17115
856
1094
3038
18907
9577
16480
5
2605
12094
8898
13613
2052
8072
23388
18907
17152
9618
24421
16276
3038
31190
5217
11166
31841
20133
8898
23161
1
9577
4151
23149
30093
9770
15248
30389
9770
14320
18447
8072
19535
20133
4151
9770
18016
985
30389
19530
12094
22352
28616
19535
897
16480
21600
28616
31190
7754
25341
16480
4132
5741
17115
22611
23149
5741
20133
28208
14439
18907
15650
32755
6175
11489
30093
23388
897
2674
22611
23388
243
897
5
21600
27550
2052
31911
2052
29757
19535
8218
29514
23161
28616
11166
18016
32359
1
23193
22884
16276
22352
9577
23388
4151
897
22352
27550
29324
14925
14320
8898
22884
16276
985
2052
17115
31673
6175
31190
4132
24421
14925
18447
7754
694
3038
1
5020
29729
27550
0
2052
8898
32697
32307
17152
29
32359
16480
2674
12629
25341
28208
11166
985
9618
70
15248
2605
9574
19535
29729
22352
169
5020
24943
1
12094
8072
31673
5217
14925
23161
29514
23583
22611
15248
31673
18907
6732
16276
16287
23193
29729
22884
9577
243
13613
29
460
24421
25341
9618
32755
8218
15248
2052
12
694
28635
694
19535
21278
21600
20673
17792
7824
21600
17152
14439
30093
14925
9577
18016
5741
14925
1
31673
14582
16480
5020
408
18447
14582
11166
985
13237
5
23388
24549
23388
19535
897
31911
694
27550
22884
5741
5
19154
2605
23149
9577
9770
11489
8072
5
985
16287
24421
21600
4559
30389
694
7824
22352
3253
17792
18907
9606
8218
23388
169
12
16480
4151
32359
28208
856
14582
29729
7824
13613
9577
0
8072
27550
17117
5741
4132
13237
4240
14925
21278
4151
169
4240
7754
11166
20133
4151
2052
7824
25341
5
9606
2605
408
16276
15248
16287
13860
1
28616
14439
32359
1
408
4151
2052
897
14582
29
13237
22884
8072
694
28616
19530
985
20673
31673
14439
18447
23161
4132
1
9606
31911
9618
169
694
1
15615
23149
4559
4240
17152
28635
12
13237
22611
8072
2674
1
9618
12629
23149
4240
12
29324
4240
5741
694
27550
31190
29729
29
19535
5741
985
5
31190
14582
5020
8898
31190
169
18375
16287
11166
243
31841
23193
29324
5741
29757
27550
18016
16276
4559
2674
23193
31841
3253
5
24421
2052
18016
8898
13613
17152
856
2
29757
2605
19535
24421
32307
5020
897
17117
169
13237
3038
31841
24421
18907
31911
18907
21600
22884
2674
7824
6175
23149
1
6732
23388
27550
30093
4240
5217
14439
25013
4132
13237
5741
12
13860
6175
694
17519
12629
29729
2
22884
29757
11489
15248
29729
30389
0
9184
12094
13613
2052
18375
17115
694
24943
23193
32359
22884
28616
15652
5741
9618
22352
32524
897
16287
18016
15248
23149
