9577
22352
13613
5741
17519
14439
16276
20133
25341
29757
24943
169
15615
5217
694
5
11166
1
18016
29757
32755
2
70
694
16480
12629
897
16276
3253
23583
8072
27550
19530
15615
4559
28635
11489
985
856
9770
5217
13613
11489
5020
22611
5
985
3010
19154
25341
28208
15615
14582
9577
6175
9770
3010
243
20133
3010
3038
11166
21278
6732
18016
23161
17519
8898
22884
24421
17519
29324
17792
17115
7824
9618
7824
21600
32359
3010
22611
25013
897
20673
9184
16287
8072
14439
14439
15615
13613
2052
17519
15652
24943
5
9606
2
22611
23193
5741
985
30389
31190
20133
28635
8072
460
70
2378
169
460
12
0
9606
25341
30093
29324
14925
32765
1
23388
9574
5
13860
460
9606
31190
985
19530
14439
24943
31841
9184
0
24421
8072
16287
23161
18016
8898
23161
30093
8072
29324
8898
9606
12629
16276
19154
15615
18375
169
21600
17152
18016
3253
29324
18375
9184
32755
408
25013
9577
70
460
4240
4559
6732
12094
17792
30389
24549
17115
2605
9577
4559
4240
14582
1
22611
24421
19530
32697
19535
29729
23193
24421
2605
21278
9184
17519
14439
15615
30389
15650
18016
32359
169
17117
9577
29324
24549
16276
1094
21278
30093
17519
29324
28635
2052
2052
13237
897
23388
32359
17792
408
14925
9184
17117
31841
9577
31673
29
24549
14925
18016
32359
3038
7824
14439
22884
29729
9770
243
17117
31911
2052
31190
8072
21278
23161
20133
17519
21278
14439
24421
11166
460
14392
23388
14925
897
14925
7754
1
31841
9770
14439
9577
31190
6732
31190
30093
25341
2605
169
8072
5020
21600
23193
3010
22884
2378
11166
16276
27550
