408
5217
169
17117
28208
24943
17152
31841
19535
2674
17792
23388
18447
20133
14439
31841
15652
13613
9184
18375
19154
4132
12629
7824
22352
2605
13613
169
32307
18016
17792
14925
694
14925
28635
4240
23161
25341
22611
30389
18907
4559
856
2674
18907
25341
32524
14320
22352
3253
2605
22884
14439
18375
19530
2605
30389
29
6175
243
23388
24421
18447
29514
7824
6732
2605
29514
6732
2052
21600
12
32765
25341
1094
8072
5
27550
17117
23149
5741
19154
23149
23388
14925
17115
32524
2674
23388
2
28635
22611
20673
1
14439
5020
14975
4240
20133
3038
16276
8898
18907
9618
3010
30389
29324
4151
14975
21600
28616
32755
11166
20673
897
2605
12
4240
22352
70
6175
22352
8072
32307
8218
22884
28616
18447
16480
15615
31190
13237
29
9184
17152
29514
14439
18016
6175
19154
16480
32755
9574
28635
169
4240
4240
897
12629
29324
20673
18907
21600
985
23388
20133
70
31841
32524
31911
20133
14925
17115
16276
12629
31190
13613
30093
11166
8072
28635
5020
5741
2605
23161
23161
16480
17519
12
11166
16276
31673
5
12629
18375
21600
12
13613
7754
14392
460
32697
20673
8898
23388
29514
694
29757
22884
17152
17152
2
897
6175
15615
18016
16480
14439
15650
13613
1094
897
70
21278
29324
23583
19535
9577
28616
25341
29324
29
31911
6175
11166
13613
0
14975
12094
2605
6732
13613
22884
18016
9577
408
7754
17152
4151
11489
16287
4240
32307
14320
32359
19535
32524
14320
22884
30389
22352
29
18375
13613
9618
2674
7824
21278
18907
9770
14439
2052
19154
14439
23583
11166
7824
24421
27550
6732
25013
32524
17152
24549
29729
31841
985
6175
29
20133
8072
694
8072
694
23388
12
14925
32765
6175
14582
23161
9770
19535
25013
13613
9606
29
14439
12629
17152
9577
13613
23388
15650
19535
897
16480
15248
32524
22352
897
25013
856
22611
169
5
19535
11166
16480
29757
8898
6732
31841
2605
7824
19535
24549
19535
25341
1094
32524
1
0
21600
2378
70
243
29729
460
31190
29324
24549
9770
29
8072
460
13613
20133
32765
16287
24943
408
28616
1094
32755
9770
12
29324
8072
23149
8218
18016
4240
32307
29
11166
19535
29324
28616
4240
11166
22352
2052
23193
12629
12629
21600
6732
28635
18375
16287
8898
14439
169
5020
6732
30093
19154
14392
24421
28208
9577
30093
20133
6175
23388
29324
2605
19535
0
9770
0
13860
32765
18016
19535
24549
29
23388
14582
13613
29514
3038
29514
9577
897
14925
6175
12629
408
31841
169
15615
19530
21600
17152
29757
19530
32307
22352
27550
14439
9618
23193
24421
16287
8072
21600
17792
5
2674
460
169
20133
17117
9574
30389
8072
5741
15615
14320
22884
9574
1094
23149
5741
28208
19535
243
4132
20133
19530
9606
18016
14925
1
23161
29
32307
7824
9184
3038
31841
25341
243
985
4240
5020
14582
31911
18447
31841
25013
8218
28208
2
22352
7824
15615
7754
9577
31190
19530
2674
5
14925
6732
5741
32524
29
19154
4559
22352
11166
23583
11166
12094
2605
6732
14320
7824
13237
8072
20133
2674
1094
11489
9606
31673
1
14582
2052
5
4240
32307
25013
17115
985
13613
3038
8898
169
9770
14439
31190
9618
21600
5
985
31190
22884
17117
23161
9606
19535
3038
243
20673
15615
22352
7824
13860
6732
15248
9184
2052
22611
70
29757
18016
31673
5217
5
28635
11489
16480
32755
13613
24549
169
9770
19154
70
5
28616
8898
31190
32307
897
22611
24549
9577
3010
8072
14925
19154
14925
20673
9770
9770
24421
24943
14925
18016
30093
16276
6732
13613
985
2605
18447
18016
11166
21600
1
16276
23583
70
6175
4132
7824
12
32697
2605
31841
5
897
32307
5020
32307
5
4240
19154
408
6175
4151
24421
14582
1094
24421
1
6175
5741
15652
856
32765
9606
22611
17115
14925
9184
8898
19535
9184
5020
9770
4240
2378
29324
5741
5
9618
15248
22611
4240
23583
23149
14320
16276
14975
23583
25341
9770
9618
25013
20133
14925
21600
8898
8218
14582
14925
22611
