18016
4132
29757
14582
23149
8072
25341
18447
14582
15615
9770
20133
32524
14925
8898
4240
14582
2
17792
23583
985
24421
13237
243
31841
9574
2674
31841
24421
8898
18375
19530
16480
31911
5741
14439
18016
12629
31190
11489
5020
13860
1
32307
17152
24549
8898
25341
22884
2674
985
2674
14582
6732
28635
14975
4132
22352
897
14439
16287
5741
30093
29729
4559
8898
19535
8218
25341
18447
27550
30389
9577
17792
460
17117
2
15615
19530
12
4240
22352
14582
29757
70
31673
17152
12094
14320
7824
8218
21278
9577
460
169
694
23388
24421
11489
24421
18907
4132
4559
1
23161
9606
14320
169
17519
18016
18375
17115
15650
2605
15615
14392
30093
21600
23388
6175
5741
20133
2052
30093
25013
8072
19154
32307
9577
28635
13237
2605
16276
12629
24943
5741
4559
25013
12629
23583
31841
8072
12629
31673
21278
29514
856
2378
7754
20673
28635
22352
25013
985
0
70
14582
11166
21600
13237
18016
9618
11166
30389
985
15652
1094
16480
18016
18907
12629
23583
12
29324
15650
20673
18016
14392
8218
18375
28616
2052
19535
694
985
13613
32697
29729
4240
18016
3010
7824
25341
14925
2674
243
408
25341
32524
4132
5741
408
27550
2052
12629
5020
7824
5
243
985
2
9574
694
21278
3010
14925
29729
2378
25341
16287
11166
22611
5
23193
6732
18016
5020
18375
23388
13613
16276
30389
32697
897
32307
12
22352
31190
14582
9577
694
8898
16276
20133
4559
14439
4240
2674
31673
2378
7754
32359
31190
18016
15650
31673
2605
13237
243
15615
169
9770
14925
25341
18375
9770
13237
30093
4559
25341
21600
17519
20133
22611
11166
19154
18375
5217
6175
5020
16276
20673
25341
19535
23388
8898
2605
7824
29729
2674
5741
7824
8898
985
6175
897
23149
32755
5020
4559
17152
30389
15248
18447
2
4559
1094
4240
14925
8898
12629
16287
14925
27550
17115
29514
694
22611
12629
17519
32755
28616
4559
24421
23193
25013
1094
4132
7824
17519
13613
9574
14439
21278
31673
18016
8898
3010
14925
9577
897
21278
29324
13613
31911
25341
9770
3010
1094
70
2
17152
25341
14439
30389
460
243
29
9184
4559
408
32524
4151
6175
29
15248
1
18447
32307
243
9770
897
22352
408
25013
856
15650
0
31841
30093
9184
6732
28208
19530
9574
30093
19530
2
28616
14975
12094
2605
8898
1
5217
21600
22352
14320
408
17115
32765
31673
11166
31841
70
21600
21278
16480
14320
29324
856
14392
23149
28208
22884
17519
9184
5741
31841
5020
694
22611
23149
4151
3010
9618
18907
16276
7754
14439
14439
5
28208
24421
2605
897
21600
460
31673
31673
4559
9770
19154
5020
897
21600
8218
243
12629
22352
29729
32307
17792
21600
4132
4151
12
0
2
24943
25013
5
694
14392
24421
5741
31841
1
16480
1
14925
24549
24943
13860
22352
23388
23149
28616
13237
18016
19530
23149
8072
8072
31841
29
16276
16276
20133
24943
12629
4559
29324
9618
6732
15248
6175
18016
22884
30093
30093
13613
460
18016
3038
19535
12094
24943
13613
21600
985
19530
29324
29324
17792
23583
1094
5217
32524
5217
19535
23149
15615
18907
5
8072
28616
16276
31841
14320
460
29729
17792
