18 3969
1226 100
1551 100
2157 100
2474 100
3023 100
3374 100
3393 100
3769 100
4033 100
4180 100
4234 100
4443 100
4724 100
4838 100
5049 100
5076 100
5220 100
5494 100
5641 100
5788 100
5833 100
6156 100
6369 100
6711 100
6713 100
6751 100
6810 100
6997 100
7170 100
7420 100
7534 100
8543 100
8612 100
8957 100
9664 100
9816 100
1224 99
1308 99
1453 99
2051 99
2148 99
2319 99
2412 99
2506 99
2583 99
2633 99
2666 99
2723 99
2761 99
2868 99
2896 99
2898 99
3703 99
3758 99
4235 99
4480 99
4589 99
4694 99
5141 99
5866 99
6133 99
6303 99
6366 99
6411 99
6539 99
6917 99
7088 99
7127 99
7373 99
7827 99
8172 99
8199 99
8357 99
8405 99
8440 99
8551 99
8674 99
8698 99
8897 99
1169 98
1191 98
1205 98
1206 98
1477 98
1480 98
1588 98
1639 98
1761 98
2131 98
2167 98
2349 98
2408 98
2485 98
2678 98
2859 98
3123 98
3441 98
3852 98
4076 98
4108 98
4172 98
4211 98
4354 98
4543 98
4679 98
4788 98
4913 98
5099 98
5167 98
5553 98
5586 98
5626 98
5661 98
5807 98
5969 98
6649 98
6767 98
6808 98
6826 98
6958 98
7040 98
7254 98
7455 98
7559 98
7721 98
8138 98
8208 98
8721 98
8986 98
9018 98
9119 98
9373 98
9383 98
9547 98
9599 98
1060 97
1230 97
1687 97
1836 97
2010 97
2305 97
2325 97
2365 97
2957 97
3037 97
3103 97
3252 97
3356 97
3403 97
3508 97
3577 97
3623 97
3658 97
3916 97
3942 97
4057 97
4080 97
4105 97
4330 97
4469 97
4593 97
4885 97
5134 97
5515 97
5867 97
5885 97
6224 97
6281 97
6406 97
6838 97
6947 97
7001 97
7172 97
7206 97
7308 97
7352 97
7382 97
7551 97
7759 97
7806 97
7999 97
8293 97
8355 97
8716 97
8758 97
9258 97
9528 97
9828 97
9941 97
1043 96
1198 96
1204 96
1248 96
1762 96
2293 96
2869 96
3068 96
3254 96
3493 96
3588 96
3670 96
3689 96
3824 96
3838 96
3932 96
4151 96
4800 96
4845 96
4906 96
5251 96
5356 96
5637 96
5660 96
6130 96
6238 96
6249 96
7214 96
7272 96
8062 96
8254 96
8309 96
8445 96
8768 96
9019 96
9117 96
9322 96
9329 96
9426 96
9774 96
9950 96
1063 95
1137 95
1451 95
1635 95
1860 95
1881 95
2519 95
2578 95
2687 95
2773 95
2900 95
3180 95
3253 95
3334 95
3557 95
3808 95
3848 95
4103 95
4132 95
4611 95
4646 95
4655 95
5450 95
5859 95
5942 95
5945 95
6026 95
6029 95
6176 95
6223 95
6669 95
6765 95
6907 95
6957 95
7059 95
7061 95
7558 95
7762 95
7846 95
7920 95
8111 95
8151 95
8308 95
8570 95
8935 95
9223 95
9421 95
9537 95
1184 94
1333 94
1370 94
1554 94
1574 94
1652 94
1788 94
1809 94
2251 94
2302 94
2411 94
2541 94
2566 94
2860 94
2948 94
3082 94
3097 94
3155 94
4055 94
4224 94
4254 94
4381 94
4807 94
5055 94
5324 94
5534 94
5590 94
5623 94
5998 94
6033 94
6888 94
7589 94
7641 94
7780 94
8189 94
8190 94
8298 94
8389 94
8393 94
8741 94
8970 94
9307 94
9867 94
1161 93
1462 93
1815 93
2007 93
2118 93
2217 93
2368 93
2606 93
3035 93
3079 93
3148 93
3331 93
3394 93
3918 93
4138 93
4351 93
4460 93
4564 93
4618 93
4917 93
5137 93
5285 93
5338 93
5439 93
5480 93
6090 93
6096 93
6332 93
6402 93
6736 93
7279 93
7431 93
7649 93
7670 93
7793 93
8037 93
8458 93
8478 93
8637 93
8653 93
8796 93
8850 93
8875 93
9735 93
9737 93
9995 93
1078 92
1590 92
1591 92
1777 92
1793 92
2017 92
2273 92
2295 92
2353 92
2385 92
2545 92
2631 92
2732 92
3383 92
3676 92
3688 92
3711 92
3788 92
4013 92
4101 92
4249 92
4297 92
4313 92
4382 92
4668 92
5139 92
5396 92
5698 92
5706 92
5744 92
5940 92
6371 92
6585 92
6748 92
6870 92
6967 92
7405 92
7571 92
7856 92
7873 92
7977 92
7983 92
7991 92
8009 92
8103 92
8487 92
8526 92
8643 92
8681 92
8691 92
8699 92
8769 92
8776 92
8893 92
8952 92
8984 92
9238 92
9348 92
9468 92
9523 92
1424 91
1545 91
1672 91
1695 91
1716 91
2247 91
2569 91
2628 91
2803 91
3080 91
3164 91
3175 91
3386 91
3594 91
3779 91
3936 91
4302 91
4307 91
4544 91
5161 91
5175 91
5282 91
6213 91
6400 91
6665 91
7004 91
7080 91
7132 91
7175 91
7186 91
7259 91
7331 91
7646 91
7778 91
7808 91
8060 91
8230 91
8960 91
8994 91
9091 91
9303 91
9588 91
9809 91
1039 90
1431 90
1653 90
1955 90
2060 90
2168 90
2169 90
2240 90
2468 90
2543 90
2671 90
2947 90
3100 90
3122 90
3133 90
3157 90
3300 90
4243 90
4484 90
4579 90
4625 90
4678 90
4736 90
4827 90
4958 90
5267 90
5430 90
5545 90
5654 90
5932 90
6002 90
6120 90
6239 90
6322 90
6899 90
7121 90
7754 90
7772 90
7894 90
7896 90
7986 90
8209 90
8391 90
8497 90
8501 90
8578 90
8851 90
8945 90
9023 90
9206 90
9346 90
9367 90
9544 90
1274 89
1310 89
1497 89
1569 89
1670 89
1676 89
1772 89
2177 89
2370 89
2967 89
3064 89
3528 89
3980 89
4091 89
4165 89
4269 89
4279 89
4536 89
4867 89
5061 89
5102 89
5351 89
5492 89
5571 89
6166 89
6179 89
6297 89
6345 89
6466 89
6512 89
6763 89
6977 89
7147 89
7365 89
7706 89
7714 89
7753 89
7952 89
8156 89
8231 89
8347 89
8591 89
8686 89
9167 89
9195 89
9401 89
9644 89
1172 88
1331 88
1344 88
2518 88
2652 88
2932 88
3270 88
3419 88
3431 88
3604 88
3706 88
3823 88
4107 88
4434 88
4530 88
4559 88
4635 88
5677 88
5678 88
5810 88
5899 88
6038 88
6184 88
6267 88
6308 88
6987 88
7219 88
7370 88
7521 88
7628 88
7690 88
7861 88
8222 88
8334 88
8626 88
8685 88
8702 88
8734 88
8818 88
8899 88
9073 88
9153 88
9738 88
9760 88
9800 88
9853 88
1090 87
1148 87
1208 87
1549 87
1580 87
2020 87
2075 87
2079 87
2224 87
2467 87
2472 87
2516 87
2581 87
2786 87
2849 87
3039 87
3072 87
3497 87
4976 87
5068 87
5303 87
5572 87
5638 87
5708 87
6420 87
6451 87
6697 87
6709 87
7212 87
7544 87
7634 87
7871 87
8061 87
8166 87
8285 87
8299 87
8424 87
8828 87
8833 87
9033 87
9048 87
9164 87
9289 87
9630 87
1162 86
1258 86
1279 86
1417 86
1460 86
1507 86
1552 86
1587 86
1727 86
2058 86
2081 86
2394 86
2580 86
2818 86
3050 86
3283 86
3609 86
3655 86
3725 86
3894 86
3949 86
4257 86
4405 86
4436 86
4571 86
5010 86
5117 86
5594 86
5647 86
5651 86
5818 86
5836 86
5916 86
6017 86
6232 86
6342 86
6495 86
6877 86
6915 86
7020 86
7181 86
7597 86
7655 86
8620 86
8896 86
9162 86
9271 86
9374 86
9485 86
9561 86
9633 86
9947 86
9970 86
1046 85
1329 85
1341 85
1433 85
1531 85
1571 85
1675 85
1848 85
1891 85
1973 85
2479 85
2542 85
2798 85
2802 85
2983 85
2987 85
3511 85
3626 85
3763 85
3857 85
3896 85
4223 85
4303 85
4398 85
4516 85
4714 85
5558 85
6059 85
6286 85
6333 85
6599 85
6833 85
6882 85
7261 85
7371 85
7611 85
7716 85
7781 85
7814 85
8050 85
8125 85
8464 85
8465 85
8588 85
8904 85
8909 85
9026 85
9323 85
9366 85
9372 85
9419 85
9612 85
9635 85
9652 85
9706 85
9754 85
9820 85
9912 85
9989 85
1088 84
1581 84
1612 84
2357 84
2880 84
3424 84
3512 84
4495 84
5014 84
5725 84
6015 84
6027 84
6360 84
6410 84
6463 84
6642 84
6672 84
6777 84
6897 84
7012 84
8057 84
8171 84
8211 84
8236 84
8295 84
8361 84
9960 84
9961 84
1071 83
1144 83
1242 83
1246 83
1410 83
1594 83
1878 83
2014 83
2160 83
2507 83
2515 83
2675 83
2752 83
3573 83
3612 83
3782 83
4025 83
4273 83
4350 83
4727 83
4771 83
4836 83
4849 83
5086 83
5344 83
5402 83
5419 83
5757 83
5846 83
5875 83
6306 83
6403 83
6409 83
6587 83
6606 83
6680 83
6724 83
6760 83
6770 83
6952 83
7027 83
7047 83
7232 83
7515 83
7520 83
7679 83
7687 83
7732 83
7790 83
8366 83
8554 83
8614 83
8755 83
8931 83
9070 83
9244 83
9301 83
9311 83
9560 83
9755 83
9945 83
9964 83
9974 83
1260 82
1398 82
1461 82
1844 82
2071 82
2241 82
2378 82
2410 82
2768 82
2800 82
2890 82
3030 82
3242 82
3337 82
3372 82
3390 82
3766 82
4058 82
4117 82
4222 82
4251 82
4399 82
4699 82
5152 82
5213 82
5384 82
5610 82
5959 82
6307 82
6321 82
6331 82
6354 82
6435 82
6439 82
6749 82
7087 82
7092 82
7114 82
7180 82
7384 82
7409 82
7865 82
8181 82
8443 82
8608 82
8964 82
9382 82
9403 82
9583 82
9658 82
9747 82
9880 82
1194 81
1426 81
1483 81
1728 81
1729 81
2031 81
2117 81
2163 81
2195 81
2277 81
2821 81
2895 81
3139 81
3250 81
3469 81
3545 81
3558 81
3586 81
3737 81
3760 81
3902 81
4312 81
4418 81
5381 81
5827 81
5975 81
6259 81
6282 81
6305 81
6431 81
6608 81
6837 81
7377 81
7476 81
7595 81
7812 81
7910 81
8112 81
8116 81
8197 81
8475 81
8996 81
9072 81
9084 81
9236 81
9292 81
9607 81
9684 81
9856 81
9885 81
9887 81
1234 80
1334 80
1867 80
1900 80
1918 80
2109 80
2376 80
2592 80
2669 80
2674 80
2727 80
2767 80
3454 80
3547 80
3603 80
4106 80
4278 80
4792 80
5034 80
5409 80
5557 80
5943 80
6112 80
6498 80
6653 80
7105 80
7188 80
7266 80
8249 80
8380 80
8582 80
8733 80
8780 80
8999 80
9294 80
9411 80
9540 80
9785 80
9969 80
1122 79
1317 79
1515 79
1616 79
1617 79
1694 79
1745 79
1763 79
1835 79
2181 79
2445 79
2857 79
2861 79
3061 79
3212 79
3425 79
3563 79
3576 79
3629 79
3752 79
3815 79
3958 79
4128 79
4245 79
4789 79
5376 79
5385 79
5455 79
5676 79
5689 79
6154 79
6458 79
7122 79
7168 79
7333 79
7966 79
8376 79
8401 79
8505 79
8519 79
9242 79
9305 79
9450 79
9865 79
1266 78
2089 78
2716 78
2959 78
3098 78
3262 78
3392 78
3608 78
3736 78
3859 78
3881 78
3940 78
3971 78
4226 78
4713 78
4931 78
5015 78
5033 78
5462 78
5525 78
6159 78
6212 78
6778 78
6998 78
7220 78
7525 78
7563 78
7699 78
7726 78
7908 78
7976 78
8022 78
8120 78
8365 78
8436 78
8489 78
8544 78
8636 78
8853 78
8933 78
9054 78
9104 78
9370 78
9465 78
9647 78
9651 78
9914 78
1147 77
1243 77
1683 77
1719 77
1796 77
2390 77
2602 77
2634 77
3140 77
3192 77
3249 77
3324 77
3426 77
3432 77
3591 77
3638 77
3761 77
3770 77
4131 77
4225 77
4308 77
4507 77
4521 77
4739 77
4925 77
5675 77
5773 77
5843 77
5917 77
5921 77
6085 77
6195 77
6228 77
6253 77
6382 77
6421 77
6537 77
6768 77
7084 77
7089 77
7549 77
7711 77
7844 77
8161 77
8292 77
8427 77
8441 77
8546 77
8812 77
9055 77
1027 76
1069 76
1185 76
1209 76
1412 76
1542 76
1688 76
1853 76
1979 76
2232 76
2416 76
2471 76
2595 76
2614 76
2650 76
2724 76
2744 76
4089 76
4239 76
4324 76
4340 76
5255 76
5537 76
5615 76
6356 76
6559 76
6685 76
6701 76
6974 76
7283 76
7332 76
7728 76
8091 76
8126 76
8318 76
8356 76
8670 76
8877 76
9405 76
9425 76
9514 76
9727 76
9938 76
1091 75
1130 75
1409 75
1472 75
1976 75
2771 75
2778 75
3451 75
3637 75
3987 75
4052 75
4148 75
4272 75
4288 75
4339 75
4535 75
4952 75
5020 75
5648 75
6217 75
6615 75
6879 75
6935 75
7139 75
7216 75
7464 75
7647 75
8417 75
8538 75
8663 75
8701 75
9170 75
9748 75
1350 74
1491 74
1492 74
1938 74
2127 74
2194 74
2762 74
2797 74
2908 74
3084 74
3152 74
3382 74
3457 74
3529 74
3584 74
3891 74
4003 74
4048 74
4050 74
4387 74
4916 74
5013 74
5023 74
5059 74
5114 74
5130 74
5250 74
5392 74
5895 74
6087 74
6149 74
6692 74
6756 74
7224 74
7335 74
7432 74
7769 74
7904 74
8227 74
9003 74
9211 74
9287 74
9288 74
9334 74
9793 74
9819 74
9949 74
1095 73
1193 73
1257 73
1259 73
1935 73
2391 73
2453 73
2993 73
3151 73
3174 73
3208 73
3268 73
3909 73
4188 73
4256 73
4550 73
4853 73
5031 73
5164 73
5291 73
5293 73
5711 73
5817 73
5838 73
6284 73
6561 73
7128 73
7511 73
7545 73
7633 73
8617 73
8865 73
8944 73
9151 73
9159 73
9436 73
9496 73
9839 73
9918 73
9936 73
1318 72
1400 72
1455 72
1692 72
1724 72
1987 72
2138 72
2170 72
2196 72
2276 72
2464 72
2551 72
2575 72
3065 72
3161 72
3222 72
3388 72
3515 72
3888 72
3957 72
3966 72
3979 72
4175 72
4202 72
4328 72
5053 72
5273 72
5345 72
5893 72
6057 72
6199 72
6251 72
6416 72
6428 72
6660 72
6696 72
6902 72
7120 72
7273 72
7309 72
7598 72
7763 72
7988 72
8048 72
8106 72
8133 72
8186 72
8224 72
8762 72
8835 72
9220 72
9295 72
9302 72
9562 72
9843 72
1028 71
1042 71
1146 71
1232 71
1557 71
1629 71
1733 71
2630 71
2758 71
2973 71
3033 71
3054 71
3127 71
3211 71
3280 71
3527 71
3885 71
4192 71
4217 71
4220 71
4274 71
4505 71
4822 71
4994 71
5093 71
5225 71
5783 71
6011 71
6034 71
6070 71
6099 71
7062 71
7164 71
7385 71
7403 71
7575 71
7654 71
7738 71
7882 71
8041 71
8076 71
8121 71
8165 71
8297 71
9031 71
9724 71
9864 71
9985 71
1233 70
1575 70
1857 70
2069 70
2311 70
2905 70
3275 70
3438 70
3659 70
3680 70
3749 70
4012 70
4489 70
4639 70
5286 70
5447 70
5793 70
6010 70
6060 70
6136 70
6172 70
6367 70
6392 70
6774 70
6855 70
7297 70
7486 70
7663 70
7928 70
8281 70
8322 70
8402 70
8434 70
8530 70
8805 70
8997 70
9090 70
9166 70
9471 70
9589 70
9979 70
1352 69
1449 69
1511 69
1526 69
1681 69
1771 69
1782 69
1886 69
1923 69
2065 69
2561 69
2612 69
2749 69
2885 69
3329 69
3353 69
3406 69
3506 69
3764 69
3813 69
3831 69
3874 69
4196 69
4198 69
4575 69
4597 69
4638 69
4963 69
5488 69
5578 69
5709 69
5982 69
6109 69
6602 69
6727 69
6764 69
6766 69
6856 69
7651 69
7786 69
8206 69
8226 69
8324 69
8712 69
8718 69
8829 69
8867 69
9002 69
9112 69
9142 69
9396 69
9951 69
1173 68
1929 68
2147 68
2172 68
2242 68
2250 68
2352 68
2461 68
2616 68
2661 68
2686 68
2717 68
2783 68
3004 68
3238 68
3310 68
3549 68
3759 68
4119 68
4374 68
4468 68
4545 68
4556 68
4720 68
4725 68
4970 68
5035 68
5054 68
5063 68
5222 68
5306 68
5375 68
5413 68
5517 68
5671 68
5728 68
6127 68
6230 68
6449 68
6725 68
6969 68
7387 68
7426 68
7469 68
7650 68
7832 68
8033 68
8070 68
8283 68
8959 68
9350 68
9768 68
9841 68
9868 68
9909 68
9962 68
1100 67
1389 67
1541 67
1609 67
1623 67
1646 67
1824 67
1934 67
2679 67
2742 67
3318 67
3389 67
3503 67
3610 67
3985 67
4011 67
4035 67
4429 67
4696 67
4778 67
5127 67
5187 67
5262 67
5330 67
5501 67
5748 67
5912 67
6388 67
6527 67
6830 67
7000 67
7262 67
7281 67
7289 67
7657 67
7701 67
8182 67
8419 67
8466 67
8498 67
8719 67
8751 67
8797 67
8810 67
8841 67
8876 67
8969 67
9158 67
9168 67
9175 67
9202 67
9533 67
9905 67
9968 67
1105 66
1294 66
1357 66
1510 66
1527 66
1530 66
1567 66
1888 66
2260 66
2298 66
2393 66
2540 66
2994 66
3339 66
3440 66
3683 66
3747 66
3931 66
4236 66
4485 66
4677 66
4731 66
4754 66
4809 66
5077 66
5092 66
5198 66
5321 66
5362 66
5522 66
5778 66
5870 66
6083 66
6106 66
6121 66
6434 66
6739 66
7046 66
7474 66
7719 66
8212 66
8260 66
8274 66
8555 66
8705 66
8793 66
8956 66
9021 66
9087 66
9145 66
9227 66
9277 66
9424 66
9663 66
9753 66
9823 66
9902 66
1072 65
1119 65
1121 65
1203 65
1489 65
1517 65
1686 65
2356 65
2366 65
2520 65
2701 65
3168 65
3409 65
3856 65
4129 65
4233 65
4332 65
4415 65
4422 65
4956 65
5095 65
5158 65
5194 65
5233 65
5565 65
5754 65
6053 65
6209 65
6501 65
7374 65
8075 65
8086 65
8096 65
8109 65
8270 65
9321 65
9590 65
9908 65
9943 65
9984 65
1010 64
1347 64
1518 64
1749 64
1850 64
1904 64
1971 64
2204 64
2413 64
2439 64
2730 64
2796 64
2911 64
2936 64
2981 64
3748 64
3890 64
3962 64
4008 64
4010 64
4044 64
4656 64
4663 64
4708 64
4924 64
5040 64
5332 64
5566 64
5624 64
5715 64
5861 64
5905 64
6006 64
6022 64
6045 64
6396 64
6673 64
7163 64
7165 64
7363 64
7398 64
7461 64
7468 64
7566 64
7635 64
7767 64
8074 64
8083 64
8486 64
8503 64
8597 64
8774 64
9034 64
9123 64
9163 64
9185 64
9256 64
9634 64
9696 64
1056 63
1124 63
1141 63
1307 63
1537 63
2130 63
2228 63
2292 63
2440 63
2874 63
2961 63
3255 63
3288 63
3411 63
3773 63
3911 63
4183 63
4286 63
4547 63
4670 63
4804 63
5411 63
5604 63
5854 63
6001 63
6076 63
6119 63
6807 63
6866 63
7133 63
7231 63
7293 63
7358 63
7584 63
7683 63
7691 63
7718 63
7747 63
7773 63
7816 63
7906 63
8122 63
8387 63
8414 63
9246 63
9263 63
9332 63
9351 63
9752 63
1037 62
1049 62
1712 62
2095 62
2309 62
2804 62
3216 62
3358 62
3422 62
3686 62
3789 62
4093 62
4246 62
4497 62
4883 62
4927 62
5129 62
5329 62
5628 62
6164 62
6222 62
6493 62
6510 62
6996 62
7316 62
7445 62
7532 62
7538 62
7602 62
7863 62
8621 62
8878 62
9079 62
9330 62
9668 62
1032 61
1058 61
1114 61
1152 61
1154 61
1241 61
1420 61
1443 61
1657 61
1659 61
1861 61
2104 61
2221 61
2239 61
2406 61
2428 61
2645 61
2722 61
2817 61
2892 61
3042 61
3057 61
3246 61
3305 61
3316 61
3323 61
3790 61
3797 61
3919 61
4100 61
4114 61
4193 61
4334 61
4345 61
4529 61
4607 61
4844 61
4932 61
4950 61
4959 61
5146 61
5695 61
5794 61
5953 61
6197 61
6598 61
6655 61
6916 61
7234 61
7275 61
7587 61
8028 61
8104 61
8167 61
8317 61
9047 61
9369 61
9378 61
9662 61
1188 60
1297 60
1496 60
1547 60
1842 60
3146 60
3189 60
3375 60
4102 60
4177 60
4284 60
4450 60
4693 60
4812 60
4870 60
5215 60
5703 60
6138 60
6202 60
6733 60
6869 60
7519 60
7642 60
7768 60
7968 60
8012 60
8058 60
8184 60
8325 60
8327 60
8732 60
8885 60
9481 60
9609 60
9687 60
9709 60
9794 60
1108 59
1140 59
1314 59
1393 59
1458 59
1546 59
1600 59
1789 59
1911 59
1966 59
2076 59
2222 59
2422 59
2476 59
2589 59
2696 59
2766 59
2949 59
2980 59
3117 59
3470 59
3491 59
3554 59
3611 59
3734 59
4341 59
4455 59
4717 59
5003 59
5149 59
5819 59
5928 59
5957 59
5996 59
6346 59
6450 59
6468 59
6925 59
7013 59
7082 59
7263 59
7451 59
7510 59
7528 59
7915 59
8237 59
8312 59
8477 59
8565 59
8607 59
8736 59
8864 59
9126 59
9169 59
9225 59
9315 59
9659 59
9764 59
1200 58
1320 58
1519 58
1714 58
1765 58
1787 58
1916 58
2451 58
2463 58
2532 58
2537 58
2677 58
2828 58
2999 58
3229 58
3286 58
3582 58
3592 58
3729 58
3792 58
3807 58
3849 58
4026 58
4596 58
4672 58
4688 58
4784 58
5514 58
5717 58
6255 58
6314 58
6556 58
6972 58
7075 58
7141 58
7285 58
8191 58
8263 58
8280 58
8413 58
8605 58
8849 58
9017 58
9198 58
9430 58
9509 58
9808 58
9812 58
9825 58
9849 58
9896 58
9906 58
2178 57
2271 57
2282 57
2346 57
2490 57
2613 57
2878 57
2915 57
2964 57
3028 57
4486 57
4583 57
4684 57
4968 57
5125 57
5350 57
5407 57
5721 57
5852 57
5948 57
5986 57
6110 57
6124 57
6659 57
6978 57
7346 57
7645 57
7725 57
7740 57
8045 57
8315 57
8633 57
8809 57
9239 57
9282 57
9308 57
9339 57
9822 57
9911 57
1023 56
1305 56
1313 56
1439 56
1528 56
2124 56
2246 56
2299 56
2318 56
2478 56
2539 56
2665 56
2711 56
3049 56
3303 56
3860 56
4228 56
4378 56
4397 56
4448 56
4712 56
4825 56
4953 56
5151 56
5197 56
5437 56
5696 56
5771 56
5777 56
5993 56
6044 56
6145 56
6530 56
6860 56
6898 56
7093 56
7096 56
7199 56
7599 56
7739 56
9006 56
9042 56
9106 56
9268 56
9693 56
9757 56
9869 56
1253 55
1300 55
1378 55
1559 55
1752 55
2546 55
2816 55
2974 55
3129 55
3510 55
3840 55
4047 55
4666 55
4722 55
4768 55
4887 55
4900 55
5533 55
5719 55
5857 55
5864 55
6148 55
6315 55
6380 55
6491 55
6658 55
6843 55
6884 55
7301 55
7318 55
7488 55
7770 55
7864 55
8102 55
8203 55
8278 55
8341 55
8368 55
8504 55
9007 55
9062 55
9695 55
9726 55
1067 54
1177 54
1423 54
1602 54
1668 54
1795 54
1970 54
2336 54
2341 54
2427 54
2810 54
3295 54
3327 54
3713 54
3812 54
3951 54
4157 54
4537 54
5087 54
5115 54
5200 54
5530 54
6129 54
6283 54
6387 54
6432 54
6502 54
6990 54
7056 54
7491 54
7609 54
7922 54
8178 54
8569 54
8590 54
8710 54
9441 54
9501 54
9682 54
9915 54
9956 54
1099 53
1285 53
1758 53
2057 53
2193 53
2329 53
2473 53
2841 53
2851 53
3020 53
3089 53
3555 53
3708 53
3922 53
4016 53
4029 53
4154 53
4221 53
4911 53
4960 53
4999 53
5223 53
5443 53
6343 53
6379 53
6417 53
6429 53
6554 53
6704 53
6782 53
7290 53
7345 53
7440 53
7692 53
7923 53
7989 53
8857 53
8879 53
9765 53
1065 52
1102 52
1223 52
1513 52
1690 52
1734 52
1945 52
1950 52
2125 52
2208 52
2243 52
2455 52
2647 52
2670 52
3267 52
3311 52
3487 52
3523 52
3599 52
3740 52
3786 52
3809 52
3871 52
4333 52
4940 52
5082 52
5614 52
5755 52
6611 52
7019 52
7274 52
7388 52
7412 52
7789 52
7828 52
7946 52
8029 52
8090 52
8289 52
8383 52
8442 52
8664 52
8700 52
8729 52
8773 52
9025 52
9491 52
9734 52
1094 51
1132 51
1134 51
1586 51
1625 51
2050 51
2154 51
2770 51
2960 51
3378 51
3447 51
3495 51
3522 51
3660 51
3846 51
4195 51
4267 51
4585 51
4908 51
5241 51
5422 51
5423 51
5985 51
6093 51
6607 51
6644 51
6710 51
6953 51
7269 51
7280 51
7337 51
7433 51
7586 51
7680 51
7788 51
7855 51
8014 51
8027 51
8388 51
8418 51
8667 51
8826 51
9127 51
9226 51
9232 51
9325 51
9622 51
9629 51
9639 51
9904 51
9948 51
1019 50
1446 50
1543 50
1800 50
1986 50
2003 50
2200 50
2324 50
2432 50
2482 50
2491 50
2576 50
2676 50
2865 50
2940 50
2942 50
3119 50
3343 50
3361 50
3694 50
3738 50
3785 50
3799 50
4097 50
4124 50
4146 50
4182 50
4258 50
4419 50
4776 50
4783 50
4799 50
4899 50
5018 50
5090 50
5178 50
5424 50
5955 50
6220 50
6490 50
6743 50
6944 50
7077 50
7353 50
7372 50
7526 50
7668 50
7764 50
7779 50
7930 50
7957 50
8032 50
8040 50
8276 50
8566 50
8753 50
8785 50
8787 50
8844 50
8860 50
9341 50
9422 50
9454 50
9698 50
9866 50
9996 50
1452 49
1577 49
1636 49
1854 49
2377 49
2535 49
2734 49
2748 49
2765 49
2832 49
2843 49
2879 49
3184 49
3221 49
3526 49
3553 49
4407 49
4988 49
5052 49
5112 49
5523 49
5699 49
5832 49
6192 49
6252 49
6266 49
6278 49
6565 49
6648 49
7005 49
7067 49
7145 49
7703 49
7963 49
8542 49
9179 49
9194 49
9456 49
9478 49
9654 49
9888 49
1197 48
1328 48
1864 48
2119 48
2274 48
2419 48
2447 48
2811 48
2887 48
3467 48
3739 48
3793 48
4147 48
4162 48
4342 48
4408 48
4742 48
4797 48
4905 48
4909 48
4933 48
4993 48
5089 48
5181 48
5295 48
5421 48
5457 48
5526 48
6150 48
6525 48
6645 48
6788 48
6852 48
7383 48
7637 48
8269 48
8423 48
8704 48
8907 48
8922 48
9209 48
9224 48
9508 48
9916 48
1003 47
1388 47
1869 47
1928 47
2047 47
2265 47
2386 47
2397 47
2433 47
2487 47
2501 47
2554 47
2610 47
2635 47
3077 47
3757 47
4019 47
4116 47
4395 47
4554 47
4602 47
4608 47
4706 47
4828 47
4860 47
5030 47
5083 47
5229 47
5567 47
5693 47
5831 47
6074 47
6214 47
6456 47
6928 47
7713 47
8082 47
8306 47
8359 47
8416 47
8430 47
8901 47
8955 47
8981 47
9269 47
9300 47
9438 47
9712 47
9863 47
9886 47
1505 46
1663 46
1910 46
2320 46
2405 46
2480 46
2755 46
2943 46
2951 46
3058 46
3309 46
3314 46
3462 46
3538 46
3692 46
3794 46
3991 46
4327 46
4752 46
5075 46
6474 46
6676 46
6924 46
7041 46
7294 46
7581 46
7843 46
7885 46
7924 46
8173 46
8291 46
8338 46
8421 46
8476 46
8595 46
8852 46
9619 46
9729 46
9833 46
1017 45
1231 45
1264 45
1671 45
1717 45
2096 45
2180 45
2313 45
2431 45
2644 45
2685 45
2689 45
3008 45
3355 45
3377 45
3731 45
3798 45
4134 45
4204 45
4261 45
4412 45
4580 45
4619 45
4755 45
5150 45
5228 45
5493 45
5718 45
6320 45
6408 45
6531 45
6552 45
7017 45
7198 45
7317 45
7851 45
7995 45
8123 45
8469 45
8880 45
9014 45
9160 45
9336 45
9357 45
9484 45
9728 45
9766 45
9874 45
9946 45
1239 44
1362 44
1376 44
1644 44
1838 44
1961 44
2261 44
2496 44
2563 44
2585 44
2656 44
2824 44
2998 44
3031 44
3354 44
3805 44
4073 44
4176 44
4691 44
4692 44
4966 44
5387 44
5554 44
5662 44
6000 44
6353 44
6827 44
6963 44
8132 44
8381 44
8420 44
8525 44
8668 44
8873 44
8886 44
8929 44
9020 44
9390 44
9470 44
9506 44
9577 44
9602 44
9749 44
9758 44
9877 44
9881 44
9925 44
1012 43
1035 43
1107 43
1110 43
1156 43
1797 43
1939 43
1998 43
2002 43
2314 43
2514 43
2835 43
3183 43
3391 43
3461 43
3710 43
3982 43
4144 43
4337 43
4459 43
4491 43
4572 43
4606 43
4785 43
5242 43
5551 43
5625 43
5844 43
6210 43
6485 43
6521 43
6567 43
6635 43
6651 43
6986 43
7839 43
7852 43
7960 43
8625 43
8858 43
8962 43
9399 43
9434 43
9744 43
9756 43
9770 43
9899 43
9957 43
1045 42
1153 42
1217 42
1340 42
1401 42
1829 42
1843 42
2107 42
2438 42
2637 42
2757 42
2941 42
4409 42
4477 42
5005 42
5216 42
5316 42
5367 42
5399 42
6113 42
7187 42
7265 42
7824 42
7831 42
8331 42
8373 42
8778 42
8786 42
8846 42
9059 42
9306 42
1020 41
1079 41
1427 41
1525 41
1558 41
1735 41
2115 41
2207 41
2296 41
2460 41
2925 41
3109 41
3181 41
3485 41
3601 41
3628 41
3802 41
4388 41
4445 41
4592 41
4594 41
4791 41
4926 41
4941 41
5113 41
5243 41
5336 41
5498 41
5504 41
5512 41
5802 41
6084 41
6147 41
6256 41
6533 41
6633 41
6705 41
7064 41
7183 41
7211 41
7228 41
7327 41
7755 41
7757 41
8129 41
8141 41
8210 41
8399 41
8433 41
8738 41
8821 41
8898 41
8919 41
9071 41
9148 41
9187 41
9472 41
9788 41
9847 41
1002 40
1051 40
1070 40
1339 40
1403 40
1533 40
1720 40
1731 40
2073 40
2844 40
3277 40
3362 40
3458 40
3678 40
3937 40
4031 40
4465 40
4586 40
4891 40
4947 40
5180 40
5274 40
5308 40
5340 40
5400 40
5463 40
5471 40
5629 40
5792 40
5841 40
5990 40
6007 40
6048 40
6203 40
6279 40
6479 40
6566 40
6745 40
6789 40
6906 40
6930 40
7253 40
7300 40
7503 40
7547 40
7620 40
8020 40
8484 40
8839 40
8888 40
8926 40
9022 40
9097 40
9884 40
9986 40
1532 39
1666 39
1882 39
1924 39
2159 39
2256 39
2281 39
2372 39
2409 39
2709 39
2735 39
2808 39
2812 39
2930 39
2933 39
3144 39
3233 39
3260 39
3442 39
3548 39
3631 39
3642 39
3994 39
4054 39
4357 39
4793 39
4823 39
4864 39
4962 39
5354 39
5397 39
5440 39
5448 39
5564 39
5691 39
5761 39
5795 39
5830 39
5837 39
6062 39
6341 39
6656 39
6862 39
6932 39
6956 39
6965 39
7115 39
7138 39
7257 39
7292 39
7548 39
7553 39
7686 39
7866 39
7901 39
8316 39
8843 39
8900 39
9053 39
9392 39
9552 39
9601 39
9628 39
9661 39
9838 39
9845 39
1252 38
1441 38
1535 38
1899 38
1967 38
1990 38
2441 38
2582 38
2591 38
2972 38
3176 38
3210 38
3301 38
3387 38
3995 38
4356 38
4595 38
4765 38
4863 38
5169 38
5240 38
5360 38
5456 38
5474 38
5532 38
5595 38
6102 38
6480 38
6785 38
6797 38
6864 38
6949 38
7213 38
7264 38
7415 38
7439 38
7442 38
7837 38
8146 38
8584 38
8708 38
8725 38
8998 38
9057 38
1116 37
1641 37
1885 37
2074 37
2335 37
2389 37
2649 37
2910 37
3045 37
3088 37
3412 37
3444 37
3774 37
3865 37
4208 37
4252 37
4772 37
5140 37
5165 37
5275 37
5495 37
5673 37
5847 37
5876 37
5881 37
6079 37
6186 37
6589 37
6702 37
6853 37
6894 37
6989 37
6995 37
7024 37
7221 37
8042 37
8240 37
8245 37
8641 37
8782 37
8891 37
9216 37
9442 37
9621 37
9921 37
1160 36
1379 36
1627 36
1628 36
1754 36
1823 36
2137 36
2185 36
2218 36
2664 36
2684 36
3015 36
3071 36
3322 36
3446 36
3673 36
4071 36
4185 36
4318 36
4319 36
4366 36
4815 36
5081 36
5205 36
5596 36
5622 36
5680 36
5804 36
5925 36
6330 36
6470 36
6515 36
6638 36
7151 36
7179 36
7407 36
7777 36
8367 36
8496 36
8601 36
8602 36
8921 36
8972 36
9075 36
9379 36
9556 36
9637 36
1270 35
1387 35
1730 35
1811 35
2084 35
2470 35
2504 35
2721 35
2901 35
3062 35
3124 35
3349 35
3562 35
3836 35
4335 35
4364 35
4661 35
4919 35
4951 35
5021 35
5389 35
5634 35
5806 35
5937 35
6092 35
6157 35
6348 35
6640 35
6773 35
6846 35
6936 35
6948 35
7032 35
7615 35
7761 35
7791 35
7884 35
7981 35
8452 35
8500 35
8781 35
8887 35
9327 35
1061 34
1178 34
1481 34
1604 34
1632 34
3116 34
3172 34
3241 34
3366 34
3625 34
3723 34
3847 34
3992 34
4685 34
4888 34
5069 34
5072 34
5431 34
5878 34
6741 34
6876 34
6883 34
6955 34
7036 34
7225 34
7322 34
7467 34
7656 34
7708 34
7940 34
7970 34
8011 34
8051 34
8145 34
8241 34
8693 34
8777 34
9125 34
9129 34
9247 34
9283 34
9340 34
9402 34
1179 33
1250 33
1315 33
1386 33
1722 33
2121 33
2143 33
2190 33
2236 33
2280 33
3046 33
3096 33
3817 33
3938 33
3960 33
3988 33
4247 33
4283 33
4475 33
4515 33
4654 33
4779 33
4795 33
4880 33
4954 33
5104 33
5248 33
5741 33
6065 33
6100 33
6291 33
6426 33
6560 33
6646 33
6650 33
7028 33
7117 33
7200 33
7314 33
7744 33
7903 33
8004 33
8030 33
8271 33
8342 33
8533 33
8541 33
8706 33
8917 33
9083 33
9177 33
9893 33
1093 32
1125 32
1466 32
1778 32
1825 32
1887 32
2066 32
2140 32
2600 32
2825 32
3205 32
3423 32
3475 32
3616 32
3826 32
4002 32
4049 32
4209 32
4294 32
4360 32
4433 32
4628 32
4700 32
4760 32
5309 32
5639 32
5739 32
5763 32
5781 32
6030 32
6165 32
6182 32
6775 32
6814 32
6819 32
6939 32
6976 32
7014 32
7018 32
7197 32
7481 32
7624 32
7886 32
7897 32
7951 32
7985 32
8364 32
8745 32
9005 32
9102 32
9349 32
9353 32
9592 32
1024 31
1187 31
1237 31
1269 31
1278 31
1298 31
1371 31
1500 31
1721 31
1873 31
2266 31
2659 31
3465 31
3477 31
3950 31
4320 31
4482 31
4630 31
4902 31
5133 31
5276 31
5414 31
5459 31
5874 31
5944 31
5988 31
6319 31
6536 31
6796 31
6811 31
7386 31
7568 31
7614 31
7874 31
7927 31
8390 31
8894 31
9182 31
9186 31
9285 31
9291 31
9352 31
9395 31
9408 31
9525 31
9680 31
9859 31
9991 31
1014 30
1390 30
1936 30
1995 30
2094 30
2444 30
2756 30
2839 30
2856 30
2862 30
3873 30
3876 30
3939 30
4038 30
4095 30
4218 30
4270 30
4389 30
4467 30
4622 30
4710 30
4840 30
4965 30
4978 30
5237 30
5477 30
5898 30
5954 30
5994 30
6054 30
6141 30
6309 30
6364 30
6543 30
6698 30
7174 30
7196 30
7247 30
7368 30
7496 30
7524 30
7565 30
8185 30
8451 30
8515 30
8765 30
8815 30
8827 30
9077 30
9188 30
9527 30
9534 30
9903 30
1057 29
1330 29
1346 29
1744 29
2893 29
3141 29
3414 29
3908 29
4030 29
4441 29
4610 29
5302 29
5848 29
6317 29
6513 29
6526 29
6647 29
6677 29
6750 29
6880 29
6942 29
6954 29
6968 29
7053 29
7226 29
7236 29
7325 29
7419 29
7514 29
7533 29
7709 29
7743 29
7889 29
8174 29
8683 29
8817 29
9154 29
9276 29
9490 29
9565 29
9580 29
9719 29
1167 28
1168 28
1199 28
1563 28
1626 28
1804 28
1805 28
2028 28
2714 28
3342 28
3648 28
4104 28
4376 28
4424 28
4481 28
4534 28
4648 28
4777 28
4979 28
5342 28
5454 28
5609 28
5704 28
5705 28
6171 28
6237 28
6329 28
6378 28
6621 28
6790 28
6804 28
6854 28
7483 28
7540 28
7945 28
8170 28
8275 28
8447 28
8822 28
9024 28
9733 28
9799 28
9983 28
1009 27
1251 27
1773 27
1927 27
2145 27
2225 27
2382 27
2536 27
2916 27
2935 27
2952 27
3368 27
3478 27
3712 27
4018 27
4059 27
4280 27
4305 27
4829 27
5264 27
5412 27
5464 27
5513 27
5602 27
5980 27
6263 27
6265 27
6723 27
7102 27
7527 27
7678 27
7979 27
8001 27
8052 27
8508 27
8650 27
8840 27
8920 27
9064 27
9197 27
9363 27
9376 27
9377 27
9407 27
9824 27
9924 27
1004 26
1363 26
1436 26
1553 26
1576 26
1585 26
1711 26
1816 26
1957 26
2077 26
2161 26
2262 26
2289 26
2623 26
2788 26
2912 26
2931 26
2956 26
3070 26
3240 26
3256 26
3360 26
3777 26
3953 26
4082 26
4214 26
4462 26
4522 26
4555 26
4591 26
4695 26
5024 26
5028 26
5183 26
5193 26
5369 26
5467 26
5751 26
5753 26
5981 26
6035 26
6250 26
6324 26
6398 26
7487 26
7727 26
8375 26
8659 26
8703 26
8946 26
8965 26
8976 26
9128 26
9404 26
9594 26
9834 26
1111 25
1120 25
1138 25
1192 25
1447 25
1665 25
2253 25
2304 25
2513 25
2699 25
2792 25
2872 25
2988 25
3010 25
3326 25
3605 25
3733 25
3926 25
3955 25
3961 25
4242 25
4309 25
4624 25
4843 25
5039 25
5204 25
5550 25
5630 25
5687 25
5891 25
6025 25
6233 25
6384 25
6689 25
6809 25
6829 25
7169 25
7427 25
7954 25
8695 25
8848 25
9642 25
1170 24
1265 24
1359 24
1415 24
1897 24
2048 24
2488 24
2823 24
3217 24
3258 24
3455 24
3904 24
3912 24
4365 24
4637 24
5144 24
5173 24
5398 24
5446 24
5683 24
5732 24
5958 24
6016 24
6457 24
6494 24
6563 24
6690 24
6913 24
7111 24
7140 24
7311 24
7495 24
7722 24
7798 24
7869 24
7998 24
8080 24
8105 24
8147 24
8314 24
8352 24
8382 24
8460 24
8560 24
8581 24
8665 24
9400 24
9462 24
9480 24
9763 24
9873 24
1290 23
1312 23
1322 23
1395 23
1902 23
2044 23
2087 23
2226 23
2373 23
2706 23
2790 23
3094 23
3344 23
3583 23
3732 23
3825 23
3903 23
4007 23
4503 23
4541 23
4669 23
5064 23
5171 23
5370 23
5373 23
5529 23
5808 23
5910 23
6144 23
6280 23
6294 23
6522 23
6550 23
6624 23
6875 23
7042 23
7933 23
8234 23
8656 23
8684 23
8845 23
8925 23
8973 23
9035 23
9088 23
9457 23
9464 23
9516 23
9821 23
9895 23
1834 22
1932 22
1948 22
2364 22
2550 22
2557 22
2562 22
2819 22
3137 22
3207 22
3225 22
3315 22
3541 22
3714 22
3754 22
4111 22
4362 22
4509 22
4658 22
4709 22
4759 22
5575 22
5791 22
5974 22
6123 22
6260 22
6657 22
6878 22
6910 22
6979 22
7268 22
7310 22
7887 22
8142 22
8196 22
8456 22
8977 22
9105 22
9296 22
9381 22
9388 22
9762 22
9777 22
1349 21
1908 21
2042 21
2070 21
2564 21
3083 21
3237 21
3352 21
3453 21
3598 21
3653 21
3925 21
3997 21
4349 21
4839 21
5110 21
5257 21
5659 21
5745 21
5868 21
6142 21
6517 21
6772 21
6865 21
7078 21
7137 21
7239 21
7291 21
7531 21
7661 21
7702 21
7758 21
7902 21
8215 21
8294 21
8392 21
8404 21
8564 21
8690 21
8993 21
9052 21
9141 21
9732 21
9742 21
9778 21
9967 21
1508 20
1555 20
1798 20
1871 20
1876 20
1944 20
2078 20
2110 20
2402 20
2549 20
2605 20
2654 20
2692 20
2713 20
3056 20
3345 20
3502 20
3635 20
3654 20
3883 20
3935 20
4118 20
4317 20
4442 20
4519 20
4865 20
4936 20
5160 20
5277 20
5379 20
5420 20
5507 20
5686 20
5965 20
6024 20
6310 20
6359 20
6966 20
7499 20
7529 20
7582 20
7771 20
7934 20
8026 20
8137 20
8235 20
8255 20
8330 20
8349 20
8518 20
8794 20
8859 20
8916 20
9004 20
9814 20
1225 19
1524 19
1583 19
1741 19
1769 19
2043 19
2186 19
2248 19
2374 19
2434 19
3019 19
3209 19
3340 19
3408 19
3587 19
3800 19
4028 19
4069 19
4210 19
4230 19
4263 19
4633 19
4801 19
5062 19
5211 19
5597 19
5701 19
5785 19
5911 19
5984 19
6107 19
6162 19
6327 19
6654 19
6828 19
6890 19
6919 19
7501 19
7883 19
7993 19
8092 19
8256 19
8463 19
8480 19
8536 19
8660 19
8759 19
9208 19
9579 19
9623 19
9780 19
1022 18
1101 18
1113 18
1129 18
1573 18
1723 18
2038 18
2041 18
2080 18
2129 18
2162 18
2179 18
2201 18
2363 18
2571 18
3153 18
3420 18
3621 18
4168 18
4363 18
4367 18
4452 18
4463 18
4565 18
4890 18
4955 18
5253 18
5258 18
5263 18
5386 18
6582 18
6715 18
6920 18
7193 18
7304 18
7315 18
7319 18
7336 18
7621 18
7674 18
7684 18
7899 18
8326 18
8374 18
8514 18
8596 18
8742 18
9333 18
9338 18
9736 18
9931 18
9942 18
