40 162
3348 100
2111 99
4996 99
1668 98
2471 97
7844 97
8796 97
9983 96
1001 95
1646 95
2644 95
4230 95
4371 95
4625 95
2531 93
4597 93
5282 93
6197 93
6209 93
8446 92
8453 92
3868 91
5231 91
6600 91
7197 91
6640 90
9620 90
4268 89
6294 89
6342 89
7102 89
2211 88
3640 88
7817 88
8659 88
9185 88
3424 87
4112 87
5818 87
4991 86
9335 86
5535 85
5641 85
7497 85
9116 85
5303 84
7129 84
7913 84
8883 84
7136 83
3899 82
8355 82
7382 81
8405 81
7551 80
8835 80
2872 79
3958 79
1570 78
3493 78
8815 77
9433 77
6891 76
8296 76
9319 76
2353 75
3246 75
1568 74
8678 74
6839 73
7742 73
9904 73
2134 72
3158 72
3966 72
3993 72
6837 72
1961 71
6053 71
6652 71
2350 70
7566 69
4367 68
5691 68
7295 68
5710 67
8523 67
8826 67
4450 66
4995 66
5503 66
5573 66
5199 64
6815 64
9331 63
1272 62
4833 62
6530 62
9322 62
5372 60
5430 60
1732 59
5779 59
6445 59
4641 58
5504 58
3267 57
3898 57
1148 56
4354 56
7809 56
9291 56
3843 55
4074 55
7171 55
7389 55
8043 55
5597 54
6160 54
9917 54
2967 53
8022 53
9767 53
1276 52
2053 52
2280 52
7027 52
1944 50
5438 50
7314 50
9149 50
2854 49
3126 49
5521 49
7408 49
9943 49
4120 48
7954 48
5014 47
5485 47
9196 47
2347 46
3867 46
7501 46
1186 45
1290 45
1480 45
3847 45
8649 45
5709 44
8100 44
2838 43
9305 43
4416 42
7392 42
7976 42
9720 42
1563 41
2865 41
4935 41
1281 40
1435 40
