52 2599
1695 100
1748 100
1818 100
1925 100
1999 100
2200 100
2375 100
2604 100
3260 100
3362 100
3526 100
3762 100
4578 100
4742 100
4959 100
4984 100
5170 100
5479 100
5839 100
5844 100
5900 100
6046 100
6386 100
6558 100
6938 100
6994 100
7138 100
7192 100
7385 100
7539 100
7987 100
8076 100
8103 100
8131 100
8174 100
8244 100
8316 100
8356 100
9116 100
9320 100
9403 100
9659 100
9723 100
9881 100
1071 99
1218 99
1463 99
1508 99
1549 99
1648 99
1984 99
2083 99
2160 99
2192 99
2256 99
2747 99
2748 99
3314 99
3563 99
3798 99
3951 99
4137 99
4161 99
4327 99
4787 99
4862 99
4867 99
4956 99
5637 99
5695 99
5809 99
5853 99
5866 99
5939 99
6056 99
6346 99
6553 99
6739 99
6956 99
7048 99
7203 99
7316 99
7318 99
7523 99
7605 99
7697 99
7821 99
7915 99
8479 99
9230 99
9548 99
9820 99
9872 99
1104 98
1412 98
1761 98
1796 98
1928 98
2110 98
2150 98
2219 98
2390 98
2436 98
2464 98
2497 98
2716 98
2898 98
3079 98
3115 98
3551 98
3559 98
3856 98
4209 98
4309 98
4356 98
4597 98
5094 98
5105 98
5296 98
5329 98
5421 98
5565 98
6201 98
6417 98
6466 98
6605 98
6670 98
7047 98
7149 98
7298 98
7340 98
7677 98
7818 98
7870 98
8299 98
8511 98
8571 98
8914 98
8991 98
9074 98
9188 98
9343 98
9373 98
9538 98
9905 98
1177 97
1551 97
2018 97
2024 97
2288 97
2305 97
2417 97
2451 97
2454 97
2606 97
3157 97
3365 97
3416 97
3761 97
3815 97
3967 97
4225 97
4234 97
4479 97
4558 97
4714 97
4774 97
4823 97
4894 97
5178 97
5243 97
5521 97
5911 97
5940 97
6398 97
6604 97
7218 97
7299 97
7323 97
7469 97
7497 97
7532 97
7554 97
7647 97
7717 97
7739 97
7834 97
7878 97
8031 97
8165 97
8530 97
8613 97
8694 97
8714 97
8735 97
8862 97
9124 97
9194 97
9198 97
9278 97
9576 97
9701 97
1024 96
1086 96
1226 96
1413 96
1519 96
1528 96
1603 96
2387 96
2397 96
2738 96
2901 96
2908 96
3063 96
3276 96
3604 96
3700 96
4441 96
4638 96
4788 96
4924 96
5076 96
5143 96
5148 96
5246 96
5306 96
5529 96
5935 96
5941 96
5956 96
6226 96
6699 96
6804 96
6825 96
6977 96
7029 96
7056 96
7103 96
7185 96
7284 96
7531 96
7720 96
7795 96
7910 96
8080 96
8193 96
8532 96
8622 96
8842 96
8909 96
9200 96
9256 96
9313 96
9330 96
9853 96
9952 96
1202 95
1236 95
1539 95
1706 95
1776 95
2098 95
2477 95
2492 95
2954 95
2955 95
3034 95
3136 95
3162 95
3205 95
3307 95
3451 95
3605 95
3737 95
3885 95
4053 95
4066 95
4093 95
4116 95
4629 95
4809 95
5175 95
5431 95
5563 95
6394 95
7013 95
7028 95
7073 95
7077 95
7115 95
7118 95
7146 95
7197 95
7397 95
7998 95
8230 95
8354 95
8821 95
8916 95
9127 95
9131 95
9193 95
9243 95
9420 95
9435 95
9675 95
9793 95
1139 94
1289 94
1533 94
1855 94
2006 94
2113 94
2133 94
2228 94
2380 94
2499 94
2693 94
2719 94
3011 94
3054 94
3146 94
3329 94
3553 94
3626 94
3860 94
4240 94
4490 94
4665 94
4919 94
4979 94
5080 94
5117 94
5233 94
5276 94
6273 94
6438 94
6978 94
7093 94
7137 94
7420 94
7527 94
7534 94
7836 94
8399 94
8677 94
8701 94
8806 94
9140 94
9212 94
9315 94
9471 94
9552 94
9663 94
9777 94
9781 94
9813 94
9993 94
1350 93
1677 93
1795 93
1815 93
1829 93
1934 93
2122 93
2289 93
2396 93
2486 93
2523 93
2649 93
2782 93
3232 93
4122 93
4540 93
4560 93
4593 93
4623 93
4685 93
4829 93
4903 93
4913 93
4920 93
5150 93
5510 93
5512 93
5717 93
6043 93
6258 93
6314 93
6337 93
6365 93
6452 93
6532 93
6641 93
6767 93
6813 93
6935 93
7068 93
7151 93
7449 93
7706 93
7723 93
7725 93
7761 93
7846 93
8026 93
8147 93
8288 93
8603 93
8771 93
8951 93
9006 93
9121 93
9291 93
9297 93
9527 93
9748 93
1328 92
1634 92
1840 92
1906 92
1909 92
2138 92
2226 92
2383 92
2645 92
2666 92
2687 92
2769 92
3050 92
3112 92
3164 92
3172 92
3310 92
3380 92
3755 92
4063 92
4730 92
4845 92
4983 92
5002 92
5335 92
5398 92
5548 92
5579 92
5915 92
6193 92
6444 92
7269 92
7445 92
7873 92
8279 92
8283 92
8285 92
8449 92
8641 92
8669 92
8961 92
9137 92
9176 92
9292 92
9422 92
9522 92
9617 92
1002 91
1023 91
1185 91
1355 91
2561 91
2629 91
2754 91
2907 91
3113 91
3398 91
3426 91
3555 91
3571 91
3690 91
4078 91
4245 91
4268 91
4980 91
5242 91
5273 91
5359 91
5963 91
5983 91
6157 91
6453 91
6757 91
6848 91
6897 91
7019 91
7075 91
7355 91
7366 91
7922 91
8397 91
8654 91
8682 91
8828 91
8866 91
8892 91
8900 91
9150 91
9499 91
9906 91
9917 91
1183 90
1213 90
1258 90
1337 90
1543 90
1681 90
1987 90
2064 90
2074 90
2094 90
2349 90
2406 90
3301 90
3454 90
3532 90
3731 90
3788 90
3964 90
4111 90
4151 90
4265 90
4332 90
4399 90
4994 90
5558 90
5674 90
5856 90
6025 90
6140 90
6242 90
6271 90
6960 90
7282 90
7549 90
7797 90
7969 90
8041 90
8247 90
8421 90
8652 90
8698 90
9123 90
9174 90
9336 90
9384 90
9635 90
9658 90
9790 90
9818 90
1003 89
1039 89
1095 89
1622 89
1643 89
2243 89
2471 89
2949 89
2975 89
3194 89
3199 89
3343 89
3425 89
3475 89
3598 89
3661 89
3900 89
4072 89
4087 89
4375 89
4561 89
4754 89
4925 89
5201 89
5360 89
5432 89
5491 89
5903 89
5990 89
6144 89
6264 89
6649 89
6860 89
6947 89
7061 89
7257 89
7405 89
7503 89
7540 89
7627 89
7661 89
7680 89
8095 89
8295 89
8413 89
8467 89
8551 89
8748 89
9273 89
9352 89
9494 89
9674 89
9724 89
9792 89
9999 89
1278 88
1284 88
1470 88
1591 88
1916 88
2067 88
2304 88
2440 88
3219 88
3289 88
3733 88
3845 88
3871 88
3997 88
4071 88
4176 88
4252 88
4325 88
4687 88
4886 88
4928 88
5072 88
5181 88
5508 88
5535 88
5738 88
6044 88
6093 88
6238 88
6256 88
6646 88
6706 88
6711 88
6907 88
6971 88
7578 88
7901 88
8250 88
8326 88
8348 88
8442 88
8680 88
8782 88
8791 88
8873 88
9192 88
9216 88
9397 88
9511 88
9512 88
9770 88
9819 88
1100 87
1207 87
1517 87
1520 87
1839 87
2212 87
2233 87
2239 87
2348 87
2365 87
2369 87
2628 87
3306 87
3467 87
3642 87
3666 87
3765 87
3775 87
4005 87
4271 87
4307 87
4320 87
4753 87
4768 87
4832 87
4936 87
5052 87
5332 87
5487 87
5971 87
5985 87
6198 87
6319 87
6601 87
6692 87
6909 87
7301 87
7577 87
7877 87
7985 87
8044 87
8119 87
8162 87
8724 87
9012 87
9032 87
9206 87
9253 87
9325 87
9467 87
9492 87
9839 87
9908 87
9990 87
1027 86
1245 86
1277 86
1397 86
1458 86
1807 86
1851 86
1929 86
2017 86
2587 86
2966 86
3177 86
3192 86
3288 86
3342 86
3414 86
3813 86
3881 86
3887 86
3952 86
4026 86
4348 86
4415 86
4634 86
4801 86
5014 86
5118 86
5221 86
5930 86
6540 86
6583 86
6685 86
6863 86
6926 86
7619 86
7816 86
7833 86
7886 86
8952 86
9083 86
9563 86
9622 86
9708 86
9878 86
9901 86
9902 86
9956 86
1004 85
1666 85
1690 85
1825 85
1952 85
2307 85
2539 85
2683 85
2991 85
3036 85
3411 85
3431 85
3562 85
3817 85
3839 85
3863 85
4037 85
4185 85
4341 85
4891 85
4974 85
5151 85
5418 85
5459 85
5605 85
5878 85
5902 85
6055 85
6145 85
6524 85
6562 85
6672 85
6819 85
6951 85
7152 85
7270 85
7391 85
7551 85
7658 85
7882 85
8331 85
8393 85
8521 85
8572 85
8639 85
8671 85
8718 85
8885 85
9317 85
9786 85
9794 85
9912 85
9971 85
1046 84
1371 84
1471 84
1685 84
1711 84
1773 84
1883 84
2115 84
2339 84
2407 84
2428 84
2635 84
2661 84
2707 84
2865 84
3086 84
3170 84
3691 84
3979 84
4836 84
4899 84
5315 84
5319 84
5461 84
5519 84
5532 84
5611 84
5664 84
5816 84
5858 84
5962 84
6284 84
6353 84
6370 84
6849 84
6923 84
6948 84
7129 84
7186 84
7207 84
7381 84
7588 84
7639 84
7750 84
7824 84
7993 84
8149 84
8266 84
8391 84
8531 84
9139 84
9250 84
9329 84
9799 84
9854 84
1231 83
1692 83
1846 83
2008 83
2155 83
2189 83
2201 83
2422 83
2977 83
3077 83
3701 83
3908 83
4098 83
4536 83
5123 83
5146 83
5387 83
5485 83
5585 83
5613 83
5688 83
5769 83
5811 83
5829 83
6123 83
6174 83
6388 83
6591 83
6771 83
6902 83
6946 83
7051 83
7158 83
7329 83
7500 83
7553 83
7563 83
7702 83
7940 83
8066 83
8089 83
8246 83
8619 83
9024 83
9185 83
9277 83
9416 83
9729 83
9757 83
9831 83
9916 83
1092 82
1121 82
1405 82
1955 82
2164 82
2533 82
2546 82
2673 82
3021 82
3101 82
3149 82
3539 82
3556 82
3561 82
3577 82
3832 82
3913 82
3962 82
3981 82
4182 82
4885 82
4954 82
5021 82
5180 82
5993 82
6281 82
6306 82
6366 82
6380 82
6461 82
6514 82
6640 82
6786 82
6899 82
7321 82
7565 82
7682 82
7767 82
7800 82
7840 82
8001 82
8038 82
8282 82
8458 82
8648 82
9041 82
9154 82
9572 82
9720 82
9827 82
9891 82
9927 82
9928 82
1416 81
2068 81
2301 81
2537 81
2808 81
2916 81
3181 81
3317 81
3453 81
3552 81
3754 81
3861 81
3968 81
4360 81
4591 81
4605 81
4763 81
4865 81
5045 81
5847 81
5995 81
6290 81
6341 81
6357 81
6427 81
6628 81
6635 81
6728 81
6736 81
6846 81
6958 81
7016 81
7101 81
7328 81
7398 81
7885 81
7946 81
7948 81
8005 81
8106 81
8113 81
8134 81
8171 81
8260 81
8284 81
8838 81
9061 81
9128 81
9290 81
9304 81
9318 81
9362 81
9541 81
9571 81
9685 81
9942 81
9979 81
1762 80
1831 80
1863 80
1980 80
1991 80
2078 80
2286 80
2335 80
2342 80
2601 80
2630 80
2842 80
2870 80
2881 80
3280 80
3753 80
3903 80
3944 80
4146 80
4157 80
4374 80
4538 80
4707 80
5096 80
5241 80
5250 80
5626 80
6430 80
7049 80
7215 80
7502 80
7520 80
7612 80
7613 80
7829 80
7839 80
8048 80
8136 80
8172 80
8215 80
8217 80
8338 80
8353 80
8692 80
8941 80
9189 80
9196 80
9272 80
9287 80
9372 80
9640 80
9970 80
1107 79
1467 79
1496 79
1667 79
1737 79
1966 79
1997 79
2191 79
2512 79
2600 79
2653 79
2797 79
2819 79
3003 79
3183 79
3262 79
3284 79
3935 79
3983 79
4010 79
4489 79
4627 79
4654 79
5623 79
5752 79
5812 79
5831 79
5926 79
6038 79
6309 79
6364 79
6525 79
6811 79
7142 79
7326 79
7327 79
7365 79
7404 79
7456 79
7600 79
7744 79
8007 79
8096 79
8142 79
8189 79
8377 79
8496 79
8509 79
8553 79
8852 79
8935 79
8945 79
9030 79
9144 79
9146 79
9148 79
9225 79
9436 79
9502 79
9632 79
9759 79
9873 79
1098 78
1209 78
1314 78
1321 78
1552 78
1569 78
1775 78
1868 78
2050 78
2057 78
2077 78
2157 78
2248 78
2858 78
2956 78
3004 78
3458 78
3529 78
3611 78
3805 78
3945 78
4049 78
4103 78
4121 78
4171 78
4204 78
4398 78
4697 78
4726 78
4748 78
4955 78
4970 78
5140 78
5245 78
5471 78
5513 78
5803 78
5955 78
6017 78
6063 78
6119 78
6286 78
6428 78
6445 78
6484 78
6488 78
6738 78
6755 78
6780 78
6791 78
7376 78
7452 78
7764 78
7805 78
8030 78
8049 78
8325 78
8539 78
8628 78
8864 78
8884 78
8959 78
9014 78
9654 78
9920 78
1091 77
1205 77
1381 77
1425 77
1510 77
1814 77
1884 77
1943 77
2206 77
2311 77
2345 77
2388 77
2765 77
2818 77
2830 77
3076 77
3235 77
3315 77
3703 77
3834 77
3927 77
4019 77
4254 77
4512 77
4740 77
4783 77
4815 77
4819 77
4826 77
4918 77
5015 77
5034 77
5185 77
5238 77
5373 77
5838 77
5876 77
5951 77
6648 77
6822 77
6922 77
7438 77
7710 77
7983 77
8270 77
8412 77
8419 77
8582 77
8614 77
8954 77
9143 77
1137 76
1163 76
1243 76
1299 76
1354 76
1438 76
1500 76
1535 76
1617 76
1671 76
1739 76
1848 76
1892 76
1947 76
2126 76
2461 76
2520 76
2701 76
3132 76
3167 76
3335 76
3354 76
3679 76
3804 76
4022 76
4100 76
4180 76
4333 76
4471 76
4482 76
4643 76
4789 76
5114 76
5121 76
5256 76
5372 76
5629 76
5641 76
5927 76
6249 76
6465 76
6578 76
6808 76
6929 76
7100 76
7110 76
7148 76
7350 76
7406 76
7760 76
7890 76
8105 76
8164 76
8392 76
8665 76
8752 76
8968 76
9254 76
9274 76
9305 76
9346 76
1059 75
1097 75
1334 75
1629 75
1688 75
1756 75
1838 75
2197 75
2332 75
2642 75
2811 75
2957 75
3382 75
3471 75
3840 75
4013 75
4145 75
4274 75
4319 75
4639 75
4659 75
4750 75
4848 75
4950 75
5547 75
5551 75
5584 75
5660 75
5667 75
5672 75
5721 75
5818 75
5851 75
5860 75
6101 75
6217 75
6547 75
6567 75
6653 75
6761 75
6885 75
7240 75
7484 75
7828 75
7832 75
8278 75
8535 75
8568 75
8716 75
9537 75
9958 75
1148 74
1428 74
1440 74
1988 74
2146 74
2213 74
2355 74
2572 74
2722 74
2864 74
2924 74
3095 74
3118 74
3359 74
3374 74
3378 74
3403 74
3421 74
3447 74
3519 74
3628 74
3811 74
3849 74
4061 74
4090 74
4550 74
4760 74
4910 74
4989 74
5160 74
5187 74
5191 74
5767 74
5822 74
6018 74
6092 74
6577 74
6585 74
6655 74
6688 74
6715 74
6777 74
6817 74
6989 74
7121 74
7212 74
7598 74
7774 74
8148 74
8594 74
8620 74
8765 74
8780 74
9021 74
9069 74
9238 74
9594 74
9596 74
9944 74
9962 74
1066 73
1083 73
1303 73
1345 73
1659 73
1680 73
1742 73
1935 73
2273 73
2363 73
2851 73
2852 73
3246 73
3294 73
3372 73
3643 73
3665 73
3773 73
4115 73
4134 73
4317 73
4467 73
4488 73
4625 73
4743 73
4842 73
4897 73
5025 73
5129 73
5333 73
5517 73
5554 73
5872 73
5996 73
6173 73
6396 73
6440 73
6485 73
6516 73
6800 73
6908 73
7593 73
8016 73
8040 73
8051 73
8108 73
8274 73
8425 73
8473 73
8643 73
8744 73
8764 73
8775 73
8856 73
8894 73
9078 73
9103 73
9153 73
9298 73
9524 73
9728 73
9769 73
9915 73
9951 73
9968 73
1216 72
1426 72
1484 72
1747 72
1759 72
1908 72
2086 72
2207 72
2395 72
2944 72
3176 72
3227 72
3252 72
3285 72
3304 72
3592 72
3696 72
3782 72
4073 72
4602 72
4728 72
4839 72
4852 72
4876 72
4937 72
5057 72
5199 72
5268 72
5690 72
5854 72
6029 72
6057 72
6080 72
6106 72
6277 72
6287 72
6426 72
6555 72
6765 72
6768 72
7002 72
7607 72
7617 72
7930 72
8120 72
8542 72
8626 72
9002 72
9402 72
9458 72
9696 72
9852 72
9926 72
9957 72
1127 71
1154 71
1182 71
1287 71
1524 71
1843 71
2011 71
2194 71
2420 71
2618 71
2796 71
2929 71
2980 71
3237 71
3286 71
3518 71
3877 71
3904 71
3971 71
4102 71
4232 71
4294 71
4455 71
4658 71
4684 71
4821 71
4953 71
4999 71
5458 71
5635 71
5768 71
5787 71
6067 71
6122 71
6582 71
6611 71
6879 71
6901 71
6968 71
7233 71
7345 71
7550 71
7649 71
7883 71
8002 71
8219 71
8333 71
8731 71
8779 71
9180 71
9219 71
9226 71
9405 71
9480 71
1210 70
1232 70
1276 70
1604 70
1938 70
2530 70
2810 70
2835 70
3074 70
3202 70
3677 70
3857 70
3942 70
4379 70
4515 70
4554 70
4973 70
5038 70
5301 70
5303 70
5638 70
5756 70
5825 70
6338 70
6368 70
6371 70
6479 70
7084 70
7170 70
7389 70
7459 70
7462 70
7635 70
7803 70
7811 70
8125 70
8132 70
8243 70
8362 70
8369 70
8566 70
8980 70
9015 70
9551 70
9856 70
1090 69
1233 69
1475 69
1585 69
1714 69
1822 69
1900 69
1940 69
2059 69
2060 69
2327 69
2361 69
2404 69
2665 69
2667 69
2670 69
2689 69
2875 69
2882 69
3134 69
3171 69
3524 69
4235 69
4308 69
4361 69
4719 69
5037 69
5171 69
5833 69
5869 69
6154 69
6172 69
6248 69
6301 69
6310 69
6508 69
6621 69
6680 69
6700 69
7024 69
7300 69
7454 69
7594 69
7698 69
8035 69
8220 69
8261 69
8263 69
8600 69
9019 69
9085 69
9252 69
9513 69
9521 69
9561 69
1006 68
1446 68
1495 68
1844 68
2424 68
2579 68
2712 68
2826 68
2987 68
2998 68
3153 68
3540 68
3616 68
3662 68
3923 68
4027 68
4207 68
4267 68
4296 68
4358 68
4548 68
4791 68
4797 68
4948 68
4964 68
5457 68
5614 68
5782 68
6015 68
6282 68
6698 68
7063 68
7409 68
7621 68
7705 68
7777 68
7900 68
8228 68
8323 68
8506 68
8595 68
8969 68
8995 68
9348 68
9370 68
9648 68
9653 68
9661 68
9760 68
9785 68
9900 68
9923 68
1032 67
1581 67
1708 67
1764 67
2193 67
2293 67
2484 67
2677 67
3142 67
3160 67
3257 67
3530 67
3729 67
3843 67
4002 67
4163 67
4310 67
4686 67
4914 67
4931 67
5113 67
5566 67
5798 67
5957 67
6622 67
6633 67
6854 67
7003 67
7053 67
7062 67
7066 67
7310 67
7379 67
7464 67
7492 67
7548 67
7567 67
7623 67
8057 67
8129 67
8388 67
8433 67
8463 67
8786 67
9162 67
9717 67
1173 66
1777 66
1920 66
2096 66
2124 66
2347 66
2377 66
2382 66
2690 66
2967 66
2983 66
3092 66
3211 66
3295 66
3570 66
3759 66
3922 66
4091 66
4553 66
4589 66
4673 66
4850 66
5344 66
5602 66
5747 66
5808 66
5830 66
6188 66
6326 66
6472 66
6475 66
6703 66
6792 66
6878 66
6924 66
7055 66
7258 66
7297 66
7364 66
7436 66
7474 66
7947 66
8037 66
8166 66
8294 66
8416 66
8444 66
8853 66
9239 66
9335 66
9443 66
9624 66
9707 66
9860 66
1053 65
1144 65
1280 65
1536 65
1642 65
1788 65
1794 65
1932 65
1959 65
2285 65
2401 65
2563 65
2648 65
2731 65
3206 65
3377 65
3516 65
3859 65
4405 65
4516 65
4751 65
4952 65
4972 65
5003 65
5079 65
5195 65
5251 65
5266 65
5371 65
5914 65
6548 65
6574 65
7139 65
7247 65
7871 65
7903 65
7908 65
8133 65
8762 65
8924 65
9005 65
9211 65
9676 65
9810 65
9877 65
9909 65
9976 65
1096 64
1101 64
1164 64
1176 64
1225 64
1705 64
2103 64
2343 64
2435 64
2493 64
2496 64
2571 64
2594 64
2832 64
2834 64
2888 64
3072 64
3104 64
3203 64
3247 64
3774 64
3816 64
3823 64
3891 64
4533 64
4596 64
4712 64
4717 64
4725 64
4834 64
4872 64
4988 64
5020 64
5049 64
5101 64
5208 64
5464 64
5499 64
5534 64
5887 64
6034 64
6047 64
6247 64
6405 64
6515 64
6748 64
6988 64
7546 64
7628 64
7807 64
8015 64
8019 64
8163 64
8365 64
8373 64
8426 64
8427 64
8516 64
8802 64
9102 64
9147 64
9282 64
9386 64
9421 64
9943 64
1062 63
1082 63
1093 63
1347 63
1568 63
1842 63
2091 63
2368 63
2432 63
2621 63
2803 63
2837 63
2948 63
3169 63
3321 63
3513 63
3955 63
4056 63
4300 63
4391 63
4648 63
4820 63
5067 63
5083 63
5183 63
5207 63
5259 63
5282 63
5378 63
5385 63
5449 63
5490 63
5556 63
5734 63
5959 63
6108 63
6245 63
6324 63
6361 63
6458 63
6505 63
6793 63
6974 63
7159 63
7209 63
7338 63
7450 63
7853 63
7904 63
8092 63
8101 63
8259 63
8271 63
8327 63
8334 63
8740 63
8760 63
8849 63
9031 63
9249 63
9321 63
9493 63
9695 63
9857 63
9895 63
1228 62
1290 62
1476 62
1679 62
2186 62
2203 62
2250 62
2443 62
2542 62
2773 62
3070 62
3163 62
3358 62
3683 62
3793 62
4028 62
4105 62
4417 62
4577 62
4882 62
4912 62
5095 62
5217 62
5448 62
5473 62
5481 62
5597 62
5598 62
5801 62
5908 62
6026 62
6441 62
6536 62
6690 62
6850 62
7044 62
7417 62
7487 62
7515 62
8124 62
8401 62
8489 62
8577 62
8653 62
8928 62
8939 62
9227 62
9334 62
9408 62
9503 62
9555 62
9610 62
9835 62
9947 62
1230 61
1297 61
1310 61
1797 61
1804 61
1975 61
2076 61
2249 61
2447 61
2565 61
2591 61
2816 61
2820 61
3175 61
3490 61
3498 61
3792 61
4155 61
4262 61
4353 61
4429 61
4521 61
4572 61
4652 61
4678 61
4733 61
4755 61
4888 61
4917 61
5153 61
6103 61
6492 61
6967 61
7117 61
7460 61
8141 61
8314 61
8429 61
8526 61
8913 61
9004 61
9425 61
9824 61
1149 60
1544 60
1673 60
2005 60
2084 60
2217 60
2570 60
2623 60
2709 60
2729 60
2741 60
2860 60
3067 60
3179 60
3215 60
3231 60
3409 60
3614 60
3818 60
3975 60
4194 60
4257 60
4288 60
4729 60
4780 60
4922 60
5103 60
5210 60
5463 60
5639 60
5685 60
6260 60
6429 60
6687 60
7187 60
7252 60
7741 60
8087 60
8332 60
8520 60
8534 60
8602 60
8640 60
8915 60
9086 60
9359 60
9840 60
9933 60
1263 59
1285 59
1352 59
1469 59
1663 59
1830 59
1897 59
1902 59
2234 59
2282 59
2411 59
2575 59
2595 59
2885 59
2897 59
3105 59
3200 59
3332 59
3368 59
3520 59
3791 59
4020 59
4390 59
4411 59
4813 59
4901 59
4995 59
4997 59
5013 59
5402 59
5616 59
5665 59
5832 59
5912 59
5913 59
6126 59
6152 59
6202 59
6219 59
6272 59
6358 59
6362 59
6382 59
6930 59
7099 59
7157 59
7466 59
7490 59
7847 59
8151 59
8158 59
8180 59
8211 59
8410 59
8439 59
8918 59
8927 59
9042 59
9181 59
9202 59
9650 59
9668 59
9750 59
9754 59
9776 59
9911 59
9937 59
1022 58
1057 58
1196 58
1208 58
1403 58
1637 58
2080 58
2215 58
2351 58
2403 58
2658 58
2671 58
3005 58
3125 58
3212 58
3293 58
3387 58
3427 58
3569 58
3660 58
3702 58
3716 58
3747 58
3865 58
4323 58
4624 58
4741 58
4893 58
5379 58
5938 58
6035 58
6060 58
6349 58
6433 58
6502 58
6620 58
6752 58
7036 58
7415 58
7519 58
7686 58
7704 58
7798 58
8200 58
8216 58
8536 58
8801 58
8818 58
9296 58
9400 58
9930 58
1309 57
1454 57
1503 57
1720 57
1787 57
1953 57
1969 57
1983 57
2244 57
2552 57
2598 57
2759 57
3138 57
4613 57
4631 57
4690 57
5064 57
5270 57
5411 57
5967 57
5991 57
6236 57
6442 57
6512 57
6751 57
7375 57
7552 57
7560 57
8300 57
8404 57
8563 57
9064 57
9071 57
9263 57
9339 57
9379 57
9437 57
9614 57
9914 57
1081 56
1138 56
1150 56
1540 56
1668 56
1674 56
2001 56
2246 56
2279 56
2695 56
2891 56
2973 56
3015 56
3088 56
3107 56
3316 56
3470 56
3619 56
3766 56
3831 56
3988 56
4113 56
4255 56
4386 56
4412 56
4769 56
5132 56
5186 56
5209 56
5966 56
6211 56
6318 56
6419 56
6645 56
6753 56
6834 56
7442 56
7555 56
7596 56
7745 56
7875 56
7978 56
7980 56
8071 56
8273 56
8493 56
8797 56
8859 56
8880 56
8967 56
9007 56
9170 56
9177 56
9457 56
9531 56
9634 56
9874 56
1040 55
1266 55
1332 55
1624 55
1841 55
2112 55
2400 55
2487 55
2817 55
3029 55
3030 55
3055 55
3120 55
3478 55
3504 55
3624 55
3884 55
5453 55
5511 55
5543 55
5610 55
5864 55
5874 55
5933 55
6176 55
6294 55
6478 55
6593 55
6742 55
6888 55
6910 55
6945 55
6962 55
6963 55
6976 55
7020 55
7092 55
7311 55
7592 55
7765 55
8415 55
8937 55
9311 55
9342 55
9584 55
9646 55
9846 55
9965 55
1036 54
1037 54
1099 54
1197 54
1390 54
1422 54
1472 54
1578 54
1587 54
1785 54
1867 54
1903 54
1917 54
1939 54
2269 54
2793 54
2795 54
3117 54
3488 54
3589 54
3689 54
4418 54
4500 54
4708 54
4761 54
5006 54
5260 54
5792 54
6194 54
6208 54
6223 54
6322 54
6460 54
6499 54
6503 54
6741 54
6871 54
7225 54
7227 54
7614 54
7972 54
7976 54
8241 54
8437 54
8512 54
8606 54
8772 54
9098 54
9110 54
9283 54
9744 54
1034 53
1079 53
1188 53
1215 53
1316 53
1382 53
1586 53
1608 53
1733 53
1826 53
2062 53
2063 53
2111 53
2210 53
2220 53
2526 53
2589 53
3422 53
3432 53
3486 53
3756 53
4212 53
4402 53
4890 53
5523 53
5748 53
5855 53
6192 53
6291 53
6457 53
6549 53
7039 53
7254 53
7296 53
7510 53
7687 53
7995 53
8184 53
8547 53
8676 53
8725 53
8948 53
9327 53
9432 53
9482 53
9896 53
9994 53
1025 52
1119 52
1157 52
1201 52
1293 52
1306 52
1548 52
1652 52
1791 52
2132 52
2314 52
2412 52
2718 52
2745 52
2788 52
2833 52
2859 52
3031 52
3152 52
3323 52
3429 52
3612 52
4068 52
4094 52
4410 52
4487 52
4601 52
4916 52
5455 52
5622 52
5713 52
5835 52
5947 52
5958 52
6243 52
6265 52
6279 52
6300 52
7014 52
7119 52
7504 52
7746 52
7802 52
7997 52
8311 52
8341 52
8465 52
8482 52
9228 52
9309 52
9475 52
9740 52
9800 52
9850 52
9897 52
