65 231
1260 100
1269 100
1993 100
2486 100
2981 100
3948 100
5922 100
6451 100
8166 100
2335 99
3396 99
3442 99
5775 99
6333 99
7028 99
1229 98
2046 98
4247 98
5428 98
7273 98
8164 98
4355 97
7292 97
7445 97
7604 97
8236 97
2604 96
2716 96
2738 96
3701 96
4586 96
5209 96
5984 96
6793 96
8039 96
8332 96
3248 95
3449 95
7535 95
8860 95
9843 95
1036 94
2041 94
4059 94
5348 94
6193 94
6969 94
7170 94
7896 94
9692 94
1588 93
3203 93
3756 93
3896 93
6505 93
8022 93
8474 93
9644 93
2514 92
6048 92
7905 92
7984 92
8359 92
9560 92
3357 91
4186 91
4539 91
6479 91
2254 90
8319 90
2594 89
3939 89
4650 89
5178 89
6963 89
7177 89
8545 89
8736 89
9320 89
1817 88
3088 88
4486 88
6933 88
7740 88
8998 88
1986 87
2055 87
4461 87
5805 87
5808 87
6705 87
9247 87
9738 87
1023 86
2964 86
3749 86
6391 86
7606 86
7815 86
9861 86
2304 85
3244 85
4581 85
7769 85
7968 85
9507 85
1483 84
3762 84
3965 84
4813 84
5611 84
7422 84
8240 84
9546 84
3317 83
3695 83
7105 83
7293 83
1105 82
1688 82
2166 82
4795 82
5057 82
5365 82
6872 82
7808 82
8519 82
8654 82
9185 82
3945 81
4597 81
7969 81
8825 81
3027 80
9110 80
1879 79
6566 79
9726 79
2155 78
3348 78
6462 78
6741 78
8434 78
8686 78
8770 78
1046 77
1135 77
1210 77
1650 77
1685 77
1940 77
2276 77
3520 77
4415 77
4704 77
8886 77
9079 77
1859 76
2855 76
3447 76
3652 76
4727 76
4800 76
7344 76
1216 75
1327 75
3910 75
5746 75
8106 75
1992 74
2891 74
5097 74
5164 74
6036 74
7302 74
8027 74
8683 74
1881 73
3915 73
5969 73
7639 73
8400 73
1212 72
2771 72
6647 72
1079 71
1095 71
3275 71
3500 71
4205 71
5214 71
8259 71
8816 71
9342 71
9544 71
2376 70
5092 70
5398 70
8815 70
2852 69
3600 69
5381 69
6877 69
7620 69
8677 69
9849 69
4102 68
4682 68
4950 68
6790 68
1766 67
2910 67
4640 67
5003 67
5023 67
6295 67
7087 67
7449 67
8151 67
9898 67
3035 66
4395 66
4998 66
5366 66
1018 65
1120 65
1218 65
2052 65
5691 65
7616 65
9306 65
