53 74
8975 99
4345 97
9146 97
7214 96
9267 96
9798 96
1734 94
5109 93
9577 93
1201 91
3039 90
8259 90
2595 89
7037 89
9728 89
4224 88
1361 86
1513 85
2326 85
7752 85
7774 85
1267 83
2879 83
3145 81
4289 81
6544 80
3652 78
6969 78
1162 76
6537 74
8000 74
5101 73
6075 73
2057 72
2263 72
6648 72
8339 72
8644 72
8774 71
9392 71
2007 70
2760 70
6936 70
2196 69
4364 69
9194 69
3380 68
3636 67
1227 66
1393 66
6522 66
2891 64
3839 64
3052 63
9412 63
1725 62
7444 62
9664 62
8408 61
8823 61
1009 60
4374 58
2565 57
9955 57
3841 56
1104 55
3172 55
3305 55
8447 55
3040 54
8357 54
9562 54
5285 53
8954 53
