0 4334
1964 100
2129 100
2742 100
2769 100
2775 100
2945 100
3273 100
3379 100
3429 100
3781 100
3911 100
4303 100
4402 100
4538 100
4782 100
5115 100
5228 100
5402 100
5904 100
6023 100
6049 100
6263 100
6332 100
6420 100
6888 100
7113 100
7122 100
7251 100
7298 100
7346 100
7395 100
7789 100
8266 100
8460 100
8622 100
9127 100
9237 100
9376 100
9478 100
9592 100
1014 99
1305 99
1378 99
1423 99
1654 99
1779 99
1820 99
2356 99
2640 99
2794 99
2799 99
3075 99
3204 99
3381 99
3400 99
3433 99
3996 99
4034 99
4131 99
4249 99
4341 99
4448 99
4702 99
4914 99
5056 99
5464 99
5558 99
5717 99
6316 99
6937 99
7300 99
7381 99
7512 99
7572 99
7721 99
8885 99
9033 99
9229 99
9247 99
9522 99
9576 99
9945 99
9955 99
9996 99
1178 98
1222 98
1288 98
1579 98
1599 98
2051 98
2292 98
2380 98
2413 98
2488 98
2721 98
3008 98
3249 98
3325 98
3390 98
3569 98
3686 98
3689 98
3756 98
3969 98
4361 98
4569 98
4781 98
4915 98
5123 98
5133 98
5141 98
5556 98
5824 98
6091 98
6116 98
6235 98
6258 98
6840 98
6964 98
7526 98
7601 98
7748 98
7757 98
7974 98
8056 98
8141 98
8167 98
8242 98
8301 98
8392 98
8506 98
8703 98
8834 98
8924 98
9398 98
9559 98
9583 98
9644 98
9916 98
1124 97
1325 97
1351 97
1472 97
2066 97
2291 97
2593 97
2644 97
2686 97
2820 97
3178 97
3282 97
3375 97
3604 97
3673 97
3982 97
4032 97
4415 97
4542 97
4939 97
5187 97
5551 97
6205 97
6229 97
6323 97
6730 97
7107 97
7108 97
7138 97
7155 97
7705 97
7812 97
8030 97
8501 97
8529 97
9027 97
9409 97
9443 97
9577 97
9692 97
1060 96
1167 96
1194 96
1293 96
1541 96
1997 96
2219 96
2242 96
2656 96
2915 96
2951 96
3213 96
3301 96
3578 96
4066 96
4165 96
4226 96
4592 96
4686 96
4996 96
5095 96
5694 96
5819 96
5997 96
6039 96
6120 96
6226 96
6278 96
6283 96
6292 96
6640 96
7153 96
7990 96
8087 96
8202 96
8426 96
8533 96
9040 96
9078 96
9433 96
9567 96
9629 96
9643 96
1006 95
1072 95
1137 95
1143 95
1272 95
1371 95
1959 95
2152 95
2265 95
2514 95
2660 95
2900 95
3215 95
3257 95
3298 95
3373 95
3833 95
3897 95
4105 95
4130 95
4201 95
4384 95
4429 95
4466 95
4480 95
4632 95
4887 95
4949 95
4983 95
5179 95
5409 95
6075 95
6739 95
6749 95
6806 95
6881 95
7176 95
7221 95
7397 95
7658 95
7838 95
7842 95
8233 95
8267 95
8310 95
8713 95
8915 95
9876 95
9909 95
1033 94
1090 94
1091 94
1123 94
1274 94
2628 94
2984 94
3441 94
3523 94
3730 94
3909 94
4149 94
4305 94
4347 94
4947 94
5259 94
5838 94
6164 94
6200 94
6336 94
6342 94
6353 94
6579 94
6618 94
6636 94
6710 94
7367 94
7374 94
7578 94
7819 94
8613 94
8756 94
8800 94
8805 94
8905 94
8996 94
9180 94
9380 94
9543 94
9603 94
9856 94
1003 93
1053 93
1173 93
1273 93
1303 93
1628 93
1885 93
2269 93
2692 93
2739 93
2815 93
3223 93
3428 93
3440 93
3557 93
3674 93
3796 93
4171 93
4216 93
4376 93
4565 93
4692 93
4820 93
5042 93
5112 93
5207 93
5387 93
5483 93
5572 93
5576 93
6011 93
6380 93
7716 93
7906 93
8481 93
8590 93
8839 93
8910 93
9140 93
9580 93
1007 92
1233 92
1342 92
1900 92
2453 92
2481 92
2845 92
2885 92
3025 92
3128 92
3172 92
4277 92
4335 92
4403 92
4423 92
4425 92
4465 92
4662 92
4765 92
4789 92
4888 92
4927 92
4993 92
5454 92
5611 92
5875 92
5915 92
6077 92
6128 92
6361 92
6920 92
8014 92
8395 92
8509 92
8511 92
8699 92
8821 92
9385 92
9581 92
9647 92
9883 92
9982 92
1156 91
1310 91
1449 91
1751 91
1876 91
1892 91
2214 91
2313 91
2401 91
2433 91
2512 91
3054 91
3310 91
3679 91
3705 91
3787 91
3861 91
3943 91
3949 91
4671 91
5035 91
5600 91
5693 91
6367 91
6438 91
6444 91
6594 91
6668 91
6877 91
7228 91
7302 91
7771 91
7818 91
8028 91
8115 91
8159 91
8244 91
8586 91
8696 91
8799 91
8831 91
8945 91
9057 91
9466 91
9718 91
9937 91
1047 90
1443 90
1680 90
2251 90
2360 90
2474 90
3208 90
3892 90
4106 90
4199 90
4515 90
5984 90
6273 90
6564 90
6637 90
6826 90
6861 90
7689 90
7725 90
7832 90
8074 90
8353 90
8523 90
9060 90
9267 90
9278 90
9311 90
9428 90
9660 90
1020 89
1028 89
1225 89
1389 89
1744 89
2009 89
2693 89
3197 89
3605 89
3688 89
3976 89
4731 89
4825 89
4842 89
5068 89
5311 89
5667 89
5848 89
5918 89
5995 89
6065 89
6093 89
6247 89
6381 89
6397 89
6775 89
7187 89
7249 89
7293 89
7387 89
7450 89
7479 89
7793 89
8085 89
8200 89
8265 89
8428 89
8528 89
9020 89
9044 89
9052 89
9300 89
9556 89
9757 89
9772 89
9857 89
1005 88
1059 88
1136 88
1169 88
1617 88
1635 88
1670 88
1705 88
1984 88
2119 88
2266 88
2347 88
2502 88
2818 88
3044 88
3062 88
3190 88
3205 88
3292 88
3293 88
3444 88
3636 88
3649 88
3659 88
3799 88
3859 88
3988 88
4065 88
4087 88
4410 88
4444 88
4601 88
4644 88
5184 88
5241 88
5304 88
5407 88
5431 88
5836 88
6067 88
6088 88
6412 88
6495 88
6597 88
6627 88
6670 88
6996 88
7315 88
7792 88
7796 88
8278 88
8514 88
8515 88
8887 88
9280 88
9305 88
9411 88
9430 88
9738 88
9750 88
9903 88
1070 87
1088 87
1206 87
1379 87
1402 87
1543 87
1562 87
1577 87
1863 87
1943 87
1954 87
2378 87
2699 87
2992 87
3318 87
3742 87
3871 87
4004 87
4298 87
4670 87
4934 87
4938 87
5217 87
5353 87
5363 87
5499 87
5510 87
6054 87
6078 87
6339 87
6433 87
6448 87
6502 87
6889 87
7146 87
7678 87
7720 87
7764 87
7992 87
8142 87
8213 87
8484 87
8610 87
8946 87
9232 87
9382 87
9502 87
9531 87
9971 87
1042 86
1683 86
1733 86
1806 86
1826 86
2064 86
2442 86
2487 86
2528 86
3026 86
3109 86
3797 86
3923 86
4503 86
4687 86
4727 86
4964 86
5047 86
5117 86
5198 86
5277 86
5334 86
5384 86
5786 86
5931 86
6221 86
6340 86
6534 86
6607 86
6703 86
6906 86
6983 86
7150 86
7239 86
7347 86
7438 86
7550 86
7613 86
8044 86
8059 86
8259 86
8346 86
8549 86
8557 86
9002 86
9334 86
9399 86
9416 86
9477 86
1327 85
1368 85
1564 85
1824 85
1843 85
2259 85
2585 85
3200 85
3270 85
3494 85
3568 85
3601 85
3697 85
3734 85
4059 85
4575 85
5243 85
5318 85
5833 85
5905 85
6152 85
6330 85
6347 85
6467 85
6819 85
6915 85
7013 85
7082 85
7610 85
7998 85
8384 85
8457 85
8742 85
8818 85
8895 85
8955 85
9168 85
9645 85
9832 85
1446 84
1476 84
1837 84
1904 84
2042 84
2091 84
2344 84
2575 84
2588 84
2616 84
2680 84
2796 84
2965 84
3245 84
3280 84
3585 84
3694 84
3904 84
3997 84
4185 84
4326 84
4344 84
4478 84
4479 84
4501 84
4705 84
5041 84
5199 84
5235 84
5500 84
5686 84
5706 84
5891 84
6180 84
6488 84
6691 84
6748 84
6842 84
6930 84
7066 84
7712 84
7732 84
7859 84
8126 84
8153 84
8445 84
8702 84
8708 84
8841 84
8867 84
9210 84
9367 84
9413 84
1041 83
1503 83
1801 83
1928 83
2101 83
2200 83
2284 83
2491 83
2645 83
2848 83
3117 83
3134 83
3237 83
3423 83
3496 83
3628 83
3961 83
4040 83
4186 83
4246 83
5283 83
5360 83
5548 83
5673 83
5758 83
5787 83
6048 83
6118 83
6208 83
6276 83
6851 83
7053 83
7074 83
7151 83
8321 83
8371 83
8900 83
8903 83
9036 83
9147 83
9350 83
9389 83
9912 83
9922 83
9948 83
9949 83
9981 83
1009 82
1032 82
1308 82
1595 82
1701 82
1993 82
2086 82
2163 82
2190 82
2201 82
2757 82
2863 82
3118 82
3498 82
3815 82
3915 82
4075 82
4372 82
4393 82
4452 82
4623 82
4711 82
4766 82
4941 82
5137 82
5590 82
5725 82
5889 82
6154 82
6559 82
6938 82
7445 82
7491 82
7919 82
8629 82
8862 82
8957 82
9192 82
9386 82
9425 82
9548 82
9804 82
1536 81
1600 81
1631 81
1677 81
1898 81
2170 81
2231 81
2280 81
2460 81
2813 81
2824 81
2876 81
2890 81
3023 81
3043 81
3192 81
3265 81
3266 81
3553 81
3554 81
3642 81
4120 81
4234 81
4321 81
4348 81
4392 81
4455 81
4562 81
4701 81
4916 81
5130 81
5153 81
5270 81
5315 81
5570 81
6081 81
6139 81
6523 81
6804 81
6981 81
7469 81
7853 81
8027 81
8272 81
8571 81
8704 81
8792 81
8797 81
8958 81
9083 81
9114 81
9414 81
9736 81
1116 80
1425 80
1473 80
1484 80
1509 80
1567 80
1717 80
2026 80
2171 80
2648 80
2933 80
3251 80
3317 80
3323 80
3540 80
3661 80
3843 80
4074 80
4451 80
4509 80
4554 80
4604 80
5074 80
5156 80
5802 80
5971 80
5976 80
6377 80
6598 80
6722 80
6831 80
6921 80
7026 80
7058 80
7255 80
7273 80
7631 80
7729 80
7864 80
7934 80
7977 80
8376 80
8475 80
8776 80
8781 80
8969 80
8983 80
9182 80
9193 80
9352 80
9458 80
9911 80
1066 79
1344 79
1361 79
1671 79
1823 79
1936 79
1941 79
2187 79
2600 79
2846 79
2852 79
3316 79
3765 79
3894 79
4252 79
4512 79
4547 79
4856 79
4884 79
5040 79
5571 79
5660 79
5688 79
5729 79
5736 79
5753 79
5827 79
5866 79
5946 79
6253 79
6464 79
6642 79
6702 79
7059 79
7411 79
7461 79
7490 79
7746 79
7982 79
8100 79
8201 79
8217 79
8227 79
8682 79
8854 79
8926 79
9109 79
9910 79
1112 78
1157 78
1889 78
1923 78
1953 78
2202 78
2205 78
2318 78
2455 78
2716 78
2860 78
2867 78
2974 78
3473 78
3495 78
3580 78
3831 78
3919 78
4050 78
4080 78
4083 78
4487 78
4635 78
4714 78
4892 78
5155 78
5319 78
5546 78
5662 78
5677 78
5941 78
5998 78
6219 78
6291 78
6315 78
6421 78
6447 78
6599 78
6800 78
7166 78
7333 78
7428 78
7528 78
7538 78
7570 78
7963 78
8105 78
8131 78
8479 78
8574 78
8575 78
8660 78
8667 78
9361 78
9365 78
9661 78
9774 78
9960 78
1254 77
1426 77
1495 77
1497 77
1535 77
1929 77
1991 77
2093 77
2103 77
2239 77
2276 77
2322 77
2582 77
2670 77
2701 77
3382 77
3476 77
3618 77
3621 77
3629 77
4062 77
4293 77
4531 77
4965 77
5008 77
5067 77
5502 77
5845 77
5862 77
5872 77
6401 77
6526 77
6689 77
6695 77
6764 77
7384 77
7447 77
7504 77
7520 77
7626 77
7701 77
8135 77
8334 77
8601 77
8636 77
9103 77
9474 77
9545 77
9700 77
1118 76
1131 76
1133 76
1314 76
1335 76
1505 76
1684 76
1711 76
1741 76
2048 76
2084 76
2342 76
2614 76
2643 76
2746 76
2972 76
3093 76
3391 76
3954 76
4250 76
4494 76
4590 76
5085 76
5325 76
5352 76
5457 76
5628 76
5699 76
5982 76
6209 76
6280 76
6407 76
6570 76
6620 76
6633 76
6732 76
7327 76
7473 76
7518 76
7543 76
7688 76
7883 76
8260 76
8343 76
8795 76
8823 76
8825 76
9151 76
9175 76
9438 76
9465 76
9788 76
9989 76
1154 75
1240 75
1350 75
1666 75
1878 75
2072 75
2248 75
2892 75
3407 75
3576 75
3790 75
3978 75
4001 75
4047 75
4122 75
4550 75
4571 75
4582 75
4857 75
4929 75
5211 75
5246 75
5254 75
5517 75
5614 75
5853 75
6268 75
6415 75
6807 75
7023 75
7045 75
7157 75
7246 75
7269 75
7584 75
7660 75
8312 75
8350 75
8537 75
9084 75
9104 75
9255 75
9906 75
9920 75
1010 74
1046 74
1153 74
1369 74
1642 74
1809 74
2155 74
2217 74
2447 74
2539 74
2552 74
2653 74
2889 74
2901 74
2998 74
3097 74
3194 74
3506 74
3929 74
4424 74
4428 74
4505 74
4519 74
4773 74
4779 74
4839 74
5128 74
5684 74
5737 74
5791 74
5792 74
6189 74
6953 74
6984 74
7109 74
7165 74
7195 74
7532 74
7682 74
7727 74
8720 74
8875 74
9110 74
9346 74
9497 74
9734 74
1163 73
1247 73
1529 73
1549 73
2027 73
2085 73
2377 73
2508 73
3619 73
4026 73
4894 73
5212 73
5398 73
5452 73
5560 73
5657 73
5897 73
5958 73
5964 73
6126 73
6142 73
6736 73
6767 73
6845 73
6897 73
7017 73
7054 73
7124 73
7898 73
8058 73
8463 73
9177 73
9203 73
9369 73
9412 73
9744 73
9749 73
9880 73
1134 72
1221 72
1242 72
1419 72
1471 72
1602 72
2274 72
2388 72
2431 72
2461 72
2597 72
3080 72
3359 72
3527 72
3624 72
3645 72
3786 72
4368 72
4370 72
4834 72
5039 72
5496 72
5637 72
5703 72
5879 72
5896 72
6104 72
6274 72
6296 72
6327 72
6465 72
6505 72
6875 72
6922 72
7174 72
7211 72
7371 72
7551 72
7576 72
7784 72
7831 72
8570 72
8851 72
9080 72
9245 72
9542 72
9659 72
1107 71
1411 71
1888 71
2006 71
2145 71
2197 71
2338 71
2489 71
2914 71
3011 71
3135 71
3151 71
3186 71
3608 71
3617 71
4115 71
4470 71
4486 71
4514 71
4806 71
5109 71
5227 71
5678 71
5822 71
5831 71
5978 71
6159 71
6466 71
6541 71
6551 71
6575 71
6754 71
6966 71
6970 71
7316 71
7324 71
7632 71
7685 71
7695 71
7925 71
7947 71
7956 71
8036 71
8555 71
9038 71
9313 71
9337 71
9435 71
9493 71
9784 71
9844 71
9930 71
9976 71
1113 70
1162 70
1185 70
1492 70
1553 70
1890 70
1913 70
1986 70
2098 70
2157 70
2294 70
2296 70
2675 70
2978 70
3162 70
3517 70
3792 70
3845 70
4442 70
4708 70
4746 70
4973 70
5354 70
5420 70
5521 70
5789 70
5936 70
6155 70
6543 70
6911 70
7502 70
7521 70
7534 70
8107 70
8389 70
8949 70
9218 70
9653 70
9655 70
9878 70
1049 69
1165 69
1257 69
1467 69
1802 69
1804 69
1836 69
1862 69
1946 69
2285 69
2548 69
2606 69
3169 69
3446 69
3595 69
4006 69
4396 69
4754 69
4907 69
4952 69
5038 69
5364 69
5430 69
5447 69
5507 69
5524 69
5734 69
5820 69
6070 69
6108 69
6149 69
6357 69
6375 69
6518 69
6588 69
6698 69
6743 69
6975 69
7114 69
7319 69
7857 69
7954 69
7976 69
8211 69
8271 69
8380 69
8510 69
9005 69
9030 69
9284 69
9296 69
9584 69
1267 68
1381 68
1494 68
1914 68
2694 68
2898 68
3086 68
3573 68
3675 68
4051 68
4069 68
4492 68
4534 68
4602 68
5200 68
5380 68
5583 68
5979 68
6174 68
6232 68
6641 68
6656 68
6933 68
7063 68
7104 68
7257 68
7726 68
7779 68
7804 68
8112 68
8149 68
8317 68
8356 68
8698 68
9009 68
9171 68
9264 68
9316 68
9323 68
9840 68
1036 67
1089 67
1698 67
2180 67
2241 67
2295 67
2838 67
2917 67
3145 67
3182 67
3220 67
3307 67
3487 67
3837 67
3964 67
4042 67
4048 67
4100 67
4362 67
4363 67
4638 67
4715 67
4747 67
4926 67
5093 67
5704 67
5735 67
5948 67
6000 67
6055 67
6320 67
6439 67
6573 67
6634 67
7009 67
7252 67
7253 67
7452 67
7684 67
7700 67
7744 67
7762 67
8022 67
8477 67
8647 67
8690 67
8692 67
9279 67
9327 67
9444 67
9651 67
9697 67
9902 67
1117 66
1246 66
1864 66
1977 66
2156 66
2213 66
2226 66
2363 66
2373 66
2580 66
2779 66
2942 66
3029 66
3120 66
3295 66
3739 66
3824 66
4121 66
4306 66
4551 66
4617 66
4944 66
4997 66
5759 66
5987 66
6171 66
6604 66
6639 66
7541 66
7585 66
7679 66
7830 66
8106 66
8163 66
8499 66
8500 66
9403 66
9476 66
9624 66
9786 66
9792 66
1062 65
1219 65
1575 65
1693 65
1772 65
1790 65
2015 65
2062 65
2143 65
2164 65
2257 65
2316 65
2415 65
2709 65
2727 65
2728 65
2764 65
2811 65
2924 65
3066 65
3173 65
3230 65
3242 65
3401 65
3748 65
3759 65
3858 65
4022 65
4314 65
4391 65
4712 65
4875 65
5580 65
5666 65
5708 65
5917 65
5970 65
6020 65
6079 65
6546 65
6602 65
6923 65
6987 65
7029 65
7049 65
7266 65
7621 65
7625 65
7822 65
8067 65
8546 65
8665 65
8864 65
9061 65
9262 65
9461 65
9473 65
9523 65
9688 65
9805 65
9812 65
9983 65
2175 64
2235 64
2352 64
2386 64
2676 64
2958 64
3231 64
3502 64
3690 64
4017 64
4117 64
4323 64
4443 64
4464 64
4585 64
4776 64
4848 64
4852 64
5221 64
5368 64
5408 64
5478 64
5596 64
5690 64
5723 64
5846 64
5901 64
5968 64
6074 64
6199 64
6319 64
6360 64
6378 64
6705 64
6759 64
6956 64
7061 64
7875 64
8045 64
8249 64
8269 64
8494 64
8778 64
8811 64
8858 64
8882 64
8930 64
9302 64
9436 64
9626 64
9938 64
1139 63
1436 63
1679 63
1840 63
2038 63
2364 63
2394 63
2423 63
2495 63
2738 63
3081 63
3362 63
3737 63
3959 63
4177 63
4301 63
4659 63
4685 63
4908 63
4984 63
5239 63
5451 63
5683 63
5780 63
5828 63
5928 63
6090 63
6328 63
6498 63
6809 63
7133 63
7163 63
7258 63
7271 63
7427 63
7451 63
7770 63
7791 63
7975 63
8300 63
8453 63
8891 63
9041 63
9073 63
9451 63
9591 63
9818 63
9866 63
9975 63
1616 62
1757 62
2348 62
3000 62
3060 62
3314 62
3592 62
3646 62
3803 62
4225 62
4332 62
4925 62
5022 62
5044 62
5626 62
6085 62
6242 62
6245 62
6569 62
6586 62
6756 62
7581 62
8113 62
8148 62
8165 62
8685 62
8724 62
9184 62
9273 62
9618 62
9821 62
1203 61
1250 61
1353 61
2228 61
3253 61
3289 61
3368 61
3457 61
3534 61
3656 61
3683 61
3701 61
3722 61
3829 61
3937 61
4055 61
4209 61
4269 61
4422 61
4490 61
5495 61
5555 61
5874 61
5950 61
6027 61
6132 61
6266 61
6334 61
6349 61
6450 61
7087 61
7511 61
7556 61
7790 61
7840 61
7988 61
7994 61
8238 61
8261 61
8263 61
8342 61
8568 61
8688 61
9091 61
9200 61
9309 61
9963 61
1285 60
1317 60
1831 60
1965 60
2191 60
2281 60
2449 60
2584 60
2620 60
2997 60
3037 60
3131 60
3467 60
3480 60
3677 60
3788 60
3942 60
4324 60
4333 60
4405 60
4436 60
4460 60
4606 60
4688 60
4962 60
5004 60
5058 60
5075 60
5263 60
5564 60
5691 60
5781 60
5912 60
6458 60
6461 60
6744 60
6948 60
7219 60
7392 60
7442 60
7488 60
7562 60
7817 60
7987 60
8016 60
8025 60
8193 60
8279 60
8314 60
8383 60
9252 60
9294 60
9373 60
9490 60
9746 60
1129 59
1356 59
1386 59
1547 59
1877 59
1918 59
1996 59
2254 59
2381 59
2452 59
2682 59
3100 59
3124 59
3138 59
3338 59
3350 59
3394 59
3415 59
3807 59
3981 59
4094 59
4154 59
4318 59
4813 59
4960 59
5403 59
5428 59
5620 59
5676 59
5715 59
5761 59
6192 59
7043 59
7563 59
7985 59
8038 59
8977 59
9118 59
9233 59
9301 59
9446 59
9663 59
9994 59
1263 58
1474 58
1669 58
1719 58
2063 58
2382 58
2527 58
2551 58
2745 58
3127 58
3146 58
3218 58
3782 58
4189 58
4609 58
4612 58
4853 58
4995 58
5229 58
5821 58
6758 58
6763 58
6941 58
7171 58
7244 58
7443 58
7616 58
7814 58
7874 58
7911 58
8122 58
8185 58
8289 58
8596 58
8604 58
8722 58
8999 58
9401 58
9445 58
9631 58
9802 58
9819 58
9854 58
1195 57
1226 57
2626 57
2683 57
2904 57
3222 57
3773 57
3865 57
4070 57
4208 57
4397 57
4426 57
4800 57
5037 57
5195 57
5727 57
5749 57
5949 57
6130 57
6310 57
6337 57
6552 57
6587 57
7144 57
7323 57
7487 57
7642 57
7693 57
7834 57
7915 57
8076 57
8390 57
8396 57
8409 57
8444 57
8462 57
8587 57
8684 57
9304 57
9318 57
9532 57
9555 57
9635 57
9674 57
9714 57
9729 57
9846 57
1098 56
1241 56
1307 56
1827 56
2077 56
2080 56
2267 56
2374 56
2392 56
2427 56
2448 56
2599 56
2607 56
2963 56
3196 56
3337 56
3436 56
3751 56
4077 56
4282 56
4496 56
4500 56
4841 56
5076 56
5233 56
5473 56
5520 56
6024 56
6037 56
6186 56
6190 56
6261 56
6769 56
7276 56
7634 56
7673 56
7903 56
8018 56
8033 56
8103 56
8707 56
8734 56
8941 56
8973 56
9221 56
9251 56
9755 56
9793 56
1410 55
1475 55
1537 55
1539 55
2059 55
2287 55
2960 55
3211 55
3255 55
3302 55
3348 55
3575 55
3631 55
3671 55
3682 55
4320 55
4564 55
4584 55
4594 55
5048 55
5439 55
5458 55
5738 55
5878 55
6127 55
6322 55
6395 55
6405 55
6431 55
6626 55
6696 55
6846 55
7200 55
7305 55
7536 55
7802 55
7916 55
8274 55
8283 55
8298 55
8365 55
8774 55
8786 55
8921 55
8956 55
8987 55
9471 55
9551 55
1454 54
2039 54
2383 54
2510 54
2561 54
2601 54
2804 54
2884 54
3176 54
3343 54
3497 54
3666 54
4211 54
4285 54
4513 54
4521 54
4537 54
4619 54
4843 54
5032 54
5463 54
5766 54
6107 54
6374 54
6794 54
6798 54
6878 54
6893 54
6934 54
6946 54
7033 54
7112 54
7242 54
7308 54
7561 54
7821 54
8039 54
8061 54
8177 54
8485 54
8637 54
8804 54
8868 54
9012 54
9016 54
9032 54
9166 54
9850 54
1264 53
1415 53
1621 53
1765 53
1810 53
1901 53
2025 53
2173 53
2544 53
2679 53
2786 53
3403 53
3484 53
3731 53
3753 53
3938 53
3986 53
4184 53
4214 53
4666 53
4797 53
4830 53
5078 53
5341 53
5718 53
5767 53
5961 53
5989 53
6135 53
6398 53
6517 53
6827 53
7307 53
7537 53
7644 53
7703 53
7828 53
8136 53
8319 53
8398 53
8399 53
8521 53
8593 53
8984 53
9418 53
9625 53
9689 53
9698 53
1262 52
1284 52
1907 52
1979 52
2178 52
2466 52
2630 52
2734 52
2807 52
2842 52
2999 52
3340 52
3552 52
3587 52
3616 52
3622 52
3635 52
3927 52
3932 52
3939 52
3953 52
4016 52
4046 52
4102 52
4132 52
4245 52
4639 52
4827 52
4879 52
5225 52
5240 52
5513 52
5581 52
5710 52
5880 52
6050 52
6203 52
6240 52
6512 52
6895 52
7582 52
8060 52
8184 52
8195 52
8516 52
8589 52
8725 52
8753 52
9526 52
9568 52
9768 52
1110 51
1207 51
2036 51
2040 51
2128 51
2371 51
2907 51
3107 51
3235 51
3504 51
3610 51
3670 51
3820 51
3999 51
4010 51
4045 51
4155 51
4331 51
4371 51
4846 51
4932 51
4945 51
5170 51
5180 51
5730 51
5972 51
6231 51
6593 51
6761 51
6792 51
6837 51
7028 51
7164 51
7567 51
7734 51
7743 51
7897 51
8315 51
1100 50
1676 50
1995 50
2288 50
2328 50
2464 50
2477 50
2802 50
2847 50
3089 50
3219 50
3364 50
3424 50
3680 50
3719 50
3878 50
3896 50
3899 50
4005 50
4013 50
4626 50
4642 50
4689 50
4753 50
4866 50
4903 50
5469 50
5497 50
5509 50
5720 50
5771 50
5992 50
6138 50
6177 50
6300 50
6475 50
6477 50
6776 50
6818 50
6929 50
7254 50
7355 50
7386 50
7503 50
7580 50
7657 50
8081 50
8158 50
8355 50
8632 50
8764 50
8808 50
9481 50
9499 50
1040 49
1073 49
1405 49
1407 49
1830 49
1927 49
2032 49
2068 49
2134 49
2309 49
2574 49
2891 49
2922 49
2934 49
3035 49
3209 49
3434 49
3453 49
3507 49
3524 49
3623 49
3638 49
4119 49
4152 49
4207 49
4608 49
4654 49
5617 49
5777 49
5877 49
6473 49
6664 49
6918 49
6954 49
7005 49
7042 49
7259 49
7394 49
7590 49
7651 49
7659 49
7850 49
7879 49
8057 49
8068 49
8224 49
8282 49
8487 49
8768 49
9189 49
9216 49
9394 49
9636 49
9837 49
1115 48
1149 48
1196 48
1278 48
1412 48
1587 48
1691 48
2188 48
2513 48
2590 48
3191 48
3570 48
3657 48
3672 48
3819 48
3901 48
4163 48
4195 48
4296 48
4587 48
4645 48
4732 48
4987 48
5102 48
5190 48
5295 48
5312 48
5793 48
5798 48
5851 48
5927 48
5939 48
5955 48
6105 48
6241 48
6285 48
6445 48
6524 48
6674 48
6676 48
7007 48
7079 48
7137 48
7568 48
7996 48
8128 48
8138 48
8161 48
8209 48
8214 48
8608 48
8661 48
8840 48
8892 48
8947 48
8981 48
9614 48
9652 48
9668 48
9723 48
1208 47
1465 47
1614 47
1655 47
1872 47
1922 47
2142 47
2225 47
2271 47
2283 47
2351 47
2370 47
2646 47
2855 47
2955 47
3058 47
3108 47
3161 47
3872 47
3890 47
3895 47
5083 47
5144 47
5157 47
5242 47
5625 47
5765 47
5801 47
5811 47
5865 47
6110 47
6432 47
6511 47
6584 47
6611 47
6816 47
6925 47
7288 47
7417 47
7951 47
7999 47
8287 47
8324 47
8404 47
8579 47
9172 47
9185 47
9475 47
9979 47
1270 46
1302 46
1629 46
1729 46
1886 46
1958 46
3002 46
3227 46
3367 46
3537 46
4495 46
5543 46
6007 46
6302 46
6385 46
6396 46
6423 46
6693 46
6799 46
6894 46
7060 46
7198 46
7220 46
7593 46
7785 46
7854 46
8000 46
8002 46
8473 46
8758 46
8807 46
8907 46
9129 46
9285 46
9521 46
9704 46
9783 46
9881 46
1058 45
1413 45
1578 45
1598 45
1706 45
1884 45
2247 45
2270 45
2361 45
2785 45
3082 45
3574 45
3750 45
4168 45
4382 45
4499 45
4543 45
4751 45
4847 45
4854 45
4876 45
5287 45
5702 45
5886 45
5943 45
6028 45
6417 45
6773 45
6971 45
7158 45
7618 45
7823 45
8222 45
8254 45
8400 45
8406 45
8495 45
8562 45
9049 45
9131 45
9330 45
9384 45
9855 45
1159 44
1296 44
1322 44
1533 44
1728 44
1861 44
2135 44
2359 44
2553 44
2621 44
2641 44
2647 44
2715 44
2758 44
2795 44
3166 44
3387 44
3810 44
3887 44
4491 44
4556 44
4716 44
4850 44
5091 44
5223 44
5351 44
5366 44
5808 44
5863 44
6071 44
6202 44
6246 44
6784 44
6810 44
7097 44
7272 44
7546 44
7647 44
7653 44
7889 44
7968 44
7997 44
8208 44
8490 44
8870 44
8936 44
9272 44
1142 43
1372 43
1563 43
1776 43
2023 43
2290 43
2365 43
2402 43
2522 43
2533 43
3422 43
3632 43
3740 43
3884 43
4146 43
4483 43
4620 43
4752 43
5118 43
5146 43
5148 43
5208 43
5386 43
5593 43
6165 43
6176 43
6298 43
6482 43
6567 43
6609 43
6682 43
6833 43
6980 43
7204 43
7418 43
7855 43
7905 43
8176 43
8615 43
8628 43
8798 43
8838 43
8843 43
8909 43
9008 43
9116 43
9135 43
9260 43
9370 43
9939 43
1664 42
1774 42
1783 42
2405 42
2564 42
2608 42
2615 42
3012 42
3267 42
3583 42
3736 42
3877 42
3920 42
4076 42
4107 42
4386 42
4409 42
4680 42
4890 42
5101 42
5335 42
5415 42
6119 42
6173 42
6220 42
6250 42
6269 42
6848 42
6873 42
7041 42
7264 42
8017 42
8229 42
8348 42
8407 42
8427 42
8663 42
8835 42
8923 42
9349 42
9378 42
9560 42
9681 42
1101 41
1148 41
1180 41
1209 41
1300 41
1526 41
2323 41
2570 41
2629 41
2744 41
2809 41
3028 41
3179 41
3271 41
3330 41
3493 41
3533 41
3577 41
3615 41
4188 41
4193 41
4453 41
4524 41
4636 41
4948 41
4968 41
4999 41
5055 41
5722 41
5799 41
5861 41
5900 41
5985 41
6031 41
6072 41
6411 41
6436 41
6480 41
6945 41
7046 41
7474 41
7500 41
7648 41
8050 41
8408 41
8415 41
8619 41
8794 41
9228 41
9420 41
9479 41
9562 41
9627 41
9716 41
9894 41
1339 40
1466 40
1556 40
1638 40
1926 40
2151 40
2367 40
2435 40
2456 40
2882 40
2894 40
3048 40
3264 40
3558 40
3936 40
3968 40
4350 40
4390 40
4630 40
4723 40
4889 40
4937 40
5209 40
5358 40
5441 40
5525 40
5568 40
5685 40
6084 40
6143 40
6440 40
7047 40
7119 40
7263 40
7606 40
7824 40
7863 40
8215 40
8219 40
8304 40
8767 40
8894 40
9051 40
9117 40
9145 40
9396 40
9488 40
9751 40
1299 39
2282 39
2472 39
2713 39
2748 39
3228 39
3745 39
3888 39
4142 39
4202 39
4330 39
4529 39
4750 39
4873 39
4936 39
5114 39
5504 39
5523 39
5635 39
5732 39
6335 39
6437 39
7070 39
7159 39
7184 39
7399 39
7510 39
7548 39
7862 39
7876 39
8041 39
8173 39
8325 39
8332 39
8656 39
8738 39
8754 39
8951 39
8988 39
9105 39
9198 39
9220 39
9354 39
9510 39
9578 39
9588 39
9612 39
9809 39
9884 39
1024 38
1065 38
1244 38
1404 38
1500 38
1513 38
1777 38
1931 38
2803 38
3148 38
3272 38
3560 38
4063 38
4136 38
4762 38
5021 38
5391 38
5569 38
5910 38
5963 38
6267 38
6299 38
6469 38
6471 38
6643 38
6782 38
6867 38
7225 38
7260 38
7379 38
7558 38
7782 38
7865 38
8183 38
8234 38
8326 38
8410 38
8474 38
8633 38
8714 38
8730 38
9088 38
9161 38
9256 38
9460 38
9539 38
9558 38
9658 38
9683 38
9900 38
1814 37
1942 37
2454 37
3063 37
3150 37
3404 37
3448 37
3563 37
3718 37
4204 37
4342 37
4401 37
4872 37
4923 37
5536 37
5545 37
5993 37
6582 37
6612 37
6801 37
7081 37
7207 37
7495 37
7861 37
8034 37
8093 37
8120 37
8517 37
8652 37
8717 37
9579 37
9835 37
9862 37
9990 37
1191 36
1228 36
1289 36
2158 36
2333 36
2438 36
2658 36
3174 36
3232 36
3361 36
3420 36
3934 36
4153 36
4242 36
4261 36
4302 36
4421 36
4511 36
4729 36
4740 36
4891 36
4935 36
5250 36
5501 36
5669 36
5829 36
6248 36
6768 36
6928 36
7697 36
8019 36
8190 36
8486 36
8522 36
8643 36
8726 36
8809 36
8964 36
9026 36
9271 36
9440 36
9611 36
9863 36
9967 36
1248 35
1383 35
1544 35
1712 35
1829 35
1882 35
1974 35
2075 35
2436 35
2966 35
3365 35
3426 35
3475 35
4020 35
4215 35
4228 35
4287 35
4345 35
4360 35
4380 35
4707 35
4709 35
4728 35
5750 35
6251 35
6279 35
6519 35
6547 35
6617 35
7010 35
7011 35
7224 35
7313 35
7370 35
7440 35
7501 35
8024 35
8166 35
8323 35
8789 35
8943 35
9007 35
9322 35
9667 35
9713 35
1121 34
1212 34
1313 34
1433 34
1708 34
1865 34
2043 34
2255 34
2385 34
2422 34
2468 34
2496 34
2578 34
2623 34
2710 34
3239 34
3277 34
3352 34
3360 34
3572 34
3669 34
3687 34
3866 34
4138 34
4237 34
4268 34
4364 34
4456 34
4643 34
4721 34
4744 34
5059 34
5099 34
5371 34
5445 34
5540 34
6714 34
6995 34
7170 34
7278 34
7519 34
7597 34
7979 34
8013 34
8064 34
8077 34
8091 34
8192 34
8339 34
8497 34
8736 34
8740 34
8827 34
9014 34
9496 34
9797 34
9972 34
9991 34
1511 33
1557 33
1609 33
1842 33
2034 33
2055 33
2307 33
2414 33
2649 33
2870 33
2918 33
2937 33
3015 33
3147 33
3184 33
3725 33
4031 33
4085 33
4088 33
4718 33
4780 33
4975 33
5025 33
5116 33
5602 33
5757 33
5795 33
5812 33
6369 33
6419 33
6631 33
6673 33
6700 33
6737 33
6968 33
7037 33
7078 33
7337 33
7508 33
7691 33
8101 33
8182 33
8241 33
8311 33
8354 33
8434 33
8869 33
9017 33
9144 33
9550 33
9711 33
9940 33
9941 33
1266 32
1349 32
1489 32
1583 32
1588 32
1726 32
2002 32
2249 32
2540 32
2930 32
3210 32
3468 32
3625 32
3723 32
3860 32
4028 32
4172 32
4212 32
4468 32
4589 32
4629 32
4994 32
5016 32
5468 32
5585 32
5841 32
6017 32
6311 32
6324 32
6474 32
6686 32
6704 32
7325 32
7605 32
7655 32
7868 32
7872 32
8306 32
8916 32
9266 32
9308 32
9331 32
9482 32
9547 32
9728 32
9799 32
1012 31
1455 31
1524 31
1573 31
1619 31
1770 31
1989 31
1992 31
2123 31
2419 31
2589 31
2935 31
3014 31
3339 31
3454 31
3752 31
3931 31
4015 31
4072 31
4173 31
4264 31
4319 31
4621 31
4798 31
4832 31
4862 31
5435 31
6083 31
6086 31
6136 31
6435 31
6443 31
6719 31
6891 31
6998 31
7118 31
7506 31
7670 31
7917 31
8108 31
8246 31
8358 31
8558 31
8597 31
8816 31
9067 31
9154 31
9326 31
9442 31
9640 31
9752 31
9980 31
1025 30
1135 30
1145 30
1348 30
1387 30
1714 30
1734 30
1860 30
1937 30
2127 30
2384 30
2429 30
2478 30
2534 30
2837 30
3039 30
4091 30
4197 30
4437 30
4787 30
5201 30
5514 30
5579 30
5790 30
5844 30
5849 30
5908 30
6123 30
6212 30
6243 30
6308 30
6426 30
6509 30
6566 30
6740 30
7129 30
7275 30
7554 30
7927 30
7938 30
7983 30
8005 30
8026 30
8144 30
8950 30
8954 30
9143 30
9483 30
9737 30
9973 30
9978 30
1193 29
1483 29
1540 29
1585 29
1634 29
1682 29
2111 29
2297 29
2299 29
2358 29
2426 29
2605 29
2609 29
3088 29
3224 29
3472 29
3715 29
3741 29
3998 29
4134 29
4198 29
4581 29
4656 29
5028 29
5122 29
5260 29
5471 29
5731 29
5924 29
6001 29
6066 29
6236 29
6836 29
7364 29
7619 29
7645 29
8006 29
8070 29
8147 29
8337 29
8548 29
8583 29
8971 29
9024 29
9059 29
9332 29
9537 29
1331 28
1354 28
1787 28
1811 28
1971 28
2082 28
2094 28
2154 28
2416 28
2538 28
2567 28
2634 28
2851 28
2916 28
3101 28
3274 28
3331 28
3358 28
3652 28
3733 28
3813 28
4129 28
4682 28
5147 28
5461 28
6259 28
6699 28
7030 28
7099 28
7372 28
7486 28
7603 28
7680 28
7948 28
7949 28
8418 28
8425 28
8535 28
8543 28
8547 28
8609 28
8642 28
9094 28
9128 28
9415 28
1095 27
1260 27
2050 27
2366 27
2379 27
2549 27
3071 27
3123 27
3198 27
3241 27
3479 27
3565 27
4053 27
4284 27
4611 27
4693 27
4863 27
4877 27
4905 27
5595 27
5762 27
5911 27
6073 27
6317 27
6372 27
6506 27
6680 27
7189 27
7292 27
7583 27
7620 27
7730 27
7939 27
8121 27
8124 27
8156 27
8243 27
8422 27
8538 27
8564 27
8760 27
8770 27
8942 27
9236 27
9259 27
9489 27
9582 27
9666 27
9679 27
9836 27
9869 27
9925 27
1038 26
1103 26
1235 26
1319 26
1653 26
1784 26
1912 26
1935 26
2081 26
2223 26
2293 26
2346 26
2408 26
2501 26
2663 26
3163 26
3207 26
3303 26
3413 26
3589 26
3770 26
3966 26
4191 26
4818 26
4957 26
5050 26
5132 26
5267 26
5490 26
5592 26
5869 26
5914 26
6454 26
6516 26
7093 26
7297 26
7311 26
7421 26
7571 26
7654 26
7737 26
7787 26
7918 26
7993 26
8196 26
8370 26
8397 26
8845 26
9549 26
9796 26
1037 25
1146 25
1176 25
1269 25
1337 25
1392 25
1601 25
1738 25
1739 25
1821 25
1970 25
2140 25
2298 25
2324 25
2562 25
2696 25
2767 25
2808 25
2864 25
3024 25
3087 25
3726 25
3989 25
4089 25
4309 25
4622 25
4799 25
4868 25
4976 25
5310 25
5390 25
5881 25
5893 25
6032 25
6734 25
6871 25
7014 25
7052 25
7102 25
7505 25
7641 25
7731 25
7741 25
7816 25
7852 25
7912 25
8032 25
8413 25
8664 25
8678 25
8850 25
9004 25
9282 25
9407 25
9597 25
9656 25
1220 24
1271 24
1320 24
1444 24
1703 24
1759 24
1990 24
2016 24
2437 24
2583 24
2631 24
2639 24
2788 24
3036 24
3164 24
3853 24
3971 24
3987 24
4082 24
4182 24
4200 24
4383 24
4574 24
4627 24
4730 24
5012 24
5381 24
5675 24
6284 24
6390 24
6455 24
6667 24
6885 24
7091 24
7194 24
7365 24
7454 24
7485 24
7507 24
7577 24
7704 24
7707 24
8212 24
8394 24
8551 24
8606 24
8616 24
9281 24
9649 24
9657 24
9693 24
9706 24
1321 23
1678 23
1750 23
2031 23
2070 23
2162 23
2555 23
2560 23
2617 23
2755 23
3226 23
3313 23
3779 23
3950 23
4012 23
4060 23
4616 23
4697 23
5372 23
5378 23
5460 23
5512 23
5594 23
5807 23
6522 23
6630 23
6677 23
7001 23
7067 23
7120 23
7277 23
7481 23
7579 23
7650 23
8373 23
8469 23
8649 23
8901 23
9035 23
9158 23
9183 23
9464 23
9694 23
9815 23
9822 23
1204 22
1275 22
1743 22
1828 22
2303 22
3032 22
3309 22
3639 22
3691 22
3712 22
3898 22
4860 22
4874 22
5278 22
5385 22
5606 22
5713 22
5832 22
6158 22
6207 22
6210 22
6481 22
6649 22
6742 22
6787 22
6949 22
6967 22
7068 22
7106 22
7268 22
7627 22
7640 22
8008 22
8258 22
8654 22
8705 22
8974 22
8976 22
9379 22
9485 22
9907 22
9988 22
1205 21
1334 21
1382 21
1469 21
1527 21
1606 21
2126 21
2136 21
2179 21
2327 21
2362 21
2768 21
2774 21
2982 21
3045 21
3341 21
3732 21
3876 21
4229 21
4966 21
5131 21
5338 21
5486 21
5493 21
5566 21
5674 21
5854 21
6376 21
6507 21
6720 21
7003 21
7034 21
7188 21
7437 21
7470 21
7522 21
7635 21
7646 21
8152 21
8828 21
8852 21
8873 21
8884 21
8938 21
9121 21
9487 21
9685 21
9712 21
9845 21
9953 21
1458 20
1627 20
1816 20
2069 20
2095 20
2218 20
2244 20
2258 20
2473 20
2665 20
2940 20
2944 20
2983 20
3304 20
3584 20
3814 20
4477 20
4699 20
4767 20
4904 20
4930 20
4931 20
5107 20
5126 20
5160 20
5178 20
5306 20
5316 20
5361 20
5842 20
5852 20
5966 20
5980 20
6019 20
6244 20
6260 20
6483 20
6486 20
6491 20
6558 20
6989 20
7530 20
7856 20
8336 20
8449 20
8645 20
8680 20
8719 20
9046 20
9134 20
9250 20
9789 20
9791 20
9908 20
1265 19
1498 19
1625 19
1724 19
2067 19
2826 19
2868 19
2881 19
3034 19
3052 19
3503 19
3508 19
3828 19
3900 19
4139 19
4270 19
4273 19
4313 19
4502 19
4641 19
4922 19
5120 19
5516 19
5599 19
5739 19
6125 19
6494 19
6531 19
6539 19
6697 19
6815 19
7357 19
7361 19
7415 19
7806 19
8368 19
8668 19
8883 19
9077 19
9406 19
9735 19
9740 19
9914 19
9984 19
1214 18
1347 18
1523 18
1791 18
1905 18
1916 18
2024 18
2033 18
2083 18
2232 18
2704 18
2736 18
2886 18
3206 18
3530 18
3784 18
3922 18
4248 18
4322 18
4435 18
4696 18
4760 18
5379 18
5577 18
5630 18
5652 18
5680 18
5783 18
6094 18
6275 18
6345 18
6606 18
6858 18
6903 18
6997 18
7025 18
7141 18
7161 18
7202 18
7303 18
7310 18
7456 18
8140 18
8414 18
8458 18
8600 18
8743 18
8833 18
8931 18
9217 18
9289 18
9455 18
9968 18
1445 17
1559 17
2637 17
2733 17
2776 17
2928 17
3021 17
3069 17
3078 17
3136 17
3142 17
3500 17
3518 17
3842 17
3880 17
4135 17
4433 17
4573 17
4823 17
4970 17
5125 17
5252 17
5269 17
5388 17
5598 17
5638 17
6014 17
6156 17
6161 17
6197 17
6500 17
6563 17
6672 17
6692 17
6904 17
7027 17
7289 17
7719 17
7829 17
8286 17
8322 17
8757 17
9054 17
9062 17
9194 17
9298 17
9702 17
9719 17
9773 17
9823 17
9830 17
9977 17
1152 16
1192 16
1231 16
1453 16
1713 16
1792 16
1944 16
2920 16
2941 16
3175 16
3535 16
3774 16
3780 16
4140 16
4353 16
4725 16
5298 16
5505 16
5636 16
5649 16
5858 16
6131 16
6148 16
6550 16
6605 16
7344 16
7403 16
7575 16
7662 16
7995 16
8171 16
8172 16
8584 16
8986 16
8991 16
9075 16
9132 16
9211 16
9244 16
9353 16
9725 16
9801 16
9924 16
1323 15
1428 15
1499 15
1572 15
1730 15
1805 15
2000 15
2141 15
2353 15
2357 15
2526 15
2612 15
2720 15
2856 15
3018 15
3157 15
3234 15
3247 15
3279 15
3665 15
4023 15
4103 15
4398 15
4504 15
4684 15
4831 15
4940 15
5061 15
5066 15
5782 15
6237 15
6306 15
6974 15
7131 15
7241 15
7287 15
7318 15
7348 15
7444 15
7492 15
7808 15
8160 15
8174 15
8327 15
8669 15
8681 15
8928 15
9064 15
9695 15
9896 15
9927 15
9974 15
1197 14
1213 14
1217 14
1338 14
1491 14
1618 14
1687 14
1771 14
2029 14
2229 14
2339 14
2515 14
2991 14
3114 14
3154 14
3398 14
3489 14
3789 14
3830 14
3955 14
4101 14
4431 14
4482 14
4713 14
5299 14
5633 14
5705 14
5977 14
5986 14
6087 14
6099 14
6187 14
6393 14
6527 14
7127 14
7291 14
7409 14
7569 14
7946 14
8402 14
8614 14
8777 14
8822 14
8919 14
9241 14
9359 14
9364 14
9541 14
9554 14
1251 13
1328 13
1659 13
1880 13
2104 13
2484 13
2504 13
2594 13
2797 13
2973 13
3027 13
3305 13
3514 13
3519 13
3556 13
4251 13
4395 13
5018 13
5053 13
5397 13
5429 13
5488 13
5623 13
5804 13
5867 13
5895 13
6162 13
6508 13
6828 13
6870 13
7016 13
7185 13
7448 13
7483 13
7714 13
7836 13
7907 13
7961 13
8318 13
8456 13
8531 13
8934 13
8944 13
9290 13
9684 13
9759 13
9827 13
1080 12
1093 12
1661 12
2250 12
2304 12
2483 12
2525 12
2558 12
2579 12
2897 12
3129 12
3321 12
3462 12
3466 12
3520 12
3717 12
3816 12
3881 12
3952 12
4002 12
4266 12
4726 12
4810 12
5392 12
5449 12
5465 12
5482 12
5721 12
5772 12
5806 12
6041 12
6170 12
6820 12
7115 12
7429 12
7497 12
7706 12
7866 12
7957 12
8363 12
8625 12
9003 12
9186 12
1026 11
1155 11
1311 11
1346 11
1367 11
2022 11
2076 11
2215 11
2632 11
3046 11
3333 11
3335 11
3903 11
3991 11
4299 11
4377 11
4508 11
4704 11
5023 11
5322 11
5953 11
6257 11
6359 11
6424 11
6592 11
7117 11
7343 11
7555 11
7752 11
8042 11
8089 11
8203 11
8275 11
8438 11
8735 11
8750 11
9641 11
9721 11
9841 11
9865 11
9932 11
1105 10
1183 10
1281 10
1439 10
1833 10
2160 10
2272 10
2463 10
2499 10
2673 10
2698 10
2772 10
2985 10
3067 10
3141 10
3550 10
3571 10
3606 10
3633 10
3643 10
4025 10
4170 10
4274 10
4374 10
4472 10
4507 10
4533 10
4784 10
4844 10
4920 10
4971 10
5046 10
5768 10
6137 10
6325 10
6326 10
6364 10
6581 10
6665 10
6886 10
7328 10
7345 10
7472 10
7760 10
7908 10
7931 10
8133 10
8381 10
8492 10
8640 10
8641 10
8975 10
9018 10
9106 10
9167 10
9253 10
9405 10
9469 10
9538 10
9691 10
9767 10
9831 10
9873 10
