74 148
2040 100
2768 100
6278 100
8462 100
8618 100
9462 100
9700 100
3902 99
4961 99
9064 99
1062 98
2723 98
3725 98
3817 98
4656 98
9003 98
9669 98
1126 97
1254 97
1297 97
1402 97
5220 97
5683 97
7383 97
9171 97
3158 96
3875 96
5386 96
6397 96
6734 96
8029 96
9199 96
3829 95
4515 95
8289 95
9122 95
2025 94
2083 94
2766 94
3813 94
3903 94
7290 94
3355 93
4036 93
4672 93
5418 93
6792 93
9993 93
2425 92
3296 92
4130 92
4304 92
9018 92
1664 91
2459 91
5777 91
6105 91
7239 91
8068 91
8561 91
1070 90
3378 90
5136 90
7470 90
9537 90
9615 90
1257 89
1295 89
1728 89
2959 89
3483 89
4326 89
7373 89
1314 88
1483 88
1546 88
1759 88
2169 88
2679 88
3405 88
6858 88
1115 87
4163 87
5677 87
5699 87
6222 87
7362 87
8627 87
8735 87
8920 87
9456 87
9654 87
9709 87
1494 86
4789 86
5703 86
7705 86
7583 85
9817 85
2201 84
4361 84
6990 84
9346 84
1024 83
1880 83
2091 83
5829 83
6471 83
7984 83
8550 83
8648 83
2943 82
2965 82
4579 82
6976 82
7716 82
7920 82
9919 82
1132 81
5382 81
6983 81
9568 81
9996 81
3292 80
4384 80
5261 80
8009 80
3142 79
5742 79
9679 79
1084 78
2706 78
3188 78
7613 78
9891 78
9979 78
2776 77
3127 77
3264 77
4637 77
6086 76
7857 76
3888 74
5111 74
5351 74
8867 74
9279 74
9798 74
