14 2228
2026 100
2070 100
2502 100
3103 100
3625 100
3852 100
4095 100
5077 100
5205 100
5256 100
5807 100
6861 100
7047 100
7107 100
7172 100
7787 100
7808 100
7893 100
7935 100
8254 100
8343 100
8794 100
9181 100
9774 100
1075 99
1702 99
1860 99
2068 99
3256 99
3459 99
3503 99
3570 99
4150 99
4247 99
4650 99
4825 99
5109 99
5326 99
5908 99
6160 99
6274 99
6549 99
7269 99
7445 99
7988 99
8225 99
8550 99
8618 99
9772 99
9894 99
2324 98
2590 98
2818 98
2851 98
3082 98
3294 98
3552 98
3632 98
4755 98
6034 98
6240 98
6320 98
6859 98
8337 98
8394 98
8852 98
9919 98
9965 98
1545 97
2132 97
2399 97
2571 97
3087 97
3266 97
3276 97
3314 97
3369 97
3524 97
4447 97
4621 97
4805 97
4887 97
5053 97
5399 97
6225 97
6517 97
6678 97
6964 97
7809 97
7887 97
8128 97
8145 97
8846 97
9734 97
1358 96
1533 96
1595 96
1888 96
3279 96
3461 96
4339 96
4816 96
5286 96
5406 96
5711 96
6119 96
7612 96
7639 96
7844 96
7851 96
8196 96
8305 96
8353 96
8576 96
9099 96
9230 96
9320 96
1031 95
1174 95
1884 95
2155 95
3307 95
3798 95
4070 95
5023 95
5039 95
5093 95
6351 95
8525 95
8929 95
8956 95
9342 95
9684 95
1584 94
1773 94
1794 94
2180 94
2358 94
2556 94
2574 94
4434 94
4768 94
5009 94
5296 94
5347 94
5824 94
5924 94
6260 94
6444 94
7936 94
8601 94
9013 94
9770 94
1072 93
1567 93
1909 93
2023 93
2094 93
2365 93
2379 93
2572 93
3526 93
3535 93
3598 93
3771 93
3803 93
3830 93
4043 93
4767 93
5156 93
5509 93
6186 93
7031 93
8181 93
8332 93
8352 93
8546 93
8816 93
1397 92
1805 92
2699 92
2756 92
2799 92
2951 92
3441 92
3576 92
4025 92
4166 92
4507 92
4562 92
5626 92
6149 92
6953 92
7114 92
8603 92
9784 92
2298 91
2400 91
2423 91
2713 91
2834 91
3157 91
3840 91
4426 91
4571 91
4741 91
4853 91
4986 91
5642 91
5779 91
6153 91
6834 91
7439 91
7462 91
7480 91
7695 91
8399 91
8925 91
9022 91
9087 91
9107 91
9467 91
9654 91
9793 91
1028 90
1080 90
2227 90
2347 90
2363 90
2483 90
2519 90
2758 90
3184 90
3594 90
3952 90
4965 90
5745 90
5780 90
7484 90
7759 90
7931 90
8310 90
8513 90
9002 90
9464 90
9513 90
1012 89
1042 89
1320 89
1734 89
2037 89
2511 89
2655 89
2719 89
2779 89
3326 89
3603 89
3898 89
3906 89
4710 89
4967 89
6565 89
7619 89
8059 89
8086 89
8112 89
8291 89
8482 89
8635 89
8741 89
8758 89
8764 89
9186 89
9304 89
9508 89
9579 89
9629 89
9814 89
9909 89
1056 88
1273 88
1593 88
1597 88
1918 88
2022 88
2151 88
2280 88
2673 88
2745 88
2906 88
2962 88
3377 88
3449 88
3478 88
4638 88
4734 88
4934 88
5184 88
5537 88
5607 88
5870 88
6097 88
6217 88
6556 88
6652 88
6682 88
6720 88
6792 88
7337 88
7394 88
8194 88
8265 88
8392 88
8676 88
8761 88
8810 88
9068 88
9178 88
9233 88
9955 88
1615 87
2111 87
2330 87
2580 87
3432 87
3669 87
3982 87
4275 87
4324 87
4693 87
5189 87
5378 87
6735 87
6797 87
7226 87
9673 87
1131 86
1915 86
2446 86
2865 86
2947 86
3577 86
3710 86
3849 86
3909 86
3997 86
4006 86
4186 86
4757 86
4799 86
4910 86
5055 86
5131 86
6206 86
6327 86
6415 86
6653 86
6753 86
7686 86
7967 86
8258 86
8300 86
8906 86
9170 86
9237 86
2154 85
2660 85
3290 85
3667 85
3988 85
4003 85
4241 85
4477 85
4892 85
4961 85
5079 85
5687 85
6102 85
6127 85
6400 85
7685 85
8232 85
8875 85
8946 85
9613 85
9710 85
9729 85
1199 84
2089 84
2113 84
2528 84
3602 84
4164 84
4196 84
4199 84
4929 84
4966 84
5999 84
6595 84
7112 84
7346 84
7442 84
7523 84
7654 84
7996 84
8034 84
8812 84
8986 84
9083 84
1033 83
1172 83
2126 83
2582 83
3148 83
3174 83
3514 83
3744 83
3917 83
5586 83
5896 83
6114 83
6191 83
6208 83
7740 83
7799 83
8405 83
8414 83
8772 83
9318 83
9809 83
1418 82
1564 82
2302 82
3142 82
3211 82
3866 82
4295 82
4372 82
4604 82
4622 82
4662 82
4770 82
5068 82
5218 82
5833 82
6094 82
6164 82
6239 82
6278 82
6539 82
7049 82
7246 82
7490 82
7647 82
7892 82
8307 82
8892 82
1411 81
1738 81
1757 81
1912 81
2696 81
2931 81
3224 81
3271 81
3513 81
4000 81
4146 81
4688 81
5127 81
5505 81
5890 81
5891 81
6064 81
6896 81
6928 81
7000 81
7006 81
7680 81
7986 81
8506 81
8622 81
9660 81
1228 80
1484 80
2114 80
2936 80
3138 80
3152 80
3223 80
3241 80
3356 80
3768 80
3850 80
3871 80
4117 80
4153 80
4267 80
4916 80
5158 80
5997 80
6143 80
6180 80
6950 80
7508 80
8116 80
8229 80
8246 80
8369 80
8485 80
8975 80
9047 80
9544 80
9563 80
9779 80
1124 79
2038 79
2275 79
2419 79
2797 79
3275 79
3648 79
4114 79
4758 79
6265 79
6505 79
6831 79
6972 79
7231 79
7531 79
7552 79
7885 79
7970 79
8366 79
8775 79
8786 79
9453 79
9484 79
9628 79
9676 79
1183 78
1330 78
1364 78
1455 78
3120 78
3144 78
3179 78
3497 78
3604 78
3943 78
4271 78
4537 78
5043 78
5501 78
5920 78
5931 78
6455 78
6572 78
6800 78
6828 78
7089 78
7134 78
7373 78
7425 78
7465 78
8200 78
8921 78
9370 78
9606 78
9950 78
1032 77
1780 77
2049 77
2325 77
2466 77
2522 77
2563 77
3181 77
3451 77
3597 77
3868 77
3873 77
4863 77
5257 77
5482 77
5663 77
5883 77
6132 77
6315 77
6943 77
6995 77
7200 77
7786 77
8152 77
8203 77
8409 77
8672 77
8871 77
9201 77
9376 77
1331 76
1386 76
1400 76
1409 76
2264 76
2354 76
2821 76
3418 76
3475 76
3790 76
3879 76
4535 76
4721 76
4752 76
5078 76
5424 76
5531 76
5762 76
5915 76
5929 76
5979 76
6370 76
6509 76
6840 76
6884 76
6915 76
6956 76
7395 76
7821 76
7915 76
7943 76
8077 76
8739 76
9782 76
1096 75
1366 75
1904 75
2809 75
3559 75
3673 75
4232 75
4955 75
5086 75
5750 75
6670 75
6777 75
6875 75
7092 75
7286 75
7326 75
7751 75
8324 75
8393 75
9006 75
9124 75
9372 75
9604 75
9669 75
1530 74
1607 74
2367 74
2794 74
2890 74
3139 74
3192 74
3298 74
3483 74
4181 74
4377 74
4652 74
5124 74
5259 74
5381 74
5439 74
6130 74
6253 74
6328 74
6428 74
7323 74
7748 74
8326 74
8329 74
9343 74
9505 74
9895 74
1927 73
2309 73
2341 73
2811 73
3101 73
3938 73
4568 73
4682 73
5215 73
5960 73
6115 73
6210 73
6479 73
6502 73
6626 73
7164 73
7184 73
7551 73
7574 73
7726 73
7867 73
7889 73
9183 73
9550 73
9587 73
9645 73
9821 73
9891 73
1051 72
1120 72
1121 72
1500 72
1569 72
1591 72
1729 72
1943 72
1985 72
1987 72
2558 72
3288 72
3631 72
4299 72
4901 72
5104 72
5146 72
5358 72
6009 72
6438 72
6513 72
6963 72
7023 72
7960 72
8259 72
8718 72
9058 72
9561 72
9805 72
9914 72
9923 72
1520 71
2587 71
2855 71
2862 71
2864 71
3154 71
3366 71
3455 71
3806 71
4374 71
4394 71
4454 71
5319 71
5415 71
5625 71
6664 71
7382 71
7836 71
9635 71
1481 70
1616 70
1685 70
1818 70
1944 70
2328 70
2413 70
3618 70
4444 70
4574 70
4935 70
5253 70
5320 70
5547 70
5765 70
5996 70
6686 70
7235 70
7277 70
7708 70
9030 70
9278 70
9295 70
9592 70
1154 69
1425 69
1861 69
2370 69
2697 69
3646 69
4024 69
4231 69
4249 69
4279 69
4297 69
7163 69
7265 69
7653 69
7701 69
7929 69
8211 69
8519 69
8686 69
9038 69
9385 69
9652 69
9714 69
9785 69
1116 68
1663 68
2516 68
3981 68
4126 68
4266 68
4357 68
5340 68
5389 68
6618 68
7185 68
7254 68
7316 68
8110 68
8404 68
8419 68
8962 68
9470 68
9818 68
1163 67
2053 67
2437 67
2832 67
3869 67
4143 67
4287 67
4526 67
4548 67
4756 67
5120 67
5397 67
5533 67
5558 67
5972 67
5991 67
6411 67
6679 67
6699 67
6905 67
7156 67
7199 67
7250 67
7296 67
7558 67
7709 67
8039 67
8067 67
8778 67
9105 67
9653 67
9713 67
9808 67
1015 66
1133 66
1561 66
1935 66
2215 66
2924 66
3034 66
3108 66
3416 66
4401 66
4427 66
4506 66
4533 66
4547 66
5203 66
5251 66
5844 66
6601 66
6866 66
7322 66
7733 66
7946 66
8367 66
8784 66
8835 66
9551 66
9987 66
1287 65
1482 65
1485 65
1839 65
2436 65
3456 65
3933 65
3939 65
4237 65
4342 65
4771 65
4817 65
5177 65
5598 65
5743 65
6170 65
7081 65
7705 65
9599 65
9685 65
9898 65
2077 64
2209 64
2657 64
2937 64
2998 64
3177 64
3283 64
3697 64
3860 64
3872 64
4163 64
4380 64
4489 64
4601 64
4923 64
5026 64
5252 64
5329 64
5478 64
6252 64
6285 64
8014 64
8061 64
8157 64
9251 64
9813 64
9956 64
1389 63
1717 63
2090 63
2221 63
2425 63
2680 63
2783 63
3182 63
3329 63
3675 63
3715 63
3937 63
4484 63
4864 63
5171 63
5327 63
5432 63
5806 63
8263 63
8504 63
9054 63
9100 63
9212 63
9417 63
9867 63
9979 63
1309 62
1639 62
1678 62
2808 62
3214 62
3391 62
3405 62
3907 62
4198 62
4410 62
4513 62
4649 62
4857 62
4940 62
5013 62
5197 62
6108 62
6131 62
6333 62
6762 62
7146 62
8340 62
8745 62
8845 62
9066 62
9151 62
9161 62
9368 62
9389 62
9492 62
9844 62
9887 62
1459 61
1682 61
1900 61
2260 61
2541 61
2577 61
3642 61
4398 61
4706 61
5273 61
5276 61
6211 61
6727 61
6794 61
6888 61
7971 61
7992 61
8378 61
8471 61
9292 61
9427 61
9530 61
9535 61
9552 61
9755 61
9757 61
1011 60
1439 60
1851 60
2105 60
2555 60
2983 60
3622 60
3897 60
3931 60
4904 60
5720 60
5797 60
5864 60
6270 60
6390 60
6798 60
8245 60
9338 60
9448 60
9698 60
9823 60
1202 59
1207 59
1250 59
1254 59
1700 59
1895 59
2285 59
2542 59
2990 59
3150 59
3335 59
3810 59
4060 59
6354 59
6373 59
6534 59
7488 59
7498 59
7912 59
8520 59
8943 59
9517 59
2253 58
2535 58
2543 58
2596 58
3334 58
3691 58
3935 58
4203 58
4300 58
5425 58
5748 58
6564 58
6631 58
6889 58
7292 58
7666 58
7806 58
7997 58
8315 58
8526 58
8710 58
9225 58
9636 58
1180 57
1416 57
1654 57
1737 57
1843 57
2565 57
2941 57
3025 57
3727 57
3915 57
4290 57
4348 57
4549 57
5348 57
7454 57
7460 57
7840 57
8631 57
8708 57
8720 57
8895 57
8912 57
9990 57
1084 56
1319 56
1557 56
1765 56
1970 56
2112 56
2164 56
2894 56
2963 56
3590 56
3817 56
4050 56
4979 56
5106 56
5239 56
5815 56
6352 56
8331 56
8420 56
9001 56
9208 56
9445 56
9567 56
1542 55
1821 55
2028 55
2326 55
3051 55
3457 55
4592 55
4740 55
4970 55
5300 55
6120 55
6559 55
6769 55
7241 55
7345 55
7940 55
8177 55
8899 55
8995 55
9147 55
9410 55
9697 55
9787 55
1483 54
1789 54
2323 54
3046 54
3521 54
3919 54
4064 54
4293 54
4620 54
5036 54
5370 54
5449 54
5515 54
5521 54
6790 54
7489 54
7512 54
7914 54
8089 54
8179 54
8441 54
8830 54
9303 54
9583 54
9981 54
1436 53
1800 53
1977 53
2992 53
3029 53
3191 53
3621 53
4067 53
4118 53
4792 53
5384 53
5536 53
6606 53
6757 53
6841 53
8006 53
8360 53
8625 53
8866 53
9252 53
9603 53
9624 53
1304 52
2469 52
2651 52
3821 52
3837 52
3859 52
4167 52
4636 52
5021 52
5652 52
6075 52
6166 52
6446 52
6450 52
7010 52
7446 52
7511 52
8612 52
8771 52
8905 52
9504 52
9733 52
9824 52
9930 52
1339 51
1856 51
2057 51
2459 51
3232 51
3277 51
4255 51
4282 51
4609 51
4791 51
4900 51
5952 51
5954 51
6121 51
6182 51
7576 51
7581 51
7834 51
7922 51
8134 51
8202 51
8297 51
8558 51
8807 51
9015 51
9434 51
9843 51
9911 51
1118 50
1235 50
1283 50
1668 50
1770 50
2186 50
2387 50
2628 50
3462 50
3485 50
3537 50
3703 50
3764 50
3799 50
3887 50
4032 50
4378 50
6313 50
6474 50
6696 50
6825 50
7860 50
8888 50
9288 50
9908 50
9913 50
1413 49
1538 49
1540 49
2152 49
2337 49
2679 49
2861 49
3238 49
3392 49
4509 49
4519 49
4678 49
4713 49
4784 49
5059 49
5103 49
5198 49
5563 49
6079 49
7150 49
7248 49
7362 49
8095 49
8555 49
9647 49
9915 49
9971 49
9995 49
1173 48
1282 48
1284 48
1337 48
2032 48
2496 48
2637 48
3067 48
3100 48
3299 48
3588 48
3889 48
4192 48
4607 48
5089 48
5271 48
5308 48
5510 48
5549 48
5621 48
5932 48
7027 48
7074 48
7412 48
7919 48
8281 48
8287 48
8338 48
8436 48
8505 48
9388 48
9548 48
1137 47
1274 47
1434 47
2349 47
2767 47
2844 47
3111 47
3320 47
4090 47
4130 47
4761 47
5015 47
5232 47
5502 47
5580 47
5658 47
5671 47
7521 47
7575 47
7692 47
7771 47
9581 47
9873 47
1018 46
1495 46
1525 46
1808 46
2078 46
2197 46
3747 46
4356 46
4411 46
4556 46
4875 46
4933 46
5206 46
5410 46
5520 46
5700 46
5876 46
6171 46
6511 46
6717 46
7116 46
7481 46
7607 46
8286 46
8660 46
9722 46
1576 45
1911 45
1919 45
1959 45
2647 45
3753 45
3832 45
4613 45
4803 45
5647 45
5771 45
5897 45
6109 45
6379 45
6969 45
7426 45
7524 45
7720 45
7941 45
7994 45
8193 45
9133 45
9182 45
9742 45
9752 45
1196 44
1277 44
1296 44
1586 44
1650 44
1771 44
2069 44
2226 44
3123 44
3147 44
3431 44
3585 44
4014 44
4044 44
4529 44
5315 44
5469 44
5759 44
5969 44
6294 44
6497 44
6787 44
6901 44
6904 44
7076 44
7118 44
7217 44
8132 44
8867 44
8978 44
9265 44
9411 44
1403 43
1907 43
2172 43
2278 43
2546 43
2762 43
2934 43
3083 43
3429 43
3968 43
4737 43
5455 43
6731 43
6843 43
6921 43
7101 43
7440 43
7689 43
7956 43
8280 43
9077 43
9118 43
9139 43
9319 43
1219 42
1499 42
1514 42
1580 42
1628 42
1836 42
2252 42
2393 42
2759 42
2980 42
2997 42
3209 42
4351 42
4362 42
4383 42
5544 42
5676 42
5770 42
5784 42
6059 42
6452 42
7369 42
7406 42
7617 42
7665 42
7723 42
7756 42
9126 42
9694 42
9751 42
1354 41
1406 41
2193 41
2472 41
2591 41
3575 41
4208 41
4540 41
5302 41
5351 41
5975 41
6016 41
6183 41
8009 41
8137 41
8362 41
8365 41
9957 41
2060 40
2444 40
2709 40
2712 40
2944 40
3013 40
3315 40
3512 40
3569 40
3980 40
4206 40
4437 40
4834 40
4847 40
5182 40
5250 40
5938 40
6440 40
7072 40
7158 40
7497 40
7830 40
8151 40
8252 40
8456 40
8848 40
9120 40
9211 40
9220 40
9374 40
9690 40
9773 40
1237 39
1267 39
1635 39
2290 39
2822 39
4029 39
4184 39
4465 39
4720 39
4723 39
4753 39
4924 39
5587 39
5851 39
6300 39
6714 39
7121 39
7470 39
7776 39
8390 39
8410 39
8547 39
8565 39
8632 39
8930 39
9313 39
1001 38
1161 38
1840 38
2030 38
2397 38
2896 38
3652 38
3658 38
3722 38
4815 38
5487 38
5698 38
5839 38
5918 38
6007 38
6282 38
6760 38
6931 38
6988 38
7336 38
7627 38
7891 38
8012 38
8320 38
9048 38
9658 38
9860 38
1994 37
2551 37
2710 37
2945 37
3460 37
3649 37
3668 37
4408 37
4643 37
4830 37
5038 37
5258 37
5278 37
5467 37
5596 37
5728 37
5867 37
6067 37
6658 37
6690 37
7360 37
8183 37
8773 37
9344 37
1626 36
1788 36
1829 36
2269 36
2870 36
2905 36
2985 36
3384 36
3440 36
3842 36
4246 36
5466 36
5514 36
6275 36
6697 36
6854 36
6907 36
6955 36
7153 36
7210 36
7274 36
7519 36
7592 36
7658 36
7679 36
8111 36
8350 36
8493 36
8590 36
8627 36
9045 36
9731 36
1004 35
1512 35
1675 35
1801 35
1853 35
1963 35
2056 35
2177 35
2979 35
3250 35
3641 35
3977 35
3985 35
4115 35
4253 35
4471 35
4576 35
4651 35
4969 35
5114 35
6441 35
6660 35
6978 35
7189 35
7605 35
8879 35
8984 35
9152 35
9839 35
2073 34
2329 34
2377 34
2977 34
3322 34
4063 34
4211 34
4252 34
4388 34
4474 34
4684 34
4879 34
5244 34
5823 34
5909 34
6468 34
7298 34
7456 34
7459 34
7999 34
8140 34
8172 34
8421 34
9404 34
9991 34
1252 33
1308 33
1679 33
1707 33
2190 33
3132 33
3398 33
3472 33
3729 33
3904 33
4430 33
4674 33
5655 33
5709 33
5725 33
6056 33
6386 33
6557 33
7086 33
7329 33
7388 33
7448 33
7560 33
7846 33
7948 33
8099 33
8316 33
8652 33
9876 33
1210 32
2613 32
2635 32
2639 32
3009 32
3784 32
4179 32
4912 32
5311 32
5364 32
5754 32
6124 32
6603 32
6977 32
7308 32
7334 32
7374 32
7557 32
7932 32
8793 32
8811 32
1238 31
1458 31
1629 31
1763 31
2096 31
2969 31
2982 31
3187 31
3340 31
3823 31
4306 31
4335 31
4780 31
5181 31
6019 31
6247 31
6267 31
6287 31
6473 31
6676 31
7434 31
7457 31
7737 31
7815 31
8197 31
8466 31
8702 31
8717 31
8725 31
8856 31
9025 31
9732 31
9949 31
1294 30
1793 30
2159 30
2674 30
2769 30
3086 30
3155 30
3754 30
4069 30
4928 30
5129 30
5416 30
5852 30
6589 30
6927 30
7586 30
7773 30
7777 30
7850 30
8088 30
8608 30
8839 30
9450 30
9451 30
9861 30
9947 30
1102 29
1750 29
1784 29
1835 29
1953 29
2137 29
2202 29
2263 29
2383 29
2598 29
2630 29
2771 29
2845 29
3899 29
4278 29
4536 29
4842 29
5321 29
5534 29
5566 29
6025 29
6152 29
6453 29
6763 29
6839 29
6941 29
7053 29
7282 29
7313 29
7985 29
8042 29
8114 29
8633 29
9213 29
9663 29
9737 29
9763 29
1027 28
1178 28
1420 28
1855 28
2288 28
2456 28
2537 28
3468 28
3867 28
4696 28
5090 28
5160 28
5178 28
5211 28
6148 28
6399 28
6456 28
6571 28
6633 28
6829 28
7079 28
7485 28
7683 28
7939 28
8205 28
8451 28
8467 28
9407 28
9907 28
1155 27
1261 27
1464 27
1473 27
1897 27
2042 27
2807 27
2817 27
3044 27
3763 27
4194 27
4899 27
5017 27
5037 27
5398 27
6193 27
6437 27
7642 27
8156 27
8969 27
9122 27
1100 26
1647 26
2291 26
2573 26
2584 26
2764 26
3004 26
3134 26
4699 26
5570 26
6338 26
7678 26
8515 26
8551 26
8736 26
9168 26
1197 25
1648 25
2389 25
2881 25
2899 25
3992 25
4022 25
4405 25
4641 25
6076 25
6213 25
6728 25
6766 25
6974 25
6981 25
7151 25
7714 25
8434 25
8714 25
8765 25
9222 25
9631 25
1087 24
1142 24
1363 24
1527 24
1696 24
1769 24
1823 24
2131 24
2492 24
2775 24
2872 24
3312 24
3482 24
3536 24
3656 24
4224 24
4352 24
4413 24
4497 24
4499 24
5097 24
5283 24
5334 24
5512 24
5775 24
6020 24
6178 24
6230 24
6268 24
6384 24
6624 24
6902 24
7968 24
8023 24
8239 24
8396 24
8990 24
9944 24
1125 23
1419 23
2257 23
2380 23
2649 23
2667 23
3301 23
4165 23
4301 23
4358 23
4508 23
4812 23
4956 23
5365 23
6192 23
6299 23
6895 23
6960 23
7020 23
7761 23
8448 23
8593 23
8640 23
9010 23
9953 23
1002 22
1244 22
1691 22
1830 22
1893 22
3267 22
3359 22
4109 22
4455 22
4527 22
4579 22
4679 22
4692 22
4725 22
5634 22
5744 22
6173 22
6865 22
7195 22
7832 22
8049 22
8530 22
8545 22
8699 22
9110 22
9842 22
9932 22
1150 21
1504 21
1878 21
1933 21
2708 21
2932 21
4007 21
4566 21
4703 21
4811 21
5135 21
5633 21
5735 21
6279 21
6406 21
7257 21
7596 21
8713 21
8913 21
9736 21
9747 21
1209 20
1565 20
2268 20
2642 20
3261 20
4332 20
4765 20
5155 20
5792 20
5875 20
6177 20
6487 20
6674 20
6808 20
7022 20
7926 20
8143 20
8386 20
8416 20
8705 20
9067 20
9070 20
9402 20
2718 19
3094 19
3364 19
3612 19
4049 19
4250 19
4303 19
4373 19
4483 19
4608 19
5307 19
5468 19
5594 19
5716 19
6348 19
6350 19
7175 19
7539 19
7602 19
7858 19
7927 19
8182 19
8321 19
8696 19
8890 19
9075 19
9300 19
9331 19
9558 19
9594 19
9620 19
1518 18
2392 18
2430 18
2457 18
2730 18
3759 18
3908 18
4786 18
5281 18
5585 18
5832 18
5878 18
6215 18
6754 18
7505 18
8439 18
8573 18
8759 18
8970 18
1232 17
1510 17
1741 17
1891 17
1975 17
1978 17
2158 17
2211 17
2686 17
3651 17
4546 17
4724 17
5154 17
5516 17
5561 17
6681 17
7240 17
7258 17
7312 17
7421 17
8055 17
8076 17
8487 17
8752 17
8883 17
9138 17
9519 17
9837 17
2243 16
2319 16
3222 16
4081 16
5132 16
5444 16
5551 16
5679 16
5945 16
6084 16
6461 16
6655 16
7201 16
7411 16
7458 16
7934 16
8093 16
8103 16
8538 16
8749 16
1057 15
1203 15
2127 15
2532 15
4106 15
4744 15
4954 15
6144 15
6216 15
6838 15
7628 15
8031 15
8241 15
8910 15
9939 15
1127 14
1503 14
1534 14
1552 14
1731 14
1740 14
1880 14
1941 14
2047 14
2091 14
2524 14
2806 14
2871 14
3316 14
3549 14
4315 14
4418 14
4670 14
4823 14
5157 14
5270 14
5391 14
6464 14
6880 14
7423 14
7879 14
8486 14
8996 14
9153 14
9275 14
9848 14
9899 14
