90 194
1038 100
1170 100
1310 100
1698 100
2000 100
2456 100
2493 100
2942 100
3616 100
4452 100
4814 100
7436 100
7859 100
8915 100
9236 100
9290 100
9935 100
1430 99
2038 99
2559 99
4555 99
5233 99
5262 99
7000 99
7168 99
7869 99
8497 99
9130 99
9373 99
9425 99
9765 99
1851 98
1933 98
2515 98
2732 98
3128 98
4790 98
6509 98
6740 98
6923 98
7814 98
7873 98
8630 98
9050 98
9074 98
1128 97
1659 97
1716 97
1937 97
4523 97
4577 97
4841 97
5787 97
6027 97
6849 97
7123 97
7231 97
7656 97
8390 97
1078 96
1140 96
1187 96
1355 96
2339 96
4081 96
4172 96
4174 96
5132 96
5752 96
7839 96
7958 96
8029 96
9416 96
9443 96
2231 95
3142 95
3837 95
3975 95
4303 95
4733 95
4740 95
6393 95
6526 95
6917 95
7235 95
7865 95
7980 95
9174 95
9385 95
1094 94
1277 94
1305 94
1592 94
1710 94
1776 94
2835 94
4166 94
4190 94
4413 94
4610 94
5766 94
6233 94
6469 94
6883 94
7460 94
7944 94
8398 94
9396 94
9449 94
1234 93
1742 93
2502 93
2510 93
2576 93
3532 93
4359 93
4384 93
4655 93
5334 93
5420 93
6889 93
6979 93
7299 93
7513 93
1868 92
2410 92
2698 92
2935 92
2965 92
3528 92
3534 92
3674 92
3830 92
4683 92
4934 92
5751 92
6036 92
6285 92
6830 92
7206 92
7592 92
7965 92
8598 92
8777 92
9464 92
9966 92
1651 91
1990 91
2976 91
3320 91
3758 91
4197 91
5700 91
7630 91
7729 91
7982 91
8288 91
9983 91
1278 90
1529 90
1843 90
2121 90
3048 90
3055 90
3225 90
3393 90
3470 90
3594 90
4374 90
4426 90
4433 90
4796 90
5167 90
5219 90
5271 90
5817 90
6102 90
6188 90
6432 90
6580 90
6978 90
7569 90
7682 90
7777 90
7918 90
8407 90
8600 90
8692 90
8889 90
9063 90
9284 90
9606 90
9708 90
9918 90
