1774 821 1235 559 1400 1094 1603 
1458 507 1342 246 432 558 1206 
810 239 616 822 1770 1625 1387 
781 1201 1138 1098 1120 1405 928 
1615 799 764 548 1257 679 1661 
660 1450 578 1210 1074 658 1034 
1440 1441 1215 830 1005 479 858 
1357 436 803 1205 945 786 780 
548 331 1291 1349 423 1176 621 
1606 445 1706 774 1648 1414 986 
697 1597 1144 1559 562 441 624 
1416 1924 835 1085 1595 247 768 
1631 965 843 1040 1574 672 1061 
433 170 1088 1554 1014 781 1093 
1449 451 587 845 1049 1047 1145 
733 948 1752 348 797 442 1831 
1390 855 1165 993 1224 838 839 
902 777 1144 1711 506 1515 770 
786 1514 642 218 690 384 759 
1053 653 1578 1600 621 596 654 
635 830 1390 408 1581 1077 1163 
1353 693 1001 728 1145 1181 1573 
296 481 240 1008 1337 667 1149 
396 973 728 1273 325 1023 1036 
596 833 978 1411 515 1434 1351 
1425 1502 1025 852 675 941 981 
813 953 1441 1362 507 1063 615 
500 685 992 961 967 1089 759 
1027 669 905 1257 262 1863 1035 
1107 1058 1005 845 1549 665 1082 
1014 1408 852 920 1049 1508 1094 
333 1369 617 1005 945 759 1218 
338 1030 1109 1170 1676 1623 1210 
1601 1535 532 962 784 1373 1158 
706 1302 955 436 680 820 1624 
884 969 994 1135 1437 1638 605 
929 926 777 1134 1147 1356 788 
866 506 1498 630 791 1078 333 
926 1181 1575 312 373 1320 1150 
1204 1099 1849 1114 1561 1211 1333 
1245 1019 494 920 950 831 1157 
950 404 1960 958 1478 558 1730 
774 1879 1715 952 1472 1158 1177 
1075 732 1481 1118 381 1118 1458 
684 999 1402 843 996 578 466 
910 883 1155 1548 609 1357 214 
337 1489 932 759 713 904 1334 
696 891 1089 264 705 1546 1467 
900 1499 850 1808 885 1669 1384 
770 856 279 948 1348 1696 737 
1137 507 938 1078 827 523 528 
1314 1307 1034 1271 836 1708 469 
891 1374 781 806 473 1000 615 
