326 1015 1765 1393 270 1112 1106 490 940 669 836 320 573 766 1122 740 1533 1474 1419 712 1026 1760 1540 759 
447 451 1754 675 583 78 611 730 802 1388 254 559 1647 1196 596 340 1163 1220 1142 490 850 637 662 1490 
697 987 67 1316 1343 946 1209 485 1627 509 910 794 840 870 286 937 968 951 1292 467 565 722 603 1102 
1445 661 1804 810 946 1198 1297 1555 561 889 1002 516 535 1093 1330 1264 1181 794 1118 1391 785 1042 542 852 
1651 910 1543 1021 914 713 635 222 1846 283 1102 807 847 639 784 214 995 835 573 1520 1243 766 1062 1200 
1536 1415 1109 765 998 538 895 915 1277 1509 651 1071 1392 1153 693 997 1088 1357 1039 864 913 721 896 1419 
983 279 989 703 1211 534 1340 1145 1096 166 1327 146 1069 1720 1532 1457 740 736 1102 673 884 1250 1647 504 
1459 1321 465 1239 1292 872 183 867 879 297 892 214 1048 686 1547 1538 694 991 928 809 1010 1371 1505 1308 
694 891 976 1367 1107 1367 1268 701 1036 196 1218 1542 1412 1002 392 1012 399 843 908 621 596 1156 862 464 
1113 884 704 1036 740 1026 588 351 777 946 1180 1269 1075 899 806 1323 1523 1257 537 906 1717 743 690 841 
216 1191 851 1639 1012 1138 1095 1022 534 603 1265 1476 1345 826 1114 788 520 1206 1576 616 254 659 755 1030 
1548 898 1310 1793 1090 1051 445 1172 575 922 927 1461 1451 1047 884 995 1639 442 446 1053 136 1209 326 729 
1258 666 611 1351 819 698 705 1278 544 424 1232 769 1348 505 1149 823 1010 339 419 1613 747 760 1328 997 
1133 507 966 1051 1244 685 628 1267 661 828 1236 1410 290 1190 222 1653 515 971 1053 571 1364 1229 1502 474 
708 975 1177 580 1091 869 1829 893 145 1307 701 1293 1539 634 1551 982 1276 829 888 1148 891 1464 1494 83 
829 587 1365 895 1404 1418 1650 1090 1484 906 1292 817 594 1220 1072 833 1594 15 1511 599 1538 1020 1718 918 
982 1262 999 1944 1225 688 419 1356 1130 1056 1292 1215 1133 692 987 820 1379 1389 1002 1315 986 935 979 1041 
1713 854 237 786 1307 569 1204 374 476 1166 651 808 1073 837 705 599 1298 1875 1229 526 1275 505 184 1906 
1861 995 885 1570 1040 961 865 1358 1164 1114 1014 767 584 823 1361 1460 755 950 945 858 763 945 436 848 
895 1210 405 1064 1418 1042 1601 1615 1245 980 1128 267 852 1263 805 954 1247 866 644 890 263 1339 1441 684 
1188 559 836 1137 835 762 1392 1401 1843 1460 82 1160 1220 830 1197 1858 838 762 1512 1127 1254 259 746 715 
232 649 440 718 1073 1542 816 1695 997 374 528 1512 961 925 1425 1245 1607 374 182 871 1540 1366 1191 751 
1245 367 672 1384 1643 940 736 1384 660 1063 747 1584 1532 679 1555 912 842 1878 1115 712 1373 457 545 860 
1377 503 1427 937 1087 1453 468 593 928 1808 402 741 889 1050 1460 1559 789 517 1241 928 1383 1713 1462 1858 
222 731 1432 863 1041 965 1515 1575 409 871 1248 395 1704 874 1150 1509 668 1379 604 180 601 727 809 277 
1178 1078 420 1417 1626 482 1179 378 1025 398 669 92 1001 269 1102 1124 862 1337 1792 1357 1285 843 685 1363 
1230 1609 441 199 1425 915 1203 611 1144 529 1357 1450 1358 1853 1143 1404 1214 798 811 781 623 1292 567 410 
170 200 809 744 1628 1388 815 1341 751 994 326 999 282 859 1194 1142 745 346 1168 1596 748 853 1056 1076 
639 184 996 1563 136 1608 1059 916 1183 1234 1070 768 1619 1103 1186 1366 383 438 1583 1095 1224 980 1159 1199 
558 1106 591 1537 641 1030 907 1013 1100 526 867 1378 1438 1037 1713 1524 1279 548 303 706 678 861 717 1817 
992 441 1323 898 1518 208 786 928 1456 844 827 276 1615 1115 1647 964 1359 1669 1054 1362 958 542 1302 418 
518 197 1130 970 1030 542 1763 1225 1555 1708 440 358 555 742 199 960 1474 757 656 731 1193 581 1173 235 
286 812 1495 1339 994 694 1879 1112 1133 283 1228 1200 690 780 1307 836 454 1063 532 227 1849 453 243 1077 
275 1629 361 760 117 1670 1417 755 1225 1098 1105 1125 390 770 1091 1231 1110 867 1458 1140 890 203 688 1203 
855 667 1682 265 490 674 325 1021 792 1316 889 608 820 1118 590 1184 1656 662 188 1465 1357 662 1373 1022 
844 712 1474 797 1408 488 1019 1432 1090 1689 894 893 943 1169 642 1427 1770 1328 1223 829 338 895 1260 1294 
1199 618 651 862 614 1365 816 726 396 631 313 927 502 1058 679 974 1690 692 705 1281 992 381 299 597 
572 1206 928 427 1519 445 889 941 1560 1256 1526 1433 223 351 1357 1564 867 503 1080 1465 888 1015 1361 318 
917 1685 752 890 1150 1465 1370 498 336 1369 656 294 624 1108 1433 804 372 1612 1109 1169 210 1178 736 1290 
1707 630 894 551 803 1100 975 686 596 1404 425 681 1440 1267 1295 800 1139 317 438 1084 1114 1111 687 974 
676 949 1450 974 1833 1419 1643 1692 785 705 928 1123 1335 528 379 1378 1196 360 492 1109 787 617 561 848 
526 266 1605 1546 466 1148 505 1189 1060 1256 686 866 609 1009 888 1482 1110 1669 772 1445 854 1313 1022 888 
806 744 1186 1023 1113 1095 856 835 749 673 788 922 186 582 207 1310 1515 488 1456 1139 167 1288 1270 1081 
566 1109 510 568 1067 527 607 1472 1012 1322 529 149 997 1348 1367 818 1081 102 1079 843 1285 1141 1567 643 
968 919 1183 1214 1046 816 810 582 978 769 1202 944 962 1131 1151 519 1179 992 1114 1245 1091 251 343 958 
273 1204 1705 1175 464 1146 1159 1437 1309 1069 1778 1350 980 981 816 731 435 959 1841 1372 1233 1608 663 655 
1281 665 1658 1049 1163 1560 391 630 269 1499 1146 1588 960 1032 1099 638 1187 1169 531 1516 830 524 1519 1048 
1076 1253 599 854 1293 982 1291 1164 1197 756 850 318 1509 1483 334 707 1336 312 751 1250 1474 1225 872 461 
182 435 648 1207 738 862 1335 735 1327 1785 954 1106 625 948 871 586 946 1400 1905 1223 1278 1151 731 1018 
1253 341 722 1276 406 1323 1025 1904 735 86 81 771 1097 525 1221 936 1456 981 807 1063 866 849 708 794 
659 873 1394 1483 435 878 992 1252 871 346 1437 1655 675 553 1478 508 1298 1313 1019 1831 560 954 897 913 
887 981 1389 1467 523 952 1174 971 1307 1208 349 560 359 1089 946 636 1617 549 889 813 583 792 1859 1022 
632 623 758 510 214 586 1025 1068 731 1063 676 1138 689 863 962 1041 914 746 1771 1271 813 1170 1010 1201 
692 1121 363 1378 1496 289 903 1586 1060 1709 920 784 676 1119 990 1509 1381 1086 716 1339 1515 349 544 711 
1367 1140 729 1751 341 870 1152 812 1118 1502 1455 650 303 720 1430 400 1232 1134 620 675 1368 924 1256 1866 
859 983 951 279 1661 1040 333 487 945 668 945 936 1331 1268 1045 993 863 974 877 742 1235 878 646 1362 
702 314 807 946 1596 1065 1240 597 781 961 222 1297 999 1093 1502 589 1138 991 833 988 598 1079 1327 1583 
1063 1119 246 1090 595 823 1255 407 153 980 918 910 1050 1057 1569 885 1453 1153 1620 431 1462 581 1022 466 
1858 482 829 267 1422 1285 1375 1166 1306 948 1347 1811 659 236 691 1379 1022 993 1218 465 1276 646 781 1687 
1117 1435 1612 326 853 942 876 527 1202 720 430 1354 582 809 572 1851 1012 688 189 942 1311 644 401 1244 
460 1066 879 1297 560 1568 1579 1071 619 1549 1552 965 1395 1250 1579 1827 570 904 1439 1409 1325 597 661 574 
736 743 704 802 780 967 1892 926 938 854 1298 769 851 1393 1296 759 745 855 463 1147 951 755 1458 1070 
1029 518 310 515 1295 716 1258 817 972 847 1372 932 1682 1782 840 1564 438 1104 644 1411 260 737 1129 1100 
749 1156 486 393 1195 987 978 974 1079 1504 1360 1406 425 1088 983 737 1462 1369 523 1260 1253 1400 867 905 
885 668 1696 321 501 263 1578 363 1712 753 1306 1742 529 385 1038 1090 1367 724 673 1370 1024 958 1140 1508 
862 347 1370 948 355 1450 509 1203 1471 1091 1000 346 798 1158 419 143 1821 1146 583 1233 1138 725 1233 165 
483 1374 427 1148 822 688 1655 963 899 1242 1285 477 1121 1069 1183 732 1033 1776 954 821 1126 634 1160 964 
529 644 920 973 688 833 604 1052 406 1499 729 471 840 1117 1657 935 638 1198 1371 1126 886 1291 795 1496 
822 475 903 1052 1045 1714 320 1029 1039 724 1393 1084 229 685 660 1093 1704 1319 879 666 552 1033 779 735 
1433 1081 769 1285 1416 815 1030 926 485 1355 226 267 588 1493 1127 1516 960 953 854 393 991 1566 211 711 
1142 1555 891 414 455 1219 586 961 1456 1251 482 1108 964 695 351 1050 1057 832 221 1270 950 824 1021 1261 
146 689 560 1102 569 1168 1688 721 1084 68 788 568 601 864 1178 1678 53 809 1395 1150 1039 1634 1132 501 
647 757 889 717 1640 169 1138 1111 1037 1508 1164 829 881 330 1271 625 662 1296 541 1361 922 1034 546 1414 
1354 525 1178 1252 546 1021 708 1398 1706 362 1118 1611 1309 1568 1394 1340 452 979 170 1081 922 953 1079 1245 
906 1692 56 988 560 1150 1222 55 1021 929 1513 1388 949 1449 314 526 1577 243 385 1430 931 1214 1280 1385 
736 1484 1252 1395 956 710 897 935 802 1398 1089 1121 1891 1055 1440 1388 1516 1591 128 1138 948 1361 1237 1424 
1045 1093 1004 1609 578 920 1352 1358 1438 993 1340 775 1368 854 1037 1480 844 200 1092 990 1793 924 840 937 
1741 306 1285 575 746 494 1052 537 866 1427 1867 866 1201 181 761 831 1349 309 581 926 760 1108 653 1634 
1415 1360 571 870 1187 179 840 299 512 280 1127 241 1038 890 1483 1625 750 819 1105 1441 614 1565 1234 768 
1396 707 1108 1671 949 120 904 1105 1227 1058 111 1479 1226 1145 1404 1492 1732 785 1432 902 754 473 723 653 
452 787 631 613 764 1131 1150 971 490 1819 1195 718 1804 1267 209 838 449 887 898 1162 1435 666 1246 844 
848 742 1050 1016 937 1052 661 648 780 1560 1021 577 1156 1275 1693 449 732 922 1324 983 1495 1582 403 1711 
721 1242 1451 102 1512 1110 463 1206 1752 1042 1194 1173 921 805 1751 1128 878 586 1528 376 741 332 1773 508 
1675 1133 616 418 1011 695 1061 245 1505 756 1458 1174 1892 1610 561 483 890 1126 1279 1177 799 1511 925 1042 
1075 995 1107 985 1357 410 1000 1500 1531 1179 790 1442 804 1573 767 1292 832 1201 1133 467 896 1030 971 521 
311 893 468 287 1242 1069 820 898 958 869 1392 732 1184 1027 374 1626 491 928 1047 1236 1570 236 1186 551 
1055 748 1361 979 99 1650 617 273 1302 1093 1359 297 944 1001 959 1022 1155 1200 848 1281 530 591 671 1017 
439 1304 1295 1118 1149 451 1247 811 1559 1449 1232 306 382 1577 1459 144 547 736 673 1744 1697 1174 956 1538 
853 822 1036 796 694 1683 840 937 870 1141 868 910 1390 1562 1661 1015 901 991 1923 1732 1485 840 1893 891 
1391 1014 978 1592 1674 1298 1604 442 858 565 569 1199 495 1080 622 1063 316 1770 962 1116 1593 553 870 1586 
972 1001 1051 617 1717 1609 1055 1094 1497 453 1051 1227 1177 634 475 1257 1250 248 1105 340 1719 1292 254 1499 
1420 872 927 1569 1363 1509 543 1281 1408 393 1281 669 857 1204 604 645 1285 1264 1062 1269 1176 638 774 1371 
