349 1348 798 1291 646 1424 342 470 1644 1121 1837 1658 954 1681 1304 402 970 1159 415 664 1697 1012 1361 1187 751 888 748 924 1073 991 1181 1484 802 1254 832 860 1024 928 600 1113 1069 949 
845 659 486 1118 1020 791 1744 739 1661 990 753 979 991 273 1414 839 880 602 731 548 1261 830 1484 624 366 1745 1442 1506 1414 830 248 1071 332 827 1150 1054 687 1216 964 987 952 1925 
858 1871 1102 1676 770 1589 838 1065 1471 1311 1690 1095 925 1097 667 1797 1019 1242 1009 692 760 521 888 697 1069 664 1605 1611 731 1220 675 295 1087 904 1101 984 1433 557 1534 1050 1348 452 
1268 1159 1665 1431 1318 1747 1368 1632 1716 1008 1772 1711 977 931 359 30 1771 1031 653 876 1344 936 475 1636 1722 935 1060 1362 714 729 1122 623 1073 1277 525 833 1272 1631 1771 805 966 472 
1105 474 1108 1371 1775 408 682 1382 863 1377 1540 1030 519 422 974 1302 1196 853 338 1432 877 1032 925 1598 996 773 617 1206 457 505 1589 909 1335 599 234 1007 884 895 1098 1469 1231 900 
1265 584 578 805 1329 417 1713 946 510 718 763 883 842 1005 878 618 1207 792 1113 848 909 1882 574 1440 875 1592 639 341 1431 1431 421 772 1264 677 847 1867 1204 1108 880 1198 362 990 
1430 881 781 559 1360 872 1156 573 1153 1250 404 1327 1576 1243 1272 970 673 921 1035 809 888 696 1444 1641 1122 829 428 1321 1440 1825 904 1124 1155 1147 717 1452 1153 366 892 913 1360 335 
1327 1240 687 947 1077 731 1620 796 1105 392 1246 465 855 244 1012 283 1097 1058 897 1518 1425 191 680 945 841 1073 1563 1468 1217 885 606 1025 1031 658 304 535 1691 652 767 1461 1097 530 
1133 738 80 391 577 906 954 925 750 378 882 1028 1201 384 1291 497 779 625 918 1229 442 686 1462 979 1497 1405 951 1872 972 328 933 271 983 1597 1018 601 911 227 1269 809 541 747 
1264 1072 979 730 786 1319 1106 283 1113 945 257 1614 1376 1143 501 894 771 1110 1600 867 641 748 1301 1039 1111 1272 774 772 1446 913 1182 385 1036 1002 877 1091 1678 1001 858 263 1220 1080 
986 438 470 1228 1611 1541 1290 551 1373 1551 243 1043 1294 959 820 1612 1715 795 802 1409 814 893 981 770 942 1885 1125 1063 1339 515 1107 541 1427 339 867 1049 1236 1083 1474 916 1545 1864 
631 1977 957 1242 700 434 1479 467 1047 310 1734 1133 1314 623 1537 1061 787 1185 564 1224 1208 531 441 746 1009 1606 701 729 1169 1596 903 1910 1079 1690 452 627 1032 456 1731 714 1003 595 
335 1160 885 871 1436 631 224 1041 1803 1477 650 528 1266 1108 1225 1673 1089 972 978 1024 880 1171 1208 1576 605 1430 840 1020 1852 855 338 1042 1280 1177 935 1258 522 1359 1183 1019 1132 1262 
1225 824 1095 1537 1812 1218 1383 576 646 1053 453 1469 693 1027 947 1301 303 1530 746 1235 721 1363 945 1384 1205 369 1931 939 39 1076 1013 781 482 983 918 495 1006 1707 660 1741 817 724 
960 659 1086 1287 1135 1205 1271 976 1017 562 351 299 825 999 646 739 1810 763 732 722 1045 979 1247 423 1815 992 583 996 677 620 850 477 518 976 766 1069 904 1367 901 872 204 846 
1608 492 1585 758 846 1125 1515 1831 177 1388 881 1010 1027 1281 806 1528 998 1824 1234 830 1449 644 398 619 958 304 1074 379 724 970 1332 1442 1349 949 1279 1382 192 998 1207 492 514 1008 
1369 912 1784 391 688 685 849 1443 1171 975 1002 1796 698 1280 1171 394 509 1104 1851 784 1104 1151 1158 1326 1813 1012 1028 1116 1468 461 877 847 868 860 1241 957 1124 696 1030 671 1060 1284 
1163 803 371 669 1888 560 612 1597 990 1360 826 548 419 836 866 933 1724 1739 473 1537 1120 1451 257 1005 987 933 337 870 766 1493 687 1443 405 1307 1281 457 1221 1666 1007 379 1670 1084 
1618 850 684 502 860 1089 1234 1412 791 1344 322 1538 1106 1595 783 967 180 1027 773 506 1038 1325 1297 1090 646 1249 1667 860 1078 1647 401 1319 1056 372 1446 1169 568 1154 1541 618 749 1567 
1445 822 1915 1683 1863 1220 560 1212 1090 1461 652 498 1232 1420 1753 1639 859 1236 1198 1567 590 1596 862 1096 1618 692 839 1495 784 1386 636 1242 436 915 1299 1335 1127 542 1092 899 904 699 
262 991 1044 1186 198 956 616 447 1233 749 1241 852 868 589 1021 1023 538 1116 964 977 1639 1113 686 1221 513 639 1474 323 734 706 551 607 1035 1373 1052 1293 1599 1527 704 858 855 1491 
1051 1382 711 1253 1242 300 1363 1841 401 1144 968 1453 583 1043 652 945 1077 1567 1047 1732 1258 814 954 912 1177 1646 1384 1688 1392 593 1330 1024 1392 706 1421 1078 438 666 565 982 397 1160 
1637 214 1590 987 1421 956 1288 256 1161 728 222 1143 1372 578 1822 1334 1666 1002 929 767 1677 888 999 971 1223 1826 1329 655 420 1425 1470 689 1656 511 1087 1316 1220 961 1775 1023 787 813 
885 992 1128 947 456 407 1375 885 828 1023 635 715 1266 192 1089 1341 1789 760 1227 452 667 770 1323 1012 941 962 1200 1010 1167 563 939 1124 1665 1121 1292 466 978 643 1250 1570 856 1001 
1700 856 1167 478 712 1496 1052 1366 758 766 1704 638 888 1460 368 783 1193 777 870 715 1079 779 1435 1109 1094 1136 1599 609 1023 1378 790 1100 1146 1390 1107 1266 553 1585 1409 519 378 1815 
1627 1240 1105 809 649 381 1380 1297 985 1047 1340 1210 1831 553 1297 856 1256 742 1068 925 680 953 966 477 1716 1583 455 1115 1836 828 953 960 928 1146 328 780 463 1213 439 1242 1862 1010 
1278 781 544 749 562 1765 848 1231 357 1026 1157 1191 337 1456 765 1925 859 1104 1042 1148 962 1229 1099 1054 1807 1253 918 1214 1422 1534 1007 1360 1864 942 954 1075 511 360 528 754 189 1057 
1466 734 1723 477 1199 293 777 1353 1374 1269 109 1023 1098 955 1150 716 920 607 1435 253 491 1716 371 930 1556 952 979 1488 471 1300 734 1282 1536 1286 665 1073 1227 830 1729 239 1471 744 
74 1288 663 1233 383 1145 450 991 656 1035 748 644 1395 1798 144 840 767 1015 919 462 722 596 1416 1137 861 875 268 870 1255 576 839 401 948 848 1096 1030 1661 1206 909 132 971 725 
721 1297 998 1650 859 1405 718 1574 1547 873 1852 390 1758 819 514 425 151 750 1839 660 1446 1029 906 1080 1083 1488 1135 1037 1310 509 434 956 757 1458 1070 1317 1176 227 926 662 358 1444 
1124 980 1332 1678 1189 864 1567 463 193 724 747 364 744 1365 401 637 686 161 1237 1466 1031 259 1019 1293 1160 1668 485 1458 1358 660 708 793 1071 1104 1019 1100 1364 1599 323 1677 1039 1296 
1123 187 936 785 1195 1605 700 931 479 1005 299 1238 553 983 775 1259 1614 1597 1241 504 1392 999 1597 1235 1235 718 1171 1320 1218 990 717 1908 743 1160 1793 1289 517 907 1282 1514 506 1229 
1284 812 433 1227 1209 1823 1455 397 1030 1427 1899 877 608 1146 1004 811 1932 1306 404 1394 1431 768 428 916 1080 1238 1866 882 469 1319 1285 1118 932 637 956 1766 1019 936 605 993 1415 246 
693 876 1610 418 1100 1214 1669 995 465 335 681 844 845 1255 426 181 626 1142 1250 1474 1005 1392 1869 845 995 646 1056 409 1700 942 1342 1552 573 374 1227 1562 1157 505 1309 1203 720 1370 
1305 1209 894 1664 580 1630 662 1565 1165 613 1115 440 1004 1153 708 691 1539 1269 1535 1090 480 866 782 132 869 1739 1637 1260 1581 1208 1040 882 641 889 916 391 666 945 824 1136 704 998 
1075 559 854 1504 775 1122 1031 1211 881 775 925 1141 1582 1413 1192 331 1765 698 1304 1594 1334 1305 892 214 505 380 632 1605 917 1274 1098 1508 1523 852 1244 656 546 1212 1025 1191 1596 339 
882 975 1103 945 1080 1215 1303 1044 578 518 1337 1588 890 836 831 608 946 406 783 1477 1251 1016 863 1280 1047 1059 1153 539 694 1365 876 1558 641 817 1347 724 890 873 560 790 1550 578 
999 410 118 562 252 1787 951 1298 712 942 1409 992 1557 1296 1440 588 1020 827 743 1217 882 1496 950 1280 702 1190 1583 397 1791 696 658 1430 939 1315 1390 1183 965 165 516 243 1135 918 
878 470 922 1222 1053 1509 1736 591 833 516 1690 549 1183 654 1294 1646 821 990 1955 763 1823 578 1057 1004 1637 753 500 521 795 1626 1420 857 1319 376 1675 1000 50 792 424 663 651 1099 
1534 628 897 1384 877 878 368 658 985 1094 1082 1449 933 338 977 1017 1174 1133 319 1502 719 1601 1659 499 598 822 953 938 997 620 1702 706 442 766 1212 1314 1336 1052 1294 1140 906 1468 
908 1181 579 856 1653 1094 1290 1657 1809 568 1273 1787 369 965 1364 1380 1279 961 676 1096 348 980 1188 414 741 1804 665 1460 1573 1237 724 687 991 1064 1232 385 627 711 699 1089 1303 1000 
1382 884 871 361 841 455 1610 932 1007 293 1942 1018 208 871 609 957 1268 820 694 690 560 1410 161 1772 1039 752 468 624 1053 873 1242 1115 1695 459 1028 730 270 834 1287 960 961 1047 
952 520 830 1052 572 737 980 1441 1242 1448 1142 1732 1250 1300 1782 1251 938 290 734 43 1308 1203 1573 941 1224 855 771 624 363 1124 149 892 622 1137 1245 1385 978 1105 416 1930 70 1115 
956 1199 746 890 1546 675 1629 925 1148 1353 1218 1260 1264 159 369 1045 821 1898 1499 413 720 1034 201 738 880 891 1462 1522 392 736 1125 1126 87 542 1566 1058 866 1136 447 1214 350 968 
1024 1438 812 709 1167 1950 1538 1044 1505 318 1455 1818 1497 358 694 663 268 1885 1051 1110 610 842 1391 65 255 1542 522 651 612 906 619 880 744 1136 1638 1229 780 862 115 969 1378 853 
894 796 1036 1081 1220 1767 157 628 1038 217 396 1447 1236 364 1260 1479 876 893 971 1395 37 1749 1439 1033 744 1006 1376 362 649 1021 893 651 1720 1015 802 1184 712 1323 1332 707 1030 1612 
310 1339 634 1580 956 990 1734 1623 1452 1137 1669 1170 1855 841 1100 796 1599 760 686 1513 1237 826 1224 1364 1492 1267 788 1266 320 869 257 937 1140 588 240 1606 1746 1307 542 1317 884 1358 
1031 1159 1786 1275 1160 1174 727 784 1136 720 1556 1530 1113 898 1054 496 1036 984 933 884 1076 1226 1175 866 1011 1078 974 286 1424 989 926 1033 555 825 1227 1023 804 1022 823 835 1183 768 
