1452 1137 195 1031 1063 979 729 1100 545 1034 457 581 553 1077 1773 495 1163 1331 162 1205 1380 1364 946 691 1381 1020 823 468 1008 1083 1719 1247 1399 772 859 1095 835 365 1611 1206 238 804 807 1281 884 974 891 1616 803 1106 748 1266 1612 947 979 788 230 718 1146 1611 501 
1553 1407 459 1230 938 1275 1309 1785 816 1150 783 176 1466 260 879 805 588 977 240 326 1406 310 442 641 1572 1558 484 1524 491 209 860 1659 859 771 1645 964 843 1181 1380 1633 1303 875 988 1358 448 1045 686 1915 765 1060 1524 661 1012 639 1076 326 574 916 1397 760 456 
883 1668 1151 837 1246 734 1407 967 1499 1706 995 1365 949 152 1003 1322 1480 1124 988 638 1638 1542 1332 661 635 955 1848 1147 968 1096 1715 1298 1234 753 622 1525 1791 565 1083 916 851 874 567 445 514 1050 1199 494 1613 1280 970 1522 259 1063 380 629 1125 802 1192 1284 889 
240 1135 778 850 1586 1402 437 1030 1293 1251 1028 1672 488 689 1479 664 807 739 679 977 1056 327 1003 860 852 1484 1201 1325 1178 1032 887 756 1078 239 398 328 1151 1185 832 1105 1410 650 1665 1380 1839 1303 1400 1175 537 791 1548 740 1487 1338 882 1371 966 274 174 426 1436 
1353 1112 1169 694 841 1820 1277 1015 802 640 452 1255 567 1503 1308 1148 1856 1689 333 1110 1481 1305 257 920 864 1592 828 1114 932 1078 1218 1278 462 430 629 549 628 585 899 1157 1370 926 439 1089 1351 1111 1078 1240 486 495 1308 434 945 1677 1072 1598 1375 419 501 1129 1344 
85 1635 1380 1044 1271 1333 764 939 1244 799 1115 1388 677 1346 1277 907 1315 1284 1565 471 1070 1734 1379 1282 357 836 579 1127 917 1274 893 1398 1292 1063 986 679 896 1297 851 857 390 1037 987 1488 1070 997 1116 1515 1627 1625 725 1265 887 764 1307 1457 497 1267 1890 1382 649 
869 557 1345 1705 905 670 829 1003 839 648 840 1631 1099 385 1173 494 806 1198 850 432 1156 931 780 760 355 1559 1105 667 1177 587 863 1231 743 1555 553 1123 151 1205 715 68 1377 1356 850 1365 257 952 446 975 1125 917 394 758 779 458 1430 1070 1350 1057 656 692 1946 
215 686 1429 1179 1449 1287 926 1313 1288 782 1095 1151 183 1061 1312 1355 1217 1076 1169 716 1036 1635 918 1179 837 1458 687 1213 1185 1440 1373 835 338 1391 1340 319 1443 744 454 1285 1470 1034 680 687 1494 1834 1729 1182 701 776 1109 991 179 1922 1551 832 363 1248 1614 193 1237 
346 672 1390 881 1064 1090 512 428 1385 1259 774 874 1215 769 1668 860 1804 960 594 1658 975 1507 704 1247 528 793 1185 1440 1002 1165 1171 1194 604 1263 591 310 1138 1334 1302 122 797 1884 916 583 1002 1174 891 861 1341 1278 415 1363 1299 258 995 1488 379 822 1175 920 986 
1414 997 314 1072 660 1163 657 1232 631 1415 951 249 1281 807 373 941 1079 1032 1706 291 1684 647 1796 337 964 565 1318 1450 931 854 134 1426 746 1282 298 623 1167 865 304 739 1125 1636 673 1204 1760 1593 467 1048 265 1714 578 483 384 474 1103 744 1166 1086 1569 1290 1239 
663 435 1430 768 1502 997 778 658 1110 799 1096 1373 1487 456 745 1075 1632 886 867 287 448 1282 1352 915 1409 1331 1532 1746 142 628 364 1271 1360 1220 1248 1590 899 732 1644 1517 597 780 819 1885 769 692 1546 1012 620 588 1084 1415 946 351 228 1151 365 1077 421 683 1246 
1420 951 630 1088 1156 1372 838 287 1615 1392 639 1596 665 1634 886 697 936 1245 883 811 1014 633 1359 1116 1088 877 855 1389 1144 1289 1790 1532 650 1107 488 1196 906 1644 375 1484 1377 974 803 750 1522 738 761 490 1318 1003 1248 775 1075 759 712 506 1349 423 1192 1052 813 
719 221 297 148 434 1197 1158 248 1054 338 1722 1763 445 463 777 333 1155 354 778 794 1664 1515 189 725 946 1195 692 1204 687 95 761 1515 564 631 1094 1416 1036 1375 1488 1116 1256 1612 869 1185 543 1079 891 815 1300 1044 808 1489 847 290 967 545 1357 1092 1198 415 881 
1294 1497 915 720 1109 1091 1543 1797 712 751 688 909 916 1098 309 384 1562 700 690 1191 1378 791 521 1404 1013 632 957 1036 1128 760 924 306 1195 988 1333 1016 954 1584 1063 354 457 1372 905 1489 1473 1092 736 1480 1047 1049 1168 499 1238 357 1118 1050 1328 932 1243 757 794 
776 1117 1270 671 606 123 507 1054 1196 703 1638 1038 617 1436 1125 1894 877 1400 175 1351 849 1416 1870 1742 92 1026 512 1001 1606 1081 987 1459 1184 1448 491 820 779 1194 808 629 1471 433 668 1799 418 677 911 1481 602 1516 1749 549 1085 618 720 561 709 1268 1063 1491 1099 
993 1736 1354 1609 417 1190 557 1226 1384 913 669 1119 1499 1146 1015 561 1896 1129 1158 1089 1811 864 813 100 1298 584 625 1226 1483 1847 1156 388 960 843 1421 539 1134 936 656 795 380 1382 1097 1631 467 671 1427 449 469 1108 1097 1014 446 546 1021 893 1147 1926 1523 1226 1132 
728 222 1324 1241 852 1338 943 655 874 1458 601 793 1192 337 1333 1525 425 778 1394 817 870 1290 1682 1248 1380 1175 1219 646 1426 1269 1226 1071 810 500 1024 1021 337 1062 1696 1771 1514 900 702 1142 1342 1371 728 1639 1521 483 340 1527 320 322 691 590 1937 776 1279 1857 1084 
409 802 791 467 1372 681 1148 200 892 895 1056 989 1211 688 1058 1384 968 330 1122 1201 1346 1460 994 621 919 808 1167 830 1052 1240 1029 395 1333 1500 701 1039 1046 1037 1024 1299 1201 782 704 872 916 1320 1569 1507 842 1214 1382 808 440 425 1467 1742 442 1257 1419 1070 1463 
853 563 691 1086 1795 842 1308 1232 986 1159 183 815 1600 1137 1289 735 902 495 1627 679 1550 1275 733 676 898 764 1581 1111 831 1137 1136 1227 962 649 529 204 791 380 967 358 1678 1101 870 1380 1467 444 828 835 513 1069 881 642 991 528 1674 948 216 1430 954 1056 850 
1178 1160 1214 1085 510 1569 440 1504 284 1158 658 295 641 1385 952 320 840 1237 837 698 862 1400 861 814 1053 398 615 551 940 1316 1470 1301 1893 1567 1320 837 346 1587 631 1179 945 475 1186 895 1004 951 799 1721 1103 786 1197 740 563 228 1560 747 1605 1115 946 1274 297 
311 733 1089 909 380 1136 1017 1423 695 368 808 1160 870 1769 1436 903 793 1126 1038 887 1340 923 1520 1108 1099 901 1458 1219 568 957 976 939 1627 1022 429 1071 671 1061 1174 816 906 549 522 780 1031 1236 1132 776 1141 984 639 1366 1505 1134 1562 1539 837 1190 1437 692 915 
779 1134 1531 1264 416 1471 1016 335 927 762 1124 1210 1112 858 1195 508 1782 949 249 1120 1190 679 1245 1684 1814 958 1328 948 960 888 985 912 995 1196 1008 1291 1508 1343 671 750 828 1685 638 1188 505 597 779 442 1381 786 1081 881 1173 914 587 1167 289 991 1827 1372 882 
1349 1056 710 628 736 979 1107 1159 1731 980 545 1340 704 1027 611 892 416 1061 833 1119 1270 1275 1016 473 677 1338 1586 963 929 920 863 1492 1653 795 1825 1086 794 673 1421 997 721 226 1432 1199 1647 956 659 1257 167 524 932 805 1794 1233 289 856 142 1660 559 866 1392 
1080 1076 980 1269 1094 646 1082 1727 1023 865 901 574 1150 993 310 256 748 1528 1073 750 1194 1063 839 756 994 889 568 1364 563 994 450 834 1303 1546 1145 956 893 1210 442 1555 754 1159 730 509 1591 962 1377 375 697 1000 986 1472 640 1423 1361 1070 987 996 883 1411 988 
1306 1645 834 836 1570 1112 997 1148 1225 1258 856 1045 1721 881 1418 1078 1724 904 381 924 540 1350 436 1233 334 1052 1557 785 1575 911 1457 720 1353 850 1004 1392 1607 1681 1294 1099 826 813 1300 1461 1394 868 428 1101 1191 1219 406 929 506 1744 1454 808 1021 448 1375 1236 308 
492 1230 663 714 1142 1085 1060 407 920 1051 645 1195 470 899 1454 909 979 766 1568 972 380 1211 1172 641 1680 1045 1269 1387 829 919 795 1250 1003 875 1461 917 1231 1620 926 1705 524 1022 1851 720 821 1925 804 758 1313 614 766 1198 1203 847 608 958 84 1000 1628 1920 160 
712 740 1083 1493 681 1357 1634 948 926 347 1346 885 94 787 1452 206 1621 1318 1380 380 928 977 483 451 1762 1354 789 736 1491 902 940 1697 1237 1437 880 969 1265 926 1411 1404 1091 403 654 795 549 1171 1614 348 1338 724 1459 1125 638 983 1302 1263 1083 961 1015 885 551 
462 514 1114 907 1702 1236 1203 1164 1663 1436 1093 893 1370 412 1470 1263 1391 800 1008 1466 1227 1239 1006 584 1619 1110 722 308 1013 1330 1231 1875 388 1380 1302 1140 1282 1794 1623 1481 706 1444 1163 1408 667 349 798 923 1048 1434 582 728 977 748 451 1735 507 995 1751 790 616 
302 1567 483 1030 901 393 1416 535 1218 1938 1887 1128 780 892 735 424 867 1570 1150 849 1278 604 1154 966 931 1039 984 933 887 575 615 910 663 1016 774 1251 848 244 1216 1037 395 717 1157 1531 1380 1339 1678 682 1008 1787 246 780 1533 979 1264 653 1015 512 1277 1184 1499 
873 1056 668 1370 568 1388 1417 988 1004 1674 1040 884 629 1585 1297 592 1321 791 287 762 167 1103 497 127 580 370 535 509 1444 408 956 962 599 857 1670 1301 784 1828 900 652 861 1080 1180 1240 465 1519 1319 870 991 568 1054 1262 1822 497 647 1009 1730 766 1078 1313 267 
908 839 1151 631 785 1607 1091 949 517 1366 1162 477 379 906 609 1617 1261 862 994 102 1160 1017 1415 996 980 1464 1012 1307 1194 855 1214 1728 1841 683 871 1312 533 453 456 637 808 899 1131 661 589 1169 747 1037 1041 789 1688 1008 603 1673 673 1733 974 1251 178 922 796 
551 1678 1291 769 1020 687 478 1578 1042 1050 998 912 139 1459 715 425 553 814 959 815 1037 1605 340 994 1268 1126 1318 1205 1268 232 719 1313 505 1176 1067 1385 1084 473 1851 1347 404 891 1492 602 400 1001 329 852 1279 412 931 1001 872 1111 603 952 927 396 929 504 558 
359 1543 1345 995 992 547 838 1357 459 882 1253 1544 1170 802 615 1467 1725 405 1743 165 634 385 442 1450 887 313 1691 844 983 1339 1065 1321 1398 779 548 1862 346 1693 315 1236 1775 482 1013 513 1550 1042 1171 663 1199 530 1209 1488 1109 999 375 669 1548 903 1472 610 1618 
951 806 357 1191 1407 307 1383 1309 1039 1476 1959 1008 1765 853 1198 1220 937 479 1116 1443 516 1516 79 776 1501 1569 1846 507 411 576 1369 1055 1486 1655 1468 796 1397 1243 264 1166 1373 1461 1057 1278 919 887 793 457 1304 924 792 1180 1262 1195 1136 1282 552 1084 1280 1287 144 
302 572 1420 1033 806 888 1410 506 750 873 1750 996 162 325 538 496 1282 1022 465 1052 1204 1496 1043 1860 1060 865 1069 1228 411 674 972 993 1811 1347 1063 1025 843 643 942 1247 996 1179 1294 761 696 293 130 414 323 632 1548 1357 600 688 447 435 641 1110 476 1146 1511 
1136 1316 247 1519 449 989 282 913 1050 953 1620 268 1250 440 761 1094 940 1411 869 1917 1058 1164 491 1156 1369 1300 648 1542 1050 245 1399 910 1312 527 1445 1535 1341 1442 891 1028 1072 705 1328 472 1659 1122 102 835 800 632 894 1439 1432 331 1280 617 710 608 795 1555 1552 
251 1233 812 969 1022 1249 1715 1031 773 890 1475 1126 862 1161 369 472 984 1137 1334 1404 1078 1619 930 890 1295 1009 1015 1465 812 843 799 1071 1180 1096 886 1598 1309 833 519 1637 760 977 348 1048 276 1007 716 1222 1104 1405 832 495 1399 1480 1374 787 983 954 506 303 1011 
1698 1184 1062 389 1101 1059 1613 1292 1161 320 1081 1350 922 1060 1135 511 1635 1498 1516 374 1031 297 634 1517 541 1460 1044 658 689 1066 474 1001 391 1347 941 365 1165 973 1366 829 709 1198 664 154 889 1163 1102 486 1258 984 484 743 925 1472 1089 503 953 1403 1357 710 1226 
1646 1586 667 1540 550 1341 1024 1192 1479 1426 1804 534 1522 1272 952 1190 796 982 1052 1009 1639 810 1631 913 1314 817 1561 1688 1595 1261 203 889 1543 654 1480 1061 718 1267 991 689 1031 930 1006 1681 897 1202 784 903 1216 1319 1014 1187 1752 648 1512 1524 1687 1502 902 771 1774 
1146 1426 382 1714 573 1574 1070 1376 1156 641 591 225 360 1008 693 562 1713 1044 1056 271 995 460 1054 722 919 1161 646 765 68 461 1273 198 942 925 1270 1423 649 1478 626 1447 1666 380 944 792 589 1258 1101 1682 526 1002 725 865 835 796 1744 1873 1450 500 1336 575 363 
1067 1114 943 1487 620 1100 1415 1096 1572 895 854 1267 1215 1585 716 1080 386 1382 247 541 1018 692 457 1562 756 895 316 835 530 642 1053 611 1142 667 706 1934 755 1513 1580 1176 703 202 1049 935 1222 847 350 718 948 1473 794 930 1093 1274 647 504 927 656 855 1628 1092 
1132 1741 889 1309 697 1211 387 1215 581 1487 186 1002 742 817 929 576 1400 1065 1162 333 651 836 962 591 1816 1754 1055 604 995 778 926 1314 1095 1858 1053 385 1404 789 414 1004 1644 1915 1454 949 880 378 1051 1652 825 954 459 899 1037 831 567 695 956 818 1664 645 701 
1524 466 583 813 896 922 672 1139 613 748 514 1166 1427 1541 1264 1181 549 1631 1084 627 1417 1188 1176 1322 1814 805 1112 1415 923 1229 1399 1150 956 1479 457 851 1095 1018 1816 1112 917 1084 1489 396 931 978 1401 458 1040 1780 1334 1365 1553 1275 828 1335 1477 1008 400 771 784 
1272 774 788 944 568 1398 1217 1000 746 659 1118 682 728 985 656 1799 848 1250 708 1332 1974 911 1654 106 900 647 468 613 1354 1196 867 1305 698 748 1451 978 201 1408 1275 276 995 1947 681 755 508 994 1014 1081 553 418 1425 1724 782 919 1676 391 1078 1045 1178 1412 1574 
1027 359 814 994 861 987 816 1747 548 1630 307 1075 1059 1404 334 865 716 438 661 1579 1042 1364 1262 1196 1343 1512 455 648 1272 1501 767 1022 784 1759 1401 440 141 1056 1494 1196 1457 704 619 158 1012 888 643 1390 971 1463 1261 1130 847 1345 1210 1450 1296 1295 897 389 389 
1393 1427 1704 577 1209 1015 1046 611 917 608 1171 1127 1010 1057 904 893 1538 1446 463 1170 1415 1390 1104 1446 1168 1067 495 382 1335 445 936 568 1321 1211 784 721 678 786 1162 491 844 1040 1241 892 763 972 720 169 1054 835 761 407 308 83 1194 1020 1891 1222 984 992 670 
772 118 599 1848 1094 781 1714 1149 1385 670 930 1126 493 1451 1357 907 1495 676 1518 1334 750 968 1467 976 764 567 1386 1012 1103 489 552 1058 854 482 827 1730 1146 907 561 912 1340 161 929 655 545 1800 951 458 1152 1614 1063 1190 1074 1170 1587 782 1421 1096 788 878 544 
539 775 53 1443 78 527 1283 1203 435 406 1505 917 1024 1051 1441 1124 432 1931 1180 1581 594 1289 1147 987 326 591 514 337 625 1394 996 380 1630 824 386 899 1345 949 746 1749 411 1268 1232 246 341 848 1402 327 1004 525 1218 259 938 701 1385 900 946 1026 576 678 623 
154 570 1014 1298 537 1117 755 930 1211 1120 489 861 1373 1834 1493 1588 488 266 302 575 485 1624 494 911 1034 1024 703 775 1055 949 935 836 1065 1518 863 1200 1620 1274 930 906 1428 1441 631 609 754 440 1356 617 1660 988 656 548 1725 998 1093 1137 901 1552 1639 1487 1320 
1852 99 828 684 214 708 818 665 1607 860 1276 613 905 440 892 1652 669 677 1606 226 1341 1078 872 526 1520 188 1654 1011 1235 706 939 1773 873 1017 1131 1366 1694 629 1695 808 937 1170 826 1033 1173 1551 1240 1292 480 1862 1228 251 676 996 1680 1366 658 734 605 692 1003 
968 1110 893 1079 711 1743 426 1105 1520 687 619 959 644 1595 1606 923 1056 1168 1111 428 925 1094 570 1287 987 1921 935 858 238 202 1290 1145 1120 1019 721 995 393 1505 801 1653 659 704 1185 1252 1221 672 950 807 800 1408 786 367 1048 1729 353 1158 226 1041 942 520 1620 
780 699 272 1460 1299 1037 559 1507 1727 806 1059 1175 1484 1310 1267 666 468 256 981 1461 999 1051 709 708 333 824 1261 701 363 1241 1400 743 1290 1344 1038 1665 1195 1164 1248 598 435 245 1635 1053 985 1166 1412 254 419 362 751 979 705 643 553 1460 836 755 1071 934 1311 
865 1382 1108 188 840 1073 194 1321 1326 177 464 1310 1486 1347 288 1168 1472 1533 1730 1565 906 887 401 909 890 782 621 529 1215 1095 1811 1300 1422 1035 479 904 515 490 890 909 840 1708 737 800 392 752 650 801 990 1847 1209 547 1526 578 444 1791 1291 904 1647 853 1159 
438 435 1294 1047 1261 1246 797 1005 1593 1889 1124 514 1606 990 1047 911 1857 631 715 742 1091 1023 960 1060 892 926 1139 1276 591 853 696 1249 1291 1589 979 1690 1254 906 813 1285 1492 816 918 1665 1099 953 567 1050 796 630 1229 578 843 421 1093 1220 733 676 734 1454 924 
1418 444 470 1504 874 753 732 823 1317 826 1165 994 294 1278 1504 932 998 442 1484 826 384 1581 903 1443 1344 862 1002 704 1040 803 301 1710 1285 1284 839 1148 1053 329 1115 871 1681 1429 1191 346 325 122 1505 516 694 1456 1210 1531 910 1586 527 1099 354 766 1216 1448 1318 
1373 239 1028 1452 779 1427 196 256 1108 931 570 1465 1142 568 830 1658 837 613 1587 804 1005 428 1628 1102 1609 494 1786 699 1226 646 1352 96 647 1146 1843 1867 1352 1491 1028 1205 1423 932 704 850 1739 455 279 433 1744 844 866 1477 1017 1042 1537 589 999 622 958 1078 1139 
1089 1190 443 1090 771 620 1264 498 1161 906 1014 817 766 1075 349 610 529 1495 71 1126 1327 1126 1266 1441 595 906 1908 540 413 420 1206 649 1423 848 1064 314 870 1453 459 854 841 1040 1254 1033 836 630 1585 1545 1099 1578 649 457 923 700 1674 1380 1288 698 1385 1517 1153 
930 833 1090 962 1506 1103 1031 310 1261 670 732 1262 1095 1030 816 1462 1521 760 981 704 560 1568 1958 545 820 1209 1193 461 982 994 1983 710 1307 1398 1146 914 1171 983 442 751 1162 908 750 1027 1254 652 847 1515 1582 1212 1654 1038 1733 1075 1078 1290 1534 883 981 1529 741 
1154 794 1277 1721 1523 1341 626 1022 986 1581 828 1701 1155 1777 848 1120 1004 1696 532 785 669 710 1958 1270 1223 733 725 962 672 1902 958 1510 1069 1353 336 1329 1351 999 1191 823 1643 1177 475 52 1729 796 1290 911 706 1370 751 1698 665 757 1384 1235 740 614 1348 1131 1239 
