1158 1033 925 1148 652 1451 1553 1033 613 680 1104 239 1389 1313 1056 1294 354 
1339 831 1021 513 1531 1328 741 736 436 1871 1002 1442 1338 1230 1323 830 254 
523 856 1117 1691 1400 1522 1139 461 1526 346 1174 1508 982 817 941 814 1305 
718 1335 642 627 1386 469 1381 752 1174 1399 490 1643 1209 439 613 1538 1236 
1376 1544 944 729 1350 1241 1598 1104 764 616 816 1135 409 574 719 917 529 
383 185 716 1611 726 483 1812 1399 892 611 912 918 1319 1129 983 606 641 
1221 898 1391 1445 1328 157 426 1179 1540 965 955 851 1504 953 704 1362 1328 
1664 565 1024 1485 856 1665 821 456 1370 1268 1307 716 1083 971 548 1791 1088 
1380 1380 1409 598 732 1194 1672 1418 899 549 1195 651 113 1727 1194 288 1673 
878 326 522 550 317 649 922 1394 504 1298 1161 1192 1481 491 697 884 899 
980 363 1068 1326 1160 1073 1067 659 1009 980 814 1342 1667 519 1422 1351 639 
1335 1366 330 706 593 928 881 502 704 1226 1503 815 1615 1657 1044 852 781 
780 1662 34 1424 972 1202 345 778 1278 1330 1396 1555 1038 1302 1325 1786 1545 
654 822 1562 276 214 808 1488 1728 753 804 1087 602 1320 1144 810 949 821 
1345 1211 1094 599 1810 1281 735 878 450 1668 1344 1153 319 348 759 1219 415 
1317 939 1099 683 1107 1062 1160 965 1219 1024 1282 67 1394 1374 543 998 1068 
686 1367 1109 1876 537 1531 1208 1730 357 1591 1743 653 1201 380 1706 625 1405 
1000 1328 1442 1097 1352 447 211 648 1101 1762 922 1338 944 1409 1343 1750 847 
1228 938 1609 993 1691 330 434 1142 592 979 901 964 787 543 976 733 616 
1199 803 1397 770 1089 1542 1129 990 1423 562 919 1259 844 510 1644 245 1193 
1089 480 467 1469 1728 1457 1014 1272 834 1417 1276 842 645 1020 655 671 935 
520 1091 973 826 1422 448 1233 1183 1300 1274 920 801 893 1184 762 1500 1458 
1039 559 1006 1125 1354 1211 361 1399 1420 1253 542 963 847 625 1507 1246 1392 
1076 332 1380 759 1071 625 487 817 894 743 1318 775 405 623 904 1386 673 
622 1489 714 872 1588 710 1024 1334 1550 1389 1153 886 891 259 1272 1159 1084 
826 683 134 922 951 729 250 1230 525 1069 666 1048 915 1564 951 934 995 
1113 1384 1362 1233 1146 841 1104 1098 960 808 1574 1716 1227 1379 1298 1173 512 
61 1663 1043 1295 1534 797 268 1371 1357 350 1143 1040 1173 1160 1384 952 1044 
695 930 454 938 804 851 1375 1287 1685 1157 125 1805 1276 878 1026 882 1158 
1522 525 1138 1629 1425 605 1674 1291 1693 749 662 897 411 942 903 1048 1466 
1158 189 1753 1344 602 1120 467 751 904 695 1465 1067 537 1236 972 1641 874 
995 1281 1342 121 1384 577 1200 1706 1306 96 1501 432 347 92 656 410 928 
763 954 1131 1012 1446 877 1106 790 709 998 200 724 1522 451 839 921 1374 
216 743 1351 660 386 1489 1120 1067 433 1029 597 1020 709 285 1209 1105 952 
403 1248 773 1206 1681 1290 1199 198 859 439 714 1383 1047 862 1040 1175 689 
1341 1114 978 595 407 1312 420 871 1496 636 1264 842 778 1132 1139 397 399 
1399 1824 358 1226 1824 1002 1603 907 1248 1208 840 1734 391 1664 1545 838 482 
774 1109 588 965 985 612 1131 879 1416 472 636 1690 962 229 1045 1822 916 
1278 605 868 1174 1158 1796 654 1246 1763 1676 933 767 915 471 1065 303 1544 
1020 1593 344 1259 423 1118 896 1426 1114 665 1159 921 1222 207 748 968 958 
1779 651 616 915 1093 1102 843 1367 853 740 1702 1050 542 966 759 924 1324 
798 562 1124 1105 1372 1186 1499 1124 1472 961 1155 904 1721 1540 426 731 1229 
701 1326 786 1121 526 768 1259 583 1531 344 1666 790 546 177 621 1165 733 
660 1640 1176 597 1606 185 1320 839 987 1052 1407 688 1043 893 248 1185 754 
498 1260 1000 1414 1053 1214 693 1155 1207 1497 661 1193 1185 1431 488 575 1082 
1162 707 759 1393 808 1648 1117 601 559 690 1515 1504 902 1093 956 1172 834 
1175 662 497 302 1181 344 801 985 875 1536 543 1274 1207 1203 1312 534 498 
1032 1025 791 1128 723 996 1495 419 855 917 538 989 795 1442 981 484 1047 
819 1011 16 1231 367 1224 716 1797 625 1305 1178 1506 1064 1827 1023 1763 1257 
776 1669 1537 1707 1059 1007 693 889 1356 921 1800 1309 724 923 708 1596 1186 
1003 803 114 1641 1406 1006 1422 1641 604 820 781 892 928 358 438 791 1102 
1104 536 1749 1581 935 407 571 330 1481 836 1283 954 852 550 570 546 486 
1205 579 871 755 472 996 861 313 723 356 474 247 282 667 405 954 1128 
942 1376 558 1215 333 1411 694 751 42 1095 1059 866 875 1490 669 1123 1263 
1038 1316 963 1690 772 833 1193 475 1358 1035 463 1225 771 315 1635 557 593 
782 1060 1312 934 988 265 1024 1389 1430 980 1508 661 862 765 974 1426 1052 
1235 1225 1409 896 1373 1287 1248 438 1215 845 1209 784 863 1347 1846 1450 1376 
919 512 851 1109 867 921 1415 1325 1432 990 1274 1205 822 1587 105 703 940 
1078 732 1663 1537 861 527 1015 1392 1336 904 1478 1703 536 442 784 1358 698 
943 1448 664 1433 943 1436 1279 1866 889 689 1683 783 1203 397 1510 1151 1325 
537 1584 810 941 1206 73 892 1298 460 804 1327 1140 591 1044 926 510 1351 
1738 703 949 975 1735 974 1129 953 946 1238 798 731 981 870 784 878 224 
300 897 620 347 326 796 841 1394 1198 744 628 1347 323 526 825 1189 1589 
1241 1139 1007 737 1389 539 1004 1136 1108 1006 1007 736 1245 679 1000 967 774 
990 688 670 326 482 736 654 941 614 1515 992 536 898 1216 1284 698 1074 
1657 425 947 1335 679 1119 851 517 940 301 926 1307 1389 1344 1545 317 534 
1035 888 1371 631 1737 962 639 1422 762 1263 616 569 822 593 973 1401 1052 
778 747 877 860 1804 1128 873 306 1330 950 1616 979 403 1490 1258 1950 1209 
1310 1619 1069 762 1722 842 271 1197 690 1044 886 768 1130 1552 1137 363 867 
1097 272 1157 1179 750 1554 691 1045 801 599 1043 361 1208 1145 1691 1573 1364 
234 436 1064 1029 1317 1632 1320 815 1312 1216 992 1474 1353 1457 1102 1198 1154 
1030 983 750 1074 631 1409 1420 346 769 999 1477 973 1015 1083 1168 1110 1059 
1336 714 1043 779 988 1806 1122 560 993 505 1085 1081 919 939 735 1624 858 
196 1577 1095 1008 1575 782 459 1433 1172 542 595 714 379 1344 707 1092 919 
1546 1574 834 998 1449 1217 1096 539 777 819 956 1174 1502 1500 926 876 1577 
598 453 807 445 1039 810 866 896 1186 1222 1233 953 1049 1326 754 197 1714 
1803 1023 1058 885 1380 1619 953 1464 783 553 843 1464 633 97 1797 943 1562 
916 1638 1619 1310 1280 740 670 963 962 1291 884 917 1254 902 431 1010 1376 
390 632 768 867 1272 596 874 303 626 1649 571 1339 1092 1287 1064 1797 686 
1263 625 1626 918 283 1601 951 1465 458 753 1132 1090 1479 608 515 1619 1118 
1309 1348 605 1606 945 848 577 1586 862 1703 1726 809 608 1294 838 941 59 
595 1360 728 499 443 954 1317 1217 1480 1409 1159 179 1033 528 1838 52 507 
790 860 1665 882 1193 1665 231 1293 1830 1313 421 1276 1017 344 375 1696 1128 
1854 706 1536 1194 986 1269 879 1222 928 487 638 826 1950 1014 1338 660 570 
738 813 1054 333 788 746 166 1007 1514 1182 1275 909 1342 735 838 1324 1181 
771 1380 1244 651 1045 762 1092 1428 1324 915 1656 841 727 901 825 1276 1038 
1558 722 1752 458 649 1425 1435 714 1009 650 1069 956 898 412 1491 1124 1472 
784 1600 1144 671 1520 1184 802 857 1047 1218 1068 1552 423 1324 1013 782 1289 
486 1121 593 1477 176 1910 1337 1023 394 1813 637 331 958 1735 472 557 404 
1186 964 1230 1454 308 1541 1142 801 1833 1272 1011 989 978 989 214 1145 1115 
1823 1609 1052 462 804 1024 1769 253 830 650 1481 1294 1000 941 1327 387 1209 
379 992 249 921 317 390 988 1233 1654 1071 1458 630 737 1271 1248 1648 1227 
811 571 1495 1284 1212 1771 829 1038 156 1197 423 1256 1532 548 1614 1166 391 
914 583 956 255 1740 924 862 735 1899 647 900 1331 817 1515 1110 1222 195 
1174 1382 511 702 1018 1119 603 1815 747 323 240 1180 1112 1007 842 1443 400 
1443 664 424 1010 987 800 853 946 1597 374 1611 881 240 1924 385 1005 1718 
1070 919 1120 1080 1940 1274 1515 1678 1145 1149 1730 1533 898 878 360 837 645 
1563 1188 830 664 405 1906 711 975 1557 981 1311 1334 1672 1272 1408 1542 843 
785 631 1394 871 1721 1434 783 1195 1002 451 1628 1134 994 1229 926 543 476 
