890 1787 1277 1192 1217 870 1210 1005 1509 1364 1027 1271 640 1528 1596 1460 1462 499 988 840 1595 878 835 1574 940 1001 1122 521 690 277 1752 1364 857 657 1368 1689 1326 1502 1705 1396 281 1666 1052 371 942 371 916 1005 297 504 1031 643 823 
1247 1425 658 1233 1421 732 191 1030 773 1286 620 1078 356 238 1347 1235 1259 1095 296 745 1136 1364 119 439 750 470 855 1049 812 1096 964 1283 1029 1277 1292 1183 663 1103 417 919 1063 1158 1045 1213 682 1224 945 994 1162 576 889 796 1068 
563 975 1116 584 163 750 397 741 1251 629 1466 1389 956 1428 246 1217 1127 916 1440 1295 693 422 427 1477 1507 1214 28 265 867 488 1147 594 556 1658 1014 1508 475 388 605 359 865 1821 757 936 838 1381 447 871 1170 698 491 501 1121 
577 1671 1271 1237 1632 1221 753 580 1080 1082 1395 229 572 1035 1097 1082 1124 924 1245 180 752 501 672 1076 1195 1580 1539 1353 1427 1002 1193 682 1588 1372 351 666 989 301 1370 930 1533 562 1209 825 990 1780 1262 811 1576 843 1362 1639 400 
1203 110 551 915 1642 718 1083 1480 145 1000 1371 742 936 925 538 512 882 715 1346 334 1167 1112 1891 1880 332 558 796 1880 266 791 1167 980 687 1095 300 633 1210 737 1543 1089 1033 753 1286 1302 453 596 910 512 1342 575 1191 614 1337 
937 988 1481 873 1453 446 904 1191 802 1403 980 1065 897 1555 1280 488 415 1163 497 543 1607 1037 1170 1181 1634 887 550 1624 1014 567 654 874 1435 1569 1453 1223 1031 920 966 1132 1530 636 941 746 981 1205 1223 1304 567 1234 1077 1522 1293 
1080 610 1959 370 1770 737 1348 1238 193 826 1077 704 1502 977 1309 687 696 797 684 1358 1398 1058 1596 1498 1023 1653 546 1118 588 1116 1261 910 1019 519 1642 813 1156 179 1892 157 915 923 757 990 1634 1153 949 910 1150 1115 1218 933 1541 
1627 460 542 974 703 1277 1015 887 1143 414 986 396 1021 491 1226 879 1843 1404 1570 1083 921 643 1221 339 1514 673 1036 1658 620 1008 1779 1408 465 650 1078 604 1471 1897 439 533 1778 684 975 417 270 775 980 686 1016 949 704 549 351 
1336 1629 304 626 1727 486 805 1103 524 39 1081 670 1148 334 904 1292 1262 899 434 450 674 1052 363 698 1359 1440 843 1037 1338 1217 1671 1534 989 1796 1527 1315 1046 979 1118 1433 97 252 881 948 1499 1053 1396 1523 779 1062 940 1019 1004 
1955 266 330 833 1087 499 1165 1788 927 882 512 963 1821 886 499 677 1161 1293 1217 365 1544 1053 773 1655 1000 951 800 607 661 1522 564 759 1202 1276 401 250 737 1139 1544 1099 1225 1317 1172 902 1333 410 1489 900 824 994 888 236 1179 
730 836 474 1105 1768 558 746 448 1510 594 1089 1101 1036 1133 1150 1800 1554 988 1058 1135 1555 1215 758 927 950 1100 450 1338 1129 1792 760 970 438 524 683 415 562 1069 1356 1715 1354 1299 972 729 519 1213 883 1364 1733 1096 605 1011 1749 
1277 539 1251 964 1010 1586 1318 685 928 1066 1090 966 1050 1133 1495 830 680 1002 818 880 1068 223 1206 228 244 976 900 429 444 660 1474 1353 1466 1171 1742 935 1314 1463 423 1408 283 1527 1556 661 721 1880 877 1438 490 627 849 1859 1114 
899 1146 1547 783 941 787 913 774 196 642 614 1096 479 985 434 1050 471 878 1176 774 1063 241 1028 1218 1126 1423 1683 1493 984 1191 869 1326 619 614 893 1363 894 1136 1416 1270 909 1091 539 498 666 922 1814 989 698 1356 1043 1638 1044 
845 882 809 1320 939 718 1436 1837 698 1217 849 1406 839 1714 869 1103 874 894 1153 1812 1873 1142 837 859 1546 1371 1623 1832 872 1056 1417 953 404 1009 1634 418 1382 1467 1076 623 1264 444 942 984 1666 977 942 821 1282 708 578 1809 1138 
1322 1308 870 907 393 1188 946 1195 835 540 702 614 1259 971 1385 888 546 1716 432 1051 1120 961 977 446 820 1227 1456 626 644 1842 1690 887 570 474 1509 954 825 845 982 1095 965 946 1008 881 333 619 1137 1801 730 1437 420 1010 1665 
507 1136 1205 1523 973 1079 903 995 915 1032 1363 826 1375 285 1336 1224 1352 1110 549 750 1625 1015 385 1418 1820 552 1675 1119 1981 86 1878 1374 999 661 1675 1685 1741 1237 1005 1470 857 584 711 660 947 1520 703 1159 939 1074 1027 915 1066 
796 374 1627 906 659 537 967 433 486 978 1446 627 685 489 1126 649 1260 881 1022 1895 1205 1149 437 1174 1266 1414 1219 1246 1779 811 1710 1174 657 1704 688 1507 871 893 1104 1468 953 929 1382 917 566 669 1460 398 926 1967 518 1134 166 
1107 835 1123 1221 610 465 1363 1515 1186 1746 718 986 418 811 1043 95 1886 1083 964 1416 1139 1298 633 1258 1007 1600 1642 1483 831 734 1187 1052 1088 980 1178 1670 1051 760 633 1237 778 1362 1285 1602 1229 1251 1681 1872 1774 1107 823 875 672 
670 1234 1287 706 1165 567 1595 451 782 873 772 568 1588 231 1030 1056 1303 1534 1155 1364 1085 1446 1291 1539 1314 803 644 1312 1012 1164 1118 709 976 806 610 1040 1372 1026 1034 1521 413 1116 1396 997 720 1096 996 1306 1181 1056 1095 888 448 
1250 430 787 1056 810 1256 1299 867 1685 652 770 1344 1188 563 1484 1762 553 264 425 898 1416 1799 1028 1034 1921 612 694 1219 713 993 1058 581 1789 624 923 898 1092 1048 858 822 329 1174 428 565 1209 1578 1019 1058 726 1100 1684 283 476 
259 598 1021 718 1170 1076 948 1237 1750 539 1475 1066 1265 783 1311 1032 889 965 847 650 671 590 447 1381 693 1433 734 1445 697 1244 526 868 1436 1638 742 126 1314 717 564 761 1232 737 1626 1025 707 1099 1387 1456 1220 1580 1348 1109 243 
1534 441 1037 805 1110 1033 1100 150 487 860 497 658 898 1442 1236 140 884 1391 1113 1103 526 652 1208 536 230 881 255 334 1585 579 626 1498 1170 525 1246 5 1042 1205 561 835 1006 463 1415 637 1024 1118 785 1591 535 1422 739 1327 856 
1607 1442 874 862 875 1318 1695 916 1413 741 1513 1029 280 1695 1200 812 1148 1268 557 902 879 1436 1065 678 1477 584 570 326 1230 766 228 548 1466 1804 862 1722 1417 1754 1080 966 459 981 1084 914 1671 900 708 1603 881 1116 1248 1588 888 
1019 1116 464 1185 1084 1224 1532 632 584 519 1034 471 1007 1447 1722 871 1045 1566 780 927 414 1867 692 926 1167 1571 1078 1258 1021 557 767 912 823 868 1181 943 657 980 1166 744 580 1135 1432 1342 798 527 1394 752 830 793 1097 596 531 
998 409 575 1242 1181 841 176 1262 1129 481 714 1225 882 625 1259 1046 1404 980 1043 976 1236 1179 800 1304 733 1125 380 854 1497 1093 546 1384 622 897 322 1035 864 1401 808 1017 693 1374 1334 1034 516 739 1200 1352 891 1873 1334 483 1206 
1281 510 1010 680 1016 1046 1336 1493 1050 1922 1450 1072 1289 1584 1384 910 598 1253 283 536 1297 909 591 524 1385 905 932 1746 1091 268 1381 934 858 1823 1406 638 963 1227 1034 664 777 696 811 1155 1530 952 1206 583 938 1118 890 850 1737 
951 1143 646 648 934 699 959 738 447 791 1062 1582 796 1000 1850 1074 893 908 788 1169 1730 1493 1182 750 1089 648 664 1356 223 1444 1587 887 323 1273 867 1289 1007 691 393 932 1102 1767 478 712 1270 1723 828 1360 528 995 561 855 1299 
1200 1860 1616 587 260 867 1148 1093 1279 804 1356 215 1629 371 1405 1701 863 640 453 1479 1042 1051 1114 1894 1564 1261 195 1671 1473 893 619 664 775 1756 722 807 1175 424 1102 277 858 818 1403 363 1505 1299 933 1391 1334 1936 993 1303 1423 
882 854 1744 1488 1693 918 447 1063 876 1239 1061 852 1003 1536 779 1113 1250 1769 1220 1352 1559 1337 383 1656 518 941 626 530 812 1079 1442 748 1590 252 692 1049 705 395 481 904 94 1958 546 1254 1597 1782 1159 1324 1177 1299 433 878 1558 
