991 1363 1162 879 799 925 830 1880 633 1741 1423 1107 1241 637 1462 608 1020 1641 1158 1778 1398 1318 421 809 
1137 1084 1484 689 841 1362 699 1027 1487 1465 1582 808 506 1367 1007 1638 1160 1204 394 914 658 1570 1176 1082 
590 1314 871 1077 1426 1130 878 1014 1826 1536 841 1339 295 1502 432 1296 1751 1104 891 794 872 1459 621 1552 
486 1020 355 904 313 967 1035 1924 190 1199 974 490 1392 1186 716 649 994 1529 1872 1047 1854 848 307 1039 
1077 1708 1026 1162 813 241 712 1406 1015 273 620 1123 436 780 1856 1472 1393 357 676 859 942 661 640 1697 
534 106 1157 1371 1279 1304 1318 976 1551 1162 888 254 797 902 1208 1944 1294 1475 1211 1721 1203 1008 1337 737 
1037 706 998 732 605 588 753 1783 861 1550 971 872 762 1232 1252 1709 630 138 1123 318 489 867 286 1240 
845 799 1723 938 845 1247 914 1793 537 797 917 779 1035 1092 539 1153 404 1504 234 842 697 1247 874 307 
938 1350 887 1672 946 1520 954 1396 1744 950 1526 745 1515 1212 1251 728 591 971 1482 1269 849 1616 1290 1088 
1582 903 343 610 1090 1161 1078 617 701 233 840 873 689 1017 796 1033 697 835 369 1094 1218 967 1842 684 
774 221 1269 711 853 1174 1435 1023 1081 955 1112 463 749 1151 184 1079 1033 279 486 199 684 1264 1071 502 
474 822 844 873 996 1551 1261 371 841 1677 1052 880 941 983 841 967 1104 1347 868 925 295 862 968 204 
737 1221 654 466 1016 858 933 1198 1090 712 868 1266 1653 617 543 756 604 920 1158 1257 1252 989 832 1026 
1574 679 914 942 993 1181 895 947 1176 724 959 1079 77 1250 633 640 1284 1278 1040 1191 1157 524 1061 344 
1664 540 627 1174 608 835 892 1377 1072 867 1100 806 470 1781 1239 541 1409 800 1378 1459 214 783 620 794 
1338 1566 907 1010 1304 1809 335 677 852 1111 762 865 832 799 1340 1252 990 722 1243 1202 1182 941 1045 1340 
1134 923 1110 1155 1395 791 1618 942 985 555 842 1096 747 538 425 853 1492 617 727 609 1246 1663 787 1164 
804 1382 1471 590 904 227 1520 979 847 1037 1505 1587 1008 859 666 1028 739 1601 1105 1136 1727 1448 1064 615 
1094 514 1514 1500 1237 1031 1132 314 663 770 529 792 1974 692 1350 204 880 1563 954 488 779 972 1054 758 
1275 590 1544 1686 1098 1412 942 1103 647 1681 1337 343 549 1366 958 616 975 282 639 1488 527 1800 1241 1075 
698 1024 1081 962 760 898 1150 979 1087 1187 1190 539 1643 431 1060 1186 1729 1110 1585 658 983 375 749 1080 
571 655 1743 1361 979 708 1222 1272 1310 795 1275 1073 1415 475 1206 848 1382 1492 529 1574 1040 1479 1162 1237 
1670 1555 949 1113 697 1822 1368 926 472 1354 1798 1359 374 1326 1095 338 1400 490 1037 391 910 1245 1407 827 
740 806 1057 1123 693 367 405 813 731 1867 1001 702 1280 1046 443 1588 831 938 983 1039 1042 294 186 586 
91 513 1147 764 1451 916 557 1362 1039 1121 852 1516 1500 760 1025 1556 754 1124 1112 493 393 1175 264 1356 
1097 634 1012 928 995 1519 598 149 1166 1072 1832 961 1259 584 619 1010 1155 1349 1642 1785 682 685 1583 519 
1088 1009 1238 1109 1279 802 1198 1776 1024 535 1575 329 1846 677 1124 1530 1250 1048 1908 1033 880 1626 574 1176 
897 1028 780 154 1144 986 775 781 1635 1169 365 743 1529 1291 1193 1025 1084 1117 1554 454 1589 841 1047 1192 
1379 1536 1459 1175 1164 1496 175 1044 994 1157 707 1392 1181 1158 1679 1399 655 1312 1548 1791 700 1262 989 883 
224 1027 697 1356 1246 1131 215 930 91 471 1740 972 637 1145 1533 673 985 662 1410 744 481 1627 989 1145 
1490 925 814 1349 900 1129 105 720 1586 1637 843 1787 1235 846 326 1722 1460 317 1224 1001 782 868 971 952 
713 1030 1026 1184 1516 1197 777 1615 1727 1041 1884 726 979 553 1084 970 1412 1014 876 909 1243 644 853 367 
1305 508 582 1379 1132 1014 897 1539 689 1732 333 552 611 880 1107 1484 771 1451 1311 115 1383 1727 1657 1055 
1197 1091 1213 819 1841 1681 1123 1060 1579 1203 562 1098 727 1161 943 1185 495 881 864 1341 1421 873 1166 1385 
764 1236 1697 1134 687 1426 1323 777 927 1357 1397 1579 1061 928 411 585 776 880 835 587 549 518 1127 743 
1424 630 1152 911 636 1740 940 627 113 959 1946 1338 1066 604 1099 493 700 911 1334 1152 1125 328 1063 1628 
799 1366 1162 1076 1120 898 465 1241 1512 1336 491 1518 183 1448 1117 1017 835 1885 788 1722 1806 1473 1727 1535 
1006 1392 705 1129 576 1588 578 1298 537 860 921 1396 730 1165 1040 1730 1159 1180 955 962 292 1752 1015 1042 
1384 1320 910 1195 377 1414 300 1272 1186 1208 184 778 1029 1804 1753 572 739 1630 287 1145 994 1432 1644 1739 
1114 1195 777 944 1068 1492 1709 1020 594 1112 1402 941 1169 349 1156 524 272 1172 213 1440 1419 647 1391 962 
1196 442 848 797 1754 1678 1485 168 1057 842 748 836 1347 321 1641 613 482 1121 1346 1033 1566 1690 571 865 
1358 1075 836 159 971 894 942 598 454 1081 433 786 1828 1071 1333 924 963 1043 1437 515 1206 1237 1059 1124 
1083 1344 848 1623 517 979 93 1766 851 577 1377 1126 600 1620 1081 1723 1074 551 770 1713 843 1254 897 1086 
1625 798 383 763 853 1776 1495 1644 1171 956 1179 1514 1084 1009 1551 1105 1169 1086 538 377 1488 1793 1035 955 
1064 1200 1302 1116 1224 448 1147 855 216 434 611 578 376 1040 1016 1180 1528 1199 421 725 1236 1785 407 1484 
1195 172 1206 964 265 1534 1427 541 1015 791 683 1409 592 965 960 933 1011 1120 845 424 1503 1495 1660 612 
525 1323 1629 1522 1398 689 1593 1684 1528 1048 1634 129 914 954 468 607 843 449 1666 1556 1195 1707 1466 1385 
1437 1357 1437 446 1215 1484 895 686 834 1164 415 1621 975 895 1800 1091 1358 816 902 1776 1182 843 760 1007 
905 1121 1659 804 563 1824 1475 1691 982 804 867 910 646 1184 560 1347 255 1175 112 599 1081 484 707 819 
695 262 420 1427 1583 841 602 902 631 378 791 1360 258 650 1090 1298 1117 1158 292 1100 1048 1544 922 564 
1166 1016 1386 1190 1366 718 1264 1233 1508 1210 1173 1195 800 532 802 709 1738 951 644 286 1480 1451 1902 682 
894 608 416 262 417 1181 1705 883 1507 430 664 1120 765 646 496 1001 657 1001 1138 1157 656 789 1085 1860 
664 636 814 791 1836 1236 1267 514 414 1289 309 1262 815 1222 811 1004 426 1292 1074 282 917 1790 669 1537 
900 853 880 689 993 320 1182 813 794 1401 94 921 145 892 1263 1052 727 1090 1079 1119 1191 600 1049 1339 
345 1169 1157 573 745 1235 1483 875 1508 262 674 333 1230 839 885 745 1000 883 1181 1262 426 321 260 910 
1062 1168 76 219 435 1034 1400 1254 1078 1159 990 1147 1304 755 1371 1290 504 1279 1086 1032 634 932 561 594 
1742 1013 445 1312 1031 589 1000 780 1318 1590 1539 987 911 792 1661 1519 758 860 1314 972 64 1317 542 852 
1571 490 1172 1212 674 1000 1573 1179 1295 1333 147 778 890 1002 1227 1648 950 295 1032 1009 1335 528 691 1231 
360 607 1318 783 1182 771 1363 1523 1604 1345 548 441 1659 1501 189 1051 518 900 943 578 446 580 48 1220 
890 380 218 1035 1516 901 500 903 743 603 86 1413 818 796 405 364 709 369 1329 842 714 757 1098 1621 
1022 1895 1406 1354 918 1130 1241 1064 1509 1078 940 409 1470 154 1616 1206 1274 1212 522 1098 1167 989 877 1359 
1132 1255 1054 251 865 261 594 1106 973 502 998 246 950 1167 834 1305 574 370 988 958 503 695 389 1047 
661 1046 813 1629 890 169 903 1329 570 1387 1110 1778 1500 236 522 1351 1514 933 1226 1726 1143 1601 1120 1645 
835 671 1281 1121 379 1340 1179 918 1669 547 786 1016 1104 995 1614 536 1330 495 231 839 1360 1684 1359 310 
163 664 382 503 804 1191 1209 722 237 651 1633 1091 1216 598 1303 272 514 148 947 260 298 1055 1465 399 
948 1585 1674 1028 305 567 1134 876 1041 1240 1031 1346 1562 711 396 1329 385 1141 1218 458 235 1294 124 1542 
1624 1301 1182 1141 719 917 1390 700 327 429 414 465 393 924 1190 1170 395 40 1012 847 874 1115 848 158 
1629 1353 512 110 864 358 1088 797 948 893 1114 993 1573 962 1204 354 1252 969 965 597 875 1119 598 493 
1253 894 1260 704 901 971 1444 1049 1389 80 356 1465 856 714 1163 1544 644 114 1464 191 696 911 1657 998 
868 622 899 1452 1065 1565 1047 1356 1780 1595 1403 1088 1606 1015 1767 834 756 1650 928 906 571 322 711 788 
