119 76 181 133 78 152 84 111 39 38 238 47 125 144 170 125 44 145 84 90 139 28 38 209 164 193 168 241 64 161 160 28 106 103 175 192 133 84 171 94 13 158 181 226 49 28 176 12 39 70 175 178 38 123 28 223 36 70 98 
155 10 197 231 122 168 103 181 117 142 179 52 184 2 119 119 98 190 71 211 156 220 29 117 35 222 162 212 105 84 145 118 177 204 16 184 109 71 219 86 40 23 198 50 246 8 240 110 157 236 84 111 113 45 43 53 77 96 255 
151 38 79 186 5 21 68 131 115 181 139 252 160 244 41 186 60 198 94 141 218 121 98 222 244 185 66 48 168 252 66 251 124 210 114 236 249 186 44 126 46 106 108 208 60 211 99 67 13 15 98 244 106 238 193 62 223 166 29 
238 218 124 48 93 79 191 171 63 9 16 146 166 61 231 144 63 164 140 238 192 164 53 215 19 6 106 96 47 237 42 105 30 114 150 163 203 229 111 57 21 224 113 22 122 186 190 167 140 147 110 3 111 114 212 255 46 153 81 
230 236 228 54 76 2 189 106 230 211 154 123 144 151 84 46 19 53 112 165 95 168 4 196 107 209 218 118 240 177 113 105 90 33 221 245 223 247 39 182 14 247 112 177 208 248 90 151 62 24 130 205 20 126 189 102 129 136 110 
66 50 226 107 37 200 39 67 218 96 251 255 170 131 222 249 247 217 231 213 156 115 56 26 254 246 248 180 2 77 63 139 210 171 46 87 180 2 21 157 216 28 134 114 132 64 79 134 213 84 152 253 50 114 225 141 73 89 54 
153 154 188 222 52 155 16 39 134 140 89 86 191 173 199 224 232 9 22 101 143 222 196 126 14 28 101 194 91 162 65 86 118 59 47 248 136 244 173 159 251 124 246 241 150 39 86 172 222 96 113 191 5 202 216 190 110 146 14 
86 65 139 218 113 198 9 42 4 239 88 96 144 75 134 149 24 150 156 187 74 134 251 159 23 105 14 67 249 235 252 70 21 87 204 51 91 95 179 9 49 94 1 184 124 58 81 63 173 111 97 160 41 49 78 246 6 219 223 
210 108 236 224 52 1 17 233 218 12 52 169 130 119 74 27 125 82 86 88 21 215 2 137 7 30 224 32 100 28 163 153 110 70 194 73 210 135 39 3 240 94 50 42 50 115 227 182 126 168 226 155 9 104 184 173 7 86 162 
110 86 149 2 152 134 190 112 178 246 129 23 85 89 111 158 71 254 140 20 96 90 111 251 43 171 252 44 33 46 68 164 88 131 155 161 72 170 227 205 220 184 190 134 189 1 116 231 18 112 180 152 197 71 112 176 214 5 253 
87 48 186 12 129 3 227 44 143 210 80 177 168 110 118 208 209 90 253 246 242 137 143 243 207 250 164 191 20 119 235 137 123 164 43 173 96 228 134 22 7 110 114 61 178 14 190 164 254 121 148 47 131 189 53 7 22 71 18 
66 182 26 114 61 168 123 143 6 10 12 229 7 242 99 24 107 77 111 60 174 247 209 99 254 68 235 126 73 39 165 11 237 188 177 48 25 74 60 227 187 25 219 208 241 72 239 192 55 127 98 16 8 205 207 76 117 152 217 
223 255 70 238 148 124 193 186 69 205 142 87 56 235 200 122 144 246 198 80 164 75 179 237 203 249 246 105 249 208 211 244 21 2 153 252 251 196 222 232 9 41 158 135 247 65 7 207 27 158 134 96 62 240 50 158 184 52 87 
170 120 85 72 29 169 180 125 57 18 88 85 27 179 168 62 208 182 28 93 162 224 79 237 183 26 77 200 215 181 119 230 49 17 28 41 124 174 107 88 208 205 229 130 174 243 98 84 237 55 232 237 196 112 84 79 188 154 113 
170 132 10 238 111 56 97 248 4 16 161 83 137 27 13 13 206 221 99 100 69 172 170 119 158 232 146 198 130 29 52 159 159 189 149 207 242 135 82 1 237 102 36 58 80 110 44 176 21 202 68 152 16 225 250 2 19 160 21 
24 184 43 54 239 77 88 45 176 61 185 31 147 213 41 143 57 208 123 19 74 74 172 205 11 212 149 66 115 93 225 68 55 43 6 240 140 191 222 221 37 2 87 52 254 191 104 90 198 230 210 237 108 41 201 52 172 209 86 
184 136 97 63 126 243 119 143 94 141 202 127 241 217 194 105 100 4 112 180 173 74 160 175 255 153 91 42 37 164 138 155 246 231 1 210 190 178 234 194 141 55 195 195 37 134 65 239 246 112 171 206 223 120 85 191 203 65 153 
221 160 188 40 121 117 129 131 185 70 9 89 148 233 6 65 44 213 103 129 155 10 21 192 15 239 87 38 58 181 196 51 84 84 77 236 117 12 244 104 117 179 40 144 102 199 231 45 252 221 18 49 75 10 158 186 126 146 11 
115 141 46 245 94 235 205 74 52 173 195 29 204 233 45 108 152 66 56 120 180 212 235 118 96 3 114 121 211 170 59 102 90 211 126 196 101 100 186 210 227 133 143 60 111 73 43 27 29 86 128 149 115 19 13 213 153 188 33 
132 29 253 90 176 186 23 173 30 201 66 51 255 124 235 248 57 109 47 27 135 56 62 114 57 26 188 224 121 156 76 62 81 75 167 253 95 140 113 46 45 248 111 167 226 32 76 159 188 116 69 156 8 212 140 115 39 129 71 
204 253 152 164 124 170 107 30 104 22 197 193 215 117 131 163 117 28 235 51 1 166 48 86 252 208 75 248 102 192 16 121 89 156 153 11 72 39 4 181 67 234 89 75 173 155 44 133 117 53 208 170 117 78 196 166 72 189 100 
238 97 196 217 188 125 133 202 80 249 178 5 53 16 190 157 212 83 239 62 132 78 250 73 150 188 167 239 73 54 237 72 103 139 59 115 103 249 65 101 97 224 97 95 144 63 3 195 102 168 98 3 143 215 178 133 214 116 219 
157 122 192 87 193 108 147 193 206 158 73 121 254 31 206 46 207 30 6 41 155 132 35 210 70 103 14 139 228 23 60 94 197 226 49 221 200 132 250 216 86 25 44 185 60 6 30 26 114 195 127 190 255 40 203 246 180 51 6 
187 93 206 75 31 153 123 249 129 146 160 249 155 181 14 175 82 47 170 214 71 58 105 36 235 1 104 26 99 81 248 122 127 187 253 60 8 126 76 184 173 113 187 41 13 250 84 239 90 250 31 229 65 13 248 120 237 144 170 
122 170 103 72 55 85 191 237 132 39 40 119 124 43 249 208 107 107 122 197 131 185 51 9 254 46 250 66 144 104 116 154 205 77 207 173 163 109 183 59 98 94 179 49 125 24 195 64 228 231 23 47 55 206 127 101 13 60 212 
151 116 109 115 215 106 58 179 215 13 52 53 169 173 193 82 62 51 134 203 242 215 203 163 73 76 123 169 230 176 29 194 203 55 148 251 46 91 55 168 182 41 176 13 88 67 147 228 215 171 174 150 133 151 154 90 11 104 181 
98 234 242 215 135 166 63 46 130 212 88 229 88 84 96 208 30 152 97 124 44 210 176 165 100 212 228 201 138 21 33 78 1 173 132 20 61 27 217 201 170 127 240 207 164 248 130 29 184 134 204 126 103 132 239 241 207 251 8 
30 15 189 128 176 87 132 112 85 240 80 149 160 248 13 182 223 67 83 124 91 41 12 38 213 205 255 18 54 38 3 44 233 77 254 34 17 176 17 226 125 28 5 114 47 238 121 232 118 236 186 239 189 122 103 216 4 204 238 
180 17 45 7 30 89 98 144 230 20 85 217 83 216 65 223 239 127 205 61 171 111 124 146 27 85 187 76 104 18 82 123 177 121 179 31 117 133 230 69 99 234 14 225 74 52 86 233 234 193 81 84 12 83 212 231 198 172 91 
224 190 36 228 58 193 139 219 59 85 118 249 81 197 15 245 129 184 180 246 168 109 215 80 168 252 118 160 98 67 7 115 111 27 246 32 220 155 169 71 94 184 41 196 187 71 32 141 154 3 128 181 136 207 222 47 133 214 92 
88 28 150 5 46 38 92 144 216 181 133 24 191 163 31 30 10 203 48 239 159 177 192 104 181 10 244 20 230 78 172 48 62 79 63 217 229 211 179 195 134 190 34 236 133 135 55 119 43 95 211 8 217 105 2 36 84 147 154 
67 141 19 11 30 93 171 234 183 157 36 244 79 246 185 182 250 97 251 235 57 177 251 245 85 93 101 163 7 32 30 134 57 16 230 124 78 205 220 183 56 18 158 207 235 93 108 223 169 167 223 250 145 227 102 34 102 23 57 
65 130 34 219 14 5 184 72 121 226 191 75 5 39 251 160 238 5 130 225 121 236 193 12 138 207 111 239 23 247 126 255 214 176 180 213 178 220 90 33 221 240 108 242 9 204 177 145 105 114 143 120 195 70 232 125 68 123 92 
87 79 83 242 239 121 200 150 246 83 172 124 81 160 143 222 225 189 118 108 21 79 145 31 231 209 166 179 159 194 102 208 73 115 181 74 68 236 15 87 105 204 13 234 253 186 221 244 189 11 243 95 40 94 16 223 50 216 59 
253 148 189 149 200 201 29 247 209 232 193 153 21 127 130 191 245 165 137 195 225 109 13 204 30 222 75 180 68 60 179 169 198 211 18 158 142 21 170 227 62 45 45 241 21 160 45 47 219 102 163 251 131 171 132 43 200 238 237 
102 176 149 170 220 90 213 22 1 53 123 85 236 184 6 24 19 139 26 29 5 159 247 133 181 76 120 71 117 43 1 7 26 252 139 219 29 230 238 106 233 219 76 158 197 230 179 127 58 10 30 56 187 207 47 180 59 183 152 
125 11 33 146 16 251 51 127 55 109 241 12 130 155 161 243 203 152 218 165 80 213 53 201 88 247 76 26 36 39 131 217 63 192 153 7 170 87 65 236 123 79 115 39 18 239 69 187 239 172 129 238 229 174 149 172 193 246 48 
212 91 4 185 167 181 83 218 78 57 245 62 111 225 171 246 209 150 197 227 146 163 171 89 7 211 109 223 211 139 161 242 4 165 69 113 17 126 138 90 77 156 75 19 163 138 25 215 173 151 200 50 18 255 74 195 84 176 216 
154 19 20 225 150 14 61 17 60 206 57 53 74 172 105 56 93 179 109 189 233 16 252 214 97 209 2 67 53 222 23 76 229 87 249 88 252 249 201 22 42 93 59 198 95 161 123 138 240 121 56 76 151 219 197 199 26 162 158 
84 141 144 57 68 84 48 125 116 32 58 110 219 14 7 85 113 38 134 141 26 39 144 120 156 125 208 202 114 111 249 96 202 74 244 250 129 246 180 25 113 213 25 150 114 194 193 224 128 191 241 81 238 21 194 216 204 35 194 
255 36 159 250 163 169 243 137 122 7 52 167 95 195 5 103 205 216 249 1 222 172 73 187 240 41 175 130 249 72 207 145 197 72 3 3 40 164 114 233 49 196 193 46 240 110 227 40 118 232 77 55 79 216 40 138 213 195 176 
221 168 145 175 92 4 91 153 251 98 201 24 239 154 133 22 195 28 52 253 166 131 240 93 175 218 159 150 137 167 218 111 191 246 197 163 173 47 19 131 87 131 121 160 40 158 68 171 153 86 3 218 124 228 255 31 4 3 193 
111 208 171 105 170 170 40 217 222 103 25 219 160 133 186 244 24 89 27 205 159 172 117 237 206 21 45 126 188 2 223 45 198 240 157 137 136 156 123 63 227 86 239 235 90 12 132 40 53 151 109 2 36 66 64 241 56 219 59 
185 212 177 130 184 51 33 245 225 124 71 222 69 17 178 133 105 136 249 13 164 121 142 60 232 242 84 24 130 52 139 94 69 100 221 103 119 227 122 165 233 77 237 161 142 161 109 166 34 48 62 235 102 46 106 203 84 65 75 
247 227 39 82 16 114 116 103 37 16 55 167 150 249 59 177 103 102 16 58 228 242 124 36 240 139 174 63 255 86 228 136 44 183 15 219 57 222 20 242 107 1 101 182 55 57 246 16 150 89 83 174 239 112 126 35 141 252 91 
160 126 124 24 174 55 151 204 210 113 38 249 47 117 64 202 92 63 63 150 113 136 129 34 3 206 199 113 128 186 203 6 193 141 179 96 207 114 72 152 32 27 218 22 163 151 198 132 125 180 219 142 152 172 156 184 3 242 229 
124 8 97 16 49 150 182 210 174 145 121 35 81 68 38 83 249 164 60 118 252 80 144 88 39 94 240 216 248 193 141 174 56 241 180 131 198 26 207 37 16 107 47 157 30 126 78 218 26 190 108 203 22 70 6 239 71 189 87 
137 1 194 133 183 162 14 20 27 93 46 89 209 130 126 105 139 122 7 143 80 115 119 175 207 140 35 235 84 221 44 247 118 154 192 42 82 32 145 168 45 255 214 29 11 71 105 71 78 227 140 18 215 211 231 252 15 13 189 
181 239 19 51 165 39 66 232 89 127 91 200 23 107 95 124 243 93 184 88 68 84 105 6 204 189 48 243 115 118 38 4 36 161 27 109 84 81 6 208 73 216 88 112 222 197 39 215 110 217 203 122 4 222 155 124 233 189 242 
145 248 55 143 124 189 45 191 125 96 169 86 181 32 154 124 112 211 39 23 162 8 200 125 100 232 107 165 150 39 161 52 3 163 51 104 150 235 226 156 142 64 78 51 186 224 230 193 241 153 195 226 94 104 88 8 114 34 128 
154 235 201 9 212 153 158 189 1 239 137 83 72 72 49 254 191 151 71 143 170 39 35 4 230 136 180 92 22 146 231 238 104 71 118 168 161 188 157 85 233 246 13 232 182 84 76 109 198 203 99 219 71 41 100 135 84 145 84 
168 174 248 121 146 197 89 151 103 92 41 96 87 6 90 176 248 20 229 77 38 20 202 45 139 107 1 181 254 165 250 62 227 18 86 65 12 241 177 225 69 169 246 139 43 78 165 195 169 15 132 183 99 225 126 39 68 71 10 
59 145 88 166 132 102 122 90 144 77 11 22 140 187 85 217 45 2 64 39 50 33 169 248 237 217 71 2 206 195 32 69 214 169 35 249 110 32 58 65 197 77 116 153 196 7 250 222 140 76 6 148 41 28 251 14 101 230 120 
55 227 74 198 125 122 167 54 69 123 238 41 49 195 27 183 151 202 224 95 204 108 142 84 184 10 241 221 174 238 115 116 100 34 243 160 228 189 2 163 119 4 100 79 112 142 33 43 98 86 25 139 164 190 45 167 49 133 116 
185 137 247 27 184 241 241 64 4 153 37 244 3 203 200 128 41 38 42 119 157 143 252 69 165 129 105 191 46 6 36 91 60 145 73 223 245 196 181 22 63 139 74 17 170 81 174 238 253 75 138 67 112 167 174 158 127 61 107 
149 96 163 184 208 197 183 182 29 214 75 76 13 52 155 95 71 242 226 200 58 95 119 45 204 233 156 69 97 211 194 151 245 166 167 18 118 136 3 12 248 66 199 108 28 185 31 207 205 103 208 101 15 12 71 24 231 218 148 
91 193 17 131 140 42 3 182 81 38 36 84 116 57 147 233 106 137 101 102 106 124 135 214 25 199 163 169 246 61 146 86 106 254 160 209 34 73 44 190 246 23 161 32 18 16 251 217 54 73 188 96 64 19 45 252 88 152 107 
44 222 34 153 145 112 24 145 192 154 150 235 61 190 162 14 146 13 61 106 131 203 211 33 144 17 127 187 112 170 245 36 147 94 231 175 207 211 7 103 205 18 38 142 193 165 177 235 100 132 78 85 154 188 99 142 169 103 70 
