245 90 24 13 49 101 226 247 200 37 81 218 188 200 238 122 221 
127 114 40 62 88 111 59 101 81 52 241 20 113 146 113 183 149 
70 236 85 206 241 82 232 195 97 58 116 58 25 12 178 242 148 
85 166 227 133 168 52 222 99 237 84 139 107 110 219 201 70 244 
187 178 213 99 94 138 55 137 119 108 69 152 227 19 228 112 43 
43 134 224 82 130 86 160 68 61 187 93 89 161 188 106 64 208 
156 5 115 78 226 73 32 251 176 98 108 59 104 85 132 86 46 
180 207 82 46 106 173 5 203 220 159 238 41 106 92 113 202 14 
36 86 91 117 187 148 99 255 246 114 121 24 7 173 89 107 118 
71 148 11 132 78 13 163 107 90 212 131 85 235 104 43 149 226 
175 156 235 36 224 47 66 161 142 38 18 8 128 154 160 178 236 
133 131 228 74 101 180 132 14 187 224 246 69 198 78 73 200 15 
136 228 65 186 226 94 196 244 168 235 27 221 42 157 238 59 220 
63 192 171 78 153 50 194 108 138 211 40 32 93 149 241 94 200 
78 184 160 164 43 96 131 46 204 187 143 239 106 114 9 143 196 
230 97 60 157 96 204 95 235 36 237 88 58 73 231 215 39 121 
58 173 174 124 197 82 50 100 62 170 102 197 179 33 125 181 140 
166 127 89 131 202 191 73 81 140 48 21 182 152 88 168 103 60 
213 78 169 174 123 87 79 213 52 89 111 98 172 44 239 93 246 
30 254 137 32 114 226 226 2 145 38 112 122 206 48 189 210 109 
68 81 110 213 123 91 106 205 210 175 201 111 110 52 87 147 244 
1 226 234 91 57 97 247 176 203 40 107 38 232 94 246 125 239 
45 139 38 160 11 24 50 100 107 105 146 222 107 98 186 40 223 
255 210 19 122 11 79 99 244 113 155 164 48 46 46 222 2 102 
242 113 247 64 4 80 181 58 40 240 213 250 227 31 167 130 130 
21 54 177 210 99 111 136 212 122 32 228 40 168 220 98 3 83 
50 91 26 230 78 83 74 234 71 111 68 63 174 91 9 108 194 
46 114 171 222 9 24 245 113 70 138 26 68 35 96 251 115 44 
36 80 184 115 25 166 69 127 42 202 203 100 206 196 144 5 113 
206 160 148 33 247 219 63 209 109 53 27 9 28 92 116 135 167 
119 109 171 38 229 239 81 62 153 123 57 156 228 14 17 136 96 
128 113 125 231 27 209 100 62 68 22 136 253 54 185 116 165 169 
184 108 44 119 74 153 26 144 76 116 183 178 240 219 253 153 89 
72 91 173 154 57 230 224 116 6 115 49 146 248 123 205 161 55 
72 200 104 51 135 42 108 159 192 235 186 56 3 195 50 86 169 
134 109 199 199 2 198 42 1 78 96 29 44 106 10 204 240 191 
133 204 45 229 171 169 123 2 78 59 103 29 102 21 72 13 76 
41 19 50 181 238 253 59 166 74 85 219 114 232 6 36 51 122 
185 99 176 57 88 228 68 46 129 144 52 212 239 136 116 60 157 
195 243 34 118 97 166 190 73 239 162 20 37 206 231 151 205 58 
14 54 133 13 67 23 198 212 149 75 58 27 215 155 134 152 149 
140 68 52 3 116 181 6 39 226 7 131 40 195 158 183 72 227 
