128 237 194 205 223 81 164 129 80 160 18 117 90 9 67 86 247 57 113 15 116 29 39 60 254 29 49 33 161 115 128 78 7 39 140 11 230 121 70 37 143 240 237 99 96 79 234 101 82 22 220 219 169 
119 159 65 116 82 176 11 193 211 84 5 46 240 239 98 48 23 234 40 129 183 57 34 222 179 66 213 93 84 1 159 216 69 153 229 110 72 115 28 58 175 8 7 76 134 173 40 145 50 130 42 113 155 
97 221 152 48 239 152 133 126 216 65 182 206 236 97 55 165 35 110 161 241 31 251 161 151 25 15 13 8 78 155 75 74 5 158 30 33 80 217 58 77 214 139 144 153 90 122 116 73 50 232 12 197 98 
163 115 71 27 144 116 29 9 125 102 92 249 1 211 206 181 86 139 40 185 171 152 119 70 70 253 231 245 185 81 175 81 3 182 178 76 37 10 96 58 91 72 16 205 107 109 29 218 38 254 58 42 255 
194 137 196 119 204 180 68 55 69 118 113 190 83 233 216 21 170 103 235 113 100 167 42 248 194 118 48 162 31 5 34 246 161 47 58 196 116 229 175 14 67 108 241 210 155 245 64 222 99 200 46 116 237 
198 20 54 89 58 245 127 75 55 107 81 239 85 125 250 228 127 37 31 170 97 232 241 176 228 102 124 161 118 41 249 6 185 108 19 69 117 97 233 112 40 251 8 184 128 249 56 144 133 240 5 96 4 
225 119 214 180 40 212 166 84 238 177 100 70 238 114 112 175 82 154 87 248 69 185 172 65 147 42 26 146 10 191 31 141 151 120 27 235 126 56 225 65 120 59 249 145 83 12 99 196 145 90 209 123 14 
237 216 129 129 51 163 30 186 30 209 103 105 208 12 91 149 195 225 126 249 216 76 52 237 214 19 216 133 100 249 117 216 28 106 133 99 194 122 254 14 12 212 77 95 196 90 70 226 140 223 33 35 233 
123 147 40 30 7 203 200 12 194 17 114 202 196 236 91 147 170 217 248 250 218 57 114 226 168 239 187 147 71 36 56 226 107 217 236 7 43 117 110 50 133 169 195 220 4 131 23 106 235 73 14 125 91 
241 167 54 176 43 83 90 25 32 192 135 137 253 75 144 56 67 255 167 84 80 66 240 65 177 192 217 171 14 255 141 236 104 32 60 151 172 21 210 224 236 3 155 100 67 163 55 218 137 242 242 36 87 
217 78 17 39 35 185 35 7 85 182 23 146 137 214 57 80 126 226 109 64 48 145 131 218 140 164 185 12 241 81 232 57 203 33 170 112 241 48 138 112 35 71 18 17 56 98 250 234 212 175 119 11 1 
168 37 187 83 93 187 198 180 156 219 248 36 74 168 62 39 129 237 142 23 214 18 178 36 215 145 167 138 225 98 66 128 137 163 63 168 17 87 230 155 110 226 100 139 87 122 184 145 240 200 178 204 190 
160 240 191 81 202 49 141 49 143 11 147 158 60 34 224 130 125 226 100 155 148 183 145 34 6 63 104 64 44 214 143 102 8 109 247 111 6 181 11 65 143 190 25 234 158 222 36 247 229 224 118 230 168 
37 31 41 33 97 127 103 67 20 194 19 78 199 31 55 238 101 119 87 7 252 118 43 35 35 94 110 208 114 191 92 159 149 216 251 112 47 79 208 164 35 103 253 35 227 147 239 225 124 222 84 216 131 
82 87 31 194 167 193 107 99 147 241 95 196 239 97 167 25 141 225 230 167 56 68 55 42 55 83 24 69 238 230 78 120 163 75 116 7 110 226 177 53 50 119 138 204 142 62 144 62 1 119 22 76 97 
149 154 209 249 73 47 215 36 218 22 48 172 51 121 59 13 116 181 222 53 229 71 189 161 54 22 150 120 110 19 16 137 34 220 83 41 115 147 121 101 236 142 193 19 91 220 18 43 231 47 237 219 218 
219 33 114 72 87 66 63 89 166 139 14 133 93 161 218 227 153 245 43 96 90 110 174 184 190 147 182 59 181 118 249 80 205 149 134 136 85 232 36 66 251 147 207 3 251 179 11 203 254 156 32 111 121 
48 75 196 32 229 205 247 216 56 238 58 104 69 40 85 151 6 170 152 164 233 43 190 89 147 37 71 139 14 198 118 108 121 216 2 224 188 179 190 115 135 134 137 124 13 83 190 249 55 218 52 184 252 
82 176 109 228 159 107 129 199 96 158 219 99 87 114 243 205 214 10 32 182 188 84 53 82 3 167 81 203 242 223 251 82 39 78 202 117 238 4 153 200 74 220 160 171 136 138 110 44 172 165 228 211 57 
16 189 11 111 54 30 163 190 241 202 251 29 164 51 212 188 231 82 220 151 219 158 64 237 197 33 74 38 209 153 124 67 29 64 21 57 36 168 118 216 133 5 226 98 83 169 9 139 29 79 167 45 245 
81 4 201 237 16 195 90 127 91 192 39 57 37 14 185 174 174 58 46 233 28 148 21 135 110 192 198 141 89 106 61 81 114 239 39 215 73 13 109 187 53 97 143 23 125 65 148 47 140 45 35 170 104 
175 53 89 146 230 166 29 47 62 79 28 210 97 75 93 120 14 20 102 124 31 2 115 208 254 248 101 8 129 160 191 115 102 127 102 193 63 164 102 134 206 86 232 250 192 187 83 216 153 138 162 2 169 
106 21 85 162 78 6 113 57 173 237 47 151 187 194 228 253 210 134 179 208 207 69 121 133 124 104 212 166 103 192 137 82 237 146 196 57 43 49 182 158 107 111 86 69 87 20 33 66 94 247 131 82 163 
173 252 56 67 249 54 147 54 176 99 33 114 187 246 149 32 137 81 186 35 250 28 134 119 224 113 99 179 75 151 41 168 243 49 206 122 12 228 79 138 6 135 3 67 94 7 178 92 167 48 204 30 72 
116 200 61 149 25 105 100 70 83 201 62 96 73 67 126 37 207 217 105 84 67 14 247 72 172 114 19 88 120 61 68 14 206 190 52 117 178 95 35 205 122 97 161 245 235 33 114 5 88 90 198 236 5 
152 232 103 63 135 166 196 91 32 11 97 45 238 99 165 106 136 190 110 100 181 34 79 219 144 220 109 164 170 220 23 7 215 56 162 189 61 245 102 148 49 67 210 247 180 198 57 16 70 6 211 122 255 
51 100 102 30 34 146 77 85 180 27 36 87 27 250 204 94 63 131 34 79 56 12 18 128 132 129 123 34 13 203 125 58 242 59 214 75 22 30 225 41 65 177 194 28 105 39 154 107 195 8 185 139 113 
36 62 159 24 48 248 225 201 200 154 161 6 74 59 3 239 98 52 102 255 62 226 12 155 190 79 238 226 236 35 123 40 97 19 168 19 114 37 178 145 211 228 37 192 64 19 241 126 72 72 46 161 89 
189 79 193 104 144 194 48 63 202 167 9 249 190 156 36 168 152 117 91 173 177 180 26 38 72 33 163 71 36 54 167 31 78 85 137 78 110 86 26 130 2 230 120 254 64 250 34 114 225 17 23 65 19 
202 233 232 191 61 44 118 66 153 49 9 149 9 117 140 64 141 158 207 118 94 16 137 84 244 232 99 189 131 11 148 3 57 169 143 94 111 97 135 213 102 18 133 120 239 189 75 131 244 56 41 184 126 
169 138 49 140 164 182 245 14 147 87 224 222 37 106 153 178 138 34 192 162 172 210 67 4 5 26 43 143 171 123 192 64 196 134 70 182 15 78 63 196 107 74 163 54 233 102 44 182 25 138 70 13 191 
233 101 40 84 89 213 228 190 28 28 103 201 30 233 178 191 145 133 174 220 231 52 46 53 174 175 143 138 65 185 119 9 240 247 193 182 69 45 78 90 101 116 73 9 118 157 92 191 78 17 228 189 109 
158 54 240 135 62 92 229 200 109 170 230 221 224 103 153 31 39 238 191 138 137 189 245 109 24 234 34 172 127 24 126 27 249 225 9 84 107 215 173 3 116 225 234 211 229 145 80 178 113 16 142 248 56 
177 4 128 239 30 135 186 26 13 14 162 238 212 25 232 106 151 189 49 120 125 75 135 32 74 157 204 87 14 188 231 215 47 149 54 129 192 26 187 149 2 164 254 32 175 152 200 143 157 12 14 232 234 
42 29 117 210 101 192 44 152 16 182 177 247 65 68 102 156 229 179 63 190 99 188 30 195 55 167 198 173 157 225 8 121 84 187 14 151 144 105 136 99 85 254 250 84 252 42 221 53 140 3 100 83 206 
173 17 242 117 59 246 109 197 12 40 112 251 247 208 224 183 37 60 32 201 167 21 87 22 223 178 56 187 112 194 7 155 109 227 220 186 183 82 13 168 172 47 135 164 34 17 205 46 198 74 165 214 209 
82 224 67 214 246 149 205 67 5 197 105 50 74 45 67 56 224 178 77 105 156 159 147 179 137 187 24 126 234 207 241 132 241 208 218 176 119 249 75 113 57 45 7 91 89 74 73 132 13 35 77 129 213 
244 1 30 17 109 203 25 83 212 106 151 180 80 184 12 3 62 114 140 129 188 205 120 16 125 123 206 103 101 27 118 15 30 175 119 61 208 222 61 18 164 223 210 13 210 61 160 77 153 162 91 237 131 
240 19 21 209 106 216 170 45 206 136 237 34 157 149 20 77 7 194 146 212 91 202 237 96 27 113 31 34 1 133 58 46 190 197 105 40 166 114 253 105 240 170 255 176 179 154 167 19 189 192 94 89 229 
217 36 69 44 144 208 164 47 78 223 105 224 182 8 140 189 25 234 234 255 52 232 45 49 2 42 14 25 29 174 42 15 93 68 85 54 240 116 106 125 145 44 145 89 223 180 239 139 225 110 10 170 59 
133 151 15 206 9 143 224 165 187 104 72 245 253 34 39 31 237 180 1 83 172 26 66 82 46 176 33 2 175 176 39 184 243 201 60 75 181 110 45 119 224 226 244 78 251 151 116 11 32 22 187 12 152 
33 103 115 50 205 79 203 197 222 120 197 181 52 36 61 52 121 94 96 236 215 213 213 100 105 121 12 38 230 64 37 201 95 219 194 166 59 226 135 37 64 237 86 82 33 168 44 159 31 70 204 205 114 
45 226 231 138 249 148 218 64 179 129 79 28 51 186 204 218 171 73 51 26 133 92 103 8 200 246 133 227 41 86 70 64 222 148 40 21 158 70 59 150 16 230 54 185 45 182 91 234 42 128 126 149 47 
89 110 187 147 62 2 202 216 8 241 23 244 186 71 219 20 247 123 55 61 56 79 128 7 232 76 250 162 199 126 170 161 229 44 250 231 228 195 136 113 74 197 213 92 107 152 190 243 153 129 46 184 57 
