22 69 20 70 151 19 201 179 202 176 244 225 152 128 253 183 246 62 127 209 163 35 249 20 253 95 67 239 196 185 243 118 
88 95 206 165 27 237 140 31 254 37 56 150 113 131 7 188 97 34 143 12 132 51 78 4 212 67 155 164 143 47 120 55 
119 113 83 1 241 2 2 213 106 73 219 154 224 176 225 111 58 165 210 127 188 205 181 151 230 27 142 232 181 110 40 39 
107 219 253 111 121 203 78 129 63 183 122 200 156 122 167 54 105 18 219 54 63 246 3 185 15 249 130 242 234 209 63 192 
41 207 87 132 34 210 142 12 75 119 60 223 70 56 244 210 225 107 47 25 133 175 136 25 134 25 111 185 117 239 233 10 
222 12 221 35 137 174 8 18 76 47 14 27 65 128 20 176 234 221 90 156 23 218 117 233 103 138 66 51 229 156 95 22 
34 155 171 179 155 68 159 237 128 92 137 29 181 35 204 87 160 238 90 249 2 162 114 203 92 33 67 166 105 243 29 34 
70 245 100 48 126 186 211 247 234 68 123 230 19 85 6 143 217 142 252 133 119 140 133 40 67 121 29 224 248 190 185 230 
44 153 160 160 196 241 162 241 13 173 98 254 205 161 211 156 167 183 237 47 87 123 30 218 238 3 39 49 155 191 165 242 
224 237 103 113 52 93 101 224 130 127 209 197 14 173 216 195 49 225 175 223 154 120 80 146 220 26 162 129 82 24 143 203 
70 195 47 182 44 148 39 162 133 118 195 104 27 21 54 121 4 29 164 96 232 1 222 54 101 138 68 113 182 240 170 115 
66 131 224 252 122 120 151 150 64 218 19 77 133 1 122 34 14 80 57 61 104 162 50 62 243 235 253 183 211 56 177 178 
189 15 26 55 97 109 82 243 95 127 208 210 74 42 145 36 216 74 179 32 160 249 69 155 80 203 151 244 39 208 58 44 
115 214 100 66 134 218 61 97 196 205 3 230 107 22 199 216 108 135 189 175 75 99 161 231 31 136 47 52 189 65 234 114 
91 217 247 129 184 101 165 50 122 119 226 63 254 39 11 43 68 117 155 224 203 244 54 223 124 147 155 13 196 118 12 193 
244 120 104 74 79 182 150 57 46 128 247 196 136 124 32 143 220 112 225 35 221 121 27 88 82 165 209 243 65 163 255 168 
126 102 250 248 244 105 16 29 158 29 94 179 66 26 163 246 175 116 243 204 174 55 183 29 218 178 44 19 62 72 95 208 
246 187 218 87 148 208 75 21 120 188 38 55 246 80 51 87 150 100 1 133 77 52 218 36 213 97 253 219 223 213 168 196 
36 122 209 106 70 141 152 133 188 123 243 131 80 107 163 36 54 18 141 68 236 166 206 53 40 176 163 239 59 107 63 188 
188 173 96 172 99 59 85 192 111 122 229 172 80 122 47 152 160 16 142 198 208 76 119 16 247 179 136 38 89 27 191 15 
251 64 12 7 83 112 61 1 155 219 233 55 254 60 65 94 59 186 153 99 212 221 101 14 190 107 146 223 52 214 133 249 
13 153 11 204 58 68 150 124 211 169 220 176 199 172 148 247 191 148 243 181 179 239 105 187 178 44 192 24 62 94 170 119 
199 26 161 211 80 7 203 14 208 209 91 148 177 142 192 105 128 39 164 251 253 159 100 197 87 124 85 238 239 93 176 108 
45 180 126 111 98 6 172 178 234 188 167 99 220 192 182 214 155 75 101 249 181 152 28 176 81 127 161 127 77 146 21 177 
168 159 126 116 71 194 208 181 170 7 210 14 73 174 105 199 71 116 201 6 23 232 134 186 45 13 87 131 154 244 90 218 
115 10 192 146 119 29 171 144 158 43 144 85 151 121 20 212 11 54 235 51 150 134 213 85 154 7 240 46 168 246 228 73 
66 187 224 42 152 203 88 173 183 164 74 28 59 118 57 88 16 111 80 156 133 117 133 131 110 91 54 20 175 64 238 71 
80 36 208 39 217 184 194 114 15 159 229 246 141 125 45 213 193 88 244 150 236 254 161 62 3 111 200 215 53 180 91 70 
212 80 3 139 157 90 59 84 55 1 107 239 153 154 63 62 245 32 206 47 237 47 156 29 246 59 164 96 47 95 104 68 
18 37 124 247 169 193 165 69 88 117 170 17 99 202 45 72 158 26 83 60 25 196 69 19 156 79 70 13 76 12 102 163 
35 210 238 185 209 195 242 78 47 237 77 87 160 228 6 211 207 16 118 176 50 243 153 250 76 111 157 68 82 137 69 31 
195 255 228 235 115 236 96 97 169 161 115 203 1 174 180 120 246 125 88 18 242 74 51 47 69 150 74 52 91 223 83 84 
240 67 84 76 19 143 68 29 213 26 179 204 168 77 169 43 234 33 113 47 130 225 229 107 25 175 170 58 249 239 3 12 
252 77 183 229 250 101 131 159 167 64 150 27 196 73 175 30 233 135 145 125 65 96 77 229 90 187 54 76 14 106 76 228 
13 176 208 204 153 200 109 253 209 38 84 14 17 205 102 78 36 237 111 200 204 153 170 24 224 148 74 113 174 15 158 137 
214 203 206 253 99 191 68 103 163 121 247 203 163 168 154 30 105 153 234 231 5 149 239 86 198 181 16 178 251 91 156 174 
209 193 142 153 66 127 85 237 77 133 115 48 187 104 254 67 207 200 178 226 48 168 12 71 150 225 212 210 77 234 101 140 
205 217 150 54 187 81 222 169 48 74 16 23 230 171 216 209 162 167 15 105 248 238 133 156 193 153 37 151 15 18 114 151 
204 119 67 103 4 189 223 90 172 139 99 67 238 15 63 228 162 50 95 28 118 252 103 156 33 171 128 82 118 159 111 33 
250 185 169 87 232 132 165 202 101 247 187 244 235 192 90 148 219 152 229 226 196 5 241 243 197 111 40 158 188 143 66 20 
131 143 192 242 53 137 55 241 246 97 126 31 118 138 28 136 117 211 63 71 14 215 56 1 63 75 164 71 222 196 177 55 
124 242 202 196 75 110 52 173 171 125 219 69 193 123 222 249 215 26 106 63 157 145 229 116 8 18 64 26 38 186 169 138 
137 38 249 43 244 200 189 32 18 73 52 57 32 60 181 145 240 92 180 194 159 218 149 194 230 4 90 122 127 189 172 227 
146 253 20 51 118 108 190 65 92 26 128 242 75 76 239 208 22 81 188 117 203 36 16 79 8 195 51 122 8 18 50 110 
93 34 150 95 138 113 160 190 21 63 91 44 197 149 90 40 167 186 232 74 148 79 190 194 69 139 216 165 136 209 127 188 
70 155 3 177 217 218 19 159 230 184 211 222 193 65 165 109 92 189 47 45 55 48 92 73 242 194 202 127 209 72 56 229 
66 163 96 236 168 202 246 254 121 43 194 166 116 115 6 253 181 38 47 3 174 11 236 129 175 168 118 111 66 59 138 208 
122 163 129 11 254 137 167 68 131 252 20 197 59 81 185 251 46 16 226 113 4 125 76 37 152 49 12 199 147 163 190 45 
145 213 52 233 146 66 72 182 34 239 75 242 131 36 220 34 187 112 65 122 79 19 103 67 129 58 68 189 146 42 183 106 
189 222 61 71 64 31 22 127 139 150 117 190 99 225 81 140 252 117 129 149 87 85 197 77 40 231 86 72 186 73 59 230 
150 80 104 13 244 112 188 216 194 11 39 57 49 210 150 123 119 230 17 39 248 207 219 34 13 114 109 211 96 23 84 95 
246 32 214 17 121 173 75 132 174 163 84 183 5 186 168 142 217 71 214 196 212 150 67 118 96 148 170 174 207 114 114 196 
100 223 212 166 13 13 146 26 219 112 31 88 181 178 116 21 107 153 17 39 158 230 235 89 61 137 194 249 9 122 149 95 
197 36 80 252 177 239 160 40 213 134 193 134 140 53 78 117 164 223 212 70 236 123 173 52 175 21 159 141 202 47 186 134 
181 13 156 188 43 127 210 27 167 79 42 146 68 51 233 64 167 177 15 37 14 254 54 196 202 82 50 72 242 141 1 154 
136 102 97 92 14 164 32 241 246 174 84 59 2 5 1 132 99 41 169 140 204 74 50 127 4 105 229 119 151 97 149 187 
76 139 184 163 17 143 91 181 104 19 115 215 148 187 140 149 209 47 206 121 34 23 98 180 114 151 78 83 217 63 85 44 
172 62 94 147 65 164 199 100 129 53 254 79 49 84 254 169 101 194 203 201 221 218 98 144 37 6 193 90 8 168 33 222 
77 190 180 120 226 216 73 37 134 31 46 133 192 115 83 202 1 179 202 95 81 49 199 178 235 39 145 124 249 253 213 99 
198 133 62 79 146 33 70 124 154 101 211 189 206 58 161 203 132 123 226 235 29 151 46 61 180 12 244 22 125 144 199 156 
247 254 45 191 78 183 217 62 213 168 56 10 135 92 137 186 124 1 22 183 30 49 125 253 20 21 248 180 196 6 117 49 
92 67 43 60 181 90 183 148 42 200 15 183 112 96 18 2 52 115 193 134 25 165 53 203 182 91 79 109 91 247 128 105 
36 234 90 96 179 40 11 179 191 188 68 144 7 62 141 115 210 218 85 251 84 244 131 62 125 130 225 235 248 115 79 113 
236 254 201 191 224 88 113 169 232 21 85 242 135 36 149 100 119 37 4 245 148 5 239 112 200 153 109 33 11 11 155 138 
17 230 204 184 200 186 37 125 21 150 91 22 101 1 35 94 51 57 34 64 195 95 93 76 206 170 41 176 86 159 253 90 
228 17 194 89 55 159 221 8 176 166 186 228 56 135 232 86 188 49 200 213 190 198 22 165 75 23 135 140 16 1 119 109 
196 147 41 41 61 138 201 129 63 151 176 250 142 227 106 144 33 255 59 254 154 243 74 49 230 174 210 222 192 28 156 230 
64 26 54 71 146 95 247 243 150 20 181 27 165 242 1 172 225 254 203 180 155 73 66 175 34 146 202 222 212 251 88 92 
199 234 173 145 45 93 109 29 218 137 86 191 153 139 2 223 19 32 87 218 119 150 127 249 246 226 151 242 193 124 126 159 
160 234 24 148 75 187 119 242 77 82 11 132 251 182 80 136 180 144 83 91 150 162 174 255 2 244 114 231 22 51 214 179 
45 226 239 227 104 117 12 220 226 79 36 61 71 173 240 173 127 35 61 137 235 134 89 241 51 178 168 160 14 150 89 94 
202 46 242 62 71 207 11 139 195 242 241 203 125 82 52 40 160 228 43 231 181 192 169 208 223 202 192 243 19 143 89 132 
37 136 139 30 66 39 17 154 138 116 102 21 136 164 19 108 30 245 61 19 196 229 222 212 54 146 43 111 50 91 113 231 
108 95 69 156 55 93 56 25 133 170 22 217 151 81 81 186 82 53 93 128 222 3 212 197 20 7 249 139 32 15 153 3 
115 103 188 82 32 130 108 177 219 14 15 76 9 132 127 231 136 165 136 233 215 144 84 98 145 245 125 79 120 239 18 7 
66 189 213 18 141 194 15 131 112 179 227 183 73 9 92 122 244 20 35 154 61 216 194 192 162 120 98 225 169 107 120 99 
254 154 210 123 121 66 3 110 183 25 151 47 109 132 12 15 143 93 59 69 196 37 231 201 79 197 2 102 200 56 235 243 
134 215 22 236 180 144 23 89 207 106 47 16 49 35 100 29 196 210 212 65 209 148 94 126 156 13 80 189 54 201 212 190 
218 145 24 172 70 237 73 135 214 202 80 255 58 212 115 98 236 51 132 64 139 133 49 249 132 206 98 64 178 230 102 203 
95 12 24 187 238 111 245 200 77 53 120 253 175 208 230 31 211 255 25 188 7 124 144 87 94 82 109 100 41 129 157 183 
134 160 173 73 238 89 135 251 206 154 157 148 110 128 7 53 180 74 156 157 13 89 175 163 31 226 218 92 223 8 30 222 
127 55 159 177 198 115 120 82 126 49 54 10 96 46 73 226 47 66 140 30 64 25 218 147 1 60 146 205 20 155 135 121 
34 11 15 201 199 20 44 193 246 186 222 126 239 204 104 54 139 35 225 94 64 104 36 226 152 230 4 238 206 74 240 204 
1 82 178 191 95 38 91 7 52 110 229 41 12 174 187 77 197 254 45 174 97 21 237 197 182 98 91 15 12 58 30 22 
149 28 82 236 10 75 85 204 169 23 106 207 208 223 170 177 186 201 72 48 152 90 130 10 24 190 194 91 186 44 90 122 
159 2 12 195 119 252 84 212 196 53 21 75 233 190 254 236 133 31 66 84 130 212 29 192 199 40 166 50 34 250 155 216 
58 11 26 88 58 125 116 234 121 180 93 155 156 93 87 173 215 26 45 162 245 64 71 159 164 182 77 80 139 192 225 5 
19 154 126 123 112 139 135 183 50 137 1 167 32 247 119 47 80 120 234 1 77 242 69 186 121 140 10 157 61 76 60 133 
238 53 44 61 149 97 25 21 26 174 188 101 32 8 105 47 246 135 107 23 23 226 12 125 166 183 164 219 3 83 55 240 
14 108 196 10 35 187 183 35 255 62 132 49 83 106 9 98 175 2 106 113 82 111 50 8 134 156 79 10 112 221 44 98 
64 178 76 118 151 79 83 184 211 205 35 158 202 190 3 197 118 206 231 31 251 82 122 147 213 240 42 163 190 227 134 105 
5 187 125 41 154 121 17 230 90 231 160 241 227 151 41 118 245 22 75 129 115 119 17 163 106 90 182 35 231 30 63 34 
93 228 239 2 242 23 51 202 180 88 165 101 176 233 210 114 165 31 107 76 18 168 197 169 206 164 229 128 210 247 248 118 
124 29 82 73 160 220 19 52 44 35 254 53 216 109 114 244 231 204 19 163 162 205 216 249 127 88 29 71 25 90 142 249 
224 162 103 213 17 236 76 109 10 169 221 151 11 68 60 241 156 144 41 205 130 127 185 204 154 210 163 38 9 242 218 86 
4 136 218 173 214 33 211 6 186 85 231 169 243 30 241 11 244 24 139 152 67 139 34 35 57 166 133 53 79 102 105 67 
125 136 15 90 106 43 224 24 88 71 133 124 131 214 93 80 75 131 6 26 28 24 45 64 31 2 60 181 46 152 43 48 
