114 152 110 175 176 95 93 102 78 136 75 243 23 192 205 252 150 219 245 162 37 95 149 208 31 51 155 11 254 24 133 221 21 41 220 78 250 212 234 108 17 15 185 190 33 58 193 76 149 141 94 128 181 224 62 153 37 125 106 121 120 47 39 100 18 239 92 174 152 126 
75 191 207 60 83 254 206 101 226 185 21 230 227 95 124 235 238 159 232 15 145 219 252 152 7 215 145 110 153 94 159 208 98 34 138 100 24 178 173 156 182 148 159 204 184 220 44 9 148 44 15 179 54 79 14 96 124 29 15 71 211 34 171 226 68 146 104 57 208 170 
252 184 179 206 166 13 150 25 173 176 47 13 122 126 122 37 190 203 219 108 138 85 95 182 102 60 178 1 80 176 91 82 152 128 98 72 42 134 221 99 38 82 28 210 25 169 6 146 184 220 240 39 58 151 169 174 19 163 215 171 5 188 66 225 25 255 149 129 147 16 
243 220 7 120 249 95 131 230 138 122 241 199 21 39 10 30 151 134 83 8 255 64 41 219 76 45 25 98 114 27 90 209 23 147 102 101 243 58 155 213 229 251 233 246 133 100 120 96 210 34 113 59 50 74 60 161 141 25 175 187 162 123 63 254 245 126 126 59 58 126 
156 201 118 198 238 182 12 227 205 95 186 197 49 42 160 166 115 208 112 243 186 89 228 118 51 198 224 192 51 252 119 150 217 90 22 12 246 72 193 20 147 83 36 148 11 50 187 160 142 107 19 167 101 117 65 217 156 241 74 248 33 121 81 90 185 84 204 46 131 106 
104 214 180 68 18 218 228 30 133 211 80 21 205 182 136 56 18 5 130 194 213 18 106 197 95 161 77 224 90 113 51 134 65 165 170 111 73 222 142 102 194 2 113 197 146 93 76 82 143 26 126 55 127 127 153 96 146 22 135 141 74 117 206 162 160 150 57 137 32 84 
91 104 186 204 33 248 7 196 238 227 155 49 146 166 238 86 98 134 157 18 11 137 171 14 78 15 2 38 215 4 2 88 127 132 232 131 45 125 250 214 72 15 26 59 220 34 166 113 158 148 208 209 20 137 218 186 115 15 54 71 67 48 172 225 182 183 34 144 82 109 
158 126 26 59 187 107 3 88 222 144 138 221 210 142 251 134 154 98 85 31 89 185 153 246 27 141 119 149 194 236 133 109 121 251 74 76 213 228 184 215 249 122 111 192 126 225 218 136 204 36 71 83 6 104 28 222 253 241 190 10 25 235 27 127 237 111 78 91 242 134 
179 217 141 162 76 1 151 29 183 182 184 146 137 74 130 197 164 235 88 185 66 165 83 159 207 184 69 77 51 55 145 132 149 38 24 44 213 183 40 251 31 81 223 80 116 171 232 255 161 3 123 192 68 150 211 102 21 156 116 214 10 119 126 51 215 47 174 60 144 58 
148 208 131 218 196 142 76 51 170 146 55 239 182 208 71 114 122 215 135 33 11 246 86 230 16 153 3 198 174 106 217 139 6 107 188 233 210 134 215 243 1 55 23 61 134 89 128 76 114 24 235 14 239 76 75 94 94 187 234 125 22 242 110 116 162 216 208 138 211 225 
23 66 69 208 90 182 129 93 104 171 100 107 216 9 143 210 240 239 77 71 230 42 85 62 49 216 142 61 165 179 163 230 178 77 168 249 117 21 125 41 107 240 122 174 163 171 45 177 99 189 193 8 232 239 68 61 28 18 214 244 134 197 150 121 203 216 56 28 100 242 
240 253 191 10 76 135 231 143 55 38 229 215 221 6 174 149 231 35 182 229 250 244 245 192 85 3 122 66 9 216 151 26 70 132 78 37 100 232 195 221 143 215 170 239 15 106 167 36 208 62 174 158 226 237 28 86 184 123 79 193 152 186 162 224 13 108 124 222 113 128 
93 235 39 150 201 1 161 223 60 33 239 182 155 106 253 225 255 13 250 214 166 38 139 104 60 216 114 106 86 67 138 211 255 144 246 74 232 24 95 132 75 110 64 133 36 93 70 22 91 179 32 206 158 81 119 145 40 82 171 104 10 131 82 44 218 96 25 105 213 220 
195 233 203 180 198 105 118 255 144 23 136 22 108 57 109 60 145 121 23 191 236 95 250 4 183 43 25 215 24 178 69 72 140 175 253 194 98 169 241 222 96 248 144 226 75 244 144 86 79 147 230 242 252 49 248 146 210 126 89 245 155 199 245 57 24 109 18 231 214 119 
137 112 157 39 218 217 115 17 191 223 122 37 230 78 209 239 62 151 110 44 79 215 104 47 29 254 238 227 74 177 144 101 5 241 37 251 176 69 142 228 108 77 24 13 83 201 96 59 104 75 122 242 124 178 67 21 101 41 164 44 20 98 221 147 107 207 197 2 115 234 
206 218 55 223 200 60 130 128 93 47 84 62 154 32 32 113 200 210 107 128 247 102 195 110 125 29 78 119 223 255 120 228 193 3 41 184 245 64 228 148 180 184 242 92 164 187 88 51 161 66 95 64 88 236 172 51 189 73 184 169 240 178 157 74 12 13 106 169 122 199 
67 13 250 95 84 145 87 56 216 189 6 57 138 235 247 20 105 90 66 200 29 26 231 134 124 129 13 81 29 173 63 140 115 184 8 242 105 223 213 157 121 106 121 253 243 30 114 152 136 15 156 161 142 255 22 22 55 135 218 186 251 106 238 36 10 237 219 241 138 98 
8 96 104 228 204 155 147 171 216 194 80 159 104 44 17 17 227 196 137 3 53 163 25 117 119 224 253 229 248 43 63 228 248 78 83 45 72 252 20 33 23 137 226 15 229 221 144 191 54 105 22 200 255 138 135 120 200 168 116 10 117 138 114 159 75 179 138 15 102 236 
154 160 110 103 125 196 13 151 139 132 58 31 182 83 245 167 87 199 195 189 65 44 147 87 142 103 156 93 108 209 214 87 182 39 38 28 74 29 162 150 174 230 151 160 200 210 136 5 151 60 53 216 209 106 213 23 106 164 227 111 157 212 191 187 93 90 106 121 211 60 
57 172 5 85 144 10 168 42 197 78 54 166 183 227 219 133 19 219 6 65 179 196 141 151 229 162 125 238 8 95 236 239 62 165 252 89 51 187 83 112 79 40 105 38 249 212 57 189 233 250 66 131 174 46 219 85 255 141 14 154 232 129 74 221 198 86 130 82 70 15 
93 103 79 179 206 127 234 217 228 184 237 36 15 229 57 226 114 6 47 214 59 254 209 160 134 167 166 105 225 117 186 10 43 146 148 194 205 236 19 95 100 236 116 32 48 133 132 124 58 235 212 59 240 126 112 138 242 7 131 15 179 10 228 158 250 253 168 1 110 116 
178 68 238 243 81 216 185 173 177 166 165 99 68 173 111 224 70 171 227 62 44 174 83 248 117 180 205 193 5 204 133 136 247 45 112 250 218 110 110 182 17 158 75 5 163 20 212 105 113 121 48 127 216 196 244 27 119 34 225 157 200 152 194 53 204 46 191 225 34 212 
174 100 239 93 13 52 69 131 55 210 82 104 47 66 188 13 165 205 123 54 79 255 79 100 206 227 228 37 22 114 91 91 143 231 215 104 239 71 17 95 21 100 190 219 208 202 73 60 176 101 95 182 238 61 61 30 155 117 173 91 25 125 225 240 167 141 68 11 96 127 
172 227 110 78 60 59 69 224 167 81 198 129 69 197 211 62 42 70 101 6 90 170 250 105 77 51 184 112 183 124 235 61 200 115 27 212 137 65 78 210 163 216 225 142 45 53 120 209 82 233 23 93 224 49 221 221 63 201 32 69 202 196 148 3 133 164 121 184 80 184 
208 183 176 104 56 85 55 201 39 142 20 16 118 59 147 74 106 16 174 92 11 186 119 86 151 130 170 123 101 81 141 233 27 184 51 237 228 50 223 9 56 188 237 5 51 16 73 207 83 46 181 74 89 230 89 201 248 232 28 211 100 120 29 78 16 235 55 73 181 125 
4 249 217 39 232 240 52 225 23 58 57 89 178 114 132 210 167 200 12 191 235 255 197 230 128 169 200 91 186 25 53 107 253 35 83 37 150 157 69 216 136 181 141 75 103 33 250 35 49 251 24 160 150 5 149 218 113 3 61 142 67 246 34 119 207 143 65 68 48 203 
58 7 208 6 156 174 184 102 32 8 69 202 214 38 149 73 226 223 231 197 81 155 48 17 244 68 113 107 123 197 165 183 241 141 132 237 34 93 28 208 75 52 134 186 39 32 221 53 61 11 193 241 46 100 162 227 164 80 103 117 28 31 2 158 190 217 180 153 135 176 
143 230 97 38 80 224 123 110 54 177 217 255 102 200 92 254 21 220 222 251 131 30 112 240 151 168 11 174 158 59 15 39 232 102 95 161 56 83 154 163 135 37 206 232 57 201 28 207 12 147 15 102 196 140 116 223 149 154 83 212 133 13 235 6 61 100 255 202 207 160 
141 244 95 34 10 215 132 228 132 240 15 245 105 62 5 26 195 144 200 17 146 207 63 153 138 204 38 105 25 142 29 113 72 140 55 202 17 219 149 102 181 28 80 85 156 83 97 64 233 217 75 102 177 199 186 168 15 217 12 110 181 114 1 140 50 170 158 250 200 68 
157 79 47 18 59 56 23 70 85 81 197 203 123 221 90 65 74 121 84 224 205 216 29 205 96 153 87 34 49 226 139 1 74 250 125 19 64 166 144 79 167 98 94 158 84 27 238 85 102 77 36 62 119 118 188 166 158 148 198 70 18 103 221 198 250 186 31 110 228 17 
48 176 105 136 114 141 166 239 164 65 64 118 24 35 121 78 54 50 217 12 83 217 97 68 12 224 177 194 60 137 212 202 214 75 9 31 99 125 23 155 139 254 179 145 161 84 219 83 208 255 55 6 108 141 89 248 218 173 162 254 56 53 173 15 208 16 127 91 122 25 
185 219 246 137 56 165 219 68 43 94 26 252 78 215 240 117 136 150 200 93 228 86 118 54 254 19 27 57 64 114 236 85 5 22 18 198 252 95 115 46 165 21 124 123 58 29 246 48 253 210 20 126 157 247 58 219 237 99 150 216 87 246 74 17 157 176 235 131 53 255 
117 114 23 122 44 246 57 237 58 51 127 184 84 138 164 67 224 254 41 13 223 7 16 219 15 199 215 205 194 209 1 221 193 23 241 159 157 143 184 232 122 103 166 124 122 46 181 89 211 99 41 226 17 107 132 217 48 37 116 63 127 88 135 21 47 47 180 31 154 112 
212 201 107 14 105 129 60 138 226 249 157 64 148 96 243 71 75 37 99 152 89 203 217 85 232 24 179 220 168 128 46 54 191 154 97 72 198 150 130 26 137 25 188 42 236 161 255 82 244 49 80 213 109 133 184 128 164 49 214 110 169 195 92 148 249 17 189 82 115 175 
58 51 166 120 153 229 44 128 97 192 102 250 212 190 180 18 199 54 255 95 105 77 22 131 205 95 209 143 229 115 72 201 122 22 199 15 70 46 101 119 209 138 253 145 72 172 193 20 239 123 5 119 66 143 15 239 154 11 30 183 224 229 106 71 165 194 33 51 95 212 
5 201 27 231 143 255 187 83 100 39 210 227 111 218 245 157 42 253 92 204 186 68 40 116 121 118 113 175 191 140 70 168 221 217 235 249 47 63 16 199 106 66 210 78 188 14 120 33 71 81 215 158 111 44 204 43 91 202 39 12 231 164 202 181 255 138 11 98 164 146 
197 11 132 164 127 161 240 139 245 232 11 58 106 114 154 91 117 75 135 226 53 85 27 24 28 4 100 186 249 108 206 88 89 70 227 60 91 147 76 251 230 238 156 218 43 197 61 233 210 72 75 174 83 227 210 144 167 110 61 113 28 161 65 110 31 43 88 172 69 151 
248 153 198 228 83 32 40 161 27 20 182 225 203 22 140 240 61 1 147 30 204 63 197 84 46 91 57 168 187 68 124 177 224 170 194 146 53 213 182 198 26 174 18 15 225 38 233 39 136 181 229 39 88 97 211 7 33 177 197 53 7 39 247 183 176 128 7 103 45 242 
147 128 28 203 87 154 63 154 209 231 137 121 73 73 168 107 5 196 53 148 101 91 89 81 110 208 248 70 79 238 244 170 46 22 102 120 62 84 157 101 174 194 31 175 71 149 83 42 29 119 135 62 180 99 228 31 218 203 70 180 68 173 181 80 93 160 23 45 226 69 
214 52 5 147 139 160 19 87 184 97 81 242 110 126 210 136 216 124 228 221 124 190 138 64 213 127 23 240 115 41 41 180 17 91 136 58 190 91 156 115 81 205 161 35 176 174 21 197 28 220 166 62 87 47 231 245 44 116 19 244 6 233 82 134 253 246 79 85 130 28 
60 57 151 199 105 188 141 15 47 5 212 103 32 235 245 133 250 157 154 144 195 231 23 23 107 111 4 64 150 126 91 40 148 248 243 242 96 9 77 192 135 102 27 244 240 188 88 195 33 191 221 79 106 28 230 68 251 115 193 98 244 96 122 143 169 253 209 18 184 236 
244 8 249 191 144 6 213 9 247 252 139 168 102 54 154 119 190 16 2 231 115 162 244 120 158 214 11 119 223 107 53 184 186 242 17 228 133 216 187 253 89 54 253 56 114 102 55 49 124 234 156 38 181 186 173 97 133 192 201 245 196 118 50 79 90 128 55 142 148 168 
214 158 139 252 26 228 190 84 254 42 67 49 47 137 150 116 146 137 183 148 162 252 253 66 94 254 145 198 126 110 205 169 202 59 242 201 63 168 121 131 158 198 241 61 82 49 193 222 236 93 150 100 98 190 12 147 21 210 186 72 191 61 68 95 223 10 250 89 41 33 
88 122 147 205 112 15 210 207 188 237 28 126 39 46 254 248 7 210 115 180 47 236 152 118 231 36 158 208 228 144 68 23 17 6 198 84 174 63 252 26 152 10 125 2 118 46 254 70 23 39 118 42 156 207 216 192 25 117 70 228 114 88 245 119 11 185 232 219 170 68 
