132 59 229 218 124 154 169 112 65 8 13 88 130 17 98 141 120 119 126 164 96 72 120 164 8 153 86 41 133 35 146 63 191 78 215 72 164 88 70 36 215 97 31 125 198 92 237 21 214 148 237 45 255 241 246 131 90 165 145 41 71 31 237 104 30 18 171 174 122 203 72 
204 114 90 179 168 38 221 86 6 133 53 37 27 191 241 146 2 136 232 82 104 253 133 12 74 4 10 177 129 131 7 127 135 88 34 246 42 43 186 169 147 152 15 218 167 20 224 121 72 48 232 68 240 234 181 28 21 50 170 163 67 69 233 131 7 233 21 167 21 255 44 
84 248 198 103 2 45 247 41 150 115 208 19 60 23 92 60 147 166 147 73 211 141 31 143 226 255 249 164 72 199 155 184 244 123 1 4 134 70 55 232 155 186 205 131 32 220 187 144 72 92 146 92 7 213 4 196 162 108 10 34 9 156 143 116 191 23 185 75 240 7 26 
227 117 198 10 148 32 143 24 215 189 200 202 172 23 7 107 53 82 108 147 215 234 164 181 173 224 95 149 213 63 132 93 68 114 77 149 79 4 143 160 179 174 233 129 136 173 210 201 69 41 248 24 2 202 154 208 4 194 211 212 143 50 80 99 236 178 124 106 177 117 17 
89 31 57 219 5 71 238 27 27 20 71 18 22 119 21 7 197 43 166 96 10 151 46 118 121 6 45 107 184 115 179 223 84 42 23 112 30 115 63 100 23 186 22 36 174 228 1 125 51 3 87 194 200 76 170 250 66 23 252 129 92 162 139 206 93 171 91 25 202 158 205 
137 11 110 65 22 114 78 47 82 227 67 165 76 142 165 135 149 172 45 115 113 174 238 41 32 11 70 49 170 146 240 31 101 121 12 226 170 245 224 170 103 177 105 121 228 74 169 92 212 12 237 52 204 204 79 195 137 216 247 117 48 88 81 17 128 231 100 254 188 41 166 
20 28 37 159 227 26 198 47 159 213 132 37 133 69 197 176 66 96 222 39 166 251 165 234 34 32 8 160 179 35 68 102 11 13 159 16 111 151 156 153 52 156 56 35 151 186 225 122 216 153 201 241 148 138 64 245 187 41 105 120 169 17 106 98 100 185 174 114 240 232 190 
141 189 161 209 50 6 55 194 104 116 77 16 85 63 194 217 71 68 115 255 70 69 8 78 241 176 59 143 101 86 171 192 133 173 59 213 147 25 23 54 41 97 55 200 206 123 10 36 125 225 137 98 105 3 243 7 230 229 250 253 243 190 124 125 128 76 217 30 88 214 239 
175 16 221 71 207 41 163 31 69 161 87 238 111 13 137 222 10 238 242 219 148 150 57 70 149 102 191 105 196 30 144 83 21 56 75 93 240 198 56 222 152 29 141 213 239 182 83 40 69 114 182 219 240 168 161 237 219 23 57 149 192 115 213 220 96 58 112 231 178 217 222 
73 119 158 64 115 237 85 27 167 206 110 16 12 248 221 114 198 24 190 71 90 27 119 67 153 227 33 87 77 7 22 245 195 116 143 37 122 74 143 31 59 242 124 164 62 241 251 141 7 37 224 219 180 236 30 181 218 135 88 221 75 215 182 36 57 65 192 127 21 163 13 
147 234 103 154 129 22 118 133 177 231 210 188 187 163 197 16 62 180 225 43 201 211 88 251 73 245 95 188 242 146 85 243 55 129 67 9 226 81 141 164 69 43 138 8 157 124 159 55 14 133 48 139 203 86 222 183 35 172 120 71 101 101 103 40 30 1 113 90 109 77 104 
149 56 37 60 22 83 169 74 101 118 39 220 68 181 211 123 232 28 43 80 173 40 57 53 102 9 46 205 181 101 92 71 182 17 70 72 227 92 223 121 244 54 39 138 37 237 156 141 122 58 162 216 249 202 186 200 220 236 250 43 223 102 131 50 228 29 195 58 205 182 52 
17 142 7 26 107 194 68 88 189 12 139 213 31 238 94 99 119 167 200 221 123 195 187 160 9 153 123 96 149 172 120 219 77 220 99 158 208 147 84 221 139 229 181 167 64 155 111 89 144 17 63 152 185 122 238 252 190 155 15 104 108 113 182 253 70 230 10 21 253 188 95 
68 159 78 183 216 228 148 224 191 227 52 177 170 18 71 61 194 25 47 231 157 199 156 101 14 94 106 22 150 156 15 217 196 141 230 111 70 83 239 165 87 213 43 186 88 85 220 166 182 65 251 82 212 2 74 165 120 118 113 211 135 181 5 38 211 72 79 97 111 237 3 
244 44 7 160 146 101 43 86 124 86 245 70 151 165 96 118 166 21 167 28 146 17 48 242 133 117 243 31 8 153 171 41 173 235 140 250 106 132 41 234 95 224 231 106 59 203 232 252 77 211 240 60 236 248 134 236 108 209 238 6 193 27 83 184 50 24 88 245 222 146 182 
126 18 14 65 137 69 151 56 133 56 46 247 95 207 13 223 158 160 63 165 13 193 34 177 15 107 89 187 131 32 44 154 114 203 92 142 254 193 191 234 28 23 73 186 21 37 147 255 224 95 74 192 143 49 221 31 6 104 152 145 165 22 164 97 253 54 157 147 88 190 230 
83 186 74 45 111 128 70 224 111 241 22 157 228 28 203 220 24 15 146 101 101 135 64 33 74 219 175 145 236 44 70 6 12 139 27 209 147 12 203 105 184 208 73 156 182 188 17 52 147 62 142 113 245 179 170 172 125 140 242 89 202 183 201 110 4 155 91 33 28 25 229 
79 150 108 114 41 203 3 17 171 87 104 52 231 152 134 17 24 219 212 216 45 83 65 18 172 67 87 209 159 170 118 120 191 71 224 50 166 44 213 161 58 169 170 124 152 162 211 110 220 118 154 33 220 153 227 110 153 128 185 61 123 113 200 232 7 224 190 113 101 154 66 
217 103 27 50 126 80 54 183 57 228 206 127 166 20 138 49 135 100 21 175 98 1 96 91 239 227 204 79 225 125 250 63 146 18 1 2 198 171 140 146 16 226 2 117 38 37 58 103 130 239 194 82 46 192 63 227 207 56 31 22 249 44 75 133 140 69 102 34 24 46 36 
105 69 195 160 142 208 222 153 94 31 96 214 6 149 182 80 197 188 49 119 36 78 54 223 109 248 92 86 191 54 12 71 159 101 162 18 146 235 125 41 126 243 180 151 195 238 48 221 169 54 176 57 69 42 157 83 65 81 90 173 176 165 78 18 168 105 31 71 89 130 199 
196 217 85 244 21 173 142 212 238 155 146 16 209 165 145 214 191 171 166 110 135 145 29 101 232 220 62 181 204 33 193 253 105 98 44 55 183 182 167 226 137 163 79 202 64 91 152 219 76 109 213 99 39 54 13 28 168 49 101 42 5 232 237 83 174 136 113 177 105 81 247 
240 119 28 223 33 71 117 4 60 183 251 220 78 107 60 73 92 17 155 236 28 115 64 67 198 72 69 164 103 110 161 159 38 201 174 73 76 223 247 45 5 33 133 122 135 76 138 113 161 155 255 86 45 195 219 18 112 150 235 186 173 110 161 180 77 131 102 206 253 150 8 
173 92 88 135 141 184 22 61 226 165 39 243 133 129 198 191 139 112 180 115 164 191 230 198 203 186 134 42 43 176 253 89 200 192 205 31 153 170 22 71 39 76 77 231 133 204 27 99 190 251 84 30 240 252 48 202 67 199 82 110 146 142 139 219 97 165 154 86 142 56 95 
163 6 134 232 12 35 179 186 149 251 8 217 93 231 200 70 11 109 179 46 16 61 26 101 202 126 108 46 15 199 80 143 28 51 57 239 129 89 183 167 195 230 149 180 11 196 195 196 104 226 93 234 242 4 188 184 167 178 92 107 37 242 36 244 125 101 25 17 87 8 254 
121 63 82 64 104 171 146 194 234 30 32 242 147 43 172 214 64 188 235 94 16 88 72 122 225 83 207 136 64 74 96 199 151 160 101 124 252 149 63 113 20 203 64 207 178 207 19 200 84 42 118 241 187 18 220 120 149 223 83 33 29 161 132 85 154 86 45 22 56 106 212 
216 195 41 225 188 193 48 250 102 180 109 31 174 179 24 131 124 179 41 4 231 226 225 208 136 121 214 178 167 188 201 226 23 74 247 194 242 219 108 208 35 175 204 172 67 25 249 207 35 138 100 170 185 30 99 76 88 60 161 80 107 128 70 14 231 58 226 9 133 108 175 
67 2 201 9 243 241 125 125 126 6 134 167 63 224 172 129 229 193 99 198 222 8 215 88 219 18 246 19 138 13 224 172 74 206 197 186 90 181 3 68 247 206 202 120 81 242 143 202 244 81 147 100 148 82 240 203 95 164 220 122 28 250 12 246 46 204 132 216 44 71 27 
86 51 70 184 134 144 180 197 180 101 27 138 217 86 9 110 83 108 30 71 226 254 101 156 5 154 237 143 187 68 134 181 72 157 231 67 64 22 132 140 183 13 207 69 173 77 79 150 25 189 216 91 47 31 88 211 234 167 241 107 144 69 90 111 211 203 192 215 190 40 222 
20 197 253 169 244 60 133 73 20 229 3 211 212 80 95 190 214 153 153 97 138 82 207 55 61 136 16 14 250 159 145 50 79 42 180 62 177 131 126 14 99 199 118 216 142 171 100 90 219 165 11 46 198 185 86 84 140 121 78 171 3 44 112 26 177 140 97 103 168 220 64 
204 171 63 25 26 104 32 222 24 65 25 241 138 166 3 173 197 138 61 241 194 77 39 213 35 142 158 74 67 211 41 111 132 178 178 151 88 9 239 28 237 198 140 28 146 40 84 195 239 48 161 88 238 74 82 253 117 244 140 9 249 239 140 160 134 101 170 252 254 223 255 
211 219 238 45 243 18 180 108 60 8 232 79 223 167 92 117 97 87 221 106 111 208 219 109 118 153 200 180 227 155 30 165 8 15 216 21 251 150 183 248 35 49 161 218 82 211 62 64 142 42 238 107 178 142 186 169 83 200 62 209 180 230 51 253 245 84 239 26 139 112 135 
132 178 116 241 62 109 39 155 235 242 251 208 231 58 194 197 240 217 174 111 88 109 57 219 56 87 142 45 212 201 156 58 237 224 28 108 229 146 218 144 129 107 238 141 138 42 137 192 102 159 60 114 126 115 173 116 219 245 245 71 33 128 182 220 74 94 186 204 232 207 2 
153 186 132 253 121 4 170 23 175 164 10 179 252 201 213 237 45 120 46 48 176 186 86 144 95 38 129 139 229 192 101 206 250 45 156 214 129 38 189 11 180 208 204 205 39 114 5 174 93 253 55 152 255 12 97 34 117 246 231 179 87 196 97 216 1 91 66 98 115 82 144 
73 101 11 17 60 126 215 116 196 248 121 243 249 3 186 29 73 154 80 123 87 42 59 22 110 125 128 175 59 213 168 89 30 62 14 105 177 78 107 241 126 117 161 120 248 152 188 222 229 205 165 226 26 22 153 42 200 156 89 80 83 14 232 16 194 121 109 187 96 100 212 
31 11 152 45 244 95 164 1 202 111 103 229 221 75 15 133 96 129 70 110 28 134 137 187 194 203 39 151 71 148 218 21 33 191 14 48 195 80 88 185 39 189 133 55 13 122 87 221 235 199 69 109 8 103 192 238 28 133 220 31 11 3 42 15 35 64 172 105 74 152 33 
129 150 210 65 58 131 100 29 96 95 141 27 199 114 150 236 145 238 66 64 196 89 38 225 230 174 1 89 218 38 193 240 139 146 74 144 222 108 159 131 107 156 237 196 119 62 114 226 216 209 243 187 183 33 19 5 202 147 134 253 52 206 15 224 79 93 82 64 76 67 188 
153 55 242 18 108 58 200 38 187 103 88 148 130 84 100 207 130 85 47 113 10 244 87 172 17 174 14 171 43 5 74 112 48 3 81 20 154 82 194 91 213 190 44 128 156 75 60 218 137 53 104 14 67 246 23 236 25 12 213 61 71 77 24 145 108 124 220 13 95 149 133 
189 207 128 36 52 184 185 107 185 126 56 117 229 138 254 84 110 42 112 93 23 235 35 65 214 47 160 57 96 247 82 243 208 199 191 96 183 132 221 190 194 33 21 234 47 174 202 80 175 221 252 69 89 165 206 204 118 158 252 35 238 39 136 84 220 225 196 243 247 46 63 
90 35 70 204 98 142 230 150 137 240 136 40 112 75 150 153 21 104 194 146 103 207 191 54 26 31 142 103 90 124 191 80 252 20 228 116 115 155 75 98 219 211 135 7 100 230 219 83 232 166 156 196 249 185 239 65 244 92 85 205 90 142 155 195 95 233 201 84 229 166 188 
171 193 127 83 248 39 53 136 67 175 169 141 247 51 62 220 143 20 150 154 105 77 222 91 25 188 219 33 137 178 147 78 192 158 189 207 116 150 69 214 21 142 169 177 24 180 15 236 86 11 88 73 85 195 173 173 227 67 114 136 91 181 130 62 218 255 94 159 35 113 232 
127 18 184 212 4 115 32 210 206 163 162 90 196 18 70 74 130 203 166 206 191 91 39 209 42 97 125 40 85 206 92 134 80 87 220 217 131 245 72 86 12 203 77 99 3 7 1 75 207 2 141 178 171 179 134 114 45 214 139 96 27 62 90 1 65 86 46 144 115 236 44 
105 53 70 20 98 105 207 61 225 246 236 197 75 62 110 200 177 136 128 63 161 208 223 54 47 91 195 78 184 74 94 120 173 104 86 34 72 10 59 57 71 225 126 50 7 90 114 68 152 248 98 159 239 254 64 53 76 128 125 236 232 118 213 118 40 150 198 78 72 113 97 
77 99 144 206 162 56 76 74 58 24 189 71 214 185 150 1 38 118 171 24 70 162 18 119 233 50 151 127 23 98 195 235 203 82 71 234 132 175 71 244 15 177 222 51 12 129 250 250 176 24 227 32 106 115 165 190 78 204 53 73 116 234 224 218 105 199 67 160 102 240 108 
248 250 212 25 83 191 88 12 65 221 39 184 239 196 51 218 44 72 219 111 65 90 85 221 213 159 82 209 171 30 234 252 89 24 150 198 164 55 34 245 194 67 33 94 19 156 152 34 208 65 89 111 152 87 99 248 166 89 242 84 113 130 199 39 164 86 46 16 178 193 83 
209 32 11 187 66 123 185 8 103 220 28 47 126 123 186 17 144 251 163 96 145 120 132 97 48 194 215 196 217 24 216 83 142 246 129 161 69 163 148 32 248 164 87 251 118 49 51 150 148 215 252 139 197 172 252 157 25 201 98 168 102 82 244 155 201 203 210 110 202 179 161 
106 12 235 9 60 174 128 71 95 196 216 59 22 255 151 69 189 101 44 144 143 46 99 139 154 110 32 21 215 129 168 105 205 117 9 158 206 181 125 57 61 102 238 230 87 95 47 86 43 246 125 159 219 236 224 225 112 31 47 149 4 67 233 215 184 173 89 229 3 2 249 
222 157 79 233 64 218 198 116 199 232 84 158 137 81 135 198 151 233 54 6 16 213 120 171 166 111 69 76 56 71 155 27 198 95 95 8 138 93 37 160 191 126 109 234 127 225 14 26 108 171 105 183 108 2 228 164 113 147 196 9 185 60 243 246 80 223 91 41 57 153 50 
16 193 45 245 99 91 46 153 141 56 45 40 39 224 47 139 222 115 37 6 237 175 189 1 173 38 207 89 220 157 204 219 138 33 111 106 80 14 86 203 12 94 141 58 129 191 19 143 82 215 191 100 176 234 196 205 201 164 55 148 111 119 16 247 75 94 8 180 48 38 98 
107 215 124 254 253 254 24 113 27 128 78 224 50 43 194 123 186 163 49 15 167 143 104 86 243 159 149 47 15 210 144 43 209 49 126 232 175 148 203 228 97 112 20 110 118 241 84 139 102 249 16 194 147 128 117 202 87 208 207 47 83 170 186 174 140 14 36 221 137 244 166 
216 181 99 75 157 148 21 165 127 123 189 63 231 38 75 251 255 125 118 84 212 226 204 84 116 74 245 204 150 103 83 82 100 11 85 133 149 191 251 181 194 255 115 12 71 154 153 197 26 77 129 91 65 82 158 118 241 117 65 49 86 5 133 155 62 138 90 134 16 168 131 
175 160 15 70 254 169 31 166 61 88 193 143 68 235 34 208 184 81 46 217 82 156 29 227 16 23 99 252 118 73 80 2 139 245 201 162 179 48 162 133 109 67 180 217 152 50 162 74 87 77 81 12 240 50 29 44 240 212 7 16 223 205 178 130 241 117 98 65 163 148 171 
81 133 197 35 6 184 101 116 15 87 211 77 80 181 182 248 181 34 121 198 146 21 167 27 164 106 156 69 22 226 161 161 223 12 231 238 31 204 195 149 230 253 102 11 209 161 31 152 32 151 140 228 162 100 50 168 37 197 195 141 202 14 71 163 103 132 187 122 34 245 96 
20 85 207 44 219 148 181 239 164 134 218 123 18 171 177 67 236 254 131 67 236 217 129 247 242 228 94 206 254 255 10 18 162 225 2 70 102 222 148 244 79 198 52 188 127 16 76 185 121 247 191 20 125 255 61 202 199 224 243 199 115 234 232 96 27 144 116 169 193 86 216 
132 193 178 100 8 110 100 88 6 13 70 132 148 17 251 22 208 245 72 82 105 109 35 107 110 1 188 43 181 152 227 223 54 48 254 54 12 155 77 122 157 250 220 138 79 150 248 13 145 17 173 158 9 149 185 145 183 154 155 33 136 108 161 247 92 161 100 20 159 234 44 
49 71 35 56 137 74 108 7 37 129 88 97 58 210 66 71 99 109 205 4 153 59 220 73 46 182 209 69 105 188 63 210 219 220 26 195 74 8 24 225 129 27 196 206 235 191 38 237 115 9 47 102 6 73 251 78 69 242 207 61 15 22 27 144 108 185 39 193 130 116 74 
191 205 176 28 172 13 128 119 242 26 40 234 244 29 1 45 173 207 102 206 163 210 124 26 231 53 183 155 18 252 98 26 149 102 164 21 255 92 8 222 37 95 236 38 19 22 70 91 97 6 88 150 205 35 126 27 103 25 234 148 169 154 78 106 189 104 234 85 10 211 84 
131 249 175 222 214 12 76 128 55 62 88 148 50 211 184 70 65 222 56 95 139 72 215 56 110 156 92 214 206 107 201 183 187 33 93 184 179 150 49 101 18 156 194 78 254 187 130 19 209 214 207 41 41 107 212 152 240 231 108 219 47 149 159 46 231 216 74 115 77 25 172 
45 5 215 32 216 142 116 64 89 225 74 227 198 32 151 227 27 221 171 220 167 235 213 50 106 205 27 251 154 147 36 94 187 148 204 194 142 161 136 80 140 84 54 178 180 118 79 92 23 34 3 140 58 80 131 164 172 69 93 100 42 83 251 212 74 55 28 243 104 26 99 
150 236 47 73 174 2 198 178 185 205 115 176 113 244 2 41 174 200 140 167 202 113 51 92 39 132 17 165 246 89 175 225 156 60 186 82 173 24 167 74 66 158 135 246 105 13 236 154 156 78 3 171 109 196 109 111 40 218 217 246 158 12 148 237 148 59 191 117 49 110 254 
95 139 48 174 154 125 211 29 59 181 49 36 26 30 33 96 233 68 100 29 94 220 141 176 229 176 110 138 235 139 120 203 25 195 7 162 178 86 16 70 135 172 142 203 60 200 61 234 81 125 210 178 111 221 71 18 193 22 142 199 104 176 49 63 151 216 154 105 24 12 208 
223 141 115 133 223 7 168 20 194 238 94 201 139 44 206 130 189 86 36 74 73 216 88 159 91 255 14 214 18 214 68 152 38 163 224 100 91 242 185 178 10 97 6 168 119 65 128 193 246 41 112 137 106 42 4 4 210 184 93 216 32 41 231 173 109 179 139 189 85 174 27 
218 156 214 56 114 51 11 182 81 52 27 183 151 249 212 35 75 96 1 45 210 91 107 19 112 46 127 124 99 110 83 65 148 153 190 71 241 247 65 9 200 159 32 132 104 184 227 9 127 27 95 100 8 78 161 67 7 167 116 47 214 40 220 250 218 234 6 11 57 121 85 
67 186 237 63 105 191 1 179 74 156 27 149 66 182 51 31 73 202 83 201 64 23 128 44 125 196 102 112 63 5 190 82 23 7 58 211 28 197 239 197 129 174 51 153 219 176 1 231 229 147 148 219 81 29 211 206 238 131 10 233 119 168 50 19 160 156 194 44 174 166 176 
175 147 64 149 116 121 11 121 92 53 230 87 147 13 25 111 102 250 70 154 237 193 47 219 27 218 53 97 76 186 9 64 195 148 105 124 50 22 197 235 38 144 143 106 59 134 80 214 107 227 226 2 30 126 34 171 201 139 139 8 74 59 124 174 136 201 154 14 92 51 47 
29 255 12 146 171 182 39 115 4 218 67 122 69 135 208 106 255 26 236 170 88 72 49 32 252 188 78 113 222 109 160 85 64 70 177 150 64 172 99 137 38 248 248 182 104 85 161 105 180 96 250 210 214 239 170 228 246 47 168 45 213 179 32 136 106 142 59 32 223 138 92 
170 76 105 139 190 93 90 195 240 217 227 227 183 119 86 13 31 181 235 138 224 161 173 183 178 159 223 9 51 97 114 63 22 233 135 63 234 183 187 13 163 178 45 103 189 202 31 73 239 27 232 218 227 95 77 13 8 99 78 92 86 78 190 167 121 150 105 107 137 134 144 
83 77 97 108 252 22 21 180 15 150 232 156 139 32 243 85 138 2 7 217 125 203 220 203 178 233 148 113 215 75 168 81 225 131 198 77 3 157 140 64 61 73 139 187 64 226 176 174 227 164 128 151 192 112 162 192 206 65 221 235 245 12 144 246 56 220 125 17 210 133 50 
235 147 81 36 72 115 105 50 238 181 85 182 149 56 213 37 162 56 195 107 209 168 158 219 47 159 121 242 202 34 113 186 76 82 138 232 229 251 89 123 96 178 69 17 197 164 248 167 1 245 30 191 206 130 184 211 174 207 133 86 184 31 245 131 179 121 255 113 218 104 93 
192 41 26 250 18 53 21 173 51 109 212 178 158 68 184 199 63 141 43 79 141 212 248 177 149 241 239 135 88 218 21 27 63 181 43 114 32 29 71 49 5 97 155 188 193 168 146 170 215 170 225 252 90 243 212 252 83 94 20 190 249 93 65 120 242 77 92 210 30 217 125 
50 208 32 168 251 154 193 160 35 39 154 33 238 126 150 221 22 122 120 170 255 75 54 158 88 136 19 115 140 58 173 21 2 216 130 20 125 100 213 91 102 185 239 237 65 160 231 236 139 130 193 14 177 87 219 207 19 196 63 175 127 20 43 242 177 87 69 108 147 26 89 
174 228 114 31 64 204 148 230 233 148 88 178 220 9 37 219 169 160 211 180 56 71 190 107 126 70 195 32 197 155 221 102 22 146 180 111 121 92 137 74 193 186 193 151 95 231 216 25 218 94 187 52 112 83 96 32 239 116 179 115 58 184 59 246 61 171 194 223 81 141 224 
211 44 33 141 30 193 249 222 123 190 75 218 29 40 16 215 91 109 83 141 156 95 106 42 125 124 161 129 116 247 32 74 142 24 53 254 154 101 187 251 219 113 171 106 209 80 136 179 214 190 77 40 245 192 136 220 36 5 149 136 255 138 59 90 3 203 221 77 8 101 219 
34 112 6 183 32 137 52 136 83 243 35 11 53 34 50 168 49 203 132 3 130 179 121 184 90 148 175 147 152 71 132 245 51 240 252 188 190 17 26 125 8 66 254 38 43 223 202 42 61 78 137 176 19 84 249 228 91 197 156 137 10 149 195 54 171 142 188 82 126 181 49 
36 50 55 126 54 149 91 142 17 163 232 248 77 254 242 184 67 189 154 214 197 115 124 41 250 102 189 114 87 193 44 7 22 49 171 53 130 26 207 134 169 85 166 86 6 158 45 6 42 41 234 67 73 10 41 193 110 76 91 70 178 62 253 52 208 61 227 61 95 2 205 
230 26 31 45 173 254 154 43 178 241 188 98 32 144 162 223 33 49 22 192 129 40 79 118 44 17 177 207 104 63 85 41 144 109 175 29 61 78 33 72 132 66 95 152 42 115 27 35 13 6 153 124 87 32 118 195 8 50 79 97 189 173 105 195 227 17 200 151 7 178 135 
241 4 224 211 194 38 170 254 5 236 214 198 3 184 216 132 186 44 88 230 126 7 204 51 173 224 116 199 254 192 247 20 129 250 173 229 25 140 148 114 171 109 38 143 73 63 104 243 247 75 207 85 158 114 172 179 132 147 219 182 104 34 204 220 83 105 203 242 39 7 227 
246 206 152 90 217 101 110 107 233 60 200 33 111 97 128 220 125 125 149 169 174 179 108 157 40 176 111 101 194 180 54 29 250 80 249 148 213 37 143 8 15 202 174 102 33 48 244 38 167 105 41 21 217 52 106 229 37 203 72 86 122 192 241 206 27 238 40 24 81 146 95 
54 108 236 238 80 238 9 104 98 133 221 2 222 147 90 184 180 83 34 91 30 67 188 67 253 159 242 96 44 45 56 187 74 140 203 107 174 55 38 117 115 194 146 25 237 75 154 164 70 159 128 140 207 185 85 225 98 248 23 243 10 151 100 224 174 25 109 37 84 224 161 
65 232 156 125 3 17 199 86 234 182 145 52 184 38 103 73 43 204 134 74 40 117 160 50 191 102 117 255 223 225 37 16 146 205 204 250 238 176 18 76 166 255 135 44 200 67 121 160 206 120 168 30 1 39 94 174 89 130 32 124 62 48 8 58 8 210 74 225 156 61 36 
140 39 5 138 154 223 179 43 211 202 50 83 114 170 128 195 206 77 242 118 217 6 198 62 70 216 227 114 255 176 73 232 140 124 3 101 177 62 161 220 191 117 148 193 175 144 252 246 134 139 200 57 78 37 169 183 41 105 152 95 18 209 152 194 115 48 210 149 129 62 31 
228 129 250 11 197 197 155 50 105 135 1 245 158 121 36 166 211 159 36 202 168 252 233 152 169 203 103 147 33 29 47 34 133 210 30 105 212 202 116 84 100 45 37 29 15 70 179 57 51 186 42 211 201 186 69 4 204 251 213 115 203 110 237 229 116 119 213 245 162 53 226 
215 182 196 205 180 236 110 77 101 168 109 29 26 133 253 192 221 17 232 55 160 110 104 160 117 64 138 30 185 134 83 143 1 255 175 244 218 155 220 253 44 143 173 222 112 23 17 15 5 141 23 137 154 159 165 39 248 146 78 210 41 181 113 83 37 84 20 133 73 146 59 
