17=1+1+1+1+1+1+1+1+1+1+1+1+1+1+1+1+1
17=1+1+1+1+1+1+1+1+1+1+1+1+1+1+1+2
17=1+1+1+1+1+1+1+1+1+1+1+1+1+1+3
17=1+1+1+1+1+1+1+1+1+1+1+1+1+2+2
17=1+1+1+1+1+1+1+1+1+1+1+1+1+4
17=1+1+1+1+1+1+1+1+1+1+1+1+2+3
17=1+1+1+1+1+1+1+1+1+1+1+1+5
17=1+1+1+1+1+1+1+1+1+1+1+2+2+2
17=1+1+1+1+1+1+1+1+1+1+1+2+4
17=1+1+1+1+1+1+1+1+1+1+1+3+3
17=1+1+1+1+1+1+1+1+1+1+1+6
17=1+1+1+1+1+1+1+1+1+1+2+2+3
17=1+1+1+1+1+1+1+1+1+1+2+5
17=1+1+1+1+1+1+1+1+1+1+3+4
17=1+1+1+1+1+1+1+1+1+1+7
17=1+1+1+1+1+1+1+1+1+2+2+2+2
17=1+1+1+1+1+1+1+1+1+2+2+4
17=1+1+1+1+1+1+1+1+1+2+3+3
17=1+1+1+1+1+1+1+1+1+2+6
17=1+1+1+1+1+1+1+1+1+3+5
17=1+1+1+1+1+1+1+1+1+4+4
17=1+1+1+1+1+1+1+1+1+8
17=1+1+1+1+1+1+1+1+2+2+2+3
17=1+1+1+1+1+1+1+1+2+2+5
17=1+1+1+1+1+1+1+1+2+3+4
17=1+1+1+1+1+1+1+1+2+7
17=1+1+1+1+1+1+1+1+3+3+3
17=1+1+1+1+1+1+1+1+3+6
17=1+1+1+1+1+1+1+1+4+5
17=1+1+1+1+1+1+1+1+9
17=1+1+1+1+1+1+1+2+2+2+2+2
17=1+1+1+1+1+1+1+2+2+2+4
17=1+1+1+1+1+1+1+2+2+3+3
17=1+1+1+1+1+1+1+2+2+6
17=1+1+1+1+1+1+1+2+3+5
17=1+1+1+1+1+1+1+2+4+4
17=1+1+1+1+1+1+1+2+8
17=1+1+1+1+1+1+1+3+3+4
17=1+1+1+1+1+1+1+3+7
17=1+1+1+1+1+1+1+4+6
17=1+1+1+1+1+1+1+5+5
17=1+1+1+1+1+1+1+10
17=1+1+1+1+1+1+2+2+2+2+3
17=1+1+1+1+1+1+2+2+2+5
17=1+1+1+1+1+1+2+2+3+4
17=1+1+1+1+1+1+2+2+7
17=1+1+1+1+1+1+2+3+3+3
17=1+1+1+1+1+1+2+3+6
17=1+1+1+1+1+1+2+4+5
17=1+1+1+1+1+1+2+9
17=1+1+1+1+1+1+3+3+5
17=1+1+1+1+1+1+3+4+4
17=1+1+1+1+1+1+3+8
17=1+1+1+1+1+1+4+7
17=1+1+1+1+1+1+5+6
17=1+1+1+1+1+1+11
17=1+1+1+1+1+2+2+2+2+2+2
17=1+1+1+1+1+2+2+2+2+4
17=1+1+1+1+1+2+2+2+3+3
17=1+1+1+1+1+2+2+2+6
17=1+1+1+1+1+2+2+3+5
17=1+1+1+1+1+2+2+4+4
17=1+1+1+1+1+2+2+8
17=1+1+1+1+1+2+3+3+4
17=1+1+1+1+1+2+3+7
17=1+1+1+1+1+2+4+6
17=1+1+1+1+1+2+5+5
17=1+1+1+1+1+2+10
17=1+1+1+1+1+3+3+3+3
17=1+1+1+1+1+3+3+6
17=1+1+1+1+1+3+4+5
17=1+1+1+1+1+3+9
17=1+1+1+1+1+4+4+4
17=1+1+1+1+1+4+8
17=1+1+1+1+1+5+7
17=1+1+1+1+1+6+6
17=1+1+1+1+1+12
17=1+1+1+1+2+2+2+2+2+3
17=1+1+1+1+2+2+2+2+5
17=1+1+1+1+2+2+2+3+4
17=1+1+1+1+2+2+2+7
17=1+1+1+1+2+2+3+3+3
17=1+1+1+1+2+2+3+6
17=1+1+1+1+2+2+4+5
17=1+1+1+1+2+2+9
17=1+1+1+1+2+3+3+5
17=1+1+1+1+2+3+4+4
17=1+1+1+1+2+3+8
17=1+1+1+1+2+4+7
17=1+1+1+1+2+5+6
17=1+1+1+1+2+11
17=1+1+1+1+3+3+3+4
17=1+1+1+1+3+3+7
17=1+1+1+1+3+4+6
17=1+1+1+1+3+5+5
17=1+1+1+1+3+10
17=1+1+1+1+4+4+5
17=1+1+1+1+4+9
17=1+1+1+1+5+8
17=1+1+1+1+6+7
17=1+1+1+1+13
17=1+1+1+2+2+2+2+2+2+2
17=1+1+1+2+2+2+2+2+4
17=1+1+1+2+2+2+2+3+3
17=1+1+1+2+2+2+2+6
17=1+1+1+2+2+2+3+5
17=1+1+1+2+2+2+4+4
17=1+1+1+2+2+2+8
17=1+1+1+2+2+3+3+4
17=1+1+1+2+2+3+7
17=1+1+1+2+2+4+6
17=1+1+1+2+2+5+5
17=1+1+1+2+2+10
17=1+1+1+2+3+3+3+3
17=1+1+1+2+3+3+6
17=1+1+1+2+3+4+5
17=1+1+1+2+3+9
17=1+1+1+2+4+4+4
17=1+1+1+2+4+8
17=1+1+1+2+5+7
17=1+1+1+2+6+6
17=1+1+1+2+12
17=1+1+1+3+3+3+5
17=1+1+1+3+3+4+4
17=1+1+1+3+3+8
17=1+1+1+3+4+7
17=1+1+1+3+5+6
17=1+1+1+3+11
17=1+1+1+4+4+6
17=1+1+1+4+5+5
17=1+1+1+4+10
17=1+1+1+5+9
17=1+1+1+6+8
17=1+1+1+7+7
17=1+1+1+14
17=1+1+2+2+2+2+2+2+3
17=1+1+2+2+2+2+2+5
17=1+1+2+2+2+2+3+4
17=1+1+2+2+2+2+7
17=1+1+2+2+2+3+3+3
17=1+1+2+2+2+3+6
17=1+1+2+2+2+4+5
17=1+1+2+2+2+9
17=1+1+2+2+3+3+5
17=1+1+2+2+3+4+4
17=1+1+2+2+3+8
17=1+1+2+2+4+7
17=1+1+2+2+5+6
17=1+1+2+2+11
17=1+1+2+3+3+3+4
17=1+1+2+3+3+7
17=1+1+2+3+4+6
17=1+1+2+3+5+5
17=1+1+2+3+10
17=1+1+2+4+4+5
17=1+1+2+4+9
17=1+1+2+5+8
17=1+1+2+6+7
17=1+1+2+13
17=1+1+3+3+3+3+3
17=1+1+3+3+3+6
17=1+1+3+3+4+5
17=1+1+3+3+9
17=1+1+3+4+4+4
17=1+1+3+4+8
17=1+1+3+5+7
17=1+1+3+6+6
17=1+1+3+12
17=1+1+4+4+7
17=1+1+4+5+6
17=1+1+4+11
17=1+1+5+5+5
17=1+1+5+10
17=1+1+6+9
17=1+1+7+8
17=1+1+15
17=1+2+2+2+2+2+2+2+2
17=1+2+2+2+2+2+2+4
17=1+2+2+2+2+2+3+3
17=1+2+2+2+2+2+6
17=1+2+2+2+2+3+5
17=1+2+2+2+2+4+4
17=1+2+2+2+2+8
17=1+2+2+2+3+3+4
17=1+2+2+2+3+7
17=1+2+2+2+4+6
17=1+2+2+2+5+5
17=1+2+2+2+10
17=1+2+2+3+3+3+3
17=1+2+2+3+3+6
17=1+2+2+3+4+5
17=1+2+2+3+9
17=1+2+2+4+4+4
17=1+2+2+4+8
17=1+2+2+5+7
17=1+2+2+6+6
17=1+2+2+12
17=1+2+3+3+3+5
17=1+2+3+3+4+4
17=1+2+3+3+8
17=1+2+3+4+7
17=1+2+3+5+6
17=1+2+3+11
17=1+2+4+4+6
17=1+2+4+5+5
17=1+2+4+10
17=1+2+5+9
17=1+2+6+8
17=1+2+7+7
17=1+2+14
17=1+3+3+3+3+4
17=1+3+3+3+7
17=1+3+3+4+6
17=1+3+3+5+5
17=1+3+3+10
17=1+3+4+4+5
17=1+3+4+9
17=1+3+5+8
17=1+3+6+7
17=1+3+13
17=1+4+4+4+4
17=1+4+4+8
17=1+4+5+7
17=1+4+6+6
17=1+4+12
17=1+5+5+6
17=1+5+11
17=1+6+10
17=1+7+9
17=1+8+8
17=1+16
17=2+2+2+2+2+2+2+3
17=2+2+2+2+2+2+5
17=2+2+2+2+2+3+4
17=2+2+2+2+2+7
17=2+2+2+2+3+3+3
17=2+2+2+2+3+6
17=2+2+2+2+4+5
17=2+2+2+2+9
17=2+2+2+3+3+5
17=2+2+2+3+4+4
17=2+2+2+3+8
17=2+2+2+4+7
17=2+2+2+5+6
17=2+2+2+11
17=2+2+3+3+3+4
17=2+2+3+3+7
17=2+2+3+4+6
17=2+2+3+5+5
17=2+2+3+10
17=2+2+4+4+5
17=2+2+4+9
17=2+2+5+8
17=2+2+6+7
17=2+2+13
17=2+3+3+3+3+3
17=2+3+3+3+6
17=2+3+3+4+5
17=2+3+3+9
17=2+3+4+4+4
17=2+3+4+8
17=2+3+5+7
17=2+3+6+6
17=2+3+12
17=2+4+4+7
17=2+4+5+6
17=2+4+11
17=2+5+5+5
17=2+5+10
17=2+6+9
17=2+7+8
17=2+15
17=3+3+3+3+5
17=3+3+3+4+4
17=3+3+3+8
17=3+3+4+7
17=3+3+5+6
17=3+3+11
17=3+4+4+6
17=3+4+5+5
17=3+4+10
17=3+5+9
17=3+6+8
17=3+7+7
17=3+14
17=4+4+4+5
17=4+4+9
17=4+5+8
17=4+6+7
17=4+13
17=5+5+7
17=5+6+6
17=5+12
17=6+11
17=7+10
17=8+9
