12=1+1+1+1+1+1+1+1+1+1+1+1
12=1+1+1+1+1+1+1+1+1+1+2
12=1+1+1+1+1+1+1+1+1+3
12=1+1+1+1+1+1+1+1+2+2
12=1+1+1+1+1+1+1+1+4
12=1+1+1+1+1+1+1+2+3
12=1+1+1+1+1+1+1+5
12=1+1+1+1+1+1+2+2+2
12=1+1+1+1+1+1+2+4
12=1+1+1+1+1+1+3+3
12=1+1+1+1+1+1+6
12=1+1+1+1+1+2+2+3
12=1+1+1+1+1+2+5
12=1+1+1+1+1+3+4
12=1+1+1+1+1+7
12=1+1+1+1+2+2+2+2
12=1+1+1+1+2+2+4
12=1+1+1+1+2+3+3
12=1+1+1+1+2+6
12=1+1+1+1+3+5
12=1+1+1+1+4+4
12=1+1+1+1+8
12=1+1+1+2+2+2+3
12=1+1+1+2+2+5
12=1+1+1+2+3+4
12=1+1+1+2+7
12=1+1+1+3+3+3
12=1+1+1+3+6
12=1+1+1+4+5
12=1+1+1+9
12=1+1+2+2+2+2+2
12=1+1+2+2+2+4
12=1+1+2+2+3+3
12=1+1+2+2+6
12=1+1+2+3+5
12=1+1+2+4+4
12=1+1+2+8
12=1+1+3+3+4
12=1+1+3+7
12=1+1+4+6
12=1+1+5+5
12=1+1+10
12=1+2+2+2+2+3
12=1+2+2+2+5
12=1+2+2+3+4
12=1+2+2+7
12=1+2+3+3+3
12=1+2+3+6
12=1+2+4+5
12=1+2+9
12=1+3+3+5
12=1+3+4+4
12=1+3+8
12=1+4+7
12=1+5+6
12=1+11
12=2+2+2+2+2+2
12=2+2+2+2+4
12=2+2+2+3+3
12=2+2+2+6
12=2+2+3+5
12=2+2+4+4
12=2+2+8
12=2+3+3+4
12=2+3+7
12=2+4+6
12=2+5+5
12=2+10
12=3+3+3+3
12=3+3+6
12=3+4+5
12=3+9
12=4+4+4
12=4+8
12=5+7
12=6+6
