13=1+1+1+1+1+1+1+1+1+1+1+1+1
13=1+1+1+1+1+1+1+1+1+1+1+2
13=1+1+1+1+1+1+1+1+1+1+3
13=1+1+1+1+1+1+1+1+1+2+2
13=1+1+1+1+1+1+1+1+1+4
13=1+1+1+1+1+1+1+1+2+3
13=1+1+1+1+1+1+1+1+5
13=1+1+1+1+1+1+1+2+2+2
13=1+1+1+1+1+1+1+2+4
13=1+1+1+1+1+1+1+3+3
13=1+1+1+1+1+1+1+6
13=1+1+1+1+1+1+2+2+3
13=1+1+1+1+1+1+2+5
13=1+1+1+1+1+1+3+4
13=1+1+1+1+1+1+7
13=1+1+1+1+1+2+2+2+2
13=1+1+1+1+1+2+2+4
13=1+1+1+1+1+2+3+3
13=1+1+1+1+1+2+6
13=1+1+1+1+1+3+5
13=1+1+1+1+1+4+4
13=1+1+1+1+1+8
13=1+1+1+1+2+2+2+3
13=1+1+1+1+2+2+5
13=1+1+1+1+2+3+4
13=1+1+1+1+2+7
13=1+1+1+1+3+3+3
13=1+1+1+1+3+6
13=1+1+1+1+4+5
13=1+1+1+1+9
13=1+1+1+2+2+2+2+2
13=1+1+1+2+2+2+4
13=1+1+1+2+2+3+3
13=1+1+1+2+2+6
13=1+1+1+2+3+5
13=1+1+1+2+4+4
13=1+1+1+2+8
13=1+1+1+3+3+4
13=1+1+1+3+7
13=1+1+1+4+6
13=1+1+1+5+5
13=1+1+1+10
13=1+1+2+2+2+2+3
13=1+1+2+2+2+5
13=1+1+2+2+3+4
13=1+1+2+2+7
13=1+1+2+3+3+3
13=1+1+2+3+6
13=1+1+2+4+5
13=1+1+2+9
13=1+1+3+3+5
13=1+1+3+4+4
13=1+1+3+8
13=1+1+4+7
13=1+1+5+6
13=1+1+11
13=1+2+2+2+2+2+2
13=1+2+2+2+2+4
13=1+2+2+2+3+3
13=1+2+2+2+6
13=1+2+2+3+5
13=1+2+2+4+4
13=1+2+2+8
13=1+2+3+3+4
13=1+2+3+7
13=1+2+4+6
13=1+2+5+5
13=1+2+10
13=1+3+3+3+3
13=1+3+3+6
13=1+3+4+5
13=1+3+9
13=1+4+4+4
13=1+4+8
13=1+5+7
13=1+6+6
13=1+12
13=2+2+2+2+2+3
13=2+2+2+2+5
13=2+2+2+3+4
13=2+2+2+7
13=2+2+3+3+3
13=2+2+3+6
13=2+2+4+5
13=2+2+9
13=2+3+3+5
13=2+3+4+4
13=2+3+8
13=2+4+7
13=2+5+6
13=2+11
13=3+3+3+4
13=3+3+7
13=3+4+6
13=3+5+5
13=3+10
13=4+4+5
13=4+9
13=5+8
13=6+7
