14=1+1+1+1+1+1+1+1+1+1+1+1+1+1
14=1+1+1+1+1+1+1+1+1+1+1+1+2
14=1+1+1+1+1+1+1+1+1+1+1+3
14=1+1+1+1+1+1+1+1+1+1+2+2
14=1+1+1+1+1+1+1+1+1+1+4
14=1+1+1+1+1+1+1+1+1+2+3
14=1+1+1+1+1+1+1+1+1+5
14=1+1+1+1+1+1+1+1+2+2+2
14=1+1+1+1+1+1+1+1+2+4
14=1+1+1+1+1+1+1+1+3+3
14=1+1+1+1+1+1+1+1+6
14=1+1+1+1+1+1+1+2+2+3
14=1+1+1+1+1+1+1+2+5
14=1+1+1+1+1+1+1+3+4
14=1+1+1+1+1+1+1+7
14=1+1+1+1+1+1+2+2+2+2
14=1+1+1+1+1+1+2+2+4
14=1+1+1+1+1+1+2+3+3
14=1+1+1+1+1+1+2+6
14=1+1+1+1+1+1+3+5
14=1+1+1+1+1+1+4+4
14=1+1+1+1+1+1+8
14=1+1+1+1+1+2+2+2+3
14=1+1+1+1+1+2+2+5
14=1+1+1+1+1+2+3+4
14=1+1+1+1+1+2+7
14=1+1+1+1+1+3+3+3
14=1+1+1+1+1+3+6
14=1+1+1+1+1+4+5
14=1+1+1+1+1+9
14=1+1+1+1+2+2+2+2+2
14=1+1+1+1+2+2+2+4
14=1+1+1+1+2+2+3+3
14=1+1+1+1+2+2+6
14=1+1+1+1+2+3+5
14=1+1+1+1+2+4+4
14=1+1+1+1+2+8
14=1+1+1+1+3+3+4
14=1+1+1+1+3+7
14=1+1+1+1+4+6
14=1+1+1+1+5+5
14=1+1+1+1+10
14=1+1+1+2+2+2+2+3
14=1+1+1+2+2+2+5
14=1+1+1+2+2+3+4
14=1+1+1+2+2+7
14=1+1+1+2+3+3+3
14=1+1+1+2+3+6
14=1+1+1+2+4+5
14=1+1+1+2+9
14=1+1+1+3+3+5
14=1+1+1+3+4+4
14=1+1+1+3+8
14=1+1+1+4+7
14=1+1+1+5+6
14=1+1+1+11
14=1+1+2+2+2+2+2+2
14=1+1+2+2+2+2+4
14=1+1+2+2+2+3+3
14=1+1+2+2+2+6
14=1+1+2+2+3+5
14=1+1+2+2+4+4
14=1+1+2+2+8
14=1+1+2+3+3+4
14=1+1+2+3+7
14=1+1+2+4+6
14=1+1+2+5+5
14=1+1+2+10
14=1+1+3+3+3+3
14=1+1+3+3+6
14=1+1+3+4+5
14=1+1+3+9
14=1+1+4+4+4
14=1+1+4+8
14=1+1+5+7
14=1+1+6+6
14=1+1+12
14=1+2+2+2+2+2+3
14=1+2+2+2+2+5
14=1+2+2+2+3+4
14=1+2+2+2+7
14=1+2+2+3+3+3
14=1+2+2+3+6
14=1+2+2+4+5
14=1+2+2+9
14=1+2+3+3+5
14=1+2+3+4+4
14=1+2+3+8
14=1+2+4+7
14=1+2+5+6
14=1+2+11
14=1+3+3+3+4
14=1+3+3+7
14=1+3+4+6
14=1+3+5+5
14=1+3+10
14=1+4+4+5
14=1+4+9
14=1+5+8
14=1+6+7
14=1+13
14=2+2+2+2+2+2+2
14=2+2+2+2+2+4
14=2+2+2+2+3+3
14=2+2+2+2+6
14=2+2+2+3+5
14=2+2+2+4+4
14=2+2+2+8
14=2+2+3+3+4
14=2+2+3+7
14=2+2+4+6
14=2+2+5+5
14=2+2+10
14=2+3+3+3+3
14=2+3+3+6
14=2+3+4+5
14=2+3+9
14=2+4+4+4
14=2+4+8
14=2+5+7
14=2+6+6
14=2+12
14=3+3+3+5
14=3+3+4+4
14=3+3+8
14=3+4+7
14=3+5+6
14=3+11
14=4+4+6
14=4+5+5
14=4+10
14=5+9
14=6+8
14=7+7
