18=1+1+1+1+1+1+1+1+1+1+1+1+1+1+1+1+1+1
18=1+1+1+1+1+1+1+1+1+1+1+1+1+1+1+1+2
18=1+1+1+1+1+1+1+1+1+1+1+1+1+1+1+3
18=1+1+1+1+1+1+1+1+1+1+1+1+1+1+2+2
18=1+1+1+1+1+1+1+1+1+1+1+1+1+1+4
18=1+1+1+1+1+1+1+1+1+1+1+1+1+2+3
18=1+1+1+1+1+1+1+1+1+1+1+1+1+5
18=1+1+1+1+1+1+1+1+1+1+1+1+2+2+2
18=1+1+1+1+1+1+1+1+1+1+1+1+2+4
18=1+1+1+1+1+1+1+1+1+1+1+1+3+3
18=1+1+1+1+1+1+1+1+1+1+1+1+6
18=1+1+1+1+1+1+1+1+1+1+1+2+2+3
18=1+1+1+1+1+1+1+1+1+1+1+2+5
18=1+1+1+1+1+1+1+1+1+1+1+3+4
18=1+1+1+1+1+1+1+1+1+1+1+7
18=1+1+1+1+1+1+1+1+1+1+2+2+2+2
18=1+1+1+1+1+1+1+1+1+1+2+2+4
18=1+1+1+1+1+1+1+1+1+1+2+3+3
18=1+1+1+1+1+1+1+1+1+1+2+6
18=1+1+1+1+1+1+1+1+1+1+3+5
18=1+1+1+1+1+1+1+1+1+1+4+4
18=1+1+1+1+1+1+1+1+1+1+8
18=1+1+1+1+1+1+1+1+1+2+2+2+3
18=1+1+1+1+1+1+1+1+1+2+2+5
18=1+1+1+1+1+1+1+1+1+2+3+4
18=1+1+1+1+1+1+1+1+1+2+7
18=1+1+1+1+1+1+1+1+1+3+3+3
18=1+1+1+1+1+1+1+1+1+3+6
18=1+1+1+1+1+1+1+1+1+4+5
18=1+1+1+1+1+1+1+1+1+9
18=1+1+1+1+1+1+1+1+2+2+2+2+2
18=1+1+1+1+1+1+1+1+2+2+2+4
18=1+1+1+1+1+1+1+1+2+2+3+3
18=1+1+1+1+1+1+1+1+2+2+6
18=1+1+1+1+1+1+1+1+2+3+5
18=1+1+1+1+1+1+1+1+2+4+4
18=1+1+1+1+1+1+1+1+2+8
18=1+1+1+1+1+1+1+1+3+3+4
18=1+1+1+1+1+1+1+1+3+7
18=1+1+1+1+1+1+1+1+4+6
18=1+1+1+1+1+1+1+1+5+5
18=1+1+1+1+1+1+1+1+10
18=1+1+1+1+1+1+1+2+2+2+2+3
18=1+1+1+1+1+1+1+2+2+2+5
18=1+1+1+1+1+1+1+2+2+3+4
18=1+1+1+1+1+1+1+2+2+7
18=1+1+1+1+1+1+1+2+3+3+3
18=1+1+1+1+1+1+1+2+3+6
18=1+1+1+1+1+1+1+2+4+5
18=1+1+1+1+1+1+1+2+9
18=1+1+1+1+1+1+1+3+3+5
18=1+1+1+1+1+1+1+3+4+4
18=1+1+1+1+1+1+1+3+8
18=1+1+1+1+1+1+1+4+7
18=1+1+1+1+1+1+1+5+6
18=1+1+1+1+1+1+1+11
18=1+1+1+1+1+1+2+2+2+2+2+2
18=1+1+1+1+1+1+2+2+2+2+4
18=1+1+1+1+1+1+2+2+2+3+3
18=1+1+1+1+1+1+2+2+2+6
18=1+1+1+1+1+1+2+2+3+5
18=1+1+1+1+1+1+2+2+4+4
18=1+1+1+1+1+1+2+2+8
18=1+1+1+1+1+1+2+3+3+4
18=1+1+1+1+1+1+2+3+7
18=1+1+1+1+1+1+2+4+6
18=1+1+1+1+1+1+2+5+5
18=1+1+1+1+1+1+2+10
18=1+1+1+1+1+1+3+3+3+3
18=1+1+1+1+1+1+3+3+6
18=1+1+1+1+1+1+3+4+5
18=1+1+1+1+1+1+3+9
18=1+1+1+1+1+1+4+4+4
18=1+1+1+1+1+1+4+8
18=1+1+1+1+1+1+5+7
18=1+1+1+1+1+1+6+6
18=1+1+1+1+1+1+12
18=1+1+1+1+1+2+2+2+2+2+3
18=1+1+1+1+1+2+2+2+2+5
18=1+1+1+1+1+2+2+2+3+4
18=1+1+1+1+1+2+2+2+7
18=1+1+1+1+1+2+2+3+3+3
18=1+1+1+1+1+2+2+3+6
18=1+1+1+1+1+2+2+4+5
18=1+1+1+1+1+2+2+9
18=1+1+1+1+1+2+3+3+5
18=1+1+1+1+1+2+3+4+4
18=1+1+1+1+1+2+3+8
18=1+1+1+1+1+2+4+7
18=1+1+1+1+1+2+5+6
18=1+1+1+1+1+2+11
18=1+1+1+1+1+3+3+3+4
18=1+1+1+1+1+3+3+7
18=1+1+1+1+1+3+4+6
18=1+1+1+1+1+3+5+5
18=1+1+1+1+1+3+10
18=1+1+1+1+1+4+4+5
18=1+1+1+1+1+4+9
18=1+1+1+1+1+5+8
18=1+1+1+1+1+6+7
18=1+1+1+1+1+13
18=1+1+1+1+2+2+2+2+2+2+2
18=1+1+1+1+2+2+2+2+2+4
18=1+1+1+1+2+2+2+2+3+3
18=1+1+1+1+2+2+2+2+6
18=1+1+1+1+2+2+2+3+5
18=1+1+1+1+2+2+2+4+4
18=1+1+1+1+2+2+2+8
18=1+1+1+1+2+2+3+3+4
18=1+1+1+1+2+2+3+7
18=1+1+1+1+2+2+4+6
18=1+1+1+1+2+2+5+5
18=1+1+1+1+2+2+10
18=1+1+1+1+2+3+3+3+3
18=1+1+1+1+2+3+3+6
18=1+1+1+1+2+3+4+5
18=1+1+1+1+2+3+9
18=1+1+1+1+2+4+4+4
18=1+1+1+1+2+4+8
18=1+1+1+1+2+5+7
18=1+1+1+1+2+6+6
18=1+1+1+1+2+12
18=1+1+1+1+3+3+3+5
18=1+1+1+1+3+3+4+4
18=1+1+1+1+3+3+8
18=1+1+1+1+3+4+7
18=1+1+1+1+3+5+6
18=1+1+1+1+3+11
18=1+1+1+1+4+4+6
18=1+1+1+1+4+5+5
18=1+1+1+1+4+10
18=1+1+1+1+5+9
18=1+1+1+1+6+8
18=1+1+1+1+7+7
18=1+1+1+1+14
18=1+1+1+2+2+2+2+2+2+3
18=1+1+1+2+2+2+2+2+5
18=1+1+1+2+2+2+2+3+4
18=1+1+1+2+2+2+2+7
18=1+1+1+2+2+2+3+3+3
18=1+1+1+2+2+2+3+6
18=1+1+1+2+2+2+4+5
18=1+1+1+2+2+2+9
18=1+1+1+2+2+3+3+5
18=1+1+1+2+2+3+4+4
18=1+1+1+2+2+3+8
18=1+1+1+2+2+4+7
18=1+1+1+2+2+5+6
18=1+1+1+2+2+11
18=1+1+1+2+3+3+3+4
18=1+1+1+2+3+3+7
18=1+1+1+2+3+4+6
18=1+1+1+2+3+5+5
18=1+1+1+2+3+10
18=1+1+1+2+4+4+5
18=1+1+1+2+4+9
18=1+1+1+2+5+8
18=1+1+1+2+6+7
18=1+1+1+2+13
18=1+1+1+3+3+3+3+3
18=1+1+1+3+3+3+6
18=1+1+1+3+3+4+5
18=1+1+1+3+3+9
18=1+1+1+3+4+4+4
18=1+1+1+3+4+8
18=1+1+1+3+5+7
18=1+1+1+3+6+6
18=1+1+1+3+12
18=1+1+1+4+4+7
18=1+1+1+4+5+6
18=1+1+1+4+11
18=1+1+1+5+5+5
18=1+1+1+5+10
18=1+1+1+6+9
18=1+1+1+7+8
18=1+1+1+15
18=1+1+2+2+2+2+2+2+2+2
18=1+1+2+2+2+2+2+2+4
18=1+1+2+2+2+2+2+3+3
18=1+1+2+2+2+2+2+6
18=1+1+2+2+2+2+3+5
18=1+1+2+2+2+2+4+4
18=1+1+2+2+2+2+8
18=1+1+2+2+2+3+3+4
18=1+1+2+2+2+3+7
18=1+1+2+2+2+4+6
18=1+1+2+2+2+5+5
18=1+1+2+2+2+10
18=1+1+2+2+3+3+3+3
18=1+1+2+2+3+3+6
18=1+1+2+2+3+4+5
18=1+1+2+2+3+9
18=1+1+2+2+4+4+4
18=1+1+2+2+4+8
18=1+1+2+2+5+7
18=1+1+2+2+6+6
18=1+1+2+2+12
18=1+1+2+3+3+3+5
18=1+1+2+3+3+4+4
18=1+1+2+3+3+8
18=1+1+2+3+4+7
18=1+1+2+3+5+6
18=1+1+2+3+11
18=1+1+2+4+4+6
18=1+1+2+4+5+5
18=1+1+2+4+10
18=1+1+2+5+9
18=1+1+2+6+8
18=1+1+2+7+7
18=1+1+2+14
18=1+1+3+3+3+3+4
18=1+1+3+3+3+7
18=1+1+3+3+4+6
18=1+1+3+3+5+5
18=1+1+3+3+10
18=1+1+3+4+4+5
18=1+1+3+4+9
18=1+1+3+5+8
18=1+1+3+6+7
18=1+1+3+13
18=1+1+4+4+4+4
18=1+1+4+4+8
18=1+1+4+5+7
18=1+1+4+6+6
18=1+1+4+12
18=1+1+5+5+6
18=1+1+5+11
18=1+1+6+10
18=1+1+7+9
18=1+1+8+8
18=1+1+16
18=1+2+2+2+2+2+2+2+3
18=1+2+2+2+2+2+2+5
18=1+2+2+2+2+2+3+4
18=1+2+2+2+2+2+7
18=1+2+2+2+2+3+3+3
18=1+2+2+2+2+3+6
18=1+2+2+2+2+4+5
18=1+2+2+2+2+9
18=1+2+2+2+3+3+5
18=1+2+2+2+3+4+4
18=1+2+2+2+3+8
18=1+2+2+2+4+7
18=1+2+2+2+5+6
18=1+2+2+2+11
18=1+2+2+3+3+3+4
18=1+2+2+3+3+7
18=1+2+2+3+4+6
18=1+2+2+3+5+5
18=1+2+2+3+10
18=1+2+2+4+4+5
18=1+2+2+4+9
18=1+2+2+5+8
18=1+2+2+6+7
18=1+2+2+13
18=1+2+3+3+3+3+3
18=1+2+3+3+3+6
18=1+2+3+3+4+5
18=1+2+3+3+9
18=1+2+3+4+4+4
18=1+2+3+4+8
18=1+2+3+5+7
18=1+2+3+6+6
18=1+2+3+12
18=1+2+4+4+7
18=1+2+4+5+6
18=1+2+4+11
18=1+2+5+5+5
18=1+2+5+10
18=1+2+6+9
18=1+2+7+8
18=1+2+15
18=1+3+3+3+3+5
18=1+3+3+3+4+4
18=1+3+3+3+8
18=1+3+3+4+7
18=1+3+3+5+6
18=1+3+3+11
18=1+3+4+4+6
18=1+3+4+5+5
18=1+3+4+10
18=1+3+5+9
18=1+3+6+8
18=1+3+7+7
18=1+3+14
18=1+4+4+4+5
18=1+4+4+9
18=1+4+5+8
18=1+4+6+7
18=1+4+13
18=1+5+5+7
18=1+5+6+6
18=1+5+12
18=1+6+11
18=1+7+10
18=1+8+9
18=1+17
18=2+2+2+2+2+2+2+2+2
18=2+2+2+2+2+2+2+4
18=2+2+2+2+2+2+3+3
18=2+2+2+2+2+2+6
18=2+2+2+2+2+3+5
18=2+2+2+2+2+4+4
18=2+2+2+2+2+8
18=2+2+2+2+3+3+4
18=2+2+2+2+3+7
18=2+2+2+2+4+6
18=2+2+2+2+5+5
18=2+2+2+2+10
18=2+2+2+3+3+3+3
18=2+2+2+3+3+6
18=2+2+2+3+4+5
18=2+2+2+3+9
18=2+2+2+4+4+4
18=2+2+2+4+8
18=2+2+2+5+7
18=2+2+2+6+6
18=2+2+2+12
18=2+2+3+3+3+5
18=2+2+3+3+4+4
18=2+2+3+3+8
18=2+2+3+4+7
18=2+2+3+5+6
18=2+2+3+11
18=2+2+4+4+6
18=2+2+4+5+5
18=2+2+4+10
18=2+2+5+9
18=2+2+6+8
18=2+2+7+7
18=2+2+14
18=2+3+3+3+3+4
18=2+3+3+3+7
18=2+3+3+4+6
18=2+3+3+5+5
18=2+3+3+10
18=2+3+4+4+5
18=2+3+4+9
18=2+3+5+8
18=2+3+6+7
18=2+3+13
18=2+4+4+4+4
18=2+4+4+8
18=2+4+5+7
18=2+4+6+6
18=2+4+12
18=2+5+5+6
18=2+5+11
18=2+6+10
18=2+7+9
18=2+8+8
18=2+16
18=3+3+3+3+3+3
18=3+3+3+3+6
18=3+3+3+4+5
18=3+3+3+9
18=3+3+4+4+4
18=3+3+4+8
18=3+3+5+7
18=3+3+6+6
18=3+3+12
18=3+4+4+7
18=3+4+5+6
18=3+4+11
18=3+5+5+5
18=3+5+10
18=3+6+9
18=3+7+8
18=3+15
18=4+4+4+6
18=4+4+5+5
18=4+4+10
18=4+5+9
18=4+6+8
18=4+7+7
18=4+14
18=5+5+8
18=5+6+7
18=5+13
18=6+6+6
18=6+12
18=7+11
18=8+10
18=9+9
