11=1+1+1+1+1+1+1+1+1+1+1
11=1+1+1+1+1+1+1+1+1+2
11=1+1+1+1+1+1+1+1+3
11=1+1+1+1+1+1+1+2+2
11=1+1+1+1+1+1+1+4
11=1+1+1+1+1+1+2+3
11=1+1+1+1+1+1+5
11=1+1+1+1+1+2+2+2
11=1+1+1+1+1+2+4
11=1+1+1+1+1+3+3
11=1+1+1+1+1+6
11=1+1+1+1+2+2+3
11=1+1+1+1+2+5
11=1+1+1+1+3+4
11=1+1+1+1+7
11=1+1+1+2+2+2+2
11=1+1+1+2+2+4
11=1+1+1+2+3+3
11=1+1+1+2+6
11=1+1+1+3+5
11=1+1+1+4+4
11=1+1+1+8
11=1+1+2+2+2+3
11=1+1+2+2+5
11=1+1+2+3+4
11=1+1+2+7
11=1+1+3+3+3
11=1+1+3+6
11=1+1+4+5
11=1+1+9
11=1+2+2+2+2+2
11=1+2+2+2+4
11=1+2+2+3+3
11=1+2+2+6
11=1+2+3+5
11=1+2+4+4
11=1+2+8
11=1+3+3+4
11=1+3+7
11=1+4+6
11=1+5+5
11=1+10
11=2+2+2+2+3
11=2+2+2+5
11=2+2+3+4
11=2+2+7
11=2+3+3+3
11=2+3+6
11=2+4+5
11=2+9
11=3+3+5
11=3+4+4
11=3+8
11=4+7
11=5+6
