1 1
2 2
3 3
4 4
5 5
6 6
7 7
8 8
9 9
10 10
11 11
12 12
13 13
14 14
15 15
16 16
17 17
18 18
19 19
20 20
21 21
22 22
23 23
24 24
25 25
26 26
27 27
28 28
29 29
30 30
31 31
32 32
33 33
34 34
35 35
36 36
37 37
38 38
39 39
40 40
41 41
42 42
43 43
44 44
45 45
46 46
47 47
48 48
49 49
50 1
51 2
52 3
53 4
54 5
55 6
56 7
57 8
58 9
59 10
60 11
61 12
62 13
63 14
64 15
65 16
66 17
67 18
68 19
69 20
70 21
71 22
72 23
73 24
74 25
75 26
76 27
77 28
78 29
79 30
80 31
81 32
82 33
83 34
84 35
85 36
86 37
1 38
2 39
3 40
4 41
